"2025-08-26 1:51:24 PM","Warning","Microsoft-Windows-Ntfs","140","The description for Event ID '140' in Source 'Microsoft-Windows-Ntfs' cannot be found.  The local computer may not have the necessary registry information or message DLL files to display the message, or you may not have permission to access them.  The following information is part of the event:'2', 'D:', '24', '\Device\HarddiskVolume31', '0xc000000e', '{7c5401ba-5d23-a180-f0f3-25b0dcd73174}', '4', ' USB', '16', ' SanDisk 3.2Gen1', '4', '1.00', '20', '00014924061725034018', '7', '0', ''"
"2025-08-26 1:59:58 PM","Information","Service Control Manager","1073748864","The start type of the Background Intelligent Transfer Service service was changed from demand start to auto start."
"2025-08-26 2:39:14 PM","Information","Microsoft-Windows-Kernel-Boot","27","The description for Event ID '27' in Source 'Microsoft-Windows-Kernel-Boot' cannot be found.  The local computer may not have the necessary registry information or message DLL files to display the message, or you may not have permission to access them.  The following information is part of the event:'0', ' NOEXECUTE=OPTIN  NOVGA'"
"2025-08-26 2:39:14 PM","Information","Microsoft-Windows-Kernel-Boot","25","The description for Event ID '25' in Source 'Microsoft-Windows-Kernel-Boot' cannot be found.  The local computer may not have the necessary registry information or message DLL files to display the message, or you may not have permission to access them.  The following information is part of the event:'1'"
"2025-08-26 2:39:14 PM","Information","Microsoft-Windows-Kernel-Boot","238","The description for Event ID '238' in Source 'Microsoft-Windows-Kernel-Boot' cannot be found.  The local computer may not have the necessary registry information or message DLL files to display the message, or you may not have permission to access them.  The following information is part of the event:'2047', '0'"
"2025-08-26 2:39:14 PM","Information","Microsoft-Windows-Kernel-Boot","18","The description for Event ID '18' in Source 'Microsoft-Windows-Kernel-Boot' cannot be found.  The local computer may not have the necessary registry information or message DLL files to display the message, or you may not have permission to access them.  The following information is part of the event:'1'"
"2025-08-26 2:39:14 PM","Information","Microsoft-Windows-Kernel-General","20","The description for Event ID '20' in Source 'Microsoft-Windows-Kernel-General' cannot be found.  The local computer may not have the necessary registry information or message DLL files to display the message, or you may not have permission to access them.  The following information is part of the event:'0', 'true', '0', '0'"
"2025-08-26 2:39:14 PM","Information","Microsoft-Windows-Kernel-Boot","30","The description for Event ID '30' in Source 'Microsoft-Windows-Kernel-Boot' cannot be found.  The local computer may not have the necessary registry information or message DLL files to display the message, or you may not have permission to access them.  The following information is part of the event:'21', '11076', '11141', '12609', '12614'"
"2025-08-26 2:39:14 PM","Information","Microsoft-Windows-Kernel-Boot","32","The description for Event ID '32' in Source 'Microsoft-Windows-Kernel-Boot' cannot be found.  The local computer may not have the necessary registry information or message DLL files to display the message, or you may not have permission to access them.  The following information is part of the event:'0'"
"2025-08-26 2:39:14 PM","Information","Microsoft-Windows-Kernel-General","12","The description for Event ID '12' in Source 'Microsoft-Windows-Kernel-General' cannot be found.  The local computer may not have the necessary registry information or message DLL files to display the message, or you may not have permission to access them.  The following information is part of the event:'10', '0', '19041', '3803', '0', '0', '2025-08-26T18:39:14.5000000Z'"
"2025-08-26 2:39:14 PM","Information","Microsoft-Windows-Kernel-Boot","153","The description for Event ID '153' in Source 'Microsoft-Windows-Kernel-Boot' cannot be found.  The local computer may not have the necessary registry information or message DLL files to display the message, or you may not have permission to access them.  The following information is part of the event:'0', '0', '0'"
"2025-08-26 2:39:14 PM","Information","Microsoft-Windows-Kernel-Boot","20","The description for Event ID '20' in Source 'Microsoft-Windows-Kernel-Boot' cannot be found.  The local computer may not have the necessary registry information or message DLL files to display the message, or you may not have permission to access them.  The following information is part of the event:'false', 'true', '5', '2'"
"2025-08-26 2:39:15 PM","Information","Microsoft-Windows-FilterManager","6","File System Filter 'FileInfo' (10.0, 2062-12-22T22:21:06.0000000Z) has successfully loaded and registered with Filter Manager."
"2025-08-26 2:39:15 PM","Information","Microsoft-Windows-FilterManager","6","File System Filter 'Wof' (10.0, 2090-03-16T11:56:17.0000000Z) has successfully loaded and registered with Filter Manager."
"2025-08-26 2:39:15 PM","Information","Microsoft-Windows-HAL","16","The iommu fault reporting has been initialized."
"2025-08-26 2:39:15 PM","Information","Microsoft-Windows-Ntfs","98","The description for Event ID '98' in Source 'Microsoft-Windows-Ntfs' cannot be found.  The local computer may not have the necessary registry information or message DLL files to display the message, or you may not have permission to access them.  The following information is part of the event:'C:', '\Device\HarddiskVolume3', '0'"
"2025-08-26 2:39:15 PM","Information","TPM","24","The Trusted Platform Module (TPM) status: 1 and 1."
"2025-08-26 2:39:15 PM","Information","Microsoft-Windows-FilterManager","6","File System Filter 'WdFilter' (10.0, 2020-11-18T10:24:15.0000000Z) has successfully loaded and registered with Filter Manager."
"2025-08-26 2:39:16 PM","Information","Microsoft-Windows-FilterManager","6","File System Filter 'npsvctrig' (10.0, 2025-01-05T19:41:12.0000000Z) has successfully loaded and registered with Filter Manager."
"2025-08-26 2:39:16 PM","Information","Microsoft-Windows-Kernel-Power","172","The description for Event ID '172' in Source 'Microsoft-Windows-Kernel-Power' cannot be found.  The local computer may not have the necessary registry information or message DLL files to display the message, or you may not have permission to access them.  The following information is part of the event:'2', '6'"
"2025-08-26 2:39:16 PM","0","Microsoft-Windows-Kernel-Power","41","The description for Event ID '41' in Source 'Microsoft-Windows-Kernel-Power' cannot be found.  The local computer may not have the necessary registry information or message DLL files to display the message, or you may not have permission to access them.  The following information is part of the event:'0', '0x0', '0x0', '0x0', '0x0', '1', '134007049494886973', '0', '0', 'false', '11', '0', 'false', '0', '0', 'false'"
"2025-08-26 2:39:16 PM","Information","Microsoft-Windows-FilterManager","6","File System Filter 'UCPD' (10.0, 2104-10-20T06:40:17.0000000Z) has successfully loaded and registered with Filter Manager."
"2025-08-26 2:39:16 PM","Information","Microsoft-Windows-Ntfs","98","The description for Event ID '98' in Source 'Microsoft-Windows-Ntfs' cannot be found.  The local computer may not have the necessary registry information or message DLL files to display the message, or you may not have permission to access them.  The following information is part of the event:'\\?\Volume{18356e46-6d60-429e-8a5a-2af8814c5480}', '\Device\HarddiskVolume4', '0'"
"2025-08-26 2:39:16 PM","Information","Microsoft-Windows-FilterManager","6","File System Filter 'FileCrypt' (10.0, 2002-03-01T04:12:42.0000000Z) has successfully loaded and registered with Filter Manager."
"2025-08-26 2:39:17 PM","Information","Microsoft-Windows-Kernel-Processor-Power","55","Hyper-V logical processor 1 exposes the following power management capabilities:

Idle state type: 1 (3 state(s))

Performance state type: 1
Nominal Frequency (MHz): 2701
Maximum performance percentage: 100
Minimum performance percentage: 27
Minimum throttle percentage: 3"
"2025-08-26 2:39:17 PM","Information","Microsoft-Windows-Kernel-Processor-Power","55","Hyper-V logical processor 0 exposes the following power management capabilities:

Idle state type: 1 (3 state(s))

Performance state type: 1
Nominal Frequency (MHz): 2701
Maximum performance percentage: 100
Minimum performance percentage: 27
Minimum throttle percentage: 3"
"2025-08-26 2:39:17 PM","Information","Microsoft-Windows-Kernel-General","24","The description for Event ID '24' in Source 'Microsoft-Windows-Kernel-General' cannot be found.  The local computer may not have the necessary registry information or message DLL files to display the message, or you may not have permission to access them.  The following information is part of the event:'0', '420', '2', '0', '0'"
"2025-08-26 2:39:17 PM","Information","Microsoft-Windows-Kernel-Processor-Power","55","Hyper-V logical processor 3 exposes the following power management capabilities:

Idle state type: 1 (3 state(s))

Performance state type: 1
Nominal Frequency (MHz): 2701
Maximum performance percentage: 100
Minimum performance percentage: 27
Minimum throttle percentage: 3"
"2025-08-26 2:39:17 PM","Information","Microsoft-Windows-Kernel-Processor-Power","55","Hyper-V logical processor 2 exposes the following power management capabilities:

Idle state type: 1 (3 state(s))

Performance state type: 1
Nominal Frequency (MHz): 2701
Maximum performance percentage: 100
Minimum performance percentage: 27
Minimum throttle percentage: 3"
"2025-08-26 2:39:18 PM","Information","NETwNb64","1610619737","The description for Event ID '1610619737' in Source 'NETwNb64' cannot be found.  The local computer may not have the necessary registry information or message DLL files to display the message, or you may not have permission to access them.  The following information is part of the event:'\Device\NDMP2', 'Intel(R) Dual Band Wireless-AC 7260'"
"2025-08-26 2:39:18 PM","Information","Microsoft-Windows-Kernel-Power","521","The description for Event ID '521' in Source 'Microsoft-Windows-Kernel-Power' cannot be found.  The local computer may not have the necessary registry information or message DLL files to display the message, or you may not have permission to access them.  The following information is part of the event:'1', '0', '0'"
"2025-08-26 2:39:18 PM","Information","NETwNb64","1610619737","The description for Event ID '1610619737' in Source 'NETwNb64' cannot be found.  The local computer may not have the necessary registry information or message DLL files to display the message, or you may not have permission to access them.  The following information is part of the event:'\Device\NDMP2', 'Intel(R) Dual Band Wireless-AC 7260'"
"2025-08-26 2:39:18 PM","Information","Microsoft-Windows-Kernel-Power","521","The description for Event ID '521' in Source 'Microsoft-Windows-Kernel-Power' cannot be found.  The local computer may not have the necessary registry information or message DLL files to display the message, or you may not have permission to access them.  The following information is part of the event:'0', '0', '0'"
"2025-08-26 2:39:18 PM","Information","Microsoft-Windows-Kernel-Power","105","The description for Event ID '105' in Source 'Microsoft-Windows-Kernel-Power' cannot be found.  The local computer may not have the necessary registry information or message DLL files to display the message, or you may not have permission to access them.  The following information is part of the event:'false', '0', '0'"
"2025-08-26 2:39:18 PM","Information","NETwNb64","1073748860","The \Device\NDMP2 service entered the Intel(R) Dual Band Wireless-AC 7260 state."
"2025-08-26 2:39:19 PM","Information","Microsoft-Windows-Directory-Services-SAM","16983","The security account manager is now logging periodic summary events for remote clients that call legacy password change or set RPC methods.

For more information please see https://go.microsoft.com/fwlink/?linkid=2150956.
"
"2025-08-26 2:39:19 PM","Information","Microsoft-Windows-Directory-Services-SAM","16977","The domain is configured with the following minimum password length-related settings.

MinimumPasswordLength: 0

RelaxMinimumPasswordLengthLimits: 0

MinimumPasswordLengthAudit: -1

For more information see https://go.microsoft.com/fwlink/?LinkId=2097191.
"
"2025-08-26 2:39:19 PM","Information","Microsoft-Windows-Directory-Services-SAM","16962","Remote calls to the SAM database are being restricted using the default security descriptor: O:SYG:SYD:(A;;RC;;;BA).
For more information please see http://go.microsoft.com/fwlink/?LinkId=787651."
"2025-08-26 2:39:19 PM","Information","Microsoft-Windows-Wininit","14","Credential Guard configuration: 0, 0"
"2025-08-26 2:39:24 PM","Warning","e1i65x64","2684616731","Intel(R) Ethernet Connection I218-LM

Network link is disconnected.
"
"2025-08-26 2:40:29 PM","Warning","Microsoft-Windows-Kernel-Processor-Power","37","The speed of Hyper-V logical processor 0 is being limited by system firmware. The processor has been in this reduced performance state for 71 seconds since the last report."
"2025-08-26 2:40:29 PM","Warning","Microsoft-Windows-Kernel-Processor-Power","37","The speed of Hyper-V logical processor 2 is being limited by system firmware. The processor has been in this reduced performance state for 71 seconds since the last report."
"2025-08-26 2:40:29 PM","Warning","Microsoft-Windows-Kernel-Processor-Power","37","The speed of Hyper-V logical processor 3 is being limited by system firmware. The processor has been in this reduced performance state for 71 seconds since the last report."
"2025-08-26 2:40:29 PM","Warning","Microsoft-Windows-Kernel-Processor-Power","37","The speed of Hyper-V logical processor 1 is being limited by system firmware. The processor has been in this reduced performance state for 71 seconds since the last report."
"2025-08-26 2:41:13 PM","Information","Microsoft-Windows-FilterManager","6","File System Filter 'CldFlt' (10.0, 1980-12-17T13:34:39.0000000Z) has successfully loaded and registered with Filter Manager."
"2025-08-26 2:41:13 PM","Information","Microsoft-Windows-FilterManager","1","File System Filter 'CldFlt' (Version 10.0, 1980-12-17T13:34:39.0000000Z) unloaded successfully."
"2025-08-26 2:41:13 PM","Information","Microsoft-Windows-FilterManager","6","File System Filter 'CldFlt' (10.0, 1980-12-17T13:34:39.0000000Z) has successfully loaded and registered with Filter Manager."
"2025-08-26 2:41:13 PM","Information","Microsoft-Windows-Dhcp-Client","50036","DHCPv4 client service is started"
"2025-08-26 2:41:13 PM","Information","Microsoft-Windows-FilterManager","6","File System Filter 'bindflt' (10.0, 2091-04-15T16:55:03.0000000Z) has successfully loaded and registered with Filter Manager."
"2025-08-26 2:41:13 PM","Information","Microsoft-Windows-Dhcp-Client","50103","DHCPv4 client registered for shutdown notification"
"2025-08-26 2:41:13 PM","Information","Microsoft-Windows-FilterManager","6","File System Filter 'storqosflt' (10.0, 2038-12-03T02:18:20.0000000Z) has successfully loaded and registered with Filter Manager."
"2025-08-26 2:41:13 PM","Information","Microsoft-Windows-DHCPv6-Client","51046","DHCPv6 client service is started"
"2025-08-26 2:41:13 PM","Information","EventLog","2147489653","The Event log service was started."
"2025-08-26 2:41:13 PM","Information","EventLog","2147489661","The system uptime is 118 seconds."
"2025-08-26 2:41:13 PM","Error","EventLog","2147489656","The previous system shutdown at 10:55:20 AM on ?2025-?08-?26 was unexpected."
"2025-08-26 2:41:13 PM","Information","EventLog","2147489657","Microsoft (R) Windows (R) 10.00. 19045  Multiprocessor Free."
"2025-08-26 2:41:13 PM","Information","Microsoft-Windows-FilterManager","6","File System Filter 'wcifs' (10.0, 2043-11-04T04:04:53.0000000Z) has successfully loaded and registered with Filter Manager."
"2025-08-26 2:41:13 PM","Information","Microsoft-Windows-FilterManager","6","File System Filter 'luafv' (10.0, 1996-01-27T05:16:28.0000000Z) has successfully loaded and registered with Filter Manager."
"2025-08-26 2:41:13 PM","Warning","SCardSvr","624","The description for Event ID '624' in Source 'SCardSvr' cannot be found.  The local computer may not have the necessary registry information or message DLL files to display the message, or you may not have permission to access them.  The following information is part of the event:''"
"2025-08-26 2:41:13 PM","Information","User32","2147484722","The process C:\Windows\servicing\TrustedInstaller.exe (DESKTOP-RVD6TK8) has initiated the restart of computer DESKTOP-RVD6TK8 on behalf of user NT AUTHORITY\SYSTEM for the following reason: Operating System: Upgrade (Planned)
 Reason Code: 0x80020003
 Shutdown Type: restart
 Comment: "
"2025-08-26 2:41:14 PM","Error","Service Control Manager","3221232473","The LanmanWorkstation service depends on the mrxsmb20 service which failed to start because of the following error: 
%%1068"
"2025-08-26 2:41:14 PM","Error","Service Control Manager","3221232481","A timeout was reached (45000 milliseconds) while waiting for the AppXSvc service to connect."
"2025-08-26 2:41:14 PM","Error","Service Control Manager","3221232472","The AppXSvc service failed to start due to the following error: 
%%1053"
"2025-08-26 2:41:14 PM","Error","Service Control Manager","3221232473","The mrxsmb20 service depends on the mrxsmb service which failed to start because of the following error: 
%%127"
"2025-08-26 2:41:14 PM","Information","Microsoft-Windows-WLAN-AutoConfig","4000","WLAN AutoConfig service has successfully started.
"
"2025-08-26 2:41:14 PM","Information","Application Popup","1073741850","The description for Event ID '1073741850' in Source 'Application Popup' cannot be found.  The local computer may not have the necessary registry information or message DLL files to display the message, or you may not have permission to access them.  The following information is part of the event:'', 'mrxsmb.sys cannot find ksecdd.sys CredUnmarshalTargetInfo'"
"2025-08-26 2:41:14 PM","Error","Service Control Manager","3221232472","The mrxsmb service failed to start due to the following error: 
%%127"
"2025-08-26 2:41:15 PM","Information","Service Control Manager","3221232498","The following boot-start or system-start driver(s) did not load: 
dam"
"2025-08-26 2:41:15 PM","Information","TPM","18","This event triggers the Trusted Platform Module (TPM) provisioning/status check to run."
"2025-08-26 2:41:15 PM","Error","Service Control Manager","3221232481","A timeout was reached (45000 milliseconds) while waiting for the MDCoreSvc service to connect."
"2025-08-26 2:41:15 PM","Error","Service Control Manager","3221232472","The MDCoreSvc service failed to start due to the following error: 
%%1053"
"2025-08-26 2:41:17 PM","Information","Microsoft-Windows-Dhcp-Client","50105","DHCPv4 client ProcessDHCPRequestForever received TERMINATE_EVENT"
"2025-08-26 2:41:17 PM","Information","Microsoft-Windows-Dhcp-Client","50104","DHCPv4 client received shutdown notification"
"2025-08-26 2:41:17 PM","Information","EventLog","2147489654","The Event log service was stopped."
"2025-08-26 2:41:18 PM","Information","Microsoft-Windows-Dhcp-Client","50037","DHCPv4 client service is stopped. ShutDown Flag value is 1"
"2025-08-26 2:41:18 PM","Error","Service Control Manager","3221232495","The Server service terminated with the following error: 
%%1115"
"2025-08-26 2:41:18 PM","Information","Microsoft-Windows-WLAN-AutoConfig","4001","WLAN AutoConfig service has successfully stopped.
"
"2025-08-26 2:41:18 PM","Information","Microsoft-Windows-DHCPv6-Client","51057","DHCPv6 client service stop is almost done.DHCP Context Ref count is 1"
"2025-08-26 2:41:18 PM","Information","Microsoft-Windows-DHCPv6-Client","51047","DHCPv6 client service is stopped. ShutDown Flag value is 1"
"2025-08-26 2:41:18 PM","Information","Microsoft-Windows-Dhcp-Client","50106","DHCPv4 is waiting on DHCPv6 service to stop"
"2025-08-26 2:41:21 PM","Information","Microsoft-Windows-Kernel-General","13","The description for Event ID '13' in Source 'Microsoft-Windows-Kernel-General' cannot be found.  The local computer may not have the necessary registry information or message DLL files to display the message, or you may not have permission to access them.  The following information is part of the event:'2025-08-26T18:41:21.5514596Z'"
"2025-08-26 2:41:21 PM","Information","Microsoft-Windows-Kernel-Power","109","The description for Event ID '109' in Source 'Microsoft-Windows-Kernel-Power' cannot be found.  The local computer may not have the necessary registry information or message DLL files to display the message, or you may not have permission to access them.  The following information is part of the event:'5', '0', '5'"
"2025-08-26 2:41:35 PM","Information","Microsoft-Windows-Kernel-Boot","238","The description for Event ID '238' in Source 'Microsoft-Windows-Kernel-Boot' cannot be found.  The local computer may not have the necessary registry information or message DLL files to display the message, or you may not have permission to access them.  The following information is part of the event:'2047', '0'"
"2025-08-26 2:41:35 PM","Information","Microsoft-Windows-Kernel-Boot","25","The description for Event ID '25' in Source 'Microsoft-Windows-Kernel-Boot' cannot be found.  The local computer may not have the necessary registry information or message DLL files to display the message, or you may not have permission to access them.  The following information is part of the event:'1'"
"2025-08-26 2:41:35 PM","Information","Microsoft-Windows-Kernel-Boot","20","The description for Event ID '20' in Source 'Microsoft-Windows-Kernel-Boot' cannot be found.  The local computer may not have the necessary registry information or message DLL files to display the message, or you may not have permission to access them.  The following information is part of the event:'true', 'true', '6', '2'"
"2025-08-26 2:41:35 PM","Information","Microsoft-Windows-Kernel-Boot","27","The description for Event ID '27' in Source 'Microsoft-Windows-Kernel-Boot' cannot be found.  The local computer may not have the necessary registry information or message DLL files to display the message, or you may not have permission to access them.  The following information is part of the event:'0', ' NOEXECUTE=OPTIN  NOVGA'"
"2025-08-26 2:41:35 PM","Information","Microsoft-Windows-Kernel-General","20","The description for Event ID '20' in Source 'Microsoft-Windows-Kernel-General' cannot be found.  The local computer may not have the necessary registry information or message DLL files to display the message, or you may not have permission to access them.  The following information is part of the event:'0', 'true', '0', '0'"
"2025-08-26 2:41:35 PM","Information","Microsoft-Windows-Kernel-Boot","30","The description for Event ID '30' in Source 'Microsoft-Windows-Kernel-Boot' cannot be found.  The local computer may not have the necessary registry information or message DLL files to display the message, or you may not have permission to access them.  The following information is part of the event:'21', '5938', '6000', '7508', '7513'"
"2025-08-26 2:41:35 PM","Information","Microsoft-Windows-Kernel-Boot","32","The description for Event ID '32' in Source 'Microsoft-Windows-Kernel-Boot' cannot be found.  The local computer may not have the necessary registry information or message DLL files to display the message, or you may not have permission to access them.  The following information is part of the event:'0'"
"2025-08-26 2:41:35 PM","Information","Microsoft-Windows-Kernel-General","12","The description for Event ID '12' in Source 'Microsoft-Windows-Kernel-General' cannot be found.  The local computer may not have the necessary registry information or message DLL files to display the message, or you may not have permission to access them.  The following information is part of the event:'10', '0', '19041', '6216', '0', '0', '2025-08-26T18:41:35.5000000Z'"
"2025-08-26 2:41:35 PM","Information","Microsoft-Windows-Kernel-Boot","153","The description for Event ID '153' in Source 'Microsoft-Windows-Kernel-Boot' cannot be found.  The local computer may not have the necessary registry information or message DLL files to display the message, or you may not have permission to access them.  The following information is part of the event:'0', '0', '0'"
"2025-08-26 2:41:35 PM","Information","Microsoft-Windows-Kernel-Boot","18","The description for Event ID '18' in Source 'Microsoft-Windows-Kernel-Boot' cannot be found.  The local computer may not have the necessary registry information or message DLL files to display the message, or you may not have permission to access them.  The following information is part of the event:'1'"
"2025-08-26 2:41:36 PM","Information","TPM","24","The Trusted Platform Module (TPM) status: 1 and 1."
"2025-08-26 2:41:36 PM","Information","Microsoft-Windows-FilterManager","6","File System Filter 'WdFilter' (10.0, 2020-11-18T10:24:15.0000000Z) has successfully loaded and registered with Filter Manager."
"2025-08-26 2:41:36 PM","Information","Microsoft-Windows-Ntfs","98","The description for Event ID '98' in Source 'Microsoft-Windows-Ntfs' cannot be found.  The local computer may not have the necessary registry information or message DLL files to display the message, or you may not have permission to access them.  The following information is part of the event:'C:', '\Device\HarddiskVolume3', '0'"
"2025-08-26 2:41:36 PM","Information","Microsoft-Windows-FilterManager","6","File System Filter 'UCPD' (10.0, 2006-08-28T04:56:22.0000000Z) has successfully loaded and registered with Filter Manager."
"2025-08-26 2:41:36 PM","Information","Microsoft-Windows-FilterManager","6","File System Filter 'FileCrypt' (10.0, 2002-03-01T04:12:42.0000000Z) has successfully loaded and registered with Filter Manager."
"2025-08-26 2:41:36 PM","Information","Microsoft-Windows-FilterManager","6","File System Filter 'Wof' (10.0, 2090-03-16T11:56:17.0000000Z) has successfully loaded and registered with Filter Manager."
"2025-08-26 2:41:36 PM","Information","Microsoft-Windows-FilterManager","6","File System Filter 'npsvctrig' (10.0, 2025-01-05T19:41:12.0000000Z) has successfully loaded and registered with Filter Manager."
"2025-08-26 2:41:36 PM","Information","Microsoft-Windows-Kernel-Power","172","The description for Event ID '172' in Source 'Microsoft-Windows-Kernel-Power' cannot be found.  The local computer may not have the necessary registry information or message DLL files to display the message, or you may not have permission to access them.  The following information is part of the event:'2', '6'"
"2025-08-26 2:41:36 PM","Information","Microsoft-Windows-FilterManager","6","File System Filter 'FileInfo' (10.0, 2062-12-22T22:21:06.0000000Z) has successfully loaded and registered with Filter Manager."
"2025-08-26 2:41:36 PM","Information","Microsoft-Windows-HAL","16","The iommu fault reporting has been initialized."
"2025-08-26 2:41:37 PM","Information","Microsoft-Windows-Kernel-Processor-Power","55","Hyper-V logical processor 2 exposes the following power management capabilities:

Idle state type: 1 (3 state(s))

Performance state type: 1
Nominal Frequency (MHz): 2701
Maximum performance percentage: 100
Minimum performance percentage: 27
Minimum throttle percentage: 3"
"2025-08-26 2:41:37 PM","Information","Microsoft-Windows-Kernel-Power","521","The description for Event ID '521' in Source 'Microsoft-Windows-Kernel-Power' cannot be found.  The local computer may not have the necessary registry information or message DLL files to display the message, or you may not have permission to access them.  The following information is part of the event:'1', '0', '0'"
"2025-08-26 2:41:37 PM","Information","Microsoft-Windows-Kernel-Power","105","The description for Event ID '105' in Source 'Microsoft-Windows-Kernel-Power' cannot be found.  The local computer may not have the necessary registry information or message DLL files to display the message, or you may not have permission to access them.  The following information is part of the event:'false', '0', '0'"
"2025-08-26 2:41:37 PM","Information","Microsoft-Windows-Kernel-Processor-Power","55","Hyper-V logical processor 3 exposes the following power management capabilities:

Idle state type: 1 (3 state(s))

Performance state type: 1
Nominal Frequency (MHz): 2701
Maximum performance percentage: 100
Minimum performance percentage: 27
Minimum throttle percentage: 3"
"2025-08-26 2:41:37 PM","Information","Microsoft-Windows-Kernel-Processor-Power","55","Hyper-V logical processor 1 exposes the following power management capabilities:

Idle state type: 1 (3 state(s))

Performance state type: 1
Nominal Frequency (MHz): 2701
Maximum performance percentage: 100
Minimum performance percentage: 27
Minimum throttle percentage: 3"
"2025-08-26 2:41:37 PM","Information","Microsoft-Windows-Kernel-Processor-Power","55","Hyper-V logical processor 0 exposes the following power management capabilities:

Idle state type: 1 (3 state(s))

Performance state type: 1
Nominal Frequency (MHz): 2701
Maximum performance percentage: 100
Minimum performance percentage: 27
Minimum throttle percentage: 3"
"2025-08-26 2:41:38 PM","Information","NETwNb64","1073748860","The \Device\NDMP2 service entered the Intel(R) Dual Band Wireless-AC 7260 state."
"2025-08-26 2:41:38 PM","Information","Microsoft-Windows-Kernel-General","24","The description for Event ID '24' in Source 'Microsoft-Windows-Kernel-General' cannot be found.  The local computer may not have the necessary registry information or message DLL files to display the message, or you may not have permission to access them.  The following information is part of the event:'0', '420', '2', '0', '0'"
"2025-08-26 2:41:38 PM","Information","NETwNb64","1610619737","The description for Event ID '1610619737' in Source 'NETwNb64' cannot be found.  The local computer may not have the necessary registry information or message DLL files to display the message, or you may not have permission to access them.  The following information is part of the event:'\Device\NDMP2', 'Intel(R) Dual Band Wireless-AC 7260'"
"2025-08-26 2:41:38 PM","Information","NETwNb64","1610619737","The description for Event ID '1610619737' in Source 'NETwNb64' cannot be found.  The local computer may not have the necessary registry information or message DLL files to display the message, or you may not have permission to access them.  The following information is part of the event:'\Device\NDMP2', 'Intel(R) Dual Band Wireless-AC 7260'"
"2025-08-26 2:41:38 PM","Information","Microsoft-Windows-Ntfs","98","The description for Event ID '98' in Source 'Microsoft-Windows-Ntfs' cannot be found.  The local computer may not have the necessary registry information or message DLL files to display the message, or you may not have permission to access them.  The following information is part of the event:'\\?\Volume{18356e46-6d60-429e-8a5a-2af8814c5480}', '\Device\HarddiskVolume4', '0'"
"2025-08-26 2:41:39 PM","Information","Microsoft-Windows-Directory-Services-SAM","16983","The security account manager is now logging periodic summary events for remote clients that call legacy password change or set RPC methods.

For more information please see https://go.microsoft.com/fwlink/?linkid=2150956.
"
"2025-08-26 2:41:39 PM","Information","Microsoft-Windows-Wininit","14","Credential Guard configuration: 0, 0"
"2025-08-26 2:41:39 PM","Information","Microsoft-Windows-Directory-Services-SAM","16962","Remote calls to the SAM database are being restricted using the default security descriptor: O:SYG:SYD:(A;;RC;;;BA).
For more information please see http://go.microsoft.com/fwlink/?LinkId=787651."
"2025-08-26 2:41:39 PM","Information","Microsoft-Windows-Directory-Services-SAM","16977","The domain is configured with the following minimum password length-related settings.

MinimumPasswordLength: 0

RelaxMinimumPasswordLengthLimits: 0

MinimumPasswordLengthAudit: -1

For more information see https://go.microsoft.com/fwlink/?LinkId=2097191.
"
"2025-08-26 2:41:39 PM","Warning","Microsoft-Windows-Kernel-PnP","219","The driver \Driver\WudfRd failed to load for the device USB\VID_138A&PID_0010\454d46137ba0."
"2025-08-26 2:41:39 PM","Information","Microsoft-Windows-DriverFrameworks-UserMode","10118","UMDF reflector is unable to connect to service control manager (SCM). This is expected during boot, when SCM has not started yet. Will retry when it starts."
"2025-08-26 2:41:40 PM","Information","Microsoft-Windows-FilterManager","6","File System Filter 'bindflt' (10.0, 2091-04-15T16:55:03.0000000Z) has successfully loaded and registered with Filter Manager."
"2025-08-26 2:41:40 PM","Information","Microsoft-Windows-FilterManager","6","File System Filter 'storqosflt' (10.0, 2038-12-03T02:18:20.0000000Z) has successfully loaded and registered with Filter Manager."
"2025-08-26 2:41:40 PM","Information","Microsoft-Windows-FilterManager","6","File System Filter 'CldFlt' (10.0, 1980-12-17T13:34:39.0000000Z) has successfully loaded and registered with Filter Manager."
"2025-08-26 2:41:40 PM","Information","Microsoft-Windows-DHCPv6-Client","51046","DHCPv6 client service is started"
"2025-08-26 2:41:40 PM","Information","Microsoft-Windows-Dhcp-Client","50103","DHCPv4 client registered for shutdown notification"
"2025-08-26 2:41:40 PM","Information","Microsoft-Windows-Dhcp-Client","50036","DHCPv4 client service is started"
"2025-08-26 2:41:40 PM","Information","Microsoft-Windows-FilterManager","1","File System Filter 'CldFlt' (Version 10.0, 1980-12-17T13:34:39.0000000Z) unloaded successfully."
"2025-08-26 2:41:40 PM","Information","EventLog","2147489661","The system uptime is 5 seconds."
"2025-08-26 2:41:40 PM","Information","EventLog","2147489653","The Event log service was started."
"2025-08-26 2:41:40 PM","Information","EventLog","2147489657","Microsoft (R) Windows (R) 10.00. 19045  Multiprocessor Free."
"2025-08-26 2:41:40 PM","Information","Microsoft-Windows-FilterManager","6","File System Filter 'CldFlt' (10.0, 1980-12-17T13:34:39.0000000Z) has successfully loaded and registered with Filter Manager."
"2025-08-26 2:41:40 PM","Information","Microsoft-Windows-FilterManager","6","File System Filter 'luafv' (10.0, 1996-01-27T05:16:28.0000000Z) has successfully loaded and registered with Filter Manager."
"2025-08-26 2:41:40 PM","Information","Microsoft-Windows-FilterManager","6","File System Filter 'wcifs' (10.0, 2043-11-04T04:04:53.0000000Z) has successfully loaded and registered with Filter Manager."
"2025-08-26 2:41:42 PM","Information","Microsoft-Windows-WLAN-AutoConfig","4000","WLAN AutoConfig service has successfully started.
"
"2025-08-26 2:41:43 PM","Information","Service Control Manager","3221232498","The following boot-start or system-start driver(s) did not load: 
dam"
"2025-08-26 2:41:44 PM","Warning","e1i65x64","2684616731","Intel(R) Ethernet Connection I218-LM

Network link is disconnected.
"
"2025-08-26 2:41:45 PM","Error","Microsoft-Windows-TPM-WMI","1796","The Secure Boot update failed to update a Secure Boot variable with error -2147020471. For more information, please see https://go.microsoft.com/fwlink/?linkid=2169931"
"2025-08-26 2:41:45 PM","Error","Microsoft-Windows-TPM-WMI","1796","The Secure Boot update failed to update a Secure Boot variable with error -2147020471. For more information, please see https://go.microsoft.com/fwlink/?linkid=2169931"
"2025-08-26 2:41:45 PM","Error","Microsoft-Windows-TPM-WMI","1796","The Secure Boot update failed to update a Secure Boot variable with error -2147020471. For more information, please see https://go.microsoft.com/fwlink/?linkid=2169931"
"2025-08-26 2:41:46 PM","Information","TPM","18","This event triggers the Trusted Platform Module (TPM) provisioning/status check to run."
"2025-08-26 2:41:50 PM","Information","HTTP","1073756832","The description for Event ID '1073756832' in Source 'HTTP' cannot be found.  The local computer may not have the necessary registry information or message DLL files to display the message, or you may not have permission to access them.  The following information is part of the event:'', 'http://+:80/0131501b-d67f-491b-9a40-c4bf27bcb4d4/'"
"2025-08-26 2:41:50 PM","Information","HTTP","1073756832","The description for Event ID '1073756832' in Source 'HTTP' cannot be found.  The local computer may not have the necessary registry information or message DLL files to display the message, or you may not have permission to access them.  The following information is part of the event:'', 'https://+:443/C574AC30-5794-4AEE-B1BB-6651C5315029/'"
"2025-08-26 2:41:50 PM","Information","HTTP","1073756832","The description for Event ID '1073756832' in Source 'HTTP' cannot be found.  The local computer may not have the necessary registry information or message DLL files to display the message, or you may not have permission to access them.  The following information is part of the event:'', 'http://+:80/116B50EB-ECE2-41ac-8429-9F9E963361B7/'"
"2025-08-26 2:41:50 PM","Information","HTTP","1073756832","The description for Event ID '1073756832' in Source 'HTTP' cannot be found.  The local computer may not have the necessary registry information or message DLL files to display the message, or you may not have permission to access them.  The following information is part of the event:'', 'http://+:10247/apps/'"
"2025-08-26 2:41:50 PM","Information","Microsoft-Windows-UserModePowerService","12","Process C:\Windows\WinSxS\amd64_microsoft-windows-servicingstack_31bf3856ad364e35_10.0.19041.6151_none_7e2f7fd67c740ce3\TiWorker.exe (process ID:2252) reset policy scheme from {381b4222-f694-41f0-9685-ff5bb260df2e} to {381b4222-f694-41f0-9685-ff5bb260df2e}"
"2025-08-26 2:41:50 PM","Information","Microsoft-Windows-UserModePowerService","12","Process C:\Windows\WinSxS\amd64_microsoft-windows-servicingstack_31bf3856ad364e35_10.0.19041.6151_none_7e2f7fd67c740ce3\TiWorker.exe (process ID:2252) reset policy scheme from {381b4222-f694-41f0-9685-ff5bb260df2e} to {381b4222-f694-41f0-9685-ff5bb260df2e}"
"2025-08-26 2:41:51 PM","Information","Microsoft-Windows-TPM-WMI","1282","The TBS device identifier has been generated."
"2025-08-26 2:41:51 PM","Information","Microsoft-Windows-TPM-WMI","1026","The Trusted Platform Module (TPM) hardware on this computer cannot be provisioned for use automatically.  To set up the TPM interactively use the TPM management console (Start->tpm.msc) and use the action to make the TPM ready.

Error: -2144845805
Additional Information: 0x11c"
"2025-08-26 2:41:51 PM","Information","HTTP","1073756832","The description for Event ID '1073756832' in Source 'HTTP' cannot be found.  The local computer may not have the necessary registry information or message DLL files to display the message, or you may not have permission to access them.  The following information is part of the event:'', 'https://+:3392/rdp/'"
"2025-08-26 2:41:51 PM","Information","HTTP","1073756832","The description for Event ID '1073756832' in Source 'HTTP' cannot be found.  The local computer may not have the necessary registry information or message DLL files to display the message, or you may not have permission to access them.  The following information is part of the event:'', 'http://+:3387/rdp/'"
"2025-08-26 2:42:10 PM","Error","Microsoft-Windows-Eventlog","30","The event logging service encountered an error (5) while enabling publisher {0bf2fb94-7b60-4b4d-9766-e82f658df540} to channel Microsoft-Windows-Kernel-ShimEngine/Operational. This does not affect channel operation, but does affect the ability of the publisher to raise events to the channel. One common reason for this error is that the Provider is using ETW Provider Security and has not granted enable permissions to the Event Log service identity."
"2025-08-26 2:42:24 PM","Information","HTTP","1073756831","The description for Event ID '1073756831' in Source 'HTTP' cannot be found.  The local computer may not have the necessary registry information or message DLL files to display the message, or you may not have permission to access them.  The following information is part of the event:'', 'http://+:3387/rdp/'"
"2025-08-26 2:42:24 PM","Information","HTTP","1073756831","The description for Event ID '1073756831' in Source 'HTTP' cannot be found.  The local computer may not have the necessary registry information or message DLL files to display the message, or you may not have permission to access them.  The following information is part of the event:'', 'https://+:3392/rdp/'"
"2025-08-26 2:42:25 PM","Information","HTTP","1073756831","The description for Event ID '1073756831' in Source 'HTTP' cannot be found.  The local computer may not have the necessary registry information or message DLL files to display the message, or you may not have permission to access them.  The following information is part of the event:'', 'http://+:80/116B50EB-ECE2-41ac-8429-9F9E963361B7/'"
"2025-08-26 2:42:25 PM","Information","Microsoft-Windows-UserModePowerService","12","Process C:\Windows\WinSxS\amd64_microsoft-windows-servicingstack_31bf3856ad364e35_10.0.19041.6151_none_7e2f7fd67c740ce3\TiWorker.exe (process ID:2252) reset policy scheme from {381b4222-f694-41f0-9685-ff5bb260df2e} to {381b4222-f694-41f0-9685-ff5bb260df2e}"
"2025-08-26 2:42:25 PM","Information","HTTP","1073756831","The description for Event ID '1073756831' in Source 'HTTP' cannot be found.  The local computer may not have the necessary registry information or message DLL files to display the message, or you may not have permission to access them.  The following information is part of the event:'', 'http://+:80/0131501b-d67f-491b-9a40-c4bf27bcb4d4/'"
"2025-08-26 2:42:25 PM","Information","HTTP","1073756831","The description for Event ID '1073756831' in Source 'HTTP' cannot be found.  The local computer may not have the necessary registry information or message DLL files to display the message, or you may not have permission to access them.  The following information is part of the event:'', 'https://+:443/C574AC30-5794-4AEE-B1BB-6651C5315029/'"
"2025-08-26 2:42:26 PM","Information","Microsoft-Windows-Kernel-General","16","The description for Event ID '16' in Source 'Microsoft-Windows-Kernel-General' cannot be found.  The local computer may not have the necessary registry information or message DLL files to display the message, or you may not have permission to access them.  The following information is part of the event:'154', '\??\C:\ProgramData\Microsoft\Windows\AppRepository\Packages\Microsoft.AAD.BrokerPlugin_1000.19041.4239.0_neutral_neutral_cw5n1h2txyewy\ActivationStore.dat', '0', '0'"
"2025-08-26 2:42:27 PM","Information","Microsoft-Windows-Kernel-General","16","The description for Event ID '16' in Source 'Microsoft-Windows-Kernel-General' cannot be found.  The local computer may not have the necessary registry information or message DLL files to display the message, or you may not have permission to access them.  The following information is part of the event:'161', '\??\C:\ProgramData\Microsoft\Windows\AppRepository\Packages\Microsoft.Windows.CallingShellApp_1000.19041.4239.0_neutral_neutral_cw5n1h2txyewy\ActivationStore.dat', '0', '0'"
"2025-08-26 2:42:27 PM","Information","Microsoft-Windows-Kernel-General","16","The description for Event ID '16' in Source 'Microsoft-Windows-Kernel-General' cannot be found.  The local computer may not have the necessary registry information or message DLL files to display the message, or you may not have permission to access them.  The following information is part of the event:'162', '\??\C:\ProgramData\Microsoft\Windows\AppRepository\Packages\Microsoft.Windows.ParentalControls_1000.19041.4239.0_neutral_neutral_cw5n1h2txyewy\ActivationStore.dat', '0', '0'"
"2025-08-26 2:42:27 PM","Information","Microsoft-Windows-Kernel-General","16","The description for Event ID '16' in Source 'Microsoft-Windows-Kernel-General' cannot be found.  The local computer may not have the necessary registry information or message DLL files to display the message, or you may not have permission to access them.  The following information is part of the event:'159', '\??\C:\ProgramData\Microsoft\Windows\AppRepository\Packages\Microsoft.Windows.Apprep.ChxApp_1000.19041.4239.0_neutral_neutral_cw5n1h2txyewy\ActivationStore.dat', '0', '0'"
"2025-08-26 2:42:27 PM","Information","Microsoft-Windows-Kernel-General","16","The description for Event ID '16' in Source 'Microsoft-Windows-Kernel-General' cannot be found.  The local computer may not have the necessary registry information or message DLL files to display the message, or you may not have permission to access them.  The following information is part of the event:'167', '\??\C:\ProgramData\Microsoft\Windows\AppRepository\Packages\Microsoft.Windows.AssignedAccessLockApp_1000.19041.4239.0_neutral_neutral_cw5n1h2txyewy\ActivationStore.dat', '0', '0'"
"2025-08-26 2:42:28 PM","Information","Microsoft-Windows-Kernel-General","16","The description for Event ID '16' in Source 'Microsoft-Windows-Kernel-General' cannot be found.  The local computer may not have the necessary registry information or message DLL files to display the message, or you may not have permission to access them.  The following information is part of the event:'148', '\??\C:\ProgramData\Microsoft\Windows\AppRepository\Packages\Microsoft.Windows.Search_1.14.18.19041_neutral_neutral_cw5n1h2txyewy\ActivationStore.dat', '0', '0'"
"2025-08-26 2:42:28 PM","Information","Microsoft-Windows-Kernel-General","16","The description for Event ID '16' in Source 'Microsoft-Windows-Kernel-General' cannot be found.  The local computer may not have the necessary registry information or message DLL files to display the message, or you may not have permission to access them.  The following information is part of the event:'164', '\??\C:\ProgramData\Microsoft\Windows\AppRepository\Packages\Microsoft.Windows.PinningConfirmationDialog_1000.19041.4239.0_neutral__cw5n1h2txyewy\ActivationStore.dat', '0', '0'"
"2025-08-26 2:42:29 PM","Information","Microsoft-Windows-Kernel-General","16","The description for Event ID '16' in Source 'Microsoft-Windows-Kernel-General' cannot be found.  The local computer may not have the necessary registry information or message DLL files to display the message, or you may not have permission to access them.  The following information is part of the event:'162', '\??\C:\ProgramData\Microsoft\Windows\AppRepository\Packages\1527c705-839a-4832-9118-54d4Bd6a0c89_10.0.19041.4239_neutral_neutral_cw5n1h2txyewy\ActivationStore.dat', '0', '0'"
"2025-08-26 2:42:29 PM","Information","Microsoft-Windows-Kernel-General","16","The description for Event ID '16' in Source 'Microsoft-Windows-Kernel-General' cannot be found.  The local computer may not have the necessary registry information or message DLL files to display the message, or you may not have permission to access them.  The following information is part of the event:'138', '\??\C:\ProgramData\Microsoft\Windows\AppRepository\Packages\NcsiUwpApp_1000.19041.4239.0_neutral_neutral_8wekyb3d8bbwe\ActivationStore.dat', '0', '0'"
"2025-08-26 2:42:29 PM","Information","Microsoft-Windows-Kernel-General","16","The description for Event ID '16' in Source 'Microsoft-Windows-Kernel-General' cannot be found.  The local computer may not have the necessary registry information or message DLL files to display the message, or you may not have permission to access them.  The following information is part of the event:'156', '\??\C:\ProgramData\Microsoft\Windows\AppRepository\Packages\Microsoft.XboxGameCallableUI_1000.19041.4239.0_neutral_neutral_cw5n1h2txyewy\ActivationStore.dat', '0', '0'"
"2025-08-26 2:42:30 PM","Information","Microsoft-Windows-Kernel-General","16","The description for Event ID '16' in Source 'Microsoft-Windows-Kernel-General' cannot be found.  The local computer may not have the necessary registry information or message DLL files to display the message, or you may not have permission to access them.  The following information is part of the event:'162', '\??\C:\ProgramData\Microsoft\Windows\AppRepository\Packages\F46D4000-FD22-4DB4-AC8E-4E1DDDE828FE_10.0.19041.4239_neutral_neutral_cw5n1h2txyewy\ActivationStore.dat', '0', '0'"
"2025-08-26 2:42:30 PM","Information","Microsoft-Windows-Kernel-General","16","The description for Event ID '16' in Source 'Microsoft-Windows-Kernel-General' cannot be found.  The local computer may not have the necessary registry information or message DLL files to display the message, or you may not have permission to access them.  The following information is part of the event:'144', '\??\C:\ProgramData\Microsoft\Windows\AppRepository\Packages\Microsoft.AccountsControl_10.0.19041.4239_neutral__cw5n1h2txyewy\ActivationStore.dat', '0', '0'"
"2025-08-26 2:42:30 PM","Information","Microsoft-Windows-Kernel-General","16","The description for Event ID '16' in Source 'Microsoft-Windows-Kernel-General' cannot be found.  The local computer may not have the necessary registry information or message DLL files to display the message, or you may not have permission to access them.  The following information is part of the event:'162', '\??\C:\ProgramData\Microsoft\Windows\AppRepository\Packages\c5e2524a-ea46-4f67-841f-6a9465d9d515_10.0.19041.4239_neutral_neutral_cw5n1h2txyewy\ActivationStore.dat', '0', '0'"
