"2025-09-22 11:03:27 AM","Warning","Microsoft-Windows-WLAN-AutoConfig","4003","WLAN AutoConfig detected limited connectivity, attempting automatic recovery.

Recovery Type: 4
Error Code: 0x0
Trigger Reason: 1
IP Family: 0
"
"2025-09-22 11:03:28 AM","Information","NETwNb64","1610619737","The description for Event ID '1610619737' in Source 'NETwNb64' cannot be found.  The local computer may not have the necessary registry information or message DLL files to display the message, or you may not have permission to access them.  The following information is part of the event:'\Device\NDMP13', 'Intel(R) Dual Band Wireless-AC 7260'"
"2025-09-22 11:03:28 AM","Information","NETwNb64","1610619737","The description for Event ID '1610619737' in Source 'NETwNb64' cannot be found.  The local computer may not have the necessary registry information or message DLL files to display the message, or you may not have permission to access them.  The following information is part of the event:'\Device\NDMP13', 'Intel(R) Dual Band Wireless-AC 7260'"
"2025-09-22 11:03:28 AM","Information","NETwNb64","1610620736","The description for Event ID '1610620736' in Source 'NETwNb64' cannot be found.  The local computer may not have the necessary registry information or message DLL files to display the message, or you may not have permission to access them.  The following information is part of the event:'\Device\NDMP2', 'Intel(R) Dual Band Wireless-AC 7260'"
"2025-09-22 11:03:28 AM","Information","NETwNb64","1073748860","The \Device\NDMP13 service entered the Intel(R) Dual Band Wireless-AC 7260 state."
"2025-09-22 11:03:29 AM","Warning","Microsoft-Windows-DNS-Client","1014","Name resolution for the name prodata.tradingview.com timed out after none of the configured DNS servers responded."
"2025-09-22 12:00:00 PM","Information","EventLog","2147489661","The system uptime is 377725 seconds."
"2025-09-22 5:12:23 PM","Information","Microsoft-Windows-Kernel-General","16","The description for Event ID '16' in Source 'Microsoft-Windows-Kernel-General' cannot be found.  The local computer may not have the necessary registry information or message DLL files to display the message, or you may not have permission to access them.  The following information is part of the event:'161', '\??\C:\ProgramData\Packages\Microsoft.YourPhone_8wekyb3d8bbwe\S-1-5-21-2059432068-349761349-3478041169-1001\SystemAppData\Helium\Cache\27447f3d9b97d5ec_COM15.dat', '1', '1'"
"2025-09-22 5:12:45 PM","Information","Microsoft-Windows-Kernel-General","16","The description for Event ID '16' in Source 'Microsoft-Windows-Kernel-General' cannot be found.  The local computer may not have the necessary registry information or message DLL files to display the message, or you may not have permission to access them.  The following information is part of the event:'166', '\??\C:\ProgramData\Packages\Microsoft.Windows.Photos_8wekyb3d8bbwe\S-1-5-21-2059432068-349761349-3478041169-1001\SystemAppData\Helium\Cache\c734854775b982fd_COM15.dat', '1', '1'"
"2025-09-22 5:12:45 PM","Information","Microsoft-Windows-Kernel-General","16","The description for Event ID '16' in Source 'Microsoft-Windows-Kernel-General' cannot be found.  The local computer may not have the necessary registry information or message DLL files to display the message, or you may not have permission to access them.  The following information is part of the event:'116', '\??\C:\Users\User\AppData\Local\Packages\Microsoft.Windows.Photos_8wekyb3d8bbwe\SystemAppData\Helium\UserClasses.dat', '27', '4'"
"2025-09-22 5:12:45 PM","Information","Microsoft-Windows-Kernel-General","16","The description for Event ID '16' in Source 'Microsoft-Windows-Kernel-General' cannot be found.  The local computer may not have the necessary registry information or message DLL files to display the message, or you may not have permission to access them.  The following information is part of the event:'109', '\??\C:\Users\User\AppData\Local\Packages\Microsoft.Windows.Photos_8wekyb3d8bbwe\SystemAppData\Helium\User.dat', '16', '1'"
"2025-09-22 5:22:50 PM","Warning","Microsoft-Windows-DNS-Client","1014","Name resolution for the name mtalk.google.com timed out after none of the configured DNS servers responded."
"2025-09-22 5:28:21 PM","Error","Service Control Manager","3221232503","The Windows Security Service service terminated unexpectedly.  It has done this 1 time(s).  The following corrective action will be taken in 60000 milliseconds: Restart the service."
"2025-09-22 5:29:05 PM","Warning","DCOM","10016","The description for Event ID '10016' in Source 'DCOM' cannot be found.  The local computer may not have the necessary registry information or message DLL files to display the message, or you may not have permission to access them.  The following information is part of the event:'application-specific', 'Local', 'Activation', '{2593F8B9-4EAF-457C-B68A-50F6B8EA6B54}', '{15C20B67-12E7-4BB6-92BB-7AFF07997402}', 'DESKTOP-RVD6TK8', 'User', 'S-1-5-21-2059432068-349761349-3478041169-1001', 'LocalHost (Using LRPC)', 'Unavailable', 'Unavailable'"
"2025-09-22 5:32:29 PM","Warning","DCOM","10016","The description for Event ID '10016' in Source 'DCOM' cannot be found.  The local computer may not have the necessary registry information or message DLL files to display the message, or you may not have permission to access them.  The following information is part of the event:'application-specific', 'Local', 'Activation', '{2593F8B9-4EAF-457C-B68A-50F6B8EA6B54}', '{15C20B67-12E7-4BB6-92BB-7AFF07997402}', 'DESKTOP-RVD6TK8', 'User', 'S-1-5-21-2059432068-349761349-3478041169-1001', 'LocalHost (Using LRPC)', 'Unavailable', 'Unavailable'"
"2025-09-22 5:33:08 PM","Information","Service Control Manager","1073748864","The start type of the Background Intelligent Transfer Service service was changed from demand start to auto start."
"2025-09-22 5:37:22 PM","Information","Service Control Manager","1073748864","The start type of the Background Intelligent Transfer Service service was changed from auto start to demand start."
"2025-09-22 6:15:57 PM","Warning","Microsoft-Windows-DNS-Client","1014","Name resolution for the name ctldl.windowsupdate.com timed out after none of the configured DNS servers responded."
"2025-09-22 7:32:19 PM","Information","Microsoft-Windows-Diagnostics-Networking","4000","The Network Diagnostics Framework has completed the diagnosis phase of operation. The following repair option was offered: 

Helper Class Name: DnsHelperClass

Root Cause: Windows can't find a computer or device named ""api.grok.x.ai""
Windows can communicate with the name resolution server but can't find the host name. 

Root Cause Guid: {03e7630e-a323-45ea-bd4a-f196caff9a28} 

Repair option: Make sure the name ""api.grok.x.ai"" is spelled correctly.
Windows could not find the name you specified. 

RepairGuid: {3069b21f-7dd5-4393-8515-4fd4aee4b6a4} 

Seconds required for repair: 0 

Security context required for repair: 0

Interface:  ({00000000-0000-0000-0000-000000000000})"
"2025-09-22 7:32:24 PM","Information","Microsoft-Windows-Diagnostics-Networking","4100","The Network Diagnostics Framework has completed the diagnosis phase of operation, but no network problem was identified."
"2025-09-22 8:25:25 PM","Information","Microsoft-Windows-Kernel-General","16","The description for Event ID '16' in Source 'Microsoft-Windows-Kernel-General' cannot be found.  The local computer may not have the necessary registry information or message DLL files to display the message, or you may not have permission to access them.  The following information is part of the event:'171', '\??\C:\ProgramData\Packages\Microsoft.DesktopAppInstaller_8wekyb3d8bbwe\S-1-5-21-2059432068-349761349-3478041169-1001\SystemAppData\Helium\Cache\9d63c077f26c8966_COM15.dat', '1', '1'"
"2025-09-22 9:04:30 PM","Warning","DCOM","10016","The description for Event ID '10016' in Source 'DCOM' cannot be found.  The local computer may not have the necessary registry information or message DLL files to display the message, or you may not have permission to access them.  The following information is part of the event:'application-specific', 'Local', 'Activation', '{2593F8B9-4EAF-457C-B68A-50F6B8EA6B54}', '{15C20B67-12E7-4BB6-92BB-7AFF07997402}', 'DESKTOP-RVD6TK8', 'User', 'S-1-5-21-2059432068-349761349-3478041169-1001', 'LocalHost (Using LRPC)', 'Unavailable', 'Unavailable'"
"2025-09-22 10:40:57 PM","Information","Service Control Manager","1073748864","The start type of the Background Intelligent Transfer Service service was changed from demand start to auto start."
"2025-09-22 10:43:02 PM","Information","Service Control Manager","1073748864","The start type of the Background Intelligent Transfer Service service was changed from auto start to demand start."
"2025-09-22 11:37:08 PM","Information","Service Control Manager","1073748864","The start type of the Background Intelligent Transfer Service service was changed from demand start to auto start."
"2025-09-22 11:39:13 PM","Information","Service Control Manager","1073748864","The start type of the Background Intelligent Transfer Service service was changed from auto start to demand start."
"2025-09-23 12:08:35 AM","Information","Service Control Manager","1073748864","The start type of the Background Intelligent Transfer Service service was changed from demand start to auto start."
"2025-09-23 12:10:40 AM","Information","Service Control Manager","1073748864","The start type of the Background Intelligent Transfer Service service was changed from auto start to demand start."
"2025-09-23 12:58:55 AM","Information","Microsoft-Windows-Time-Service","158","The time provider 'VMICTimeProvider' has indicated that the current hardware and operating environment is not supported and has stopped. This behavior is expected for VMICTimeProvider on non-HyperV-guest environments. This may be the expected behavior for the current provider in the current operating environment as well."
"2025-09-23 12:58:55 AM","Information","Service Control Manager","1073748864","The start type of the Windows Modules Installer service was changed from demand start to auto start."
"2025-09-23 12:58:57 AM","Information","Microsoft-Windows-Time-Service","37","The time provider NtpClient is currently receiving valid time data from time.windows.com,0x9 (ntp.m|0x9|0.0.0.0:123->168.61.215.74:123)."
"2025-09-23 12:59:06 AM","Information","Microsoft-Windows-WindowsUpdateClient","44","Windows Update started downloading an update."
"2025-09-23 12:59:06 AM","Information","Microsoft-Windows-WindowsUpdateClient","44","Windows Update started downloading an update."
"2025-09-23 12:59:06 AM","Information","Microsoft-Windows-WindowsUpdateClient","44","Windows Update started downloading an update."
"2025-09-23 12:59:13 AM","Information","Microsoft-Windows-Kernel-General","1","Possible detection of CVE: 2025-09-23T04:59:13.7616278Z
Additional Information: 2025-09-23T04:59:13.7606211Z

This Event is generated when an attempt to exploit a known vulnerability (2025-09-23T04:59:13.7616278Z) is detected.
This Event is raised by a User mode process.
"
"2025-09-23 12:59:13 AM","Information","Microsoft-Windows-Kernel-General","24","The description for Event ID '24' in Source 'Microsoft-Windows-Kernel-General' cannot be found.  The local computer may not have the necessary registry information or message DLL files to display the message, or you may not have permission to access them.  The following information is part of the event:'0', '240', '2', '0', '0'"
"2025-09-23 12:59:13 AM","Information","Microsoft-Windows-Kernel-General","1","Possible detection of CVE: 2025-09-23T04:59:13.7622997Z
Additional Information: 2025-09-23T04:59:13.7616278Z

This Event is generated when an attempt to exploit a known vulnerability (2025-09-23T04:59:13.7622997Z) is detected.
This Event is raised by a User mode process.
"
"2025-09-23 12:59:13 AM","Information","Microsoft-Windows-Kernel-General","24","The description for Event ID '24' in Source 'Microsoft-Windows-Kernel-General' cannot be found.  The local computer may not have the necessary registry information or message DLL files to display the message, or you may not have permission to access them.  The following information is part of the event:'0', '240', '2', '0', '0'"
"2025-09-23 12:59:13 AM","Information","Microsoft-Windows-Kernel-General","24","The description for Event ID '24' in Source 'Microsoft-Windows-Kernel-General' cannot be found.  The local computer may not have the necessary registry information or message DLL files to display the message, or you may not have permission to access them.  The following information is part of the event:'0', '240', '2', '0', '0'"
"2025-09-23 12:59:13 AM","Information","Microsoft-Windows-Kernel-General","1","Possible detection of CVE: 2025-09-23T04:59:13.7606211Z
Additional Information: 2025-09-23T04:59:11.6134471Z

This Event is generated when an attempt to exploit a known vulnerability (2025-09-23T04:59:13.7606211Z) is detected.
This Event is raised by a User mode process.
"
"2025-09-23 12:59:13 AM","Information","Microsoft-Windows-Time-Service","35","The time service is now synchronizing the system time with the time source time.windows.com,0x9 (ntp.m|0x9|0.0.0.0:123->168.61.215.74:123) with reference id 1255620008. Current local stratum number is 4."
"2025-09-23 1:01:12 AM","Information","Service Control Manager","1073748864","The start type of the Windows Modules Installer service was changed from auto start to demand start."
"2025-09-23 1:01:12 AM","Information","Service Control Manager","1073748864","The start type of the Windows Modules Installer service was changed from demand start to auto start."
"2025-09-23 1:01:12 AM","Information","Service Control Manager","1073748864","The start type of the Windows Modules Installer service was changed from auto start to demand start."
"2025-09-23 1:01:12 AM","Information","Service Control Manager","1073748864","The start type of the Windows Modules Installer service was changed from demand start to auto start."
"2025-09-23 1:01:48 AM","Information","Microsoft-Windows-WindowsUpdateClient","44","Windows Update started downloading an update."
"2025-09-23 1:01:54 AM","Information","Service Control Manager","1073748864","The start type of the Windows Modules Installer service was changed from auto start to demand start."
"2025-09-23 1:01:58 AM","Information","Microsoft-Windows-WindowsUpdateClient","43","Installation Started: Windows has started installing the following update: Security Intelligence Update for Microsoft Defender Antivirus - KB2267602 (Version 1.437.108.0) - Current Channel (Broad)"
"2025-09-23 1:02:09 AM","Information","Microsoft-Windows-WindowsUpdateClient","19","Installation Successful: Windows successfully installed the following update: Security Intelligence Update for Microsoft Defender Antivirus - KB2267602 (Version 1.437.108.0) - Current Channel (Broad)"
"2025-09-23 1:42:31 AM","Warning","DCOM","10016","The description for Event ID '10016' in Source 'DCOM' cannot be found.  The local computer may not have the necessary registry information or message DLL files to display the message, or you may not have permission to access them.  The following information is part of the event:'application-specific', 'Local', 'Activation', '{2593F8B9-4EAF-457C-B68A-50F6B8EA6B54}', '{15C20B67-12E7-4BB6-92BB-7AFF07997402}', 'DESKTOP-RVD6TK8', 'User', 'S-1-5-21-2059432068-349761349-3478041169-1001', 'LocalHost (Using LRPC)', 'Unavailable', 'Unavailable'"
"2025-09-23 2:31:11 AM","Warning","DCOM","10016","The description for Event ID '10016' in Source 'DCOM' cannot be found.  The local computer may not have the necessary registry information or message DLL files to display the message, or you may not have permission to access them.  The following information is part of the event:'application-specific', 'Local', 'Activation', '{2593F8B9-4EAF-457C-B68A-50F6B8EA6B54}', '{15C20B67-12E7-4BB6-92BB-7AFF07997402}', 'DESKTOP-RVD6TK8', 'User', 'S-1-5-21-2059432068-349761349-3478041169-1001', 'LocalHost (Using LRPC)', 'Unavailable', 'Unavailable'"
"2025-09-23 2:33:29 AM","Warning","Microsoft-Windows-WLAN-AutoConfig","4003","WLAN AutoConfig detected limited connectivity, attempting automatic recovery.

Recovery Type: 4
Error Code: 0x0
Trigger Reason: 7
IP Family: 0
"
"2025-09-23 2:33:32 AM","Warning","Microsoft-Windows-DNS-Client","1014","Name resolution for the name signaler-pa.clients6.google.com timed out after none of the configured DNS servers responded."
"2025-09-23 2:35:55 AM","Information","NETwNb64","1610620736","The description for Event ID '1610620736' in Source 'NETwNb64' cannot be found.  The local computer may not have the necessary registry information or message DLL files to display the message, or you may not have permission to access them.  The following information is part of the event:'\Device\NDMP13', 'Intel(R) Dual Band Wireless-AC 7260'"
"2025-09-23 2:35:56 AM","Information","NETwNb64","1610619737","The description for Event ID '1610619737' in Source 'NETwNb64' cannot be found.  The local computer may not have the necessary registry information or message DLL files to display the message, or you may not have permission to access them.  The following information is part of the event:'\Device\NDMP16', 'Intel(R) Dual Band Wireless-AC 7260'"
"2025-09-23 2:35:56 AM","Information","NETwNb64","1610619737","The description for Event ID '1610619737' in Source 'NETwNb64' cannot be found.  The local computer may not have the necessary registry information or message DLL files to display the message, or you may not have permission to access them.  The following information is part of the event:'\Device\NDMP16', 'Intel(R) Dual Band Wireless-AC 7260'"
"2025-09-23 2:35:56 AM","Information","NETwNb64","1073748860","The \Device\NDMP16 service entered the Intel(R) Dual Band Wireless-AC 7260 state."
"2025-09-23 3:00:36 AM","Warning","Microsoft-Windows-DNS-Client","1014","Name resolution for the name signaler-pa.clients6.google.com timed out after none of the configured DNS servers responded."
"2025-09-23 3:42:30 AM","Warning","Microsoft-Windows-Kernel-Processor-Power","37","The speed of Hyper-V logical processor 3 is being limited by system firmware. The processor has been in this reduced performance state for 86402 seconds since the last report."
"2025-09-23 3:42:30 AM","Warning","Microsoft-Windows-Kernel-Processor-Power","37","The speed of Hyper-V logical processor 2 is being limited by system firmware. The processor has been in this reduced performance state for 86402 seconds since the last report."
"2025-09-23 3:42:30 AM","Warning","Microsoft-Windows-Kernel-Processor-Power","37","The speed of Hyper-V logical processor 0 is being limited by system firmware. The processor has been in this reduced performance state for 86402 seconds since the last report."
"2025-09-23 3:42:30 AM","Warning","Microsoft-Windows-Kernel-Processor-Power","37","The speed of Hyper-V logical processor 1 is being limited by system firmware. The processor has been in this reduced performance state for 86402 seconds since the last report."
"2025-09-23 6:33:16 AM","Information","Service Control Manager","1073748864","The start type of the Background Intelligent Transfer Service service was changed from demand start to auto start."
"2025-09-23 6:35:20 AM","Information","Service Control Manager","1073748864","The start type of the Background Intelligent Transfer Service service was changed from auto start to demand start."
"2025-09-23 7:18:12 AM","Information","Service Control Manager","1073748864","The start type of the Background Intelligent Transfer Service service was changed from demand start to auto start."
"2025-09-23 7:20:18 AM","Information","Service Control Manager","1073748864","The start type of the Background Intelligent Transfer Service service was changed from auto start to demand start."
"2025-09-23 8:35:31 AM","Information","Service Control Manager","1073748869","A service was installed in the system.

Service Name:  Google Updater Internal Service (GoogleUpdaterInternalService142.0.7416.0)
Service File Name:  ""C:\Program Files (x86)\Google\GoogleUpdater\142.0.7416.0\updater.exe"" --system --windows-service --service=update-internal
Service Type:  user mode service
Service Start Type:  auto start
Service Account:  LocalSystem"
"2025-09-23 9:03:22 AM","Information","Service Control Manager","1073748864","The start type of the Background Intelligent Transfer Service service was changed from demand start to auto start."
"2025-09-23 9:03:58 AM","Warning","DCOM","10016","The description for Event ID '10016' in Source 'DCOM' cannot be found.  The local computer may not have the necessary registry information or message DLL files to display the message, or you may not have permission to access them.  The following information is part of the event:'application-specific', 'Local', 'Activation', '{2593F8B9-4EAF-457C-B68A-50F6B8EA6B54}', '{15C20B67-12E7-4BB6-92BB-7AFF07997402}', 'DESKTOP-RVD6TK8', 'User', 'S-1-5-21-2059432068-349761349-3478041169-1001', 'LocalHost (Using LRPC)', 'Unavailable', 'Unavailable'"
"2025-09-23 9:04:18 AM","Information","Service Control Manager","1073748869","A service was installed in the system.

Service Name:  Google Updater Service (GoogleUpdaterService142.0.7416.0)
Service File Name:  ""C:\Program Files (x86)\Google\GoogleUpdater\142.0.7416.0\updater.exe"" --system --windows-service --service=update
Service Type:  user mode service
Service Start Type:  auto start
Service Account:  LocalSystem"
"2025-09-23 9:06:59 AM","Information","Service Control Manager","1073748864","The start type of the Background Intelligent Transfer Service service was changed from auto start to demand start."
"2025-09-23 9:34:03 AM","Information","Microsoft-Windows-WindowsUpdateClient","44","Windows Update started downloading an update."
"2025-09-23 9:34:45 AM","Information","Microsoft-Windows-WindowsUpdateClient","43","Installation Started: Windows has started installing the following update: Security Intelligence Update for Microsoft Defender Antivirus - KB2267602 (Version 1.437.116.0) - Current Channel (Broad)"
"2025-09-23 9:34:57 AM","Information","Microsoft-Windows-WindowsUpdateClient","19","Installation Successful: Windows successfully installed the following update: Security Intelligence Update for Microsoft Defender Antivirus - KB2267602 (Version 1.437.116.0) - Current Channel (Broad)"
"2025-09-23 9:40:11 AM","Warning","DCOM","10016","The description for Event ID '10016' in Source 'DCOM' cannot be found.  The local computer may not have the necessary registry information or message DLL files to display the message, or you may not have permission to access them.  The following information is part of the event:'machine-default', 'Local', 'Activation', '{C2F03A33-21F5-47FA-B4BB-156362A2F239}', '{316CDED5-E4AE-4B15-9113-7055D84DCC97}', 'DESKTOP-RVD6TK8', 'User', 'S-1-5-21-2059432068-349761349-3478041169-1001', 'LocalHost (Using LRPC)', 'Microsoft.Windows.ShellExperienceHost_10.0.19041.3636_neutral_neutral_cw5n1h2txyewy', 'S-1-15-2-155514346-2573954481-755741238-1654018636-1233331829-3075935687-2861478708'"
"2025-09-23 10:05:48 AM","Warning","DCOM","10016","The description for Event ID '10016' in Source 'DCOM' cannot be found.  The local computer may not have the necessary registry information or message DLL files to display the message, or you may not have permission to access them.  The following information is part of the event:'machine-default', 'Local', 'Activation', '{C2F03A33-21F5-47FA-B4BB-156362A2F239}', '{316CDED5-E4AE-4B15-9113-7055D84DCC97}', 'DESKTOP-RVD6TK8', 'User', 'S-1-5-21-2059432068-349761349-3478041169-1001', 'LocalHost (Using LRPC)', 'Microsoft.Windows.ShellExperienceHost_10.0.19041.3636_neutral_neutral_cw5n1h2txyewy', 'S-1-15-2-155514346-2573954481-755741238-1654018636-1233331829-3075935687-2861478708'"
"2025-09-23 11:25:21 AM","Warning","DCOM","10016","The description for Event ID '10016' in Source 'DCOM' cannot be found.  The local computer may not have the necessary registry information or message DLL files to display the message, or you may not have permission to access them.  The following information is part of the event:'machine-default', 'Local', 'Activation', '{C2F03A33-21F5-47FA-B4BB-156362A2F239}', '{316CDED5-E4AE-4B15-9113-7055D84DCC97}', 'DESKTOP-RVD6TK8', 'User', 'S-1-5-21-2059432068-349761349-3478041169-1001', 'LocalHost (Using LRPC)', 'Microsoft.Windows.ShellExperienceHost_10.0.19041.3636_neutral_neutral_cw5n1h2txyewy', 'S-1-15-2-155514346-2573954481-755741238-1654018636-1233331829-3075935687-2861478708'"
"2025-09-23 12:00:00 PM","Information","EventLog","2147489661","The system uptime is 464123 seconds."
"2025-09-23 12:23:37 PM","Warning","DCOM","10016","The description for Event ID '10016' in Source 'DCOM' cannot be found.  The local computer may not have the necessary registry information or message DLL files to display the message, or you may not have permission to access them.  The following information is part of the event:'machine-default', 'Local', 'Activation', '{C2F03A33-21F5-47FA-B4BB-156362A2F239}', '{316CDED5-E4AE-4B15-9113-7055D84DCC97}', 'DESKTOP-RVD6TK8', 'User', 'S-1-5-21-2059432068-349761349-3478041169-1001', 'LocalHost (Using LRPC)', 'Microsoft.Windows.ShellExperienceHost_10.0.19041.3636_neutral_neutral_cw5n1h2txyewy', 'S-1-15-2-155514346-2573954481-755741238-1654018636-1233331829-3075935687-2861478708'"
"2025-09-23 2:04:43 PM","Information","Service Control Manager","1073748864","The start type of the Background Intelligent Transfer Service service was changed from demand start to auto start."
"2025-09-23 2:06:59 PM","Information","Service Control Manager","1073748864","The start type of the Background Intelligent Transfer Service service was changed from auto start to demand start."
"2025-09-23 4:47:16 PM","Warning","DCOM","10016","The description for Event ID '10016' in Source 'DCOM' cannot be found.  The local computer may not have the necessary registry information or message DLL files to display the message, or you may not have permission to access them.  The following information is part of the event:'machine-default', 'Local', 'Activation', '{C2F03A33-21F5-47FA-B4BB-156362A2F239}', '{316CDED5-E4AE-4B15-9113-7055D84DCC97}', 'DESKTOP-RVD6TK8', 'User', 'S-1-5-21-2059432068-349761349-3478041169-1001', 'LocalHost (Using LRPC)', 'Microsoft.Windows.ShellExperienceHost_10.0.19041.3636_neutral_neutral_cw5n1h2txyewy', 'S-1-15-2-155514346-2573954481-755741238-1654018636-1233331829-3075935687-2861478708'"
"2025-09-23 7:04:43 PM","Information","Service Control Manager","1073748864","The start type of the Background Intelligent Transfer Service service was changed from demand start to auto start."
"2025-09-23 7:06:55 PM","Information","Service Control Manager","1073748864","The start type of the Background Intelligent Transfer Service service was changed from auto start to demand start."
"2025-09-23 8:26:28 PM","Information","Microsoft-Windows-Kernel-General","16","The description for Event ID '16' in Source 'Microsoft-Windows-Kernel-General' cannot be found.  The local computer may not have the necessary registry information or message DLL files to display the message, or you may not have permission to access them.  The following information is part of the event:'106', '\??\C:\Users\User\AppData\Local\Packages\Microsoft.DesktopAppInstaller_8wekyb3d8bbwe\Settings\settings.dat', '2', '1'"
"2025-09-23 9:52:56 PM","Warning","Microsoft-Windows-DNS-Client","1014","Name resolution for the name beacons.gcp.gvt2.com timed out after none of the configured DNS servers responded."
"2025-09-23 10:40:57 PM","Information","Service Control Manager","1073748864","The start type of the Background Intelligent Transfer Service service was changed from demand start to auto start."
"2025-09-23 10:43:02 PM","Information","Service Control Manager","1073748864","The start type of the Background Intelligent Transfer Service service was changed from auto start to demand start."
"2025-09-23 11:06:24 PM","Information","Microsoft-Windows-WindowsUpdateClient","44","Windows Update started downloading an update."
"2025-09-23 11:06:47 PM","Information","Microsoft-Windows-WindowsUpdateClient","43","Installation Started: Windows has started installing the following update: Security Intelligence Update for Microsoft Defender Antivirus - KB2267602 (Version 1.437.126.0) - Current Channel (Broad)"
"2025-09-23 11:07:04 PM","Information","Microsoft-Windows-WindowsUpdateClient","19","Installation Successful: Windows successfully installed the following update: Security Intelligence Update for Microsoft Defender Antivirus - KB2267602 (Version 1.437.126.0) - Current Channel (Broad)"
"2025-09-23 11:21:13 PM","Warning","DCOM","10016","The description for Event ID '10016' in Source 'DCOM' cannot be found.  The local computer may not have the necessary registry information or message DLL files to display the message, or you may not have permission to access them.  The following information is part of the event:'machine-default', 'Local', 'Activation', '{C2F03A33-21F5-47FA-B4BB-156362A2F239}', '{316CDED5-E4AE-4B15-9113-7055D84DCC97}', 'DESKTOP-RVD6TK8', 'User', 'S-1-5-21-2059432068-349761349-3478041169-1001', 'LocalHost (Using LRPC)', 'Microsoft.Windows.ShellExperienceHost_10.0.19041.3636_neutral_neutral_cw5n1h2txyewy', 'S-1-15-2-155514346-2573954481-755741238-1654018636-1233331829-3075935687-2861478708'"
"2025-09-23 11:37:13 PM","Information","Service Control Manager","1073748864","The start type of the Background Intelligent Transfer Service service was changed from demand start to auto start."
"2025-09-23 11:39:18 PM","Information","Service Control Manager","1073748864","The start type of the Background Intelligent Transfer Service service was changed from auto start to demand start."
"2025-09-24 12:58:25 AM","Information","Microsoft-Windows-Kernel-General","16","The description for Event ID '16' in Source 'Microsoft-Windows-Kernel-General' cannot be found.  The local computer may not have the necessary registry information or message DLL files to display the message, or you may not have permission to access them.  The following information is part of the event:'96', '\??\C:\Users\User\AppData\Local\Packages\Microsoft.YourPhone_8wekyb3d8bbwe\Settings\settings.dat', '45', '4'"
"2025-09-24 1:49:21 AM","Information","Microsoft-Windows-Time-Service","158","The time provider 'VMICTimeProvider' has indicated that the current hardware and operating environment is not supported and has stopped. This behavior is expected for VMICTimeProvider on non-HyperV-guest environments. This may be the expected behavior for the current provider in the current operating environment as well."
"2025-09-24 1:49:22 AM","Information","Microsoft-Windows-Time-Service","37","The time provider NtpClient is currently receiving valid time data from time.windows.com,0x9 (ntp.m|0x9|0.0.0.0:123->168.61.215.74:123)."
"2025-09-24 1:49:38 AM","Information","Microsoft-Windows-Kernel-General","1","Possible detection of CVE: 2025-09-24T05:49:38.5593436Z
Additional Information: 2025-09-24T05:49:38.5593794Z

This Event is generated when an attempt to exploit a known vulnerability (2025-09-24T05:49:38.5593436Z) is detected.
This Event is raised by a User mode process.
"
"2025-09-24 1:49:38 AM","Information","Microsoft-Windows-Kernel-General","24","The description for Event ID '24' in Source 'Microsoft-Windows-Kernel-General' cannot be found.  The local computer may not have the necessary registry information or message DLL files to display the message, or you may not have permission to access them.  The following information is part of the event:'0', '240', '2', '0', '0'"
"2025-09-24 1:49:38 AM","Information","Microsoft-Windows-Kernel-General","1","Possible detection of CVE: 2025-09-24T05:49:38.5601074Z
Additional Information: 2025-09-24T05:49:38.5593436Z

This Event is generated when an attempt to exploit a known vulnerability (2025-09-24T05:49:38.5601074Z) is detected.
This Event is raised by a User mode process.
"
"2025-09-24 1:49:38 AM","Information","Microsoft-Windows-Kernel-General","24","The description for Event ID '24' in Source 'Microsoft-Windows-Kernel-General' cannot be found.  The local computer may not have the necessary registry information or message DLL files to display the message, or you may not have permission to access them.  The following information is part of the event:'0', '240', '2', '0', '0'"
"2025-09-24 1:49:38 AM","Information","Microsoft-Windows-Kernel-General","24","The description for Event ID '24' in Source 'Microsoft-Windows-Kernel-General' cannot be found.  The local computer may not have the necessary registry information or message DLL files to display the message, or you may not have permission to access them.  The following information is part of the event:'0', '240', '2', '0', '0'"
"2025-09-24 1:49:38 AM","Information","Microsoft-Windows-Kernel-General","1","Possible detection of CVE: 2025-09-24T05:49:38.5582010Z
Additional Information: 2025-09-24T05:49:37.2308243Z

This Event is generated when an attempt to exploit a known vulnerability (2025-09-24T05:49:38.5582010Z) is detected.
This Event is raised by a User mode process.
"
"2025-09-24 1:49:38 AM","Information","Microsoft-Windows-Time-Service","35","The time service is now synchronizing the system time with the time source time.windows.com,0x9 (ntp.m|0x9|0.0.0.0:123->168.61.215.74:123) with reference id 1255620008. Current local stratum number is 4."
"2025-09-24 1:58:38 AM","Information","Service Control Manager","1073748864","The start type of the Background Intelligent Transfer Service service was changed from demand start to auto start."
"2025-09-24 2:00:43 AM","Information","Service Control Manager","1073748864","The start type of the Background Intelligent Transfer Service service was changed from auto start to demand start."
"2025-09-24 2:26:34 AM","Warning","DCOM","10016","The description for Event ID '10016' in Source 'DCOM' cannot be found.  The local computer may not have the necessary registry information or message DLL files to display the message, or you may not have permission to access them.  The following information is part of the event:'application-specific', 'Local', 'Activation', '{2593F8B9-4EAF-457C-B68A-50F6B8EA6B54}', '{15C20B67-12E7-4BB6-92BB-7AFF07997402}', 'DESKTOP-RVD6TK8', 'User', 'S-1-5-21-2059432068-349761349-3478041169-1001', 'LocalHost (Using LRPC)', 'Unavailable', 'Unavailable'"
"2025-09-24 3:00:36 AM","Warning","Microsoft-Windows-DNS-Client","1014","Name resolution for the name p3a-json. timed out after none of the configured DNS servers responded."
"2025-09-24 3:00:50 AM","Warning","Microsoft-Windows-DNS-Client","1014","Name resolution for the name signaler-pa.clients6.google.com timed out after none of the configured DNS servers responded."
"2025-09-24 3:26:29 AM","Information","Microsoft-Windows-Kernel-General","16","The description for Event ID '16' in Source 'Microsoft-Windows-Kernel-General' cannot be found.  The local computer may not have the necessary registry information or message DLL files to display the message, or you may not have permission to access them.  The following information is part of the event:'94', '\??\C:\Users\User\AppData\Local\Packages\Microsoft.LockApp_cw5n1h2txyewy\Settings\settings.dat', '3', '1'"
"2025-09-24 3:26:33 AM","Information","Microsoft-Windows-Kernel-Power","42","The description for Event ID '42' in Source 'Microsoft-Windows-Kernel-Power' cannot be found.  The local computer may not have the necessary registry information or message DLL files to display the message, or you may not have permission to access them.  The following information is part of the event:'4', '4', '0', '4', '7'"
"2025-09-24 3:26:34 AM","Information","Microsoft-Windows-Kernel-Power","107","The description for Event ID '107' in Source 'Microsoft-Windows-Kernel-Power' cannot be found.  The local computer may not have the necessary registry information or message DLL files to display the message, or you may not have permission to access them.  The following information is part of the event:'4', '4', '4', '1601-01-01T00:00:00.0000000Z', '1601-01-01T00:00:00.0000000Z', '0', '0'"
"2025-09-24 3:43:41 AM","Information","Microsoft-Windows-Kernel-General","1","Possible detection of CVE: 2025-09-24T07:43:41.5000000Z
Additional Information: 2025-09-24T07:26:34.3200619Z

This Event is generated when an attempt to exploit a known vulnerability (2025-09-24T07:43:41.5000000Z) is detected.
This Event is raised by a User mode process.
"
"2025-09-24 3:43:42 AM","Information","Microsoft-Windows-Kernel-Power","130","The description for Event ID '130' in Source 'Microsoft-Windows-Kernel-Power' cannot be found.  The local computer may not have the necessary registry information or message DLL files to display the message, or you may not have permission to access them.  The following information is part of the event:'430134271', '430134438'"
"2025-09-24 3:43:42 AM","Information","Microsoft-Windows-Kernel-Power","131","The description for Event ID '131' in Source 'Microsoft-Windows-Kernel-Power' cannot be found.  The local computer may not have the necessary registry information or message DLL files to display the message, or you may not have permission to access them.  The following information is part of the event:'4', '229', '230'"
"2025-09-24 3:43:44 AM","Information","Microsoft-Windows-Power-Troubleshooter","1","The system has returned from a low power state.

Sleep Time: 2025-09-24T07:26:27.1466114Z
Wake Time: 2025-09-24T07:43:43.4945086Z

Wake Source: 1"
"2025-09-24 3:59:39 AM","Warning","Microsoft-Windows-Kernel-Processor-Power","37","The speed of Hyper-V logical processor 3 is being limited by system firmware. The processor has been in this reduced performance state for 87428 seconds since the last report."
"2025-09-24 3:59:39 AM","Warning","Microsoft-Windows-Kernel-Processor-Power","37","The speed of Hyper-V logical processor 1 is being limited by system firmware. The processor has been in this reduced performance state for 87428 seconds since the last report."
"2025-09-24 3:59:39 AM","Warning","Microsoft-Windows-Kernel-Processor-Power","37","The speed of Hyper-V logical processor 0 is being limited by system firmware. The processor has been in this reduced performance state for 87428 seconds since the last report."
"2025-09-24 3:59:39 AM","Warning","Microsoft-Windows-Kernel-Processor-Power","37","The speed of Hyper-V logical processor 2 is being limited by system firmware. The processor has been in this reduced performance state for 87428 seconds since the last report."
"2025-09-24 4:20:12 AM","Warning","DCOM","10016","The description for Event ID '10016' in Source 'DCOM' cannot be found.  The local computer may not have the necessary registry information or message DLL files to display the message, or you may not have permission to access them.  The following information is part of the event:'machine-default', 'Local', 'Activation', '{C2F03A33-21F5-47FA-B4BB-156362A2F239}', '{316CDED5-E4AE-4B15-9113-7055D84DCC97}', 'DESKTOP-RVD6TK8', 'User', 'S-1-5-21-2059432068-349761349-3478041169-1001', 'LocalHost (Using LRPC)', 'Microsoft.Windows.ShellExperienceHost_10.0.19041.3636_neutral_neutral_cw5n1h2txyewy', 'S-1-15-2-155514346-2573954481-755741238-1654018636-1233331829-3075935687-2861478708'"
"2025-09-24 6:55:16 AM","Information","Service Control Manager","1073748864","The start type of the Background Intelligent Transfer Service service was changed from demand start to auto start."
"2025-09-24 6:57:27 AM","Information","Service Control Manager","1073748864","The start type of the Background Intelligent Transfer Service service was changed from auto start to demand start."
"2025-09-24 7:18:12 AM","Information","Service Control Manager","1073748864","The start type of the Background Intelligent Transfer Service service was changed from demand start to auto start."
"2025-09-24 7:20:17 AM","Information","Service Control Manager","1073748864","The start type of the Background Intelligent Transfer Service service was changed from auto start to demand start."
"2025-09-24 8:15:12 AM","Warning","DCOM","10016","The description for Event ID '10016' in Source 'DCOM' cannot be found.  The local computer may not have the necessary registry information or message DLL files to display the message, or you may not have permission to access them.  The following information is part of the event:'application-specific', 'Local', 'Activation', '{2593F8B9-4EAF-457C-B68A-50F6B8EA6B54}', '{15C20B67-12E7-4BB6-92BB-7AFF07997402}', 'DESKTOP-RVD6TK8', 'User', 'S-1-5-21-2059432068-349761349-3478041169-1001', 'LocalHost (Using LRPC)', 'Unavailable', 'Unavailable'"
"2025-09-24 8:15:58 AM","Information","Service Control Manager","1073748864","The start type of the Background Intelligent Transfer Service service was changed from demand start to auto start."
"2025-09-24 8:18:14 AM","Information","Service Control Manager","1073748864","The start type of the Background Intelligent Transfer Service service was changed from auto start to demand start."
"2025-09-24 8:40:34 AM","Warning","DCOM","10016","The description for Event ID '10016' in Source 'DCOM' cannot be found.  The local computer may not have the necessary registry information or message DLL files to display the message, or you may not have permission to access them.  The following information is part of the event:'application-specific', 'Local', 'Activation', '{2593F8B9-4EAF-457C-B68A-50F6B8EA6B54}', '{15C20B67-12E7-4BB6-92BB-7AFF07997402}', 'DESKTOP-RVD6TK8', 'User', 'S-1-5-21-2059432068-349761349-3478041169-1001', 'LocalHost (Using LRPC)', 'Unavailable', 'Unavailable'"
"2025-09-24 10:01:27 AM","Information","Microsoft-Windows-WindowsUpdateClient","44","Windows Update started downloading an update."
"2025-09-24 10:02:01 AM","Information","Microsoft-Windows-WindowsUpdateClient","43","Installation Started: Windows has started installing the following update: Security Intelligence Update for Microsoft Defender Antivirus - KB2267602 (Version 1.437.129.0) - Current Channel (Broad)"
"2025-09-24 10:02:14 AM","Information","Microsoft-Windows-WindowsUpdateClient","19","Installation Successful: Windows successfully installed the following update: Security Intelligence Update for Microsoft Defender Antivirus - KB2267602 (Version 1.437.129.0) - Current Channel (Broad)"
"2025-09-24 10:44:13 AM","Warning","DCOM","10016","The description for Event ID '10016' in Source 'DCOM' cannot be found.  The local computer may not have the necessary registry information or message DLL files to display the message, or you may not have permission to access them.  The following information is part of the event:'application-specific', 'Local', 'Activation', '{2593F8B9-4EAF-457C-B68A-50F6B8EA6B54}', '{15C20B67-12E7-4BB6-92BB-7AFF07997402}', 'DESKTOP-RVD6TK8', 'User', 'S-1-5-21-2059432068-349761349-3478041169-1001', 'LocalHost (Using LRPC)', 'Unavailable', 'Unavailable'"
"2025-09-24 12:00:00 PM","Information","EventLog","2147489661","The system uptime is 550522 seconds."
"2025-09-24 12:48:06 PM","Information","Microsoft-Windows-Kernel-Power","107","The description for Event ID '107' in Source 'Microsoft-Windows-Kernel-Power' cannot be found.  The local computer may not have the necessary registry information or message DLL files to display the message, or you may not have permission to access them.  The following information is part of the event:'4', '4', '4', '1601-01-01T00:00:00.0000000Z', '1601-01-01T00:00:00.0000000Z', '0', '0'"
"2025-09-24 12:48:06 PM","Information","Microsoft-Windows-Kernel-Power","42","The description for Event ID '42' in Source 'Microsoft-Windows-Kernel-Power' cannot be found.  The local computer may not have the necessary registry information or message DLL files to display the message, or you may not have permission to access them.  The following information is part of the event:'4', '4', '0', '4', '9'"
"2025-09-24 2:49:46 PM","Information","Microsoft-Windows-Kernel-Power","130","The description for Event ID '130' in Source 'Microsoft-Windows-Kernel-Power' cannot be found.  The local computer may not have the necessary registry information or message DLL files to display the message, or you may not have permission to access them.  The following information is part of the event:'462723843', '462724025'"
"2025-09-24 2:49:46 PM","Information","Microsoft-Windows-Kernel-Power","131","The description for Event ID '131' in Source 'Microsoft-Windows-Kernel-Power' cannot be found.  The local computer may not have the necessary registry information or message DLL files to display the message, or you may not have permission to access them.  The following information is part of the event:'5', '229', '230'"
"2025-09-24 2:49:46 PM","Information","Microsoft-Windows-Kernel-General","1","Possible detection of CVE: 2025-09-24T18:49:46.5000000Z
Additional Information: 2025-09-24T16:48:06.4937567Z

This Event is generated when an attempt to exploit a known vulnerability (2025-09-24T18:49:46.5000000Z) is detected.
This Event is raised by a User mode process.
"
"2025-09-24 2:49:48 PM","Information","Microsoft-Windows-Power-Troubleshooter","1","The system has returned from a low power state.

Sleep Time: 2025-09-24T16:47:59.3985609Z
Wake Time: 2025-09-24T18:49:48.4595566Z

Wake Source: 1"
"2025-09-24 4:55:55 PM","Information","Microsoft-Windows-Kernel-General","16","The description for Event ID '16' in Source 'Microsoft-Windows-Kernel-General' cannot be found.  The local computer may not have the necessary registry information or message DLL files to display the message, or you may not have permission to access them.  The following information is part of the event:'99', '\??\C:\Users\User\AppData\Local\Packages\Microsoft.WindowsStore_8wekyb3d8bbwe\Settings\settings.dat', '16', '4'"
"2025-09-24 6:13:49 PM","Error","disk","3221487627","The driver detected a controller error on \Device\Harddisk1\DR2."
"2025-09-24 6:32:53 PM","Error","disk","3221487627","The driver detected a controller error on \Device\Harddisk1\DR2."
"2025-09-24 8:08:07 PM","Information","Service Control Manager","1073748864","The start type of the Background Intelligent Transfer Service service was changed from demand start to auto start."
"2025-09-24 8:10:35 PM","Information","Service Control Manager","1073748864","The start type of the Background Intelligent Transfer Service service was changed from auto start to demand start."
"2025-09-24 10:40:11 PM","Error","disk","3221487627","The driver detected a controller error on \Device\Harddisk1\DR2."
"2025-09-24 10:40:57 PM","Information","Service Control Manager","1073748864","The start type of the Background Intelligent Transfer Service service was changed from demand start to auto start."
"2025-09-24 10:43:02 PM","Information","Service Control Manager","1073748864","The start type of the Background Intelligent Transfer Service service was changed from auto start to demand start."
"2025-09-24 10:50:35 PM","Information","Microsoft-Windows-WindowsUpdateClient","44","Windows Update started downloading an update."
"2025-09-24 10:51:24 PM","Information","Microsoft-Windows-Kernel-General","16","The description for Event ID '16' in Source 'Microsoft-Windows-Kernel-General' cannot be found.  The local computer may not have the necessary registry information or message DLL files to display the message, or you may not have permission to access them.  The following information is part of the event:'139', '\??\C:\ProgramData\Microsoft\Windows\AppRepository\Packages\Microsoft.XboxGamingOverlay_7.325.9112.0_x64__8wekyb3d8bbwe\ActivationStore.dat', '0', '0'"
"2025-09-24 10:51:26 PM","Information","Microsoft-Windows-Kernel-General","16","The description for Event ID '16' in Source 'Microsoft-Windows-Kernel-General' cannot be found.  The local computer may not have the necessary registry information or message DLL files to display the message, or you may not have permission to access them.  The following information is part of the event:'104', '\??\C:\Users\User\AppData\Local\Packages\Microsoft.XboxGamingOverlay_8wekyb3d8bbwe\Settings\settings.dat', '1', '1'"
"2025-09-24 10:51:26 PM","Information","Microsoft-Windows-WindowsUpdateClient","43","Installation Started: Windows has started installing the following update: 9NZKPSTSNW4P-Microsoft.XboxGamingOverlay"
