"2025-09-13 6:34:59 AM","Information","Microsoft-Windows-Kernel-Power","130","The description for Event ID '130' in Source 'Microsoft-Windows-Kernel-Power' cannot be found.  The local computer may not have the necessary registry information or message DLL files to display the message, or you may not have permission to access them.  The following information is part of the event:'57755008', '57755176'"
"2025-09-13 6:34:59 AM","Information","Microsoft-Windows-Kernel-Power","131","The description for Event ID '131' in Source 'Microsoft-Windows-Kernel-Power' cannot be found.  The local computer may not have the necessary registry information or message DLL files to display the message, or you may not have permission to access them.  The following information is part of the event:'7', '223', '227'"
"2025-09-13 6:35:01 AM","Information","Microsoft-Windows-Power-Troubleshooter","1","The system has returned from a low power state.

Sleep Time: 2025-09-13T07:18:29.1178562Z
Wake Time: 2025-09-13T10:35:00.2975028Z

Wake Source: 1"
"2025-09-13 6:40:21 AM","Information","Microsoft-Windows-WindowsUpdateClient","43","Installation Started: Windows has started installing the following update: Security Intelligence Update for Microsoft Defender Antivirus - KB2267602 (Version 1.435.734.0) - Current Channel (Broad)"
"2025-09-13 6:40:21 AM","Information","Microsoft-Windows-WindowsUpdateClient","44","Windows Update started downloading an update."
"2025-09-13 6:40:43 AM","Information","Microsoft-Windows-WindowsUpdateClient","19","Installation Successful: Windows successfully installed the following update: Security Intelligence Update for Microsoft Defender Antivirus - KB2267602 (Version 1.435.734.0) - Current Channel (Broad)"
"2025-09-13 6:40:50 AM","Information","Service Control Manager","1073748864","The start type of the Windows Modules Installer service was changed from demand start to auto start."
"2025-09-13 6:40:54 AM","Information","User32","2147484722","The process C:\Windows\System32\mstsc.exe (DESKTOP-RVD6TK8) has initiated the restart of computer DESKTOP-RVD6TK8 on behalf of user DESKTOP-RVD6TK8\User for the following reason: Application: Installation (Planned)
 Reason Code: 0x80040002
 Shutdown Type: restart
 Comment: "
"2025-09-13 6:41:03 AM","Information","Microsoft-Windows-Winlogon","7002","User Logoff Notification for Customer Experience Improvement Program"
"2025-09-13 6:41:08 AM","Information","Microsoft-Windows-DHCPv6-Client","51057","DHCPv6 client service stop is almost done.DHCP Context Ref count is 1"
"2025-09-13 6:41:08 AM","Information","Microsoft-Windows-Dhcp-Client","50106","DHCPv4 is waiting on DHCPv6 service to stop"
"2025-09-13 6:41:08 AM","Information","Microsoft-Windows-Dhcp-Client","50037","DHCPv4 client service is stopped. ShutDown Flag value is 1"
"2025-09-13 6:41:08 AM","Information","Microsoft-Windows-DHCPv6-Client","51047","DHCPv6 client service is stopped. ShutDown Flag value is 1"
"2025-09-13 6:41:08 AM","Information","EventLog","2147489654","The Event log service was stopped."
"2025-09-13 6:41:08 AM","Information","Microsoft-Windows-Dhcp-Client","50104","DHCPv4 client received shutdown notification"
"2025-09-13 6:41:08 AM","Information","Microsoft-Windows-Dhcp-Client","50105","DHCPv4 client ProcessDHCPRequestForever received TERMINATE_EVENT"
"2025-09-13 6:41:09 AM","Information","Microsoft-Windows-Kernel-Power","109","The description for Event ID '109' in Source 'Microsoft-Windows-Kernel-Power' cannot be found.  The local computer may not have the necessary registry information or message DLL files to display the message, or you may not have permission to access them.  The following information is part of the event:'5', '0', '5'"
"2025-09-13 6:41:09 AM","Information","Microsoft-Windows-WLAN-AutoConfig","4001","WLAN AutoConfig service has successfully stopped.
"
"2025-09-13 6:41:10 AM","Information","Microsoft-Windows-Kernel-General","13","The description for Event ID '13' in Source 'Microsoft-Windows-Kernel-General' cannot be found.  The local computer may not have the necessary registry information or message DLL files to display the message, or you may not have permission to access them.  The following information is part of the event:'2025-09-13T10:41:10.3143092Z'"
"2025-09-13 6:41:26 AM","Information","Microsoft-Windows-Kernel-Boot","27","The description for Event ID '27' in Source 'Microsoft-Windows-Kernel-Boot' cannot be found.  The local computer may not have the necessary registry information or message DLL files to display the message, or you may not have permission to access them.  The following information is part of the event:'0', ' NOEXECUTE=OPTIN  NOVGA'"
"2025-09-13 6:41:26 AM","Information","Microsoft-Windows-Kernel-General","20","The description for Event ID '20' in Source 'Microsoft-Windows-Kernel-General' cannot be found.  The local computer may not have the necessary registry information or message DLL files to display the message, or you may not have permission to access them.  The following information is part of the event:'0', 'true', '0', '0'"
"2025-09-13 6:41:26 AM","Information","Microsoft-Windows-Kernel-Boot","238","The description for Event ID '238' in Source 'Microsoft-Windows-Kernel-Boot' cannot be found.  The local computer may not have the necessary registry information or message DLL files to display the message, or you may not have permission to access them.  The following information is part of the event:'2047', '0'"
"2025-09-13 6:41:26 AM","Information","Microsoft-Windows-Kernel-Boot","30","The description for Event ID '30' in Source 'Microsoft-Windows-Kernel-Boot' cannot be found.  The local computer may not have the necessary registry information or message DLL files to display the message, or you may not have permission to access them.  The following information is part of the event:'21', '7621', '7687', '9073', '9077'"
"2025-09-13 6:41:26 AM","Information","Microsoft-Windows-Kernel-Boot","32","The description for Event ID '32' in Source 'Microsoft-Windows-Kernel-Boot' cannot be found.  The local computer may not have the necessary registry information or message DLL files to display the message, or you may not have permission to access them.  The following information is part of the event:'0'"
"2025-09-13 6:41:26 AM","Information","Microsoft-Windows-Kernel-Boot","18","The description for Event ID '18' in Source 'Microsoft-Windows-Kernel-Boot' cannot be found.  The local computer may not have the necessary registry information or message DLL files to display the message, or you may not have permission to access them.  The following information is part of the event:'1'"
"2025-09-13 6:41:26 AM","Information","Microsoft-Windows-Kernel-General","12","The description for Event ID '12' in Source 'Microsoft-Windows-Kernel-General' cannot be found.  The local computer may not have the necessary registry information or message DLL files to display the message, or you may not have permission to access them.  The following information is part of the event:'10', '0', '19041', '3803', '0', '0', '2025-09-13T10:41:26.5000000Z'"
"2025-09-13 6:41:26 AM","Information","Microsoft-Windows-Kernel-Boot","25","The description for Event ID '25' in Source 'Microsoft-Windows-Kernel-Boot' cannot be found.  The local computer may not have the necessary registry information or message DLL files to display the message, or you may not have permission to access them.  The following information is part of the event:'1'"
"2025-09-13 6:41:26 AM","Information","Microsoft-Windows-Kernel-Boot","20","The description for Event ID '20' in Source 'Microsoft-Windows-Kernel-Boot' cannot be found.  The local computer may not have the necessary registry information or message DLL files to display the message, or you may not have permission to access them.  The following information is part of the event:'true', 'true', '21', '2'"
"2025-09-13 6:41:26 AM","Information","Microsoft-Windows-Kernel-Boot","153","The description for Event ID '153' in Source 'Microsoft-Windows-Kernel-Boot' cannot be found.  The local computer may not have the necessary registry information or message DLL files to display the message, or you may not have permission to access them.  The following information is part of the event:'0', '0', '0'"
"2025-09-13 6:41:27 AM","Information","Microsoft-Windows-FilterManager","6","File System Filter 'WdFilter' (10.0, 2020-11-18T13:24:15.0000000Z) has successfully loaded and registered with Filter Manager."
"2025-09-13 6:41:27 AM","Information","Microsoft-Windows-FilterManager","6","File System Filter 'Wof' (10.0, 2090-03-16T14:56:17.0000000Z) has successfully loaded and registered with Filter Manager."
"2025-09-13 6:41:27 AM","Information","Microsoft-Windows-Ntfs","98","The description for Event ID '98' in Source 'Microsoft-Windows-Ntfs' cannot be found.  The local computer may not have the necessary registry information or message DLL files to display the message, or you may not have permission to access them.  The following information is part of the event:'C:', '\Device\HarddiskVolume3', '0'"
"2025-09-13 6:41:27 AM","Information","Microsoft-Windows-FilterManager","6","File System Filter 'FileCrypt' (10.0, 2002-03-01T07:12:42.0000000Z) has successfully loaded and registered with Filter Manager."
"2025-09-13 6:41:27 AM","Information","TPM","24","The Trusted Platform Module (TPM) status: 1 and 1."
"2025-09-13 6:41:27 AM","Information","Microsoft-Windows-HAL","16","The iommu fault reporting has been initialized."
"2025-09-13 6:41:27 AM","Information","Microsoft-Windows-FilterManager","6","File System Filter 'FileInfo' (10.0, 2062-12-23T01:21:06.0000000Z) has successfully loaded and registered with Filter Manager."
"2025-09-13 6:41:28 AM","Information","Microsoft-Windows-Ntfs","98","The description for Event ID '98' in Source 'Microsoft-Windows-Ntfs' cannot be found.  The local computer may not have the necessary registry information or message DLL files to display the message, or you may not have permission to access them.  The following information is part of the event:'\\?\Volume{18356e46-6d60-429e-8a5a-2af8814c5480}', '\Device\HarddiskVolume4', '0'"
"2025-09-13 6:41:28 AM","Information","Microsoft-Windows-FilterManager","6","File System Filter 'npsvctrig' (10.0, 2025-01-05T22:41:12.0000000Z) has successfully loaded and registered with Filter Manager."
"2025-09-13 6:41:28 AM","Information","Microsoft-Windows-Kernel-Power","172","The description for Event ID '172' in Source 'Microsoft-Windows-Kernel-Power' cannot be found.  The local computer may not have the necessary registry information or message DLL files to display the message, or you may not have permission to access them.  The following information is part of the event:'2', '6'"
"2025-09-13 6:41:29 AM","Information","Microsoft-Windows-Kernel-Processor-Power","55","Hyper-V logical processor 2 exposes the following power management capabilities:

Idle state type: 1 (3 state(s))

Performance state type: 1
Nominal Frequency (MHz): 2701
Maximum performance percentage: 100
Minimum performance percentage: 27
Minimum throttle percentage: 3"
"2025-09-13 6:41:29 AM","Information","Microsoft-Windows-Kernel-Processor-Power","55","Hyper-V logical processor 1 exposes the following power management capabilities:

Idle state type: 1 (3 state(s))

Performance state type: 1
Nominal Frequency (MHz): 2701
Maximum performance percentage: 100
Minimum performance percentage: 27
Minimum throttle percentage: 3"
"2025-09-13 6:41:29 AM","Information","Microsoft-Windows-Kernel-Power","521","The description for Event ID '521' in Source 'Microsoft-Windows-Kernel-Power' cannot be found.  The local computer may not have the necessary registry information or message DLL files to display the message, or you may not have permission to access them.  The following information is part of the event:'1', '0', '0'"
"2025-09-13 6:41:29 AM","Information","Microsoft-Windows-Kernel-Power","521","The description for Event ID '521' in Source 'Microsoft-Windows-Kernel-Power' cannot be found.  The local computer may not have the necessary registry information or message DLL files to display the message, or you may not have permission to access them.  The following information is part of the event:'0', '0', '0'"
"2025-09-13 6:41:29 AM","Information","Microsoft-Windows-Kernel-Processor-Power","55","Hyper-V logical processor 3 exposes the following power management capabilities:

Idle state type: 1 (3 state(s))

Performance state type: 1
Nominal Frequency (MHz): 2701
Maximum performance percentage: 100
Minimum performance percentage: 27
Minimum throttle percentage: 3"
"2025-09-13 6:41:29 AM","Information","Microsoft-Windows-Kernel-General","24","The description for Event ID '24' in Source 'Microsoft-Windows-Kernel-General' cannot be found.  The local computer may not have the necessary registry information or message DLL files to display the message, or you may not have permission to access them.  The following information is part of the event:'0', '240', '2', '0', '0'"
"2025-09-13 6:41:29 AM","Information","Microsoft-Windows-Kernel-Processor-Power","55","Hyper-V logical processor 0 exposes the following power management capabilities:

Idle state type: 1 (3 state(s))

Performance state type: 1
Nominal Frequency (MHz): 2701
Maximum performance percentage: 100
Minimum performance percentage: 27
Minimum throttle percentage: 3"
"2025-09-13 6:41:30 AM","Information","NETwNb64","1610619737","The description for Event ID '1610619737' in Source 'NETwNb64' cannot be found.  The local computer may not have the necessary registry information or message DLL files to display the message, or you may not have permission to access them.  The following information is part of the event:'\Device\NDMP2', 'Intel(R) Dual Band Wireless-AC 7260'"
"2025-09-13 6:41:30 AM","Information","NETwNb64","1610619737","The description for Event ID '1610619737' in Source 'NETwNb64' cannot be found.  The local computer may not have the necessary registry information or message DLL files to display the message, or you may not have permission to access them.  The following information is part of the event:'\Device\NDMP2', 'Intel(R) Dual Band Wireless-AC 7260'"
"2025-09-13 6:41:30 AM","Information","Microsoft-Windows-Wininit","14","Credential Guard configuration: 0, 0"
"2025-09-13 6:41:30 AM","Information","NETwNb64","1073748860","The \Device\NDMP2 service entered the Intel(R) Dual Band Wireless-AC 7260 state."
"2025-09-13 6:41:31 AM","Information","Microsoft-Windows-FilterManager","6","File System Filter 'luafv' (10.0, 2062-02-02T23:11:58.0000000Z) has successfully loaded and registered with Filter Manager."
"2025-09-13 6:41:31 AM","Information","Microsoft-Windows-FilterManager","6","File System Filter 'CldFlt' (10.0, 2084-11-25T03:15:59.0000000Z) has successfully loaded and registered with Filter Manager."
"2025-09-13 6:41:31 AM","Information","Microsoft-Windows-DHCPv6-Client","51046","DHCPv6 client service is started"
"2025-09-13 6:41:31 AM","Information","Microsoft-Windows-FilterManager","6","File System Filter 'wcifs' (10.0, 2004-03-22T13:56:15.0000000Z) has successfully loaded and registered with Filter Manager."
"2025-09-13 6:41:31 AM","Information","Microsoft-Windows-FilterManager","6","File System Filter 'storqosflt' (10.0, 2007-04-09T14:08:30.0000000Z) has successfully loaded and registered with Filter Manager."
"2025-09-13 6:41:31 AM","Information","Microsoft-Windows-FilterManager","6","File System Filter 'CldFlt' (10.0, 2084-11-25T03:15:59.0000000Z) has successfully loaded and registered with Filter Manager."
"2025-09-13 6:41:31 AM","Information","Microsoft-Windows-FilterManager","1","File System Filter 'CldFlt' (Version 10.0, 2084-11-25T03:15:59.0000000Z) unloaded successfully."
"2025-09-13 6:41:31 AM","Information","Microsoft-Windows-FilterManager","6","File System Filter 'bindflt' (10.0, 2016-11-30T22:47:51.0000000Z) has successfully loaded and registered with Filter Manager."
"2025-09-13 6:41:31 AM","Information","EventLog","2147489661","The system uptime is 4 seconds."
"2025-09-13 6:41:31 AM","Information","Microsoft-Windows-Directory-Services-SAM","16962","Remote calls to the SAM database are being restricted using the default security descriptor: O:SYG:SYD:(A;;RC;;;BA).
For more information please see http://go.microsoft.com/fwlink/?LinkId=787651."
"2025-09-13 6:41:31 AM","Information","EventLog","2147489657","Microsoft (R) Windows (R) 10.00. 19045  Multiprocessor Free."
"2025-09-13 6:41:31 AM","Information","EventLog","2147489653","The Event log service was started."
"2025-09-13 6:41:31 AM","Information","Microsoft-Windows-Dhcp-Client","50036","DHCPv4 client service is started"
"2025-09-13 6:41:31 AM","Information","Microsoft-Windows-Dhcp-Client","50103","DHCPv4 client registered for shutdown notification"
"2025-09-13 6:41:31 AM","Information","Microsoft-Windows-Directory-Services-SAM","16977","The domain is configured with the following minimum password length-related settings.

MinimumPasswordLength: 0

RelaxMinimumPasswordLengthLimits: 0

MinimumPasswordLengthAudit: -1

For more information see https://go.microsoft.com/fwlink/?LinkId=2097191.
"
"2025-09-13 6:41:31 AM","Information","Microsoft-Windows-Directory-Services-SAM","16983","The security account manager is now logging periodic summary events for remote clients that call legacy password change or set RPC methods.

For more information please see https://go.microsoft.com/fwlink/?linkid=2150956.
"
"2025-09-13 6:41:32 AM","Information","Microsoft-Windows-WLAN-AutoConfig","4000","WLAN AutoConfig service has successfully started.
"
"2025-09-13 6:41:33 AM","Information","Service Control Manager","3221232498","The following boot-start or system-start driver(s) did not load: 
dam
EhStorClass"
"2025-09-13 6:41:34 AM","Information","Service Control Manager","1073748864","The start type of the Windows Modules Installer service was changed from auto start to demand start."
"2025-09-13 6:41:35 AM","Warning","e1i65x64","2684616731","Intel(R) Ethernet Connection I218-LM

Network link is disconnected.
"
"2025-09-13 6:41:35 AM","Information","Microsoft-Windows-Winlogon","7001","User Logon Notification for Customer Experience Improvement Program"
"2025-09-13 6:41:36 AM","Warning","DCOM","10016","The description for Event ID '10016' in Source 'DCOM' cannot be found.  The local computer may not have the necessary registry information or message DLL files to display the message, or you may not have permission to access them.  The following information is part of the event:'application-specific', 'Local', 'Activation', '{6B3B8D23-FA8D-40B9-8DBD-B950333E2C52}', '{4839DDB7-58C2-48F5-8283-E1D1807D0D7D}', 'NT AUTHORITY', 'LOCAL SERVICE', 'S-1-5-19', 'LocalHost (Using LRPC)', 'Unavailable', 'Unavailable'"
"2025-09-13 6:41:36 AM","Warning","DCOM","10016","The description for Event ID '10016' in Source 'DCOM' cannot be found.  The local computer may not have the necessary registry information or message DLL files to display the message, or you may not have permission to access them.  The following information is part of the event:'application-specific', 'Local', 'Activation', '{6B3B8D23-FA8D-40B9-8DBD-B950333E2C52}', '{4839DDB7-58C2-48F5-8283-E1D1807D0D7D}', 'NT AUTHORITY', 'LOCAL SERVICE', 'S-1-5-19', 'LocalHost (Using LRPC)', 'Unavailable', 'Unavailable'"
"2025-09-13 6:41:37 AM","Information","TPM","18","This event triggers the Trusted Platform Module (TPM) provisioning/status check to run."
"2025-09-13 6:41:41 AM","Error","Microsoft-Windows-TPM-WMI","1795","The system firmware returned an error -2147024693 when attempting to update a Secure Boot variable. For more information, please see https://go.microsoft.com/fwlink/?linkid=2169931"
"2025-09-13 6:41:48 AM","Information","Microsoft-Windows-TPM-WMI","1026","The Trusted Platform Module (TPM) hardware on this computer cannot be provisioned for use automatically.  To set up the TPM interactively use the TPM management console (Start->tpm.msc) and use the action to make the TPM ready.

Error: -2144845805
Additional Information: 0x11c"
"2025-09-13 6:41:48 AM","Information","Microsoft-Windows-TPM-WMI","1282","The TBS device identifier has been generated."
"2025-09-13 6:42:40 AM","Warning","Microsoft-Windows-Kernel-Processor-Power","37","The speed of Hyper-V logical processor 3 is being limited by system firmware. The processor has been in this reduced performance state for 71 seconds since the last report."
"2025-09-13 6:42:40 AM","Warning","Microsoft-Windows-Kernel-Processor-Power","37","The speed of Hyper-V logical processor 2 is being limited by system firmware. The processor has been in this reduced performance state for 71 seconds since the last report."
"2025-09-13 6:42:40 AM","Warning","Microsoft-Windows-Kernel-Processor-Power","37","The speed of Hyper-V logical processor 0 is being limited by system firmware. The processor has been in this reduced performance state for 71 seconds since the last report."
"2025-09-13 6:42:40 AM","Warning","Microsoft-Windows-Kernel-Processor-Power","37","The speed of Hyper-V logical processor 1 is being limited by system firmware. The processor has been in this reduced performance state for 71 seconds since the last report."
"2025-09-13 6:43:34 AM","Warning","DCOM","10016","The description for Event ID '10016' in Source 'DCOM' cannot be found.  The local computer may not have the necessary registry information or message DLL files to display the message, or you may not have permission to access them.  The following information is part of the event:'application-specific', 'Local', 'Launch', 'Windows.SecurityCenter.WscBrokerManager', 'Unavailable', 'NT AUTHORITY', 'SYSTEM', 'S-1-5-18', 'LocalHost (Using LRPC)', 'Unavailable', 'Unavailable'"
"2025-09-13 6:43:34 AM","Warning","DCOM","10016","The description for Event ID '10016' in Source 'DCOM' cannot be found.  The local computer may not have the necessary registry information or message DLL files to display the message, or you may not have permission to access them.  The following information is part of the event:'application-specific', 'Local', 'Launch', 'Windows.SecurityCenter.WscDataProtection', 'Unavailable', 'NT AUTHORITY', 'SYSTEM', 'S-1-5-18', 'LocalHost (Using LRPC)', 'Unavailable', 'Unavailable'"
"2025-09-13 6:43:34 AM","Warning","DCOM","10016","The description for Event ID '10016' in Source 'DCOM' cannot be found.  The local computer may not have the necessary registry information or message DLL files to display the message, or you may not have permission to access them.  The following information is part of the event:'application-specific', 'Local', 'Launch', 'Windows.SecurityCenter.SecurityAppBroker', 'Unavailable', 'NT AUTHORITY', 'SYSTEM', 'S-1-5-18', 'LocalHost (Using LRPC)', 'Unavailable', 'Unavailable'"
"2025-09-13 6:46:55 AM","Warning","DCOM","10016","The description for Event ID '10016' in Source 'DCOM' cannot be found.  The local computer may not have the necessary registry information or message DLL files to display the message, or you may not have permission to access them.  The following information is part of the event:'machine-default', 'Local', 'Activation', '{C2F03A33-21F5-47FA-B4BB-156362A2F239}', '{316CDED5-E4AE-4B15-9113-7055D84DCC97}', 'DESKTOP-RVD6TK8', 'User', 'S-1-5-21-2059432068-349761349-3478041169-1001', 'LocalHost (Using LRPC)', 'Microsoft.Windows.ShellExperienceHost_10.0.19041.3636_neutral_neutral_cw5n1h2txyewy', 'S-1-15-2-155514346-2573954481-755741238-1654018636-1233331829-3075935687-2861478708'"
"2025-09-13 6:53:14 AM","Information","Service Control Manager","1073748864","The start type of the Windows Modules Installer service was changed from demand start to auto start."
"2025-09-13 6:53:18 AM","Information","User32","2147484722","The process C:\Windows\System32\SnippingTool.exe (DESKTOP-RVD6TK8) has initiated the restart of computer DESKTOP-RVD6TK8 on behalf of user DESKTOP-RVD6TK8\User for the following reason: Application: Installation (Planned)
 Reason Code: 0x80040002
 Shutdown Type: restart
 Comment: "
"2025-09-13 6:53:19 AM","Information","Microsoft-Windows-Winlogon","7002","User Logoff Notification for Customer Experience Improvement Program"
"2025-09-13 6:53:24 AM","Information","Microsoft-Windows-Dhcp-Client","50106","DHCPv4 is waiting on DHCPv6 service to stop"
"2025-09-13 6:53:24 AM","Information","Microsoft-Windows-Dhcp-Client","50037","DHCPv4 client service is stopped. ShutDown Flag value is 1"
"2025-09-13 6:53:24 AM","Information","Microsoft-Windows-WLAN-AutoConfig","4001","WLAN AutoConfig service has successfully stopped.
"
"2025-09-13 6:53:24 AM","Information","Microsoft-Windows-DHCPv6-Client","51047","DHCPv6 client service is stopped. ShutDown Flag value is 1"
"2025-09-13 6:53:24 AM","Information","Microsoft-Windows-Dhcp-Client","50104","DHCPv4 client received shutdown notification"
"2025-09-13 6:53:24 AM","Information","Microsoft-Windows-Dhcp-Client","50105","DHCPv4 client ProcessDHCPRequestForever received TERMINATE_EVENT"
"2025-09-13 6:53:24 AM","Information","EventLog","2147489654","The Event log service was stopped."
"2025-09-13 6:53:25 AM","Information","Microsoft-Windows-Kernel-General","13","The description for Event ID '13' in Source 'Microsoft-Windows-Kernel-General' cannot be found.  The local computer may not have the necessary registry information or message DLL files to display the message, or you may not have permission to access them.  The following information is part of the event:'2025-09-13T10:53:25.5104352Z'"
"2025-09-13 6:53:25 AM","Information","Microsoft-Windows-Kernel-Power","109","The description for Event ID '109' in Source 'Microsoft-Windows-Kernel-Power' cannot be found.  The local computer may not have the necessary registry information or message DLL files to display the message, or you may not have permission to access them.  The following information is part of the event:'5', '0', '5'"
"2025-09-13 6:53:41 AM","Information","Microsoft-Windows-Kernel-Boot","18","The description for Event ID '18' in Source 'Microsoft-Windows-Kernel-Boot' cannot be found.  The local computer may not have the necessary registry information or message DLL files to display the message, or you may not have permission to access them.  The following information is part of the event:'1'"
"2025-09-13 6:53:41 AM","Information","Microsoft-Windows-Kernel-Boot","27","The description for Event ID '27' in Source 'Microsoft-Windows-Kernel-Boot' cannot be found.  The local computer may not have the necessary registry information or message DLL files to display the message, or you may not have permission to access them.  The following information is part of the event:'0', ' NOEXECUTE=OPTIN  NOVGA'"
"2025-09-13 6:53:41 AM","Information","Microsoft-Windows-Kernel-Boot","238","The description for Event ID '238' in Source 'Microsoft-Windows-Kernel-Boot' cannot be found.  The local computer may not have the necessary registry information or message DLL files to display the message, or you may not have permission to access them.  The following information is part of the event:'2047', '0'"
"2025-09-13 6:53:41 AM","Information","Microsoft-Windows-Kernel-General","20","The description for Event ID '20' in Source 'Microsoft-Windows-Kernel-General' cannot be found.  The local computer may not have the necessary registry information or message DLL files to display the message, or you may not have permission to access them.  The following information is part of the event:'0', 'true', '0', '0'"
"2025-09-13 6:53:41 AM","Information","Microsoft-Windows-Kernel-Boot","30","The description for Event ID '30' in Source 'Microsoft-Windows-Kernel-Boot' cannot be found.  The local computer may not have the necessary registry information or message DLL files to display the message, or you may not have permission to access them.  The following information is part of the event:'21', '7243', '7310', '8711', '8715'"
"2025-09-13 6:53:41 AM","Information","Microsoft-Windows-Kernel-Boot","32","The description for Event ID '32' in Source 'Microsoft-Windows-Kernel-Boot' cannot be found.  The local computer may not have the necessary registry information or message DLL files to display the message, or you may not have permission to access them.  The following information is part of the event:'0'"
"2025-09-13 6:53:41 AM","Information","Microsoft-Windows-Kernel-General","12","The description for Event ID '12' in Source 'Microsoft-Windows-Kernel-General' cannot be found.  The local computer may not have the necessary registry information or message DLL files to display the message, or you may not have permission to access them.  The following information is part of the event:'10', '0', '19041', '3803', '0', '0', '2025-09-13T10:53:41.5000000Z'"
"2025-09-13 6:53:41 AM","Information","Microsoft-Windows-Kernel-Boot","25","The description for Event ID '25' in Source 'Microsoft-Windows-Kernel-Boot' cannot be found.  The local computer may not have the necessary registry information or message DLL files to display the message, or you may not have permission to access them.  The following information is part of the event:'1'"
"2025-09-13 6:53:41 AM","Information","Microsoft-Windows-Kernel-Boot","153","The description for Event ID '153' in Source 'Microsoft-Windows-Kernel-Boot' cannot be found.  The local computer may not have the necessary registry information or message DLL files to display the message, or you may not have permission to access them.  The following information is part of the event:'0', '0', '0'"
"2025-09-13 6:53:41 AM","Information","Microsoft-Windows-Kernel-Boot","20","The description for Event ID '20' in Source 'Microsoft-Windows-Kernel-Boot' cannot be found.  The local computer may not have the necessary registry information or message DLL files to display the message, or you may not have permission to access them.  The following information is part of the event:'true', 'true', '22', '2'"
"2025-09-13 6:53:42 AM","Information","Microsoft-Windows-Ntfs","98","The description for Event ID '98' in Source 'Microsoft-Windows-Ntfs' cannot be found.  The local computer may not have the necessary registry information or message DLL files to display the message, or you may not have permission to access them.  The following information is part of the event:'C:', '\Device\HarddiskVolume3', '0'"
"2025-09-13 6:53:42 AM","Information","Microsoft-Windows-FilterManager","6","File System Filter 'WdFilter' (10.0, 2020-11-18T13:24:15.0000000Z) has successfully loaded and registered with Filter Manager."
"2025-09-13 6:53:42 AM","Information","TPM","24","The Trusted Platform Module (TPM) status: 1 and 1."
"2025-09-13 6:53:42 AM","Information","Microsoft-Windows-FilterManager","6","File System Filter 'npsvctrig' (10.0, 2025-01-05T22:41:12.0000000Z) has successfully loaded and registered with Filter Manager."
"2025-09-13 6:53:42 AM","Information","Microsoft-Windows-Kernel-Power","172","The description for Event ID '172' in Source 'Microsoft-Windows-Kernel-Power' cannot be found.  The local computer may not have the necessary registry information or message DLL files to display the message, or you may not have permission to access them.  The following information is part of the event:'2', '6'"
"2025-09-13 6:53:42 AM","Information","Microsoft-Windows-FilterManager","6","File System Filter 'FileCrypt' (10.0, 2002-03-01T07:12:42.0000000Z) has successfully loaded and registered with Filter Manager."
"2025-09-13 6:53:42 AM","Information","Microsoft-Windows-HAL","16","The iommu fault reporting has been initialized."
"2025-09-13 6:53:42 AM","Information","Microsoft-Windows-FilterManager","6","File System Filter 'FileInfo' (10.0, 2062-12-23T01:21:06.0000000Z) has successfully loaded and registered with Filter Manager."
"2025-09-13 6:53:42 AM","Information","Microsoft-Windows-FilterManager","6","File System Filter 'Wof' (10.0, 2090-03-16T14:56:17.0000000Z) has successfully loaded and registered with Filter Manager."
"2025-09-13 6:53:43 AM","Information","Microsoft-Windows-Ntfs","98","The description for Event ID '98' in Source 'Microsoft-Windows-Ntfs' cannot be found.  The local computer may not have the necessary registry information or message DLL files to display the message, or you may not have permission to access them.  The following information is part of the event:'\\?\Volume{18356e46-6d60-429e-8a5a-2af8814c5480}', '\Device\HarddiskVolume4', '0'"
"2025-09-13 6:53:44 AM","Information","Microsoft-Windows-Kernel-Processor-Power","55","Hyper-V logical processor 3 exposes the following power management capabilities:

Idle state type: 1 (3 state(s))

Performance state type: 1
Nominal Frequency (MHz): 2701
Maximum performance percentage: 100
Minimum performance percentage: 27
Minimum throttle percentage: 3"
"2025-09-13 6:53:44 AM","Information","Microsoft-Windows-Kernel-Power","521","The description for Event ID '521' in Source 'Microsoft-Windows-Kernel-Power' cannot be found.  The local computer may not have the necessary registry information or message DLL files to display the message, or you may not have permission to access them.  The following information is part of the event:'1', '0', '0'"
"2025-09-13 6:53:44 AM","Information","Microsoft-Windows-Kernel-Power","521","The description for Event ID '521' in Source 'Microsoft-Windows-Kernel-Power' cannot be found.  The local computer may not have the necessary registry information or message DLL files to display the message, or you may not have permission to access them.  The following information is part of the event:'0', '0', '0'"
"2025-09-13 6:53:44 AM","Information","NETwNb64","1610619737","The description for Event ID '1610619737' in Source 'NETwNb64' cannot be found.  The local computer may not have the necessary registry information or message DLL files to display the message, or you may not have permission to access them.  The following information is part of the event:'\Device\NDMP2', 'Intel(R) Dual Band Wireless-AC 7260'"
"2025-09-13 6:53:44 AM","Information","NETwNb64","1610619737","The description for Event ID '1610619737' in Source 'NETwNb64' cannot be found.  The local computer may not have the necessary registry information or message DLL files to display the message, or you may not have permission to access them.  The following information is part of the event:'\Device\NDMP2', 'Intel(R) Dual Band Wireless-AC 7260'"
"2025-09-13 6:53:44 AM","Information","NETwNb64","1073748860","The \Device\NDMP2 service entered the Intel(R) Dual Band Wireless-AC 7260 state."
"2025-09-13 6:53:44 AM","Information","Microsoft-Windows-Kernel-Processor-Power","55","Hyper-V logical processor 2 exposes the following power management capabilities:

Idle state type: 1 (3 state(s))

Performance state type: 1
Nominal Frequency (MHz): 2701
Maximum performance percentage: 100
Minimum performance percentage: 27
Minimum throttle percentage: 3"
"2025-09-13 6:53:44 AM","Information","Microsoft-Windows-Kernel-General","24","The description for Event ID '24' in Source 'Microsoft-Windows-Kernel-General' cannot be found.  The local computer may not have the necessary registry information or message DLL files to display the message, or you may not have permission to access them.  The following information is part of the event:'0', '240', '2', '0', '0'"
"2025-09-13 6:53:44 AM","Information","Microsoft-Windows-Kernel-Processor-Power","55","Hyper-V logical processor 0 exposes the following power management capabilities:

Idle state type: 1 (3 state(s))

Performance state type: 1
Nominal Frequency (MHz): 2701
Maximum performance percentage: 100
Minimum performance percentage: 27
Minimum throttle percentage: 3"
"2025-09-13 6:53:44 AM","Information","Microsoft-Windows-Kernel-Processor-Power","55","Hyper-V logical processor 1 exposes the following power management capabilities:

Idle state type: 1 (3 state(s))

Performance state type: 1
Nominal Frequency (MHz): 2701
Maximum performance percentage: 100
Minimum performance percentage: 27
Minimum throttle percentage: 3"
"2025-09-13 6:53:46 AM","Information","Microsoft-Windows-FilterManager","6","File System Filter 'wcifs' (10.0, 2004-03-22T13:56:15.0000000Z) has successfully loaded and registered with Filter Manager."
"2025-09-13 6:53:46 AM","Information","Microsoft-Windows-FilterManager","6","File System Filter 'luafv' (10.0, 2062-02-02T23:11:58.0000000Z) has successfully loaded and registered with Filter Manager."
"2025-09-13 6:53:46 AM","Information","Microsoft-Windows-Dhcp-Client","50103","DHCPv4 client registered for shutdown notification"
"2025-09-13 6:53:46 AM","Information","Microsoft-Windows-DHCPv6-Client","51046","DHCPv6 client service is started"
"2025-09-13 6:53:46 AM","Information","Microsoft-Windows-FilterManager","6","File System Filter 'CldFlt' (10.0, 2084-11-25T03:15:59.0000000Z) has successfully loaded and registered with Filter Manager."
"2025-09-13 6:53:46 AM","Information","Microsoft-Windows-FilterManager","6","File System Filter 'storqosflt' (10.0, 2007-04-09T14:08:30.0000000Z) has successfully loaded and registered with Filter Manager."
"2025-09-13 6:53:46 AM","Information","Microsoft-Windows-FilterManager","6","File System Filter 'CldFlt' (10.0, 2084-11-25T03:15:59.0000000Z) has successfully loaded and registered with Filter Manager."
"2025-09-13 6:53:46 AM","Information","Microsoft-Windows-FilterManager","1","File System Filter 'CldFlt' (Version 10.0, 2084-11-25T03:15:59.0000000Z) unloaded successfully."
"2025-09-13 6:53:46 AM","Information","Microsoft-Windows-FilterManager","6","File System Filter 'bindflt' (10.0, 2016-11-30T22:47:51.0000000Z) has successfully loaded and registered with Filter Manager."
"2025-09-13 6:53:46 AM","Information","Microsoft-Windows-Dhcp-Client","50036","DHCPv4 client service is started"
"2025-09-13 6:53:46 AM","Information","EventLog","2147489657","Microsoft (R) Windows (R) 10.00. 19045  Multiprocessor Free."
"2025-09-13 6:53:46 AM","Information","Microsoft-Windows-Wininit","14","Credential Guard configuration: 0, 0"
"2025-09-13 6:53:46 AM","Information","EventLog","2147489661","The system uptime is 5 seconds."
"2025-09-13 6:53:46 AM","Information","EventLog","2147489653","The Event log service was started."
"2025-09-13 6:53:46 AM","Information","Microsoft-Windows-DriverFrameworks-UserMode","10118","UMDF reflector is unable to connect to service control manager (SCM). This is expected during boot, when SCM has not started yet. Will retry when it starts."
"2025-09-13 6:53:46 AM","Information","Microsoft-Windows-Directory-Services-SAM","16977","The domain is configured with the following minimum password length-related settings.

MinimumPasswordLength: 0

RelaxMinimumPasswordLengthLimits: 0

MinimumPasswordLengthAudit: -1

For more information see https://go.microsoft.com/fwlink/?LinkId=2097191.
"
"2025-09-13 6:53:46 AM","Information","Microsoft-Windows-Directory-Services-SAM","16983","The security account manager is now logging periodic summary events for remote clients that call legacy password change or set RPC methods.

For more information please see https://go.microsoft.com/fwlink/?linkid=2150956.
"
"2025-09-13 6:53:46 AM","Warning","Microsoft-Windows-Kernel-PnP","219","The driver \Driver\WudfRd failed to load for the device USB\VID_138A&PID_0010\454d46137ba0."
"2025-09-13 6:53:46 AM","Information","Microsoft-Windows-Directory-Services-SAM","16962","Remote calls to the SAM database are being restricted using the default security descriptor: O:SYG:SYD:(A;;RC;;;BA).
For more information please see http://go.microsoft.com/fwlink/?LinkId=787651."
"2025-09-13 6:53:47 AM","Information","Microsoft-Windows-WLAN-AutoConfig","4000","WLAN AutoConfig service has successfully started.
"
"2025-09-13 6:53:48 AM","Information","Service Control Manager","3221232498","The following boot-start or system-start driver(s) did not load: 
dam
EhStorClass"
"2025-09-13 6:53:49 AM","Information","Service Control Manager","1073748864","The start type of the Windows Modules Installer service was changed from auto start to demand start."
"2025-09-13 6:53:50 AM","Warning","e1i65x64","2684616731","Intel(R) Ethernet Connection I218-LM

Network link is disconnected.
"
"2025-09-13 6:53:50 AM","Information","Microsoft-Windows-Winlogon","7001","User Logon Notification for Customer Experience Improvement Program"
"2025-09-13 6:53:51 AM","Warning","DCOM","10016","The description for Event ID '10016' in Source 'DCOM' cannot be found.  The local computer may not have the necessary registry information or message DLL files to display the message, or you may not have permission to access them.  The following information is part of the event:'application-specific', 'Local', 'Activation', '{6B3B8D23-FA8D-40B9-8DBD-B950333E2C52}', '{4839DDB7-58C2-48F5-8283-E1D1807D0D7D}', 'NT AUTHORITY', 'LOCAL SERVICE', 'S-1-5-19', 'LocalHost (Using LRPC)', 'Unavailable', 'Unavailable'"
"2025-09-13 6:53:51 AM","Warning","DCOM","10016","The description for Event ID '10016' in Source 'DCOM' cannot be found.  The local computer may not have the necessary registry information or message DLL files to display the message, or you may not have permission to access them.  The following information is part of the event:'application-specific', 'Local', 'Activation', '{6B3B8D23-FA8D-40B9-8DBD-B950333E2C52}', '{4839DDB7-58C2-48F5-8283-E1D1807D0D7D}', 'NT AUTHORITY', 'LOCAL SERVICE', 'S-1-5-19', 'LocalHost (Using LRPC)', 'Unavailable', 'Unavailable'"
"2025-09-13 6:53:52 AM","Information","TPM","18","This event triggers the Trusted Platform Module (TPM) provisioning/status check to run."
"2025-09-13 6:53:56 AM","Error","Microsoft-Windows-TPM-WMI","1795","The system firmware returned an error -2147024693 when attempting to update a Secure Boot variable. For more information, please see https://go.microsoft.com/fwlink/?linkid=2169931"
"2025-09-13 6:54:02 AM","Information","Microsoft-Windows-TPM-WMI","1026","The Trusted Platform Module (TPM) hardware on this computer cannot be provisioned for use automatically.  To set up the TPM interactively use the TPM management console (Start->tpm.msc) and use the action to make the TPM ready.

Error: -2144845805
Additional Information: 0x11c"
"2025-09-13 6:54:02 AM","Information","Microsoft-Windows-TPM-WMI","1282","The TBS device identifier has been generated."
"2025-09-13 6:54:13 AM","Warning","DCOM","10016","The description for Event ID '10016' in Source 'DCOM' cannot be found.  The local computer may not have the necessary registry information or message DLL files to display the message, or you may not have permission to access them.  The following information is part of the event:'machine-default', 'Local', 'Activation', '{C2F03A33-21F5-47FA-B4BB-156362A2F239}', '{316CDED5-E4AE-4B15-9113-7055D84DCC97}', 'DESKTOP-RVD6TK8', 'User', 'S-1-5-21-2059432068-349761349-3478041169-1001', 'LocalHost (Using LRPC)', 'Microsoft.Windows.ShellExperienceHost_10.0.19041.3636_neutral_neutral_cw5n1h2txyewy', 'S-1-15-2-155514346-2573954481-755741238-1654018636-1233331829-3075935687-2861478708'"
"2025-09-13 6:54:55 AM","Warning","Microsoft-Windows-Kernel-Processor-Power","37","The speed of Hyper-V logical processor 3 is being limited by system firmware. The processor has been in this reduced performance state for 71 seconds since the last report."
"2025-09-13 6:54:55 AM","Warning","Microsoft-Windows-Kernel-Processor-Power","37","The speed of Hyper-V logical processor 1 is being limited by system firmware. The processor has been in this reduced performance state for 71 seconds since the last report."
"2025-09-13 6:54:55 AM","Warning","Microsoft-Windows-Kernel-Processor-Power","37","The speed of Hyper-V logical processor 0 is being limited by system firmware. The processor has been in this reduced performance state for 71 seconds since the last report."
"2025-09-13 6:54:55 AM","Warning","Microsoft-Windows-Kernel-Processor-Power","37","The speed of Hyper-V logical processor 2 is being limited by system firmware. The processor has been in this reduced performance state for 71 seconds since the last report."
"2025-09-13 6:55:49 AM","Warning","DCOM","10016","The description for Event ID '10016' in Source 'DCOM' cannot be found.  The local computer may not have the necessary registry information or message DLL files to display the message, or you may not have permission to access them.  The following information is part of the event:'application-specific', 'Local', 'Launch', 'Windows.SecurityCenter.WscDataProtection', 'Unavailable', 'NT AUTHORITY', 'SYSTEM', 'S-1-5-18', 'LocalHost (Using LRPC)', 'Unavailable', 'Unavailable'"
"2025-09-13 6:55:49 AM","Warning","DCOM","10016","The description for Event ID '10016' in Source 'DCOM' cannot be found.  The local computer may not have the necessary registry information or message DLL files to display the message, or you may not have permission to access them.  The following information is part of the event:'application-specific', 'Local', 'Launch', 'Windows.SecurityCenter.SecurityAppBroker', 'Unavailable', 'NT AUTHORITY', 'SYSTEM', 'S-1-5-18', 'LocalHost (Using LRPC)', 'Unavailable', 'Unavailable'"
"2025-09-13 6:55:49 AM","Warning","DCOM","10016","The description for Event ID '10016' in Source 'DCOM' cannot be found.  The local computer may not have the necessary registry information or message DLL files to display the message, or you may not have permission to access them.  The following information is part of the event:'application-specific', 'Local', 'Launch', 'Windows.SecurityCenter.WscBrokerManager', 'Unavailable', 'NT AUTHORITY', 'SYSTEM', 'S-1-5-18', 'LocalHost (Using LRPC)', 'Unavailable', 'Unavailable'"
"2025-09-13 6:57:43 AM","Information","Service Control Manager","1073748864","The start type of the Service for Realtek HD Audio (WDM) service was changed from demand start to disabled."
"2025-09-13 6:58:48 AM","Information","Service Control Manager","1073748864","The start type of the Intel(R) HD Graphics Control Panel Service service was changed from auto start to disabled."
"2025-09-13 6:58:48 AM","Information","Service Control Manager","1073748864","The start type of the Intel(R) Content Protection HECI Service service was changed from demand start to disabled."
"2025-09-13 6:58:48 AM","Information","Service Control Manager","1073748864","The start type of the igfx service was changed from demand start to disabled."
"2025-09-13 6:58:49 AM","Information","Service Control Manager","1073748864","The start type of the Intel(R) HD Graphics Control Panel Service service was changed from disabled to auto start."
"2025-09-13 6:59:07 AM","Information","Microsoft-Windows-Winlogon","7002","User Logoff Notification for Customer Experience Improvement Program"
"2025-09-13 6:59:07 AM","Information","User32","2147484722","The process C:\Windows\system32\winlogon.exe (DESKTOP-RVD6TK8) has initiated the restart of computer DESKTOP-RVD6TK8 on behalf of user NT AUTHORITY\SYSTEM for the following reason: No title for this reason could be found
 Reason Code: 0x500ff
 Shutdown Type: restart
 Comment: "
"2025-09-13 6:59:12 AM","Information","Microsoft-Windows-Dhcp-Client","50106","DHCPv4 is waiting on DHCPv6 service to stop"
"2025-09-13 6:59:12 AM","Information","Microsoft-Windows-Dhcp-Client","50037","DHCPv4 client service is stopped. ShutDown Flag value is 1"
"2025-09-13 6:59:12 AM","Information","Microsoft-Windows-WLAN-AutoConfig","4001","WLAN AutoConfig service has successfully stopped.
"
"2025-09-13 6:59:12 AM","Information","Microsoft-Windows-DHCPv6-Client","51047","DHCPv6 client service is stopped. ShutDown Flag value is 1"
"2025-09-13 6:59:12 AM","Information","Microsoft-Windows-Dhcp-Client","50104","DHCPv4 client received shutdown notification"
"2025-09-13 6:59:12 AM","Information","Microsoft-Windows-Dhcp-Client","50105","DHCPv4 client ProcessDHCPRequestForever received TERMINATE_EVENT"
"2025-09-13 6:59:12 AM","Information","EventLog","2147489654","The Event log service was stopped."
"2025-09-13 6:59:13 AM","Information","Microsoft-Windows-Kernel-General","13","The description for Event ID '13' in Source 'Microsoft-Windows-Kernel-General' cannot be found.  The local computer may not have the necessary registry information or message DLL files to display the message, or you may not have permission to access them.  The following information is part of the event:'2025-09-13T10:59:13.6361018Z'"
"2025-09-13 6:59:13 AM","Information","Microsoft-Windows-Kernel-Power","109","The description for Event ID '109' in Source 'Microsoft-Windows-Kernel-Power' cannot be found.  The local computer may not have the necessary registry information or message DLL files to display the message, or you may not have permission to access them.  The following information is part of the event:'5', '0', '5'"
"2025-09-13 6:59:29 AM","Information","Microsoft-Windows-Kernel-Boot","27","The description for Event ID '27' in Source 'Microsoft-Windows-Kernel-Boot' cannot be found.  The local computer may not have the necessary registry information or message DLL files to display the message, or you may not have permission to access them.  The following information is part of the event:'0', ' NOEXECUTE=OPTIN  NOVGA'"
"2025-09-13 6:59:29 AM","Information","Microsoft-Windows-Kernel-Boot","18","The description for Event ID '18' in Source 'Microsoft-Windows-Kernel-Boot' cannot be found.  The local computer may not have the necessary registry information or message DLL files to display the message, or you may not have permission to access them.  The following information is part of the event:'1'"
"2025-09-13 6:59:29 AM","Information","Microsoft-Windows-Kernel-Boot","25","The description for Event ID '25' in Source 'Microsoft-Windows-Kernel-Boot' cannot be found.  The local computer may not have the necessary registry information or message DLL files to display the message, or you may not have permission to access them.  The following information is part of the event:'1'"
