"2025-08-27 9:32:05 AM","Information","Microsoft-Windows-Kernel-General","1","Possible detection of CVE: 2025-08-27T13:32:05.1000247Z
Additional Information: 2025-08-27T13:32:05.0993933Z

This Event is generated when an attempt to exploit a known vulnerability (2025-08-27T13:32:05.1000247Z) is detected.
This Event is raised by a User mode process.
"
"2025-08-27 9:32:05 AM","Information","Microsoft-Windows-Kernel-General","24","The description for Event ID '24' in Source 'Microsoft-Windows-Kernel-General' cannot be found.  The local computer may not have the necessary registry information or message DLL files to display the message, or you may not have permission to access them.  The following information is part of the event:'0', '420', '2', '0', '0'"
"2025-08-27 9:32:05 AM","Information","Microsoft-Windows-Kernel-General","24","The description for Event ID '24' in Source 'Microsoft-Windows-Kernel-General' cannot be found.  The local computer may not have the necessary registry information or message DLL files to display the message, or you may not have permission to access them.  The following information is part of the event:'0', '420', '2', '0', '0'"
"2025-08-27 9:32:05 AM","Information","Microsoft-Windows-Kernel-General","1","Possible detection of CVE: 2025-08-27T13:32:05.0953250Z
Additional Information: 2025-08-27T13:32:03.6088685Z

This Event is generated when an attempt to exploit a known vulnerability (2025-08-27T13:32:05.0953250Z) is detected.
This Event is raised by a User mode process.
"
"2025-08-27 9:32:05 AM","Information","Microsoft-Windows-Time-Service","35","The time service is now synchronizing the system time with the time source time.windows.com,0x9 (ntp.m|0x9|0.0.0.0:123->168.61.215.74:123) with reference id 1255620008. Current local stratum number is 4."
"2025-08-27 9:32:44 AM","Information","Microsoft-Windows-Kernel-General","16","The description for Event ID '16' in Source 'Microsoft-Windows-Kernel-General' cannot be found.  The local computer may not have the necessary registry information or message DLL files to display the message, or you may not have permission to access them.  The following information is part of the event:'85', '\??\C:\ProgramData\Microsoft\Provisioning\Microsoft-Desktop-Provisioning-Sequence.dat', '0', '0'"
"2025-08-27 9:33:21 AM","Information","Microsoft-Windows-Kernel-General","16","The description for Event ID '16' in Source 'Microsoft-Windows-Kernel-General' cannot be found.  The local computer may not have the necessary registry information or message DLL files to display the message, or you may not have permission to access them.  The following information is part of the event:'129', '\??\C:\ProgramData\Microsoft\Windows\AppRepository\Packages\Microsoft.People_10.2202.100.0_x64__8wekyb3d8bbwe\ActivationStore.dat', '0', '0'"
"2025-08-27 9:33:26 AM","Information","Microsoft-Windows-Kernel-General","16","The description for Event ID '16' in Source 'Microsoft-Windows-Kernel-General' cannot be found.  The local computer may not have the necessary registry information or message DLL files to display the message, or you may not have permission to access them.  The following information is part of the event:'93', '\??\C:\Users\User\AppData\Local\Packages\Microsoft.People_8wekyb3d8bbwe\Settings\settings.dat', '3', '1'"
"2025-08-27 9:33:26 AM","Information","Microsoft-Windows-WindowsUpdateClient","43","Installation Started: Windows has started installing the following update: 9NBLGGH10PG8-MICROSOFT.PEOPLE"
"2025-08-27 9:33:27 AM","Information","Microsoft-Windows-WindowsUpdateClient","19","Installation Successful: Windows successfully installed the following update: 9NBLGGH10PG8-MICROSOFT.PEOPLE"
"2025-08-27 9:33:30 AM","Information","Microsoft-Windows-WindowsUpdateClient","44","Windows Update started downloading an update."
"2025-08-27 9:33:30 AM","Information","Microsoft-Windows-WindowsUpdateClient","44","Windows Update started downloading an update."
"2025-08-27 9:33:30 AM","Information","Microsoft-Windows-WindowsUpdateClient","44","Windows Update started downloading an update."
"2025-08-27 9:33:34 AM","Information","Microsoft-Windows-WindowsUpdateClient","44","Windows Update started downloading an update."
"2025-08-27 9:33:34 AM","Information","Microsoft-Windows-WindowsUpdateClient","44","Windows Update started downloading an update."
"2025-08-27 9:34:24 AM","Information","Microsoft-Windows-Kernel-General","16","The description for Event ID '16' in Source 'Microsoft-Windows-Kernel-General' cannot be found.  The local computer may not have the necessary registry information or message DLL files to display the message, or you may not have permission to access them.  The following information is part of the event:'130', '\??\C:\ProgramData\Microsoft\Windows\AppRepository\Packages\Microsoft.XboxApp_48.104.4001.0_x64__8wekyb3d8bbwe\ActivationStore.dat', '0', '0'"
"2025-08-27 9:34:27 AM","Information","Microsoft-Windows-WindowsUpdateClient","43","Installation Started: Windows has started installing the following update: 9MTW6RN84LVM-Microsoft.NET.Native.Runtime.1.7"
"2025-08-27 9:34:28 AM","Information","Microsoft-Windows-WindowsUpdateClient","19","Installation Successful: Windows successfully installed the following update: 9NZM7B1BB5TR-Microsoft.NET.Native.Framework.1.7"
"2025-08-27 9:34:28 AM","Information","Microsoft-Windows-WindowsUpdateClient","43","Installation Started: Windows has started installing the following update: 9WZDNCRFJBD8-Microsoft.XboxApp"
"2025-08-27 9:34:28 AM","Information","Microsoft-Windows-WindowsUpdateClient","19","Installation Successful: Windows successfully installed the following update: 9MTW6RN84LVM-Microsoft.NET.Native.Runtime.1.7"
"2025-08-27 9:34:28 AM","Information","Microsoft-Windows-WindowsUpdateClient","43","Installation Started: Windows has started installing the following update: 9NZM7B1BB5TR-Microsoft.NET.Native.Framework.1.7"
"2025-08-27 9:34:30 AM","Information","Microsoft-Windows-WindowsUpdateClient","19","Installation Successful: Windows successfully installed the following update: 9WZDNCRFJBD8-Microsoft.XboxApp"
"2025-08-27 9:34:36 AM","Information","Microsoft-Windows-WindowsUpdateClient","44","Windows Update started downloading an update."
"2025-08-27 9:34:51 AM","Information","Service Control Manager","1073748864","The start type of the Background Intelligent Transfer Service service was changed from demand start to auto start."
"2025-08-27 9:35:04 AM","Information","Microsoft-Windows-Kernel-General","16","The description for Event ID '16' in Source 'Microsoft-Windows-Kernel-General' cannot be found.  The local computer may not have the necessary registry information or message DLL files to display the message, or you may not have permission to access them.  The following information is part of the event:'145', '\??\C:\ProgramData\Microsoft\Windows\AppRepository\Packages\Microsoft.XboxSpeechToTextOverlay_1.21.13002.0_x64__8wekyb3d8bbwe\ActivationStore.dat', '0', '0'"
"2025-08-27 9:35:07 AM","Information","Microsoft-Windows-Kernel-General","16","The description for Event ID '16' in Source 'Microsoft-Windows-Kernel-General' cannot be found.  The local computer may not have the necessary registry information or message DLL files to display the message, or you may not have permission to access them.  The following information is part of the event:'110', '\??\C:\Users\User\AppData\Local\Packages\Microsoft.XboxSpeechToTextOverlay_8wekyb3d8bbwe\Settings\settings.dat', '3', '1'"
"2025-08-27 9:35:07 AM","Information","Microsoft-Windows-WindowsUpdateClient","43","Installation Started: Windows has started installing the following update: 9P086NHDNB9W-Microsoft.XboxSpeechtoTextOverlay"
"2025-08-27 9:35:08 AM","Information","Microsoft-Windows-WindowsUpdateClient","19","Installation Successful: Windows successfully installed the following update: 9P086NHDNB9W-Microsoft.XboxSpeechtoTextOverlay"
"2025-08-27 9:35:11 AM","Information","Microsoft-Windows-WindowsUpdateClient","44","Windows Update started downloading an update."
"2025-08-27 9:35:11 AM","Information","Microsoft-Windows-WindowsUpdateClient","44","Windows Update started downloading an update."
"2025-08-27 9:35:11 AM","Information","Microsoft-Windows-WindowsUpdateClient","44","Windows Update started downloading an update."
"2025-08-27 9:35:11 AM","Information","Microsoft-Windows-WindowsUpdateClient","44","Windows Update started downloading an update."
"2025-08-27 9:35:12 AM","Information","Microsoft-Windows-WindowsUpdateClient","44","Windows Update started downloading an update."
"2025-08-27 9:35:12 AM","Information","Microsoft-Windows-WindowsUpdateClient","44","Windows Update started downloading an update."
"2025-08-27 9:35:12 AM","Information","Microsoft-Windows-WindowsUpdateClient","44","Windows Update started downloading an update."
"2025-08-27 9:35:16 AM","Information","Microsoft-Windows-WindowsUpdateClient","44","Windows Update started downloading an update."
"2025-08-27 9:35:16 AM","Information","Microsoft-Windows-WindowsUpdateClient","44","Windows Update started downloading an update."
"2025-08-27 9:35:16 AM","Information","Microsoft-Windows-WindowsUpdateClient","44","Windows Update started downloading an update."
"2025-08-27 9:35:19 AM","Information","Microsoft-Windows-Kernel-General","16","The description for Event ID '16' in Source 'Microsoft-Windows-Kernel-General' cannot be found.  The local computer may not have the necessary registry information or message DLL files to display the message, or you may not have permission to access them.  The following information is part of the event:'136', '\??\C:\ProgramData\Microsoft\Windows\AppRepository\Packages\Microsoft.XboxGameOverlay_1.54.4001.0_x64__8wekyb3d8bbwe\ActivationStore.dat', '0', '0'"
"2025-08-27 9:35:20 AM","Information","Microsoft-Windows-WindowsUpdateClient","43","Installation Started: Windows has started installing the following update: 9NBLGGH537C2-Microsoft.XboxGameOverlay"
"2025-08-27 9:35:21 AM","Information","Microsoft-Windows-WindowsUpdateClient","19","Installation Successful: Windows successfully installed the following update: 9NBLGGH537C2-Microsoft.XboxGameOverlay"
"2025-08-27 9:35:21 AM","Information","Microsoft-Windows-Kernel-General","16","The description for Event ID '16' in Source 'Microsoft-Windows-Kernel-General' cannot be found.  The local computer may not have the necessary registry information or message DLL files to display the message, or you may not have permission to access them.  The following information is part of the event:'102', '\??\C:\Users\User\AppData\Local\Packages\Microsoft.XboxGameOverlay_8wekyb3d8bbwe\Settings\settings.dat', '3', '1'"
"2025-08-27 9:35:23 AM","Information","Microsoft-Windows-WindowsUpdateClient","44","Windows Update started downloading an update."
"2025-08-27 9:35:23 AM","Information","Microsoft-Windows-WindowsUpdateClient","44","Windows Update started downloading an update."
"2025-08-27 9:35:23 AM","Information","Microsoft-Windows-WindowsUpdateClient","44","Windows Update started downloading an update."
"2025-08-27 9:35:23 AM","Information","Microsoft-Windows-WindowsUpdateClient","44","Windows Update started downloading an update."
"2025-08-27 9:35:23 AM","Information","Microsoft-Windows-WindowsUpdateClient","44","Windows Update started downloading an update."
"2025-08-27 9:35:23 AM","Information","Microsoft-Windows-WindowsUpdateClient","44","Windows Update started downloading an update."
"2025-08-27 9:35:23 AM","Information","Microsoft-Windows-WindowsUpdateClient","44","Windows Update started downloading an update."
"2025-08-27 9:35:28 AM","Information","Microsoft-Windows-WindowsUpdateClient","44","Windows Update started downloading an update."
"2025-08-27 9:35:28 AM","Information","Microsoft-Windows-WindowsUpdateClient","44","Windows Update started downloading an update."
"2025-08-27 9:35:53 AM","Information","Microsoft-Windows-Kernel-General","16","The description for Event ID '16' in Source 'Microsoft-Windows-Kernel-General' cannot be found.  The local computer may not have the necessary registry information or message DLL files to display the message, or you may not have permission to access them.  The following information is part of the event:'131', '\??\C:\ProgramData\Microsoft\Windows\AppRepository\Packages\Microsoft.Xbox.TCUI_1.24.10001.0_x64__8wekyb3d8bbwe\ActivationStore.dat', '0', '0'"
"2025-08-27 9:35:56 AM","Information","Microsoft-Windows-WindowsUpdateClient","19","Installation Successful: Windows successfully installed the following update: 9NKNC0LD5NN6-Microsoft.Xbox.TCUI"
"2025-08-27 9:35:56 AM","Information","Microsoft-Windows-Kernel-General","16","The description for Event ID '16' in Source 'Microsoft-Windows-Kernel-General' cannot be found.  The local computer may not have the necessary registry information or message DLL files to display the message, or you may not have permission to access them.  The following information is part of the event:'96', '\??\C:\Users\User\AppData\Local\Packages\Microsoft.Xbox.TCUI_8wekyb3d8bbwe\Settings\settings.dat', '3', '1'"
"2025-08-27 9:35:56 AM","Information","Microsoft-Windows-WindowsUpdateClient","43","Installation Started: Windows has started installing the following update: 9NKNC0LD5NN6-Microsoft.Xbox.TCUI"
"2025-08-27 9:36:02 AM","Information","Microsoft-Windows-WindowsUpdateClient","44","Windows Update started downloading an update."
"2025-08-27 9:36:21 AM","Information","Microsoft-Windows-Kernel-General","16","The description for Event ID '16' in Source 'Microsoft-Windows-Kernel-General' cannot be found.  The local computer may not have the necessary registry information or message DLL files to display the message, or you may not have permission to access them.  The following information is part of the event:'143', '\??\C:\ProgramData\Microsoft\Windows\AppRepository\Packages\Microsoft.XboxIdentityProvider_12.115.1001.0_x64__8wekyb3d8bbwe\ActivationStore.dat', '0', '0'"
"2025-08-27 9:36:23 AM","Information","Microsoft-Windows-WindowsUpdateClient","19","Installation Successful: Windows successfully installed the following update: 9WZDNCRD1HKW-Microsoft.XboxIdentityProvider"
"2025-08-27 9:36:23 AM","Information","Microsoft-Windows-Kernel-General","16","The description for Event ID '16' in Source 'Microsoft-Windows-Kernel-General' cannot be found.  The local computer may not have the necessary registry information or message DLL files to display the message, or you may not have permission to access them.  The following information is part of the event:'107', '\??\C:\Users\User\AppData\Local\Packages\Microsoft.XboxIdentityProvider_8wekyb3d8bbwe\Settings\settings.dat', '3', '1'"
"2025-08-27 9:36:23 AM","Information","Microsoft-Windows-WindowsUpdateClient","43","Installation Started: Windows has started installing the following update: 9WZDNCRD1HKW-Microsoft.XboxIdentityProvider"
"2025-08-27 9:36:26 AM","Information","Microsoft-Windows-WindowsUpdateClient","44","Windows Update started downloading an update."
"2025-08-27 9:36:26 AM","Information","Microsoft-Windows-WindowsUpdateClient","44","Windows Update started downloading an update."
"2025-08-27 9:36:26 AM","Information","Microsoft-Windows-WindowsUpdateClient","44","Windows Update started downloading an update."
"2025-08-27 9:36:26 AM","Information","Microsoft-Windows-WindowsUpdateClient","44","Windows Update started downloading an update."
"2025-08-27 9:36:26 AM","Information","Microsoft-Windows-WindowsUpdateClient","44","Windows Update started downloading an update."
"2025-08-27 9:36:26 AM","Information","Microsoft-Windows-WindowsUpdateClient","44","Windows Update started downloading an update."
"2025-08-27 9:36:26 AM","Information","Microsoft-Windows-WindowsUpdateClient","44","Windows Update started downloading an update."
"2025-08-27 9:36:26 AM","Information","Microsoft-Windows-WindowsUpdateClient","44","Windows Update started downloading an update."
"2025-08-27 9:36:26 AM","Information","Microsoft-Windows-WindowsUpdateClient","44","Windows Update started downloading an update."
"2025-08-27 9:36:26 AM","Information","Microsoft-Windows-WindowsUpdateClient","44","Windows Update started downloading an update."
"2025-08-27 9:36:26 AM","Information","Microsoft-Windows-WindowsUpdateClient","44","Windows Update started downloading an update."
"2025-08-27 9:36:39 AM","Information","Microsoft-Windows-Kernel-General","16","The description for Event ID '16' in Source 'Microsoft-Windows-Kernel-General' cannot be found.  The local computer may not have the necessary registry information or message DLL files to display the message, or you may not have permission to access them.  The following information is part of the event:'128', '\??\C:\ProgramData\Microsoft\Windows\AppRepository\Packages\Microsoft.BingSearch_1.1.34.0_x64__8wekyb3d8bbwe\ActivationStore.dat', '0', '0'"
"2025-08-27 9:36:41 AM","Information","Microsoft-Windows-Kernel-General","16","The description for Event ID '16' in Source 'Microsoft-Windows-Kernel-General' cannot be found.  The local computer may not have the necessary registry information or message DLL files to display the message, or you may not have permission to access them.  The following information is part of the event:'97', '\??\C:\Users\User\AppData\Local\Packages\Microsoft.BingSearch_8wekyb3d8bbwe\Settings\settings.dat', '3', '1'"
"2025-08-27 9:36:41 AM","Information","Microsoft-Windows-WindowsUpdateClient","43","Installation Started: Windows has started installing the following update: 9NZBF4GT040C-Microsoft.BingSearch"
"2025-08-27 9:36:42 AM","Information","Microsoft-Windows-WindowsUpdateClient","19","Installation Successful: Windows successfully installed the following update: 9NZBF4GT040C-Microsoft.BingSearch"
"2025-08-27 9:36:48 AM","Information","Microsoft-Windows-WindowsUpdateClient","44","Windows Update started downloading an update."
"2025-08-27 9:36:48 AM","Information","Microsoft-Windows-WindowsUpdateClient","44","Windows Update started downloading an update."
"2025-08-27 9:36:48 AM","Information","Microsoft-Windows-WindowsUpdateClient","44","Windows Update started downloading an update."
"2025-08-27 9:36:56 AM","Information","Service Control Manager","1073748864","The start type of the Background Intelligent Transfer Service service was changed from auto start to demand start."
"2025-08-27 9:37:24 AM","Information","Microsoft-Windows-Kernel-General","16","The description for Event ID '16' in Source 'Microsoft-Windows-Kernel-General' cannot be found.  The local computer may not have the necessary registry information or message DLL files to display the message, or you may not have permission to access them.  The following information is part of the event:'138', '\??\C:\ProgramData\Microsoft\Windows\AppRepository\Packages\Microsoft.WindowsCalculator_11.2502.2.0_x64__8wekyb3d8bbwe\ActivationStore.dat', '0', '0'"
"2025-08-27 9:37:26 AM","Information","Microsoft-Windows-Kernel-General","16","The description for Event ID '16' in Source 'Microsoft-Windows-Kernel-General' cannot be found.  The local computer may not have the necessary registry information or message DLL files to display the message, or you may not have permission to access them.  The following information is part of the event:'134', '\??\C:\ProgramData\Microsoft\Windows\AppRepository\Packages\Microsoft.UI.Xaml.2.7_7.2409.9001.0_x86__8wekyb3d8bbwe\ActivationStore.dat', '0', '0'"
"2025-08-27 9:37:27 AM","Information","Microsoft-Windows-WindowsUpdateClient","43","Installation Started: Windows has started installing the following update: 9WZDNCRFHVN5-MICROSOFT.WINDOWSCALCULATOR"
"2025-08-27 9:37:28 AM","Information","Microsoft-Windows-WindowsUpdateClient","19","Installation Successful: Windows successfully installed the following update: 9WZDNCRFHVN5-MICROSOFT.WINDOWSCALCULATOR"
"2025-08-27 9:37:28 AM","Information","Microsoft-Windows-Kernel-General","16","The description for Event ID '16' in Source 'Microsoft-Windows-Kernel-General' cannot be found.  The local computer may not have the necessary registry information or message DLL files to display the message, or you may not have permission to access them.  The following information is part of the event:'104', '\??\C:\Users\User\AppData\Local\Packages\Microsoft.WindowsCalculator_8wekyb3d8bbwe\Settings\settings.dat', '3', '1'"
"2025-08-27 9:37:31 AM","Information","Microsoft-Windows-WindowsUpdateClient","44","Windows Update started downloading an update."
"2025-08-27 9:37:31 AM","Information","Microsoft-Windows-WindowsUpdateClient","44","Windows Update started downloading an update."
"2025-08-27 9:37:31 AM","Information","Microsoft-Windows-Kernel-General","16","The description for Event ID '16' in Source 'Microsoft-Windows-Kernel-General' cannot be found.  The local computer may not have the necessary registry information or message DLL files to display the message, or you may not have permission to access them.  The following information is part of the event:'137', '\??\C:\ProgramData\Microsoft\Windows\AppRepository\Packages\Microsoft.MicrosoftStickyNotes_6.1.4.0_x64__8wekyb3d8bbwe\ActivationStore.dat', '0', '0'"
"2025-08-27 9:37:31 AM","Information","Microsoft-Windows-WindowsUpdateClient","44","Windows Update started downloading an update."
"2025-08-27 9:37:31 AM","Information","Microsoft-Windows-WindowsUpdateClient","44","Windows Update started downloading an update."
"2025-08-27 9:37:31 AM","Information","Microsoft-Windows-WindowsUpdateClient","44","Windows Update started downloading an update."
"2025-08-27 9:37:31 AM","Information","Microsoft-Windows-WindowsUpdateClient","44","Windows Update started downloading an update."
"2025-08-27 9:37:31 AM","Information","Microsoft-Windows-WindowsUpdateClient","44","Windows Update started downloading an update."
"2025-08-27 9:37:34 AM","Information","Microsoft-Windows-Kernel-General","16","The description for Event ID '16' in Source 'Microsoft-Windows-Kernel-General' cannot be found.  The local computer may not have the necessary registry information or message DLL files to display the message, or you may not have permission to access them.  The following information is part of the event:'134', '\??\C:\ProgramData\Microsoft\Windows\AppRepository\Packages\Microsoft.UI.Xaml.2.7_7.2409.9001.0_x64__8wekyb3d8bbwe\ActivationStore.dat', '0', '0'"
"2025-08-27 9:37:35 AM","Information","Microsoft-Windows-WindowsUpdateClient","44","Windows Update started downloading an update."
"2025-08-27 9:37:35 AM","Information","Microsoft-Windows-WindowsUpdateClient","44","Windows Update started downloading an update."
"2025-08-27 9:37:36 AM","Information","Microsoft-Windows-WindowsUpdateClient","43","Installation Started: Windows has started installing the following update: 9NBLGGH4QGHW-Microsoft.MicrosoftStickyNotes"
"2025-08-27 9:37:37 AM","Information","Microsoft-Windows-WindowsUpdateClient","19","Installation Successful: Windows successfully installed the following update: 9NBLGGH4QGHW-Microsoft.MicrosoftStickyNotes"
"2025-08-27 9:37:37 AM","Information","Microsoft-Windows-Kernel-General","16","The description for Event ID '16' in Source 'Microsoft-Windows-Kernel-General' cannot be found.  The local computer may not have the necessary registry information or message DLL files to display the message, or you may not have permission to access them.  The following information is part of the event:'107', '\??\C:\Users\User\AppData\Local\Packages\Microsoft.MicrosoftStickyNotes_8wekyb3d8bbwe\Settings\settings.dat', '3', '1'"
"2025-08-27 9:37:39 AM","Information","Microsoft-Windows-WindowsUpdateClient","44","Windows Update started downloading an update."
"2025-08-27 9:38:05 AM","Information","Microsoft-Windows-Kernel-General","16","The description for Event ID '16' in Source 'Microsoft-Windows-Kernel-General' cannot be found.  The local computer may not have the necessary registry information or message DLL files to display the message, or you may not have permission to access them.  The following information is part of the event:'136', '\??\C:\ProgramData\Microsoft\Windows\AppRepository\Packages\Microsoft.549981C3F5F10_4.2308.1005.0_x64__8wekyb3d8bbwe\ActivationStore.dat', '0', '0'"
"2025-08-27 9:38:07 AM","Information","Microsoft-Windows-Kernel-General","16","The description for Event ID '16' in Source 'Microsoft-Windows-Kernel-General' cannot be found.  The local computer may not have the necessary registry information or message DLL files to display the message, or you may not have permission to access them.  The following information is part of the event:'100', '\??\C:\Users\User\AppData\Local\Packages\Microsoft.549981C3F5F10_8wekyb3d8bbwe\Settings\settings.dat', '3', '1'"
"2025-08-27 9:38:07 AM","Information","Microsoft-Windows-WindowsUpdateClient","43","Installation Started: Windows has started installing the following update: 9NFFX4SZZ23L-Microsoft.549981C3F5F10"
"2025-08-27 9:38:08 AM","Information","Microsoft-Windows-WindowsUpdateClient","19","Installation Successful: Windows successfully installed the following update: 9NFFX4SZZ23L-Microsoft.549981C3F5F10"
"2025-08-27 9:38:14 AM","Information","Microsoft-Windows-WindowsUpdateClient","44","Windows Update started downloading an update."
"2025-08-27 9:38:14 AM","Information","Microsoft-Windows-WindowsUpdateClient","44","Windows Update started downloading an update."
"2025-08-27 9:38:14 AM","Information","Microsoft-Windows-WindowsUpdateClient","44","Windows Update started downloading an update."
"2025-08-27 9:39:11 AM","Information","Microsoft-Windows-Kernel-General","16","The description for Event ID '16' in Source 'Microsoft-Windows-Kernel-General' cannot be found.  The local computer may not have the necessary registry information or message DLL files to display the message, or you may not have permission to access them.  The following information is part of the event:'142', '\??\C:\ProgramData\Microsoft\Windows\AppRepository\Packages\Microsoft.WindowsSoundRecorder_10.2103.28.0_x64__8wekyb3d8bbwe\ActivationStore.dat', '0', '0'"
"2025-08-27 9:39:17 AM","Information","Microsoft-Windows-WindowsUpdateClient","43","Installation Started: Windows has started installing the following update: 9PKRS2FVRWBT-Microsoft.UI.Xaml.2.3"
"2025-08-27 9:39:18 AM","Information","Microsoft-Windows-WindowsUpdateClient","43","Installation Started: Windows has started installing the following update: 9WZDNCRFHWKN-MICROSOFT.WINDOWSSOUNDRECORDER"
"2025-08-27 9:39:18 AM","Information","Microsoft-Windows-WindowsUpdateClient","19","Installation Successful: Windows successfully installed the following update: 9PKRS2FVRWBT-Microsoft.UI.Xaml.2.3"
"2025-08-27 9:39:19 AM","Information","Microsoft-Windows-WindowsUpdateClient","19","Installation Successful: Windows successfully installed the following update: 9WZDNCRFHWKN-MICROSOFT.WINDOWSSOUNDRECORDER"
"2025-08-27 9:39:19 AM","Information","Microsoft-Windows-Kernel-General","16","The description for Event ID '16' in Source 'Microsoft-Windows-Kernel-General' cannot be found.  The local computer may not have the necessary registry information or message DLL files to display the message, or you may not have permission to access them.  The following information is part of the event:'107', '\??\C:\Users\User\AppData\Local\Packages\Microsoft.WindowsSoundRecorder_8wekyb3d8bbwe\Settings\settings.dat', '3', '1'"
"2025-08-27 9:39:22 AM","Information","Microsoft-Windows-WindowsUpdateClient","44","Windows Update started downloading an update."
"2025-08-27 9:39:22 AM","Information","Microsoft-Windows-WindowsUpdateClient","44","Windows Update started downloading an update."
"2025-08-27 9:39:22 AM","Information","Microsoft-Windows-WindowsUpdateClient","44","Windows Update started downloading an update."
"2025-08-27 9:39:22 AM","Information","Microsoft-Windows-WindowsUpdateClient","44","Windows Update started downloading an update."
"2025-08-27 9:39:22 AM","Information","Microsoft-Windows-WindowsUpdateClient","44","Windows Update started downloading an update."
"2025-08-27 9:39:22 AM","Information","Microsoft-Windows-WindowsUpdateClient","44","Windows Update started downloading an update."
"2025-08-27 9:39:22 AM","Information","Microsoft-Windows-WindowsUpdateClient","44","Windows Update started downloading an update."
"2025-08-27 9:40:50 AM","Information","Microsoft-Windows-Kernel-General","16","The description for Event ID '16' in Source 'Microsoft-Windows-Kernel-General' cannot be found.  The local computer may not have the necessary registry information or message DLL files to display the message, or you may not have permission to access them.  The following information is part of the event:'136', '\??\C:\ProgramData\Microsoft\Windows\AppRepository\Packages\Microsoft.WindowsCamera_2025.2505.2.0_x64__8wekyb3d8bbwe\ActivationStore.dat', '0', '0'"
"2025-08-27 9:40:53 AM","Information","Microsoft-Windows-WindowsUpdateClient","19","Installation Successful: Windows successfully installed the following update: 9WZDNCRFJBBG-MICROSOFT.WINDOWSCAMERA"
"2025-08-27 9:40:53 AM","Information","Microsoft-Windows-Kernel-General","16","The description for Event ID '16' in Source 'Microsoft-Windows-Kernel-General' cannot be found.  The local computer may not have the necessary registry information or message DLL files to display the message, or you may not have permission to access them.  The following information is part of the event:'100', '\??\C:\Users\User\AppData\Local\Packages\Microsoft.WindowsCamera_8wekyb3d8bbwe\Settings\settings.dat', '3', '1'"
"2025-08-27 9:40:53 AM","Information","Microsoft-Windows-WindowsUpdateClient","43","Installation Started: Windows has started installing the following update: 9WZDNCRFJBBG-MICROSOFT.WINDOWSCAMERA"
"2025-08-27 9:40:56 AM","Information","Microsoft-Windows-WindowsUpdateClient","44","Windows Update started downloading an update."
"2025-08-27 9:40:56 AM","Information","Microsoft-Windows-WindowsUpdateClient","44","Windows Update started downloading an update."
"2025-08-27 9:40:56 AM","Information","Microsoft-Windows-WindowsUpdateClient","44","Windows Update started downloading an update."
"2025-08-27 9:40:56 AM","Information","Microsoft-Windows-WindowsUpdateClient","44","Windows Update started downloading an update."
"2025-08-27 9:40:56 AM","Information","Microsoft-Windows-WindowsUpdateClient","44","Windows Update started downloading an update."
"2025-08-27 9:40:56 AM","Information","Microsoft-Windows-WindowsUpdateClient","44","Windows Update started downloading an update."
"2025-08-27 9:40:56 AM","Information","Microsoft-Windows-WindowsUpdateClient","44","Windows Update started downloading an update."
"2025-08-27 9:40:56 AM","Information","Microsoft-Windows-WindowsUpdateClient","44","Windows Update started downloading an update."
"2025-08-27 9:43:10 AM","Information","Microsoft-Windows-Kernel-General","16","The description for Event ID '16' in Source 'Microsoft-Windows-Kernel-General' cannot be found.  The local computer may not have the necessary registry information or message DLL files to display the message, or you may not have permission to access them.  The following information is part of the event:'132', '\??\C:\ProgramData\Microsoft\Windows\AppRepository\Packages\Microsoft.WindowsMaps_11.2506.3.0_x64__8wekyb3d8bbwe\ActivationStore.dat', '0', '0'"
"2025-08-27 9:43:13 AM","Information","Microsoft-Windows-WindowsUpdateClient","43","Installation Started: Windows has started installing the following update: 9WZDNCRDTBVB-MICROSOFT.WINDOWSMAPS"
"2025-08-27 9:43:13 AM","Information","Microsoft-Windows-Kernel-General","16","The description for Event ID '16' in Source 'Microsoft-Windows-Kernel-General' cannot be found.  The local computer may not have the necessary registry information or message DLL files to display the message, or you may not have permission to access them.  The following information is part of the event:'98', '\??\C:\Users\User\AppData\Local\Packages\Microsoft.WindowsMaps_8wekyb3d8bbwe\Settings\settings.dat', '3', '1'"
"2025-08-27 9:43:13 AM","Information","Microsoft-Windows-WindowsUpdateClient","43","Installation Started: Windows has started installing the following update: 9P5VK8KZB5QZ-Microsoft.UI.Xaml.2.7"
"2025-08-27 9:43:13 AM","Information","Microsoft-Windows-WindowsUpdateClient","19","Installation Successful: Windows successfully installed the following update: 9P5VK8KZB5QZ-Microsoft.UI.Xaml.2.7"
"2025-08-27 9:43:14 AM","Information","Microsoft-Windows-WindowsUpdateClient","19","Installation Successful: Windows successfully installed the following update: 9WZDNCRDTBVB-MICROSOFT.WINDOWSMAPS"
"2025-08-27 9:43:17 AM","Information","Microsoft-Windows-WindowsUpdateClient","44","Windows Update started downloading an update."
"2025-08-27 9:43:17 AM","Information","Microsoft-Windows-WindowsUpdateClient","44","Windows Update started downloading an update."
"2025-08-27 9:43:17 AM","Information","Microsoft-Windows-WindowsUpdateClient","44","Windows Update started downloading an update."
"2025-08-27 9:43:17 AM","Information","Microsoft-Windows-WindowsUpdateClient","44","Windows Update started downloading an update."
"2025-08-27 9:43:17 AM","Information","Microsoft-Windows-WindowsUpdateClient","44","Windows Update started downloading an update."
"2025-08-27 9:43:17 AM","Information","Microsoft-Windows-WindowsUpdateClient","44","Windows Update started downloading an update."
"2025-08-27 9:43:17 AM","Information","Microsoft-Windows-WindowsUpdateClient","44","Windows Update started downloading an update."
"2025-08-27 9:43:21 AM","Information","Microsoft-Windows-WindowsUpdateClient","44","Windows Update started downloading an update."
"2025-08-27 9:43:21 AM","Information","Microsoft-Windows-WindowsUpdateClient","44","Windows Update started downloading an update."
"2025-08-27 9:43:21 AM","Information","Microsoft-Windows-WindowsUpdateClient","44","Windows Update started downloading an update."
"2025-08-27 9:46:49 AM","Information","Microsoft-Windows-Kernel-General","16","The description for Event ID '16' in Source 'Microsoft-Windows-Kernel-General' cannot be found.  The local computer may not have the necessary registry information or message DLL files to display the message, or you may not have permission to access them.  The following information is part of the event:'141', '\??\C:\ProgramData\Microsoft\Windows\AppRepository\Packages\Microsoft.Microsoft3DViewer_7.2506.10022.0_x64__8wekyb3d8bbwe\ActivationStore.dat', '0', '0'"
"2025-08-27 9:46:50 AM","Information","Microsoft-Windows-Kernel-General","16","The description for Event ID '16' in Source 'Microsoft-Windows-Kernel-General' cannot be found.  The local computer may not have the necessary registry information or message DLL files to display the message, or you may not have permission to access them.  The following information is part of the event:'154', '\??\C:\ProgramData\Microsoft\Windows\AppRepository\Packages\microsoft.windowscommunicationsapps_16005.14326.22342.0_x64__8wekyb3d8bbwe\ActivationStore.dat', '0', '0'"
"2025-08-27 9:46:53 AM","Information","Microsoft-Windows-WindowsUpdateClient","19","Installation Successful: Windows successfully installed the following update: 9NBLGGH42THS-Microsoft.Microsoft3DViewer"
"2025-08-27 9:46:53 AM","Information","Microsoft-Windows-Kernel-General","16","The description for Event ID '16' in Source 'Microsoft-Windows-Kernel-General' cannot be found.  The local computer may not have the necessary registry information or message DLL files to display the message, or you may not have permission to access them.  The following information is part of the event:'104', '\??\C:\Users\User\AppData\Local\Packages\Microsoft.Microsoft3DViewer_8wekyb3d8bbwe\Settings\settings.dat', '3', '1'"
"2025-08-27 9:46:53 AM","Information","Microsoft-Windows-WindowsUpdateClient","43","Installation Started: Windows has started installing the following update: 9NBLGGH42THS-Microsoft.Microsoft3DViewer"
"2025-08-27 9:46:54 AM","Error","Microsoft-Windows-WindowsUpdateClient","20","Installation Failure: Windows failed to install the following update with error 0x80073d02: 9WZDNCRFHVQM-MICROSOFT.WINDOWSCOMMUNICATIONSAPPS."
"2025-08-27 9:46:54 AM","Information","Microsoft-Windows-WindowsUpdateClient","43","Installation Started: Windows has started installing the following update: 9WZDNCRFHVQM-MICROSOFT.WINDOWSCOMMUNICATIONSAPPS"
"2025-08-27 9:46:54 AM","Information","Microsoft-Windows-WindowsUpdateClient","44","Windows Update started downloading an update."
"2025-08-27 9:46:57 AM","Information","Microsoft-Windows-WindowsUpdateClient","44","Windows Update started downloading an update."
"2025-08-27 9:46:57 AM","Information","Microsoft-Windows-WindowsUpdateClient","44","Windows Update started downloading an update."
"2025-08-27 9:46:57 AM","Information","Microsoft-Windows-WindowsUpdateClient","44","Windows Update started downloading an update."
"2025-08-27 9:46:57 AM","Information","Microsoft-Windows-WindowsUpdateClient","44","Windows Update started downloading an update."
"2025-08-27 9:46:57 AM","Information","Microsoft-Windows-WindowsUpdateClient","44","Windows Update started downloading an update."
"2025-08-27 9:46:57 AM","Information","Microsoft-Windows-WindowsUpdateClient","44","Windows Update started downloading an update."
"2025-08-27 9:46:57 AM","Information","Microsoft-Windows-WindowsUpdateClient","44","Windows Update started downloading an update."
"2025-08-27 9:46:57 AM","Information","Microsoft-Windows-WindowsUpdateClient","44","Windows Update started downloading an update."
"2025-08-27 9:47:03 AM","Information","Microsoft-Windows-WindowsUpdateClient","44","Windows Update started downloading an update."
"2025-08-27 9:47:24 AM","Information","Microsoft-Windows-WindowsUpdateClient","44","Windows Update started downloading an update."
"2025-08-27 9:47:24 AM","Information","Microsoft-Windows-WindowsUpdateClient","44","Windows Update started downloading an update."
"2025-08-27 9:47:27 AM","Information","Microsoft-Windows-WindowsUpdateClient","44","Windows Update started downloading an update."
"2025-08-27 9:47:30 AM","Information","Microsoft-Windows-WindowsUpdateClient","44","Windows Update started downloading an update."
"2025-08-27 9:47:30 AM","Information","Microsoft-Windows-WindowsUpdateClient","44","Windows Update started downloading an update."
"2025-08-27 9:47:30 AM","Information","Microsoft-Windows-WindowsUpdateClient","44","Windows Update started downloading an update."
"2025-08-27 9:47:30 AM","Information","Microsoft-Windows-WindowsUpdateClient","44","Windows Update started downloading an update."
"2025-08-27 9:47:31 AM","Information","Microsoft-Windows-WindowsUpdateClient","44","Windows Update started downloading an update."
"2025-08-27 9:47:31 AM","Information","Microsoft-Windows-WindowsUpdateClient","44","Windows Update started downloading an update."
"2025-08-27 9:47:31 AM","Information","Microsoft-Windows-WindowsUpdateClient","44","Windows Update started downloading an update."
"2025-08-27 9:47:31 AM","Information","Microsoft-Windows-WindowsUpdateClient","44","Windows Update started downloading an update."
"2025-08-27 9:47:31 AM","Information","Microsoft-Windows-WindowsUpdateClient","44","Windows Update started downloading an update."
"2025-08-27 9:48:58 AM","Information","Microsoft-Windows-Kernel-General","16","The description for Event ID '16' in Source 'Microsoft-Windows-Kernel-General' cannot be found.  The local computer may not have the necessary registry information or message DLL files to display the message, or you may not have permission to access them.  The following information is part of the event:'135', '\??\C:\ProgramData\Microsoft\Windows\AppRepository\Packages\Microsoft.ZuneVideo_10.25071.10101.0_x64__8wekyb3d8bbwe\ActivationStore.dat', '0', '0'"
"2025-08-27 9:49:01 AM","Information","Microsoft-Windows-WindowsUpdateClient","43","Installation Started: Windows has started installing the following update: 9WZDNCRFJ3P2-MICROSOFT.ZUNEVIDEO"
"2025-08-27 9:49:02 AM","Information","Microsoft-Windows-WindowsUpdateClient","19","Installation Successful: Windows successfully installed the following update: 9WZDNCRFJ3P2-MICROSOFT.ZUNEVIDEO"
"2025-08-27 9:49:02 AM","Information","Microsoft-Windows-Kernel-General","16","The description for Event ID '16' in Source 'Microsoft-Windows-Kernel-General' cannot be found.  The local computer may not have the necessary registry information or message DLL files to display the message, or you may not have permission to access them.  The following information is part of the event:'96', '\??\C:\Users\User\AppData\Local\Packages\Microsoft.ZuneVideo_8wekyb3d8bbwe\Settings\settings.dat', '3', '1'"
"2025-08-27 9:49:06 AM","Information","Microsoft-Windows-WindowsUpdateClient","44","Windows Update started downloading an update."
"2025-08-27 9:49:06 AM","Information","Microsoft-Windows-WindowsUpdateClient","44","Windows Update started downloading an update."
"2025-08-27 9:49:06 AM","Information","Microsoft-Windows-WindowsUpdateClient","44","Windows Update started downloading an update."
"2025-08-27 9:49:06 AM","Information","Microsoft-Windows-WindowsUpdateClient","44","Windows Update started downloading an update."
"2025-08-27 9:49:06 AM","Information","Microsoft-Windows-WindowsUpdateClient","44","Windows Update started downloading an update."
"2025-08-27 9:49:06 AM","Information","Microsoft-Windows-WindowsUpdateClient","44","Windows Update started downloading an update."
"2025-08-27 9:49:06 AM","Information","Microsoft-Windows-WindowsUpdateClient","44","Windows Update started downloading an update."
"2025-08-27 9:49:06 AM","Information","Microsoft-Windows-WindowsUpdateClient","44","Windows Update started downloading an update."
"2025-08-27 9:49:06 AM","Information","Microsoft-Windows-WindowsUpdateClient","44","Windows Update started downloading an update."
"2025-08-27 9:49:06 AM","Information","Microsoft-Windows-WindowsUpdateClient","44","Windows Update started downloading an update."
"2025-08-27 9:49:10 AM","Information","Microsoft-Windows-WindowsUpdateClient","44","Windows Update started downloading an update."
"2025-08-27 9:49:10 AM","Information","Microsoft-Windows-WindowsUpdateClient","44","Windows Update started downloading an update."
"2025-08-27 9:49:10 AM","Information","Microsoft-Windows-WindowsUpdateClient","44","Windows Update started downloading an update."
"2025-08-27 9:51:24 AM","Information","Microsoft-Windows-Kernel-General","16","The description for Event ID '16' in Source 'Microsoft-Windows-Kernel-General' cannot be found.  The local computer may not have the necessary registry information or message DLL files to display the message, or you may not have permission to access them.  The following information is part of the event:'149', '\??\C:\ProgramData\Microsoft\Windows\AppRepository\Packages\Microsoft.MicrosoftSolitaireCollection_4.23.7100.0_x64__8wekyb3d8bbwe\ActivationStore.dat', '0', '0'"
"2025-08-27 9:51:25 AM","Information","Microsoft-Windows-Kernel-General","16","The description for Event ID '16' in Source 'Microsoft-Windows-Kernel-General' cannot be found.  The local computer may not have the necessary registry information or message DLL files to display the message, or you may not have permission to access them.  The following information is part of the event:'142', '\??\C:\ProgramData\Microsoft\Windows\AppRepository\Packages\Microsoft.WindowsFeedbackHub_1.2506.12104.0_x64__8wekyb3d8bbwe\ActivationStore.dat', '0', '0'"
"2025-08-27 9:51:27 AM","Information","Microsoft-Windows-WindowsUpdateClient","43","Installation Started: Windows has started installing the following update: 9WZDNCRFHWD2-Microsoft.MicrosoftSolitaireCollection"
"2025-08-27 9:51:27 AM","Information","Microsoft-Windows-Kernel-General","16","The description for Event ID '16' in Source 'Microsoft-Windows-Kernel-General' cannot be found.  The local computer may not have the necessary registry information or message DLL files to display the message, or you may not have permission to access them.  The following information is part of the event:'115', '\??\C:\Users\User\AppData\Local\Packages\Microsoft.MicrosoftSolitaireCollection_8wekyb3d8bbwe\Settings\settings.dat', '3', '1'"
"2025-08-27 9:51:27 AM","Information","Microsoft-Windows-WindowsUpdateClient","19","Installation Successful: Windows successfully installed the following update: 9WZDNCRFHWD2-Microsoft.MicrosoftSolitaireCollection"
"2025-08-27 9:51:27 AM","Information","Microsoft-Windows-WindowsUpdateClient","44","Windows Update started downloading an update."
"2025-08-27 9:51:27 AM","Information","Microsoft-Windows-WindowsUpdateClient","44","Windows Update started downloading an update."
"2025-08-27 9:51:27 AM","Information","Microsoft-Windows-WindowsUpdateClient","44","Windows Update started downloading an update."
"2025-08-27 9:51:39 AM","Information","Microsoft-Windows-WindowsUpdateClient","44","Windows Update started downloading an update."
"2025-08-27 9:51:39 AM","Information","Microsoft-Windows-WindowsUpdateClient","44","Windows Update started downloading an update."
"2025-08-27 9:51:39 AM","Information","Microsoft-Windows-WindowsUpdateClient","44","Windows Update started downloading an update."
"2025-08-27 9:51:39 AM","Information","Microsoft-Windows-WindowsUpdateClient","44","Windows Update started downloading an update."
"2025-08-27 9:51:39 AM","Information","Microsoft-Windows-WindowsUpdateClient","44","Windows Update started downloading an update."
"2025-08-27 9:51:39 AM","Information","Microsoft-Windows-WindowsUpdateClient","44","Windows Update started downloading an update."
"2025-08-27 9:51:39 AM","Information","Microsoft-Windows-WindowsUpdateClient","44","Windows Update started downloading an update."
"2025-08-27 9:51:39 AM","Information","Microsoft-Windows-WindowsUpdateClient","44","Windows Update started downloading an update."
"2025-08-27 9:51:39 AM","Information","Microsoft-Windows-WindowsUpdateClient","44","Windows Update started downloading an update."
"2025-08-27 9:51:54 AM","Information","Microsoft-Windows-Kernel-General","16","The description for Event ID '16' in Source 'Microsoft-Windows-Kernel-General' cannot be found.  The local computer may not have the necessary registry information or message DLL files to display the message, or you may not have permission to access them.  The following information is part of the event:'131', '\??\C:\ProgramData\Microsoft\Windows\AppRepository\Packages\Microsoft.SkypeApp_15.150.3125.0_x64__kzf8qxf38zg5c\ActivationStore.dat', '0', '0'"
"2025-08-27 9:51:57 AM","Information","Microsoft-Windows-WindowsUpdateClient","19","Installation Successful: Windows successfully installed the following update: 9WZDNCRFJ364-MICROSOFT.SKYPEAPP"
"2025-08-27 9:51:57 AM","Information","Microsoft-Windows-WindowsUpdateClient","43","Installation Started: Windows has started installing the following update: 9WZDNCRFJ364-MICROSOFT.SKYPEAPP"
"2025-08-27 9:52:04 AM","Information","Microsoft-Windows-WindowsUpdateClient","44","Windows Update started downloading an update."
"2025-08-27 9:52:16 AM","Information","Microsoft-Windows-Kernel-General","16","The description for Event ID '16' in Source 'Microsoft-Windows-Kernel-General' cannot be found.  The local computer may not have the necessary registry information or message DLL files to display the message, or you may not have permission to access them.  The following information is part of the event:'135', '\??\C:\ProgramData\Microsoft\Windows\AppRepository\Packages\Microsoft.UI.Xaml.2.4_2.42007.9001.0_x86__8wekyb3d8bbwe\ActivationStore.dat', '0', '0'"
"2025-08-27 9:52:51 AM","Information","Microsoft-Windows-Kernel-General","16","The description for Event ID '16' in Source 'Microsoft-Windows-Kernel-General' cannot be found.  The local computer may not have the necessary registry information or message DLL files to display the message, or you may not have permission to access them.  The following information is part of the event:'136', '\??\C:\ProgramData\Microsoft\Windows\AppRepository\Packages\Microsoft.ScreenSketch_10.2008.3001.0_x64__8wekyb3d8bbwe\ActivationStore.dat', '0', '0'"
"2025-08-27 9:52:57 AM","Information","Microsoft-Windows-Kernel-General","16","The description for Event ID '16' in Source 'Microsoft-Windows-Kernel-General' cannot be found.  The local computer may not have the necessary registry information or message DLL files to display the message, or you may not have permission to access them.  The following information is part of the event:'135', '\??\C:\ProgramData\Microsoft\Windows\AppRepository\Packages\Microsoft.UI.Xaml.2.4_2.42007.9001.0_x64__8wekyb3d8bbwe\ActivationStore.dat', '0', '0'"
"2025-08-27 9:52:59 AM","Information","Microsoft-Windows-WindowsUpdateClient","43","Installation Started: Windows has started installing the following update: 9PB1PFTHHM15-Microsoft.UI.Xaml.2.4"
"2025-08-27 9:53:00 AM","Information","Microsoft-Windows-Kernel-General","16","The description for Event ID '16' in Source 'Microsoft-Windows-Kernel-General' cannot be found.  The local computer may not have the necessary registry information or message DLL files to display the message, or you may not have permission to access them.  The following information is part of the event:'99', '\??\C:\Users\User\AppData\Local\Packages\Microsoft.ScreenSketch_8wekyb3d8bbwe\Settings\settings.dat', '3', '1'"
"2025-08-27 9:53:00 AM","Information","Microsoft-Windows-WindowsUpdateClient","43","Installation Started: Windows has started installing the following update: 9MZ95KL8MR0L-Microsoft.ScreenSketch"
"2025-08-27 9:53:00 AM","Information","Microsoft-Windows-WindowsUpdateClient","19","Installation Successful: Windows successfully installed the following update: 9PB1PFTHHM15-Microsoft.UI.Xaml.2.4"
"2025-08-27 9:53:01 AM","Information","Microsoft-Windows-WindowsUpdateClient","19","Installation Successful: Windows successfully installed the following update: 9MZ95KL8MR0L-Microsoft.ScreenSketch"
