"2025-09-10 6:56:22 PM","Information","Microsoft-Windows-Kernel-General","16","The description for Event ID '16' in Source 'Microsoft-Windows-Kernel-General' cannot be found.  The local computer may not have the necessary registry information or message DLL files to display the message, or you may not have permission to access them.  The following information is part of the event:'167', '\??\C:\ProgramData\Microsoft\Windows\AppRepository\Packages\Microsoft.Windows.AssignedAccessLockApp_1000.19041.3636.0_neutral_neutral_cw5n1h2txyewy\ActivationStore.dat', '0', '0'"
"2025-09-10 6:56:23 PM","Information","Microsoft-Windows-Kernel-General","16","The description for Event ID '16' in Source 'Microsoft-Windows-Kernel-General' cannot be found.  The local computer may not have the necessary registry information or message DLL files to display the message, or you may not have permission to access them.  The following information is part of the event:'166', '\??\C:\ProgramData\Microsoft\Windows\AppRepository\Packages\Microsoft.Windows.ContentDeliveryManager_10.0.19041.3636_neutral_neutral_cw5n1h2txyewy\ActivationStore.dat', '0', '0'"
"2025-09-10 6:56:23 PM","Information","Microsoft-Windows-Kernel-General","16","The description for Event ID '16' in Source 'Microsoft-Windows-Kernel-General' cannot be found.  The local computer may not have the necessary registry information or message DLL files to display the message, or you may not have permission to access them.  The following information is part of the event:'163', '\??\C:\ProgramData\Microsoft\Windows\AppRepository\Packages\Microsoft.Windows.CloudExperienceHost_10.0.19041.3636_neutral_neutral_cw5n1h2txyewy\ActivationStore.dat', '0', '0'"
"2025-09-10 6:56:24 PM","Information","Microsoft-Windows-Kernel-General","16","The description for Event ID '16' in Source 'Microsoft-Windows-Kernel-General' cannot be found.  The local computer may not have the necessary registry information or message DLL files to display the message, or you may not have permission to access them.  The following information is part of the event:'161', '\??\C:\ProgramData\Microsoft\Windows\AppRepository\Packages\Microsoft.Windows.OOBENetworkCaptivePortal_10.0.19041.3636_neutral__cw5n1h2txyewy\ActivationStore.dat', '0', '0'"
"2025-09-10 6:56:24 PM","Information","Microsoft-Windows-Kernel-General","16","The description for Event ID '16' in Source 'Microsoft-Windows-Kernel-General' cannot be found.  The local computer may not have the necessary registry information or message DLL files to display the message, or you may not have permission to access them.  The following information is part of the event:'162', '\??\C:\ProgramData\Microsoft\Windows\AppRepository\Packages\Microsoft.Windows.NarratorQuickStart_10.0.19041.3636_neutral_neutral_8wekyb3d8bbwe\ActivationStore.dat', '0', '0'"
"2025-09-10 6:56:25 PM","Information","Microsoft-Windows-Kernel-General","16","The description for Event ID '16' in Source 'Microsoft-Windows-Kernel-General' cannot be found.  The local computer may not have the necessary registry information or message DLL files to display the message, or you may not have permission to access them.  The following information is part of the event:'164', '\??\C:\ProgramData\Microsoft\Windows\AppRepository\Packages\Microsoft.Windows.PeopleExperienceHost_10.0.19041.3636_neutral_neutral_cw5n1h2txyewy\ActivationStore.dat', '0', '0'"
"2025-09-10 6:56:25 PM","Information","Microsoft-Windows-Kernel-General","16","The description for Event ID '16' in Source 'Microsoft-Windows-Kernel-General' cannot be found.  The local computer may not have the necessary registry information or message DLL files to display the message, or you may not have permission to access them.  The following information is part of the event:'164', '\??\C:\ProgramData\Microsoft\Windows\AppRepository\Packages\Microsoft.Windows.PinningConfirmationDialog_1000.19041.3636.0_neutral__cw5n1h2txyewy\ActivationStore.dat', '0', '0'"
"2025-09-10 6:56:25 PM","Information","Microsoft-Windows-Kernel-General","16","The description for Event ID '16' in Source 'Microsoft-Windows-Kernel-General' cannot be found.  The local computer may not have the necessary registry information or message DLL files to display the message, or you may not have permission to access them.  The following information is part of the event:'162', '\??\C:\ProgramData\Microsoft\Windows\AppRepository\Packages\Microsoft.Windows.OOBENetworkConnectionFlow_10.0.19041.3636_neutral__cw5n1h2txyewy\ActivationStore.dat', '0', '0'"
"2025-09-10 6:56:25 PM","Information","Microsoft-Windows-Kernel-General","16","The description for Event ID '16' in Source 'Microsoft-Windows-Kernel-General' cannot be found.  The local computer may not have the necessary registry information or message DLL files to display the message, or you may not have permission to access them.  The following information is part of the event:'162', '\??\C:\ProgramData\Microsoft\Windows\AppRepository\Packages\Microsoft.Windows.ParentalControls_1000.19041.3636.0_neutral_neutral_cw5n1h2txyewy\ActivationStore.dat', '0', '0'"
"2025-09-10 6:56:26 PM","Information","Microsoft-Windows-Kernel-General","16","The description for Event ID '16' in Source 'Microsoft-Windows-Kernel-General' cannot be found.  The local computer may not have the necessary registry information or message DLL files to display the message, or you may not have permission to access them.  The following information is part of the event:'148', '\??\C:\ProgramData\Microsoft\Windows\AppRepository\Packages\Microsoft.Windows.SecHealthUI_10.0.19041.3636_neutral__cw5n1h2txyewy\ActivationStore.dat', '0', '0'"
"2025-09-10 6:56:26 PM","Information","Microsoft-Windows-Kernel-General","16","The description for Event ID '16' in Source 'Microsoft-Windows-Kernel-General' cannot be found.  The local computer may not have the necessary registry information or message DLL files to display the message, or you may not have permission to access them.  The following information is part of the event:'148', '\??\C:\ProgramData\Microsoft\Windows\AppRepository\Packages\Microsoft.Windows.Search_1.14.10.19041_neutral_neutral_cw5n1h2txyewy\ActivationStore.dat', '0', '0'"
"2025-09-10 6:56:27 PM","Information","Microsoft-Windows-Kernel-General","16","The description for Event ID '16' in Source 'Microsoft-Windows-Kernel-General' cannot be found.  The local computer may not have the necessary registry information or message DLL files to display the message, or you may not have permission to access them.  The following information is part of the event:'163', '\??\C:\ProgramData\Microsoft\Windows\AppRepository\Packages\Microsoft.Windows.ShellExperienceHost_10.0.19041.3636_neutral_neutral_cw5n1h2txyewy\ActivationStore.dat', '0', '0'"
"2025-09-10 6:56:27 PM","Information","Microsoft-Windows-Kernel-General","16","The description for Event ID '16' in Source 'Microsoft-Windows-Kernel-General' cannot be found.  The local computer may not have the necessary registry information or message DLL files to display the message, or you may not have permission to access them.  The following information is part of the event:'167', '\??\C:\ProgramData\Microsoft\Windows\AppRepository\Packages\Microsoft.Windows.SecureAssessmentBrowser_10.0.19041.3636_neutral_neutral_cw5n1h2txyewy\ActivationStore.dat', '0', '0'"
"2025-09-10 6:56:28 PM","Information","Microsoft-Windows-Kernel-General","16","The description for Event ID '16' in Source 'Microsoft-Windows-Kernel-General' cannot be found.  The local computer may not have the necessary registry information or message DLL files to display the message, or you may not have permission to access them.  The following information is part of the event:'156', '\??\C:\ProgramData\Microsoft\Windows\AppRepository\Packages\Microsoft.XboxGameCallableUI_1000.19041.3636.0_neutral_neutral_cw5n1h2txyewy\ActivationStore.dat', '0', '0'"
"2025-09-10 6:56:28 PM","Information","Microsoft-Windows-Kernel-General","16","The description for Event ID '16' in Source 'Microsoft-Windows-Kernel-General' cannot be found.  The local computer may not have the necessary registry information or message DLL files to display the message, or you may not have permission to access them.  The following information is part of the event:'159', '\??\C:\ProgramData\Microsoft\Windows\AppRepository\Packages\Microsoft.Windows.XGpuEjectDialog_10.0.19041.3636_neutral_neutral_cw5n1h2txyewy\ActivationStore.dat', '0', '0'"
"2025-09-10 6:56:28 PM","Information","Microsoft-Windows-Kernel-General","16","The description for Event ID '16' in Source 'Microsoft-Windows-Kernel-General' cannot be found.  The local computer may not have the necessary registry information or message DLL files to display the message, or you may not have permission to access them.  The following information is part of the event:'167', '\??\C:\ProgramData\Microsoft\Windows\AppRepository\Packages\Microsoft.Windows.StartMenuExperienceHost_10.0.19041.3636_neutral_neutral_cw5n1h2txyewy\ActivationStore.dat', '0', '0'"
"2025-09-10 6:56:29 PM","Information","Microsoft-Windows-Kernel-General","16","The description for Event ID '16' in Source 'Microsoft-Windows-Kernel-General' cannot be found.  The local computer may not have the necessary registry information or message DLL files to display the message, or you may not have permission to access them.  The following information is part of the event:'144', '\??\C:\ProgramData\Microsoft\Windows\AppRepository\Packages\MicrosoftWindows.Client.CBS_1000.19053.1000.0_x64__cw5n1h2txyewy\ActivationStore.dat', '0', '0'"
"2025-09-10 6:56:30 PM","Information","Microsoft-Windows-Kernel-General","16","The description for Event ID '16' in Source 'Microsoft-Windows-Kernel-General' cannot be found.  The local computer may not have the necessary registry information or message DLL files to display the message, or you may not have permission to access them.  The following information is part of the event:'138', '\??\C:\ProgramData\Microsoft\Windows\AppRepository\Packages\NcsiUwpApp_1000.19041.3636.0_neutral_neutral_8wekyb3d8bbwe\ActivationStore.dat', '0', '0'"
"2025-09-10 6:56:30 PM","Information","Microsoft-Windows-Kernel-General","16","The description for Event ID '16' in Source 'Microsoft-Windows-Kernel-General' cannot be found.  The local computer may not have the necessary registry information or message DLL files to display the message, or you may not have permission to access them.  The following information is part of the event:'157', '\??\C:\ProgramData\Microsoft\Windows\AppRepository\Packages\MicrosoftWindows.UndockedDevKit_10.0.19041.3636_neutral_neutral_cw5n1h2txyewy\ActivationStore.dat', '0', '0'"
"2025-09-10 6:56:31 PM","Information","Microsoft-Windows-Kernel-General","16","The description for Event ID '16' in Source 'Microsoft-Windows-Kernel-General' cannot be found.  The local computer may not have the necessary registry information or message DLL files to display the message, or you may not have permission to access them.  The following information is part of the event:'144', '\??\C:\ProgramData\Microsoft\Windows\AppRepository\Packages\Windows.CBSPreview_10.0.19041.3636_neutral_neutral_cw5n1h2txyewy\ActivationStore.dat', '0', '0'"
"2025-09-10 6:56:39 PM","Warning","Microsoft-Windows-Kernel-Processor-Power","37","The speed of Hyper-V logical processor 1 is being limited by system firmware. The processor has been in this reduced performance state for 71 seconds since the last report."
"2025-09-10 6:56:39 PM","Warning","Microsoft-Windows-Kernel-Processor-Power","37","The speed of Hyper-V logical processor 0 is being limited by system firmware. The processor has been in this reduced performance state for 71 seconds since the last report."
"2025-09-10 6:56:39 PM","Warning","Microsoft-Windows-Kernel-Processor-Power","37","The speed of Hyper-V logical processor 2 is being limited by system firmware. The processor has been in this reduced performance state for 71 seconds since the last report."
"2025-09-10 6:56:39 PM","Warning","Microsoft-Windows-Kernel-Processor-Power","37","The speed of Hyper-V logical processor 3 is being limited by system firmware. The processor has been in this reduced performance state for 71 seconds since the last report."
"2025-09-10 6:56:40 PM","Information","Microsoft-Windows-UserModePowerService","12","Process C:\Windows\WinSxS\amd64_microsoft-windows-servicingstack_31bf3856ad364e35_10.0.19041.6151_none_7e2f7fd67c740ce3\TiWorker.exe (process ID:2316) reset policy scheme from {9c9211e2-0ffd-4b21-afc5-7cb42d0eb162} to {9c9211e2-0ffd-4b21-afc5-7cb42d0eb162}"
"2025-09-10 6:57:08 PM","Information","HTTP","1073756831","The description for Event ID '1073756831' in Source 'HTTP' cannot be found.  The local computer may not have the necessary registry information or message DLL files to display the message, or you may not have permission to access them.  The following information is part of the event:'', 'http://+:10247/apps/'"
"2025-09-10 6:57:35 PM","Information","Microsoft-Windows-Kernel-General","16","The description for Event ID '16' in Source 'Microsoft-Windows-Kernel-General' cannot be found.  The local computer may not have the necessary registry information or message DLL files to display the message, or you may not have permission to access them.  The following information is part of the event:'119', '\??\C:\Windows\ServiceProfiles\NetworkService\AppData\Local\Microsoft\Windows\DeliveryOptimization\State\dosvcState.dat', '41', '12'"
"2025-09-10 6:57:38 PM","Warning","DCOM","10016","The description for Event ID '10016' in Source 'DCOM' cannot be found.  The local computer may not have the necessary registry information or message DLL files to display the message, or you may not have permission to access them.  The following information is part of the event:'application-specific', 'Local', 'Launch', 'Windows.SecurityCenter.WscDataProtection', 'Unavailable', 'NT AUTHORITY', 'SYSTEM', 'S-1-5-18', 'LocalHost (Using LRPC)', 'Unavailable', 'Unavailable'"
"2025-09-10 6:58:13 PM","Information","Service Control Manager","1073748864","The start type of the Windows Modules Installer service was changed from auto start to demand start."
"2025-09-10 6:58:14 PM","Error","Service Control Manager","3221232495","The Windows Update service terminated with the following error: 
%%2147942432"
"2025-09-10 6:58:14 PM","Information","Microsoft-Windows-Kernel-General","15","The description for Event ID '15' in Source 'Microsoft-Windows-Kernel-General' cannot be found.  The local computer may not have the necessary registry information or message DLL files to display the message, or you may not have permission to access them.  The following information is part of the event:'62', '\??\C:\Users\User\AppData\Local\Microsoft\Windows\UsrClass.dat', '4440064', '3903488'"
"2025-09-10 6:58:14 PM","Information","Microsoft-Windows-Winlogon","7001","User Logon Notification for Customer Experience Improvement Program"
"2025-09-10 6:58:14 PM","Information","Microsoft-Windows-Kernel-General","16","The description for Event ID '16' in Source 'Microsoft-Windows-Kernel-General' cannot be found.  The local computer may not have the necessary registry information or message DLL files to display the message, or you may not have permission to access them.  The following information is part of the event:'28', '\??\C:\Users\User\ntuser.dat', '2012', '274'"
"2025-09-10 6:58:16 PM","Warning","DCOM","10016","The description for Event ID '10016' in Source 'DCOM' cannot be found.  The local computer may not have the necessary registry information or message DLL files to display the message, or you may not have permission to access them.  The following information is part of the event:'application-specific', 'Local', 'Activation', '{6B3B8D23-FA8D-40B9-8DBD-B950333E2C52}', '{4839DDB7-58C2-48F5-8283-E1D1807D0D7D}', 'NT AUTHORITY', 'LOCAL SERVICE', 'S-1-5-19', 'LocalHost (Using LRPC)', 'Unavailable', 'Unavailable'"
"2025-09-10 6:58:16 PM","Warning","DCOM","10016","The description for Event ID '10016' in Source 'DCOM' cannot be found.  The local computer may not have the necessary registry information or message DLL files to display the message, or you may not have permission to access them.  The following information is part of the event:'application-specific', 'Local', 'Activation', '{6B3B8D23-FA8D-40B9-8DBD-B950333E2C52}', '{4839DDB7-58C2-48F5-8283-E1D1807D0D7D}', 'NT AUTHORITY', 'LOCAL SERVICE', 'S-1-5-19', 'LocalHost (Using LRPC)', 'Unavailable', 'Unavailable'"
"2025-09-10 6:58:21 PM","Information","Microsoft-Windows-Kernel-General","16","The description for Event ID '16' in Source 'Microsoft-Windows-Kernel-General' cannot be found.  The local computer may not have the necessary registry information or message DLL files to display the message, or you may not have permission to access them.  The following information is part of the event:'114', '\??\C:\Users\User\AppData\Local\Packages\Microsoft.Windows.CloudExperienceHost_cw5n1h2txyewy\Settings\settings.dat', '3', '1'"
"2025-09-10 6:58:21 PM","Information","Microsoft-Windows-Kernel-General","16","The description for Event ID '16' in Source 'Microsoft-Windows-Kernel-General' cannot be found.  The local computer may not have the necessary registry information or message DLL files to display the message, or you may not have permission to access them.  The following information is part of the event:'100', '\??\C:\Users\User\AppData\Local\Packages\Microsoft.BioEnrollment_cw5n1h2txyewy\Settings\settings.dat', '1', '1'"
"2025-09-10 6:58:22 PM","Information","Microsoft-Windows-Kernel-General","16","The description for Event ID '16' in Source 'Microsoft-Windows-Kernel-General' cannot be found.  The local computer may not have the necessary registry information or message DLL files to display the message, or you may not have permission to access them.  The following information is part of the event:'119', '\??\C:\Users\User\AppData\Local\Packages\Microsoft.Windows.OOBENetworkCaptivePortal_cw5n1h2txyewy\Settings\settings.dat', '1', '1'"
"2025-09-10 6:58:22 PM","Information","Microsoft-Windows-Kernel-General","16","The description for Event ID '16' in Source 'Microsoft-Windows-Kernel-General' cannot be found.  The local computer may not have the necessary registry information or message DLL files to display the message, or you may not have permission to access them.  The following information is part of the event:'108', '\??\C:\Users\User\AppData\Local\Packages\MicrosoftWindows.UndockedDevKit_cw5n1h2txyewy\Settings\settings.dat', '1', '1'"
"2025-09-10 6:58:22 PM","Information","Microsoft-Windows-Kernel-General","16","The description for Event ID '16' in Source 'Microsoft-Windows-Kernel-General' cannot be found.  The local computer may not have the necessary registry information or message DLL files to display the message, or you may not have permission to access them.  The following information is part of the event:'120', '\??\C:\Users\User\AppData\Local\Packages\Microsoft.Windows.OOBENetworkConnectionFlow_cw5n1h2txyewy\Settings\settings.dat', '1', '1'"
"2025-09-10 6:58:23 PM","Information","Microsoft-Windows-Kernel-General","16","The description for Event ID '16' in Source 'Microsoft-Windows-Kernel-General' cannot be found.  The local computer may not have the necessary registry information or message DLL files to display the message, or you may not have permission to access them.  The following information is part of the event:'114', '\??\C:\Users\User\AppData\Local\Packages\Microsoft.Windows.ShellExperienceHost_cw5n1h2txyewy\Settings\settings.dat', '2', '1'"
"2025-09-10 6:58:23 PM","Information","Microsoft-Windows-Kernel-General","16","The description for Event ID '16' in Source 'Microsoft-Windows-Kernel-General' cannot be found.  The local computer may not have the necessary registry information or message DLL files to display the message, or you may not have permission to access them.  The following information is part of the event:'118', '\??\C:\Users\User\AppData\Local\Packages\Microsoft.Windows.StartMenuExperienceHost_cw5n1h2txyewy\Settings\settings.dat', '3', '1'"
"2025-09-10 6:58:24 PM","Information","Microsoft-Windows-Kernel-General","16","The description for Event ID '16' in Source 'Microsoft-Windows-Kernel-General' cannot be found.  The local computer may not have the necessary registry information or message DLL files to display the message, or you may not have permission to access them.  The following information is part of the event:'101', '\??\C:\Users\User\AppData\Local\Packages\Microsoft.Windows.Search_cw5n1h2txyewy\Settings\settings.dat', '36', '8'"
"2025-09-10 6:58:25 PM","Information","Microsoft-Windows-Kernel-General","16","The description for Event ID '16' in Source 'Microsoft-Windows-Kernel-General' cannot be found.  The local computer may not have the necessary registry information or message DLL files to display the message, or you may not have permission to access them.  The following information is part of the event:'104', '\??\C:\Users\User\AppData\Local\Packages\MicrosoftWindows.Client.CBS_cw5n1h2txyewy\Settings\settings.dat', '3', '1'"
"2025-09-10 7:03:53 PM","Warning","DCOM","10016","The description for Event ID '10016' in Source 'DCOM' cannot be found.  The local computer may not have the necessary registry information or message DLL files to display the message, or you may not have permission to access them.  The following information is part of the event:'machine-default', 'Local', 'Activation', '{C2F03A33-21F5-47FA-B4BB-156362A2F239}', '{316CDED5-E4AE-4B15-9113-7055D84DCC97}', 'DESKTOP-RVD6TK8', 'User', 'S-1-5-21-2059432068-349761349-3478041169-1001', 'LocalHost (Using LRPC)', 'Microsoft.Windows.ShellExperienceHost_10.0.19041.3636_neutral_neutral_cw5n1h2txyewy', 'S-1-15-2-155514346-2573954481-755741238-1654018636-1233331829-3075935687-2861478708'"
"2025-09-10 7:05:50 PM","Information","Microsoft-Windows-Kernel-General","16","The description for Event ID '16' in Source 'Microsoft-Windows-Kernel-General' cannot be found.  The local computer may not have the necessary registry information or message DLL files to display the message, or you may not have permission to access them.  The following information is part of the event:'85', '\??\C:\ProgramData\Microsoft\Provisioning\Microsoft-Desktop-Provisioning-Sequence.dat', '0', '0'"
"2025-09-10 8:26:46 PM","Information","Service Control Manager","1073748864","The start type of the Background Intelligent Transfer Service service was changed from demand start to auto start."
"2025-09-10 8:32:41 PM","Information","Service Control Manager","1073748864","The start type of the Background Intelligent Transfer Service service was changed from auto start to demand start."
"2025-09-11 4:11:59 AM","Information","Microsoft-Windows-Kernel-Power","105","The description for Event ID '105' in Source 'Microsoft-Windows-Kernel-Power' cannot be found.  The local computer may not have the necessary registry information or message DLL files to display the message, or you may not have permission to access them.  The following information is part of the event:'false', '47117', '47117'"
"2025-09-11 4:12:00 AM","Information","Microsoft-Windows-Kernel-General","16","The description for Event ID '16' in Source 'Microsoft-Windows-Kernel-General' cannot be found.  The local computer may not have the necessary registry information or message DLL files to display the message, or you may not have permission to access them.  The following information is part of the event:'94', '\??\C:\Users\User\AppData\Local\Packages\Microsoft.LockApp_cw5n1h2txyewy\Settings\settings.dat', '3', '1'"
"2025-09-11 11:01:18 AM","Information","Microsoft-Windows-Kernel-Boot","27","The description for Event ID '27' in Source 'Microsoft-Windows-Kernel-Boot' cannot be found.  The local computer may not have the necessary registry information or message DLL files to display the message, or you may not have permission to access them.  The following information is part of the event:'0', ' NOEXECUTE=OPTIN  NOVGA'"
"2025-09-11 11:01:18 AM","Information","Microsoft-Windows-Kernel-Boot","25","The description for Event ID '25' in Source 'Microsoft-Windows-Kernel-Boot' cannot be found.  The local computer may not have the necessary registry information or message DLL files to display the message, or you may not have permission to access them.  The following information is part of the event:'1'"
"2025-09-11 11:01:18 AM","Information","Microsoft-Windows-Kernel-Boot","238","The description for Event ID '238' in Source 'Microsoft-Windows-Kernel-Boot' cannot be found.  The local computer may not have the necessary registry information or message DLL files to display the message, or you may not have permission to access them.  The following information is part of the event:'2047', '0'"
"2025-09-11 11:01:18 AM","Information","Microsoft-Windows-Kernel-Boot","18","The description for Event ID '18' in Source 'Microsoft-Windows-Kernel-Boot' cannot be found.  The local computer may not have the necessary registry information or message DLL files to display the message, or you may not have permission to access them.  The following information is part of the event:'1'"
"2025-09-11 11:01:18 AM","Information","Microsoft-Windows-Kernel-General","20","The description for Event ID '20' in Source 'Microsoft-Windows-Kernel-General' cannot be found.  The local computer may not have the necessary registry information or message DLL files to display the message, or you may not have permission to access them.  The following information is part of the event:'0', 'true', '0', '0'"
"2025-09-11 11:01:18 AM","Information","Microsoft-Windows-Kernel-Boot","30","The description for Event ID '30' in Source 'Microsoft-Windows-Kernel-Boot' cannot be found.  The local computer may not have the necessary registry information or message DLL files to display the message, or you may not have permission to access them.  The following information is part of the event:'21', '11712', '11781', '13175', '13179'"
"2025-09-11 11:01:18 AM","Information","Microsoft-Windows-Kernel-Boot","32","The description for Event ID '32' in Source 'Microsoft-Windows-Kernel-Boot' cannot be found.  The local computer may not have the necessary registry information or message DLL files to display the message, or you may not have permission to access them.  The following information is part of the event:'0'"
"2025-09-11 11:01:18 AM","Information","Microsoft-Windows-Kernel-General","12","The description for Event ID '12' in Source 'Microsoft-Windows-Kernel-General' cannot be found.  The local computer may not have the necessary registry information or message DLL files to display the message, or you may not have permission to access them.  The following information is part of the event:'10', '0', '19041', '3803', '0', '0', '2025-09-11T15:01:18.5000000Z'"
"2025-09-11 11:01:18 AM","Information","Microsoft-Windows-Kernel-Boot","153","The description for Event ID '153' in Source 'Microsoft-Windows-Kernel-Boot' cannot be found.  The local computer may not have the necessary registry information or message DLL files to display the message, or you may not have permission to access them.  The following information is part of the event:'0', '0', '0'"
"2025-09-11 11:01:18 AM","Information","Microsoft-Windows-Kernel-Boot","20","The description for Event ID '20' in Source 'Microsoft-Windows-Kernel-Boot' cannot be found.  The local computer may not have the necessary registry information or message DLL files to display the message, or you may not have permission to access them.  The following information is part of the event:'false', 'true', '20', '2'"
"2025-09-11 11:01:19 AM","Information","Microsoft-Windows-FilterManager","6","File System Filter 'Wof' (10.0, 2090-03-16T14:56:17.0000000Z) has successfully loaded and registered with Filter Manager."
"2025-09-11 11:01:19 AM","Information","Microsoft-Windows-FilterManager","6","File System Filter 'WdFilter' (10.0, 2020-11-18T13:24:15.0000000Z) has successfully loaded and registered with Filter Manager."
"2025-09-11 11:01:19 AM","Information","TPM","24","The Trusted Platform Module (TPM) status: 1 and 1."
"2025-09-11 11:01:19 AM","Information","Microsoft-Windows-FilterManager","6","File System Filter 'npsvctrig' (10.0, 2025-01-05T22:41:12.0000000Z) has successfully loaded and registered with Filter Manager."
"2025-09-11 11:01:19 AM","Information","Microsoft-Windows-FilterManager","6","File System Filter 'FileCrypt' (10.0, 2002-03-01T07:12:42.0000000Z) has successfully loaded and registered with Filter Manager."
"2025-09-11 11:01:19 AM","Information","Microsoft-Windows-Ntfs","98","The description for Event ID '98' in Source 'Microsoft-Windows-Ntfs' cannot be found.  The local computer may not have the necessary registry information or message DLL files to display the message, or you may not have permission to access them.  The following information is part of the event:'C:', '\Device\HarddiskVolume3', '0'"
"2025-09-11 11:01:19 AM","Information","Microsoft-Windows-HAL","16","The iommu fault reporting has been initialized."
"2025-09-11 11:01:19 AM","Information","Microsoft-Windows-FilterManager","6","File System Filter 'FileInfo' (10.0, 2062-12-23T01:21:06.0000000Z) has successfully loaded and registered with Filter Manager."
"2025-09-11 11:01:20 AM","0","Microsoft-Windows-Kernel-Power","41","The description for Event ID '41' in Source 'Microsoft-Windows-Kernel-Power' cannot be found.  The local computer may not have the necessary registry information or message DLL files to display the message, or you may not have permission to access them.  The following information is part of the event:'0', '0x0', '0x0', '0x0', '0x0', '0', '0', '0', '0', 'false', '1', '0', 'false', '0', '0', 'false'"
"2025-09-11 11:01:20 AM","Information","Microsoft-Windows-Kernel-Power","172","The description for Event ID '172' in Source 'Microsoft-Windows-Kernel-Power' cannot be found.  The local computer may not have the necessary registry information or message DLL files to display the message, or you may not have permission to access them.  The following information is part of the event:'2', '6'"
"2025-09-11 11:01:20 AM","Information","Microsoft-Windows-Ntfs","98","The description for Event ID '98' in Source 'Microsoft-Windows-Ntfs' cannot be found.  The local computer may not have the necessary registry information or message DLL files to display the message, or you may not have permission to access them.  The following information is part of the event:'\\?\Volume{18356e46-6d60-429e-8a5a-2af8814c5480}', '\Device\HarddiskVolume4', '0'"
"2025-09-11 11:01:21 AM","Information","Microsoft-Windows-Kernel-Processor-Power","55","Hyper-V logical processor 1 exposes the following power management capabilities:

Idle state type: 1 (3 state(s))

Performance state type: 1
Nominal Frequency (MHz): 2701
Maximum performance percentage: 100
Minimum performance percentage: 27
Minimum throttle percentage: 3"
"2025-09-11 11:01:21 AM","Information","Microsoft-Windows-Kernel-Power","105","The description for Event ID '105' in Source 'Microsoft-Windows-Kernel-Power' cannot be found.  The local computer may not have the necessary registry information or message DLL files to display the message, or you may not have permission to access them.  The following information is part of the event:'false', '0', '0'"
"2025-09-11 11:01:21 AM","Information","Microsoft-Windows-Kernel-Processor-Power","55","Hyper-V logical processor 2 exposes the following power management capabilities:

Idle state type: 1 (3 state(s))

Performance state type: 1
Nominal Frequency (MHz): 2701
Maximum performance percentage: 100
Minimum performance percentage: 27
Minimum throttle percentage: 3"
"2025-09-11 11:01:21 AM","Information","Microsoft-Windows-Kernel-Power","521","The description for Event ID '521' in Source 'Microsoft-Windows-Kernel-Power' cannot be found.  The local computer may not have the necessary registry information or message DLL files to display the message, or you may not have permission to access them.  The following information is part of the event:'0', '0', '0'"
"2025-09-11 11:01:21 AM","Information","Microsoft-Windows-Kernel-Processor-Power","55","Hyper-V logical processor 3 exposes the following power management capabilities:

Idle state type: 1 (3 state(s))

Performance state type: 1
Nominal Frequency (MHz): 2701
Maximum performance percentage: 100
Minimum performance percentage: 27
Minimum throttle percentage: 3"
"2025-09-11 11:01:21 AM","Information","Microsoft-Windows-Kernel-Processor-Power","55","Hyper-V logical processor 0 exposes the following power management capabilities:

Idle state type: 1 (3 state(s))

Performance state type: 1
Nominal Frequency (MHz): 2701
Maximum performance percentage: 100
Minimum performance percentage: 27
Minimum throttle percentage: 3"
"2025-09-11 11:01:21 AM","Information","Microsoft-Windows-Kernel-Power","521","The description for Event ID '521' in Source 'Microsoft-Windows-Kernel-Power' cannot be found.  The local computer may not have the necessary registry information or message DLL files to display the message, or you may not have permission to access them.  The following information is part of the event:'1', '0', '0'"
"2025-09-11 11:01:21 AM","Information","Microsoft-Windows-Kernel-General","24","The description for Event ID '24' in Source 'Microsoft-Windows-Kernel-General' cannot be found.  The local computer may not have the necessary registry information or message DLL files to display the message, or you may not have permission to access them.  The following information is part of the event:'0', '240', '2', '0', '0'"
"2025-09-11 11:01:22 AM","Information","NETwNb64","1610619737","The description for Event ID '1610619737' in Source 'NETwNb64' cannot be found.  The local computer may not have the necessary registry information or message DLL files to display the message, or you may not have permission to access them.  The following information is part of the event:'\Device\NDMP2', 'Intel(R) Dual Band Wireless-AC 7260'"
"2025-09-11 11:01:22 AM","Information","NETwNb64","1073748860","The \Device\NDMP2 service entered the Intel(R) Dual Band Wireless-AC 7260 state."
"2025-09-11 11:01:22 AM","Information","NETwNb64","1610619737","The description for Event ID '1610619737' in Source 'NETwNb64' cannot be found.  The local computer may not have the necessary registry information or message DLL files to display the message, or you may not have permission to access them.  The following information is part of the event:'\Device\NDMP2', 'Intel(R) Dual Band Wireless-AC 7260'"
"2025-09-11 11:01:23 AM","Information","Microsoft-Windows-Directory-Services-SAM","16962","Remote calls to the SAM database are being restricted using the default security descriptor: O:SYG:SYD:(A;;RC;;;BA).
For more information please see http://go.microsoft.com/fwlink/?LinkId=787651."
"2025-09-11 11:01:23 AM","Information","Microsoft-Windows-DriverFrameworks-UserMode","10118","UMDF reflector is unable to connect to service control manager (SCM). This is expected during boot, when SCM has not started yet. Will retry when it starts."
"2025-09-11 11:01:23 AM","Warning","Microsoft-Windows-Kernel-PnP","219","The driver \Driver\WudfRd failed to load for the device USB\VID_138A&PID_0010\454d46137ba0."
"2025-09-11 11:01:23 AM","Information","Microsoft-Windows-Wininit","14","Credential Guard configuration: 0, 0"
"2025-09-11 11:01:23 AM","Information","Microsoft-Windows-Directory-Services-SAM","16983","The security account manager is now logging periodic summary events for remote clients that call legacy password change or set RPC methods.

For more information please see https://go.microsoft.com/fwlink/?linkid=2150956.
"
"2025-09-11 11:01:23 AM","Information","Microsoft-Windows-Directory-Services-SAM","16977","The domain is configured with the following minimum password length-related settings.

MinimumPasswordLength: 0

RelaxMinimumPasswordLengthLimits: 0

MinimumPasswordLengthAudit: -1

For more information see https://go.microsoft.com/fwlink/?LinkId=2097191.
"
"2025-09-11 11:01:24 AM","Error","EventLog","2147489656","The previous system shutdown at 4:11:33 AM on ?2025-?09-?11 was unexpected."
"2025-09-11 11:01:24 AM","Information","EventLog","2147489657","Microsoft (R) Windows (R) 10.00. 19045  Multiprocessor Free."
"2025-09-11 11:01:24 AM","Information","EventLog","2147489653","The Event log service was started."
"2025-09-11 11:01:25 AM","Information","Microsoft-Windows-FilterManager","6","File System Filter 'bindflt' (10.0, 2016-11-30T22:47:51.0000000Z) has successfully loaded and registered with Filter Manager."
"2025-09-11 11:01:25 AM","Information","Microsoft-Windows-FilterManager","6","File System Filter 'storqosflt' (10.0, 2007-04-09T14:08:30.0000000Z) has successfully loaded and registered with Filter Manager."
"2025-09-11 11:01:25 AM","Information","Microsoft-Windows-Dhcp-Client","50036","DHCPv4 client service is started"
"2025-09-11 11:01:25 AM","Information","Microsoft-Windows-DHCPv6-Client","51046","DHCPv6 client service is started"
"2025-09-11 11:01:25 AM","Information","Microsoft-Windows-Dhcp-Client","50103","DHCPv4 client registered for shutdown notification"
"2025-09-11 11:01:25 AM","Information","Microsoft-Windows-FilterManager","6","File System Filter 'CldFlt' (10.0, 2084-11-25T03:15:59.0000000Z) has successfully loaded and registered with Filter Manager."
"2025-09-11 11:01:25 AM","Information","Microsoft-Windows-FilterManager","6","File System Filter 'wcifs' (10.0, 2004-03-22T13:56:15.0000000Z) has successfully loaded and registered with Filter Manager."
"2025-09-11 11:01:25 AM","Information","EventLog","2147489661","The system uptime is 6 seconds."
"2025-09-11 11:01:25 AM","Information","Microsoft-Windows-FilterManager","6","File System Filter 'luafv' (10.0, 2062-02-02T23:11:58.0000000Z) has successfully loaded and registered with Filter Manager."
"2025-09-11 11:01:25 AM","Information","Microsoft-Windows-FilterManager","1","File System Filter 'CldFlt' (Version 10.0, 2084-11-25T03:15:59.0000000Z) unloaded successfully."
"2025-09-11 11:01:25 AM","Information","Microsoft-Windows-FilterManager","6","File System Filter 'CldFlt' (10.0, 2084-11-25T03:15:59.0000000Z) has successfully loaded and registered with Filter Manager."
"2025-09-11 11:01:26 AM","Information","Microsoft-Windows-WLAN-AutoConfig","4000","WLAN AutoConfig service has successfully started.
"
"2025-09-11 11:01:27 AM","Warning","e1i65x64","2684616731","Intel(R) Ethernet Connection I218-LM

Network link is disconnected.
"
"2025-09-11 11:01:27 AM","Information","Service Control Manager","3221232498","The following boot-start or system-start driver(s) did not load: 
dam"
"2025-09-11 11:01:27 AM","Information","Microsoft-Windows-Winlogon","7001","User Logon Notification for Customer Experience Improvement Program"
"2025-09-11 11:01:29 AM","Information","TPM","18","This event triggers the Trusted Platform Module (TPM) provisioning/status check to run."
"2025-09-11 11:01:29 AM","Warning","DCOM","10016","The description for Event ID '10016' in Source 'DCOM' cannot be found.  The local computer may not have the necessary registry information or message DLL files to display the message, or you may not have permission to access them.  The following information is part of the event:'application-specific', 'Local', 'Activation', '{6B3B8D23-FA8D-40B9-8DBD-B950333E2C52}', '{4839DDB7-58C2-48F5-8283-E1D1807D0D7D}', 'NT AUTHORITY', 'LOCAL SERVICE', 'S-1-5-19', 'LocalHost (Using LRPC)', 'Unavailable', 'Unavailable'"
"2025-09-11 11:01:29 AM","Warning","DCOM","10016","The description for Event ID '10016' in Source 'DCOM' cannot be found.  The local computer may not have the necessary registry information or message DLL files to display the message, or you may not have permission to access them.  The following information is part of the event:'application-specific', 'Local', 'Activation', '{6B3B8D23-FA8D-40B9-8DBD-B950333E2C52}', '{4839DDB7-58C2-48F5-8283-E1D1807D0D7D}', 'NT AUTHORITY', 'LOCAL SERVICE', 'S-1-5-19', 'LocalHost (Using LRPC)', 'Unavailable', 'Unavailable'"
"2025-09-11 11:01:35 AM","Error","Microsoft-Windows-TPM-WMI","1795","The system firmware returned an error -2147024693 when attempting to update a Secure Boot variable. For more information, please see https://go.microsoft.com/fwlink/?linkid=2169931"
"2025-09-11 11:01:44 AM","Information","Microsoft-Windows-TPM-WMI","1026","The Trusted Platform Module (TPM) hardware on this computer cannot be provisioned for use automatically.  To set up the TPM interactively use the TPM management console (Start->tpm.msc) and use the action to make the TPM ready.

Error: -2144845805
Additional Information: 0x11c"
"2025-09-11 11:01:44 AM","Information","Microsoft-Windows-TPM-WMI","1282","The TBS device identifier has been generated."
"2025-09-11 11:01:47 AM","Information","Service Control Manager","1073748864","The start type of the Background Intelligent Transfer Service service was changed from demand start to auto start."
"2025-09-11 11:02:32 AM","Warning","Microsoft-Windows-Kernel-Processor-Power","37","The speed of Hyper-V logical processor 0 is being limited by system firmware. The processor has been in this reduced performance state for 71 seconds since the last report."
"2025-09-11 11:02:32 AM","Warning","Microsoft-Windows-Kernel-Processor-Power","37","The speed of Hyper-V logical processor 3 is being limited by system firmware. The processor has been in this reduced performance state for 71 seconds since the last report."
"2025-09-11 11:02:32 AM","Warning","Microsoft-Windows-Kernel-Processor-Power","37","The speed of Hyper-V logical processor 2 is being limited by system firmware. The processor has been in this reduced performance state for 71 seconds since the last report."
"2025-09-11 11:02:32 AM","Warning","Microsoft-Windows-Kernel-Processor-Power","37","The speed of Hyper-V logical processor 1 is being limited by system firmware. The processor has been in this reduced performance state for 71 seconds since the last report."
"2025-09-11 11:03:29 AM","Warning","DCOM","10016","The description for Event ID '10016' in Source 'DCOM' cannot be found.  The local computer may not have the necessary registry information or message DLL files to display the message, or you may not have permission to access them.  The following information is part of the event:'application-specific', 'Local', 'Launch', 'Windows.SecurityCenter.WscDataProtection', 'Unavailable', 'NT AUTHORITY', 'SYSTEM', 'S-1-5-18', 'LocalHost (Using LRPC)', 'Unavailable', 'Unavailable'"
"2025-09-11 11:03:29 AM","Warning","DCOM","10016","The description for Event ID '10016' in Source 'DCOM' cannot be found.  The local computer may not have the necessary registry information or message DLL files to display the message, or you may not have permission to access them.  The following information is part of the event:'application-specific', 'Local', 'Launch', 'Windows.SecurityCenter.SecurityAppBroker', 'Unavailable', 'NT AUTHORITY', 'SYSTEM', 'S-1-5-18', 'LocalHost (Using LRPC)', 'Unavailable', 'Unavailable'"
"2025-09-11 11:03:29 AM","Warning","DCOM","10016","The description for Event ID '10016' in Source 'DCOM' cannot be found.  The local computer may not have the necessary registry information or message DLL files to display the message, or you may not have permission to access them.  The following information is part of the event:'application-specific', 'Local', 'Launch', 'Windows.SecurityCenter.WscBrokerManager', 'Unavailable', 'NT AUTHORITY', 'SYSTEM', 'S-1-5-18', 'LocalHost (Using LRPC)', 'Unavailable', 'Unavailable'"
"2025-09-11 11:06:19 AM","Information","Service Control Manager","1073748864","The start type of the Background Intelligent Transfer Service service was changed from auto start to demand start."
"2025-09-11 11:06:26 AM","Information","Service Control Manager","1073748864","The start type of the Background Intelligent Transfer Service service was changed from demand start to auto start."
"2025-09-11 11:06:32 AM","Information","Microsoft-Windows-Kernel-General","16","The description for Event ID '16' in Source 'Microsoft-Windows-Kernel-General' cannot be found.  The local computer may not have the necessary registry information or message DLL files to display the message, or you may not have permission to access them.  The following information is part of the event:'168', '\??\C:\ProgramData\Packages\Microsoft.XboxGamingOverlay_8wekyb3d8bbwe\S-1-5-21-2059432068-349761349-3478041169-1001\SystemAppData\Helium\Cache\53c93658954b3df_COM15.dat', '1', '1'"
"2025-09-11 11:06:40 AM","Information","Microsoft-Windows-Kernel-General","16","The description for Event ID '16' in Source 'Microsoft-Windows-Kernel-General' cannot be found.  The local computer may not have the necessary registry information or message DLL files to display the message, or you may not have permission to access them.  The following information is part of the event:'171', '\??\C:\ProgramData\Packages\Microsoft.DesktopAppInstaller_8wekyb3d8bbwe\S-1-5-21-2059432068-349761349-3478041169-1001\SystemAppData\Helium\Cache\1a714a01dc9b411f_COM15.dat', '1', '1'"
"2025-09-11 11:06:53 AM","Warning","DCOM","10016","The description for Event ID '10016' in Source 'DCOM' cannot be found.  The local computer may not have the necessary registry information or message DLL files to display the message, or you may not have permission to access them.  The following information is part of the event:'machine-default', 'Local', 'Activation', '{C2F03A33-21F5-47FA-B4BB-156362A2F239}', '{316CDED5-E4AE-4B15-9113-7055D84DCC97}', 'DESKTOP-RVD6TK8', 'User', 'S-1-5-21-2059432068-349761349-3478041169-1001', 'LocalHost (Using LRPC)', 'Microsoft.Windows.ShellExperienceHost_10.0.19041.3636_neutral_neutral_cw5n1h2txyewy', 'S-1-15-2-155514346-2573954481-755741238-1654018636-1233331829-3075935687-2861478708'"
"2025-09-11 11:07:09 AM","Information","Microsoft-Windows-WindowsUpdateClient","44","Windows Update started downloading an update."
"2025-09-11 11:07:23 AM","Information","Microsoft-Windows-WindowsUpdateClient","43","Installation Started: Windows has started installing the following update: Security Intelligence Update for Microsoft Defender Antivirus - KB2267602 (Version 1.435.701.0) - Current Channel (Broad)"
"2025-09-11 11:07:39 AM","Information","Microsoft-Windows-WindowsUpdateClient","19","Installation Successful: Windows successfully installed the following update: Security Intelligence Update for Microsoft Defender Antivirus - KB2267602 (Version 1.435.701.0) - Current Channel (Broad)"
"2025-09-11 11:08:40 AM","Information","Service Control Manager","1073748864","The start type of the Background Intelligent Transfer Service service was changed from auto start to demand start."
"2025-09-11 11:21:37 AM","Information","Microsoft-Windows-Kernel-General","16","The description for Event ID '16' in Source 'Microsoft-Windows-Kernel-General' cannot be found.  The local computer may not have the necessary registry information or message DLL files to display the message, or you may not have permission to access them.  The following information is part of the event:'166', '\??\C:\ProgramData\Packages\Microsoft.Windows.Photos_8wekyb3d8bbwe\S-1-5-21-2059432068-349761349-3478041169-1001\SystemAppData\Helium\Cache\c734854775b982fd_COM15.dat', '1', '1'"
"2025-09-11 11:21:37 AM","Information","Microsoft-Windows-Kernel-General","16","The description for Event ID '16' in Source 'Microsoft-Windows-Kernel-General' cannot be found.  The local computer may not have the necessary registry information or message DLL files to display the message, or you may not have permission to access them.  The following information is part of the event:'116', '\??\C:\Users\User\AppData\Local\Packages\Microsoft.Windows.Photos_8wekyb3d8bbwe\SystemAppData\Helium\UserClasses.dat', '27', '3'"
"2025-09-11 11:21:37 AM","Information","Microsoft-Windows-Kernel-General","16","The description for Event ID '16' in Source 'Microsoft-Windows-Kernel-General' cannot be found.  The local computer may not have the necessary registry information or message DLL files to display the message, or you may not have permission to access them.  The following information is part of the event:'109', '\??\C:\Users\User\AppData\Local\Packages\Microsoft.Windows.Photos_8wekyb3d8bbwe\SystemAppData\Helium\User.dat', '16', '1'"
"2025-09-11 11:34:59 AM","Warning","DCOM","10016","The description for Event ID '10016' in Source 'DCOM' cannot be found.  The local computer may not have the necessary registry information or message DLL files to display the message, or you may not have permission to access them.  The following information is part of the event:'application-specific', 'Local', 'Activation', '{2593F8B9-4EAF-457C-B68A-50F6B8EA6B54}', '{15C20B67-12E7-4BB6-92BB-7AFF07997402}', 'DESKTOP-RVD6TK8', 'User', 'S-1-5-21-2059432068-349761349-3478041169-1001', 'LocalHost (Using LRPC)', 'Unavailable', 'Unavailable'"
"2025-09-11 11:41:17 AM","Information","Microsoft-Windows-Kernel-General","16","The description for Event ID '16' in Source 'Microsoft-Windows-Kernel-General' cannot be found.  The local computer may not have the necessary registry information or message DLL files to display the message, or you may not have permission to access them.  The following information is part of the event:'85', '\??\C:\ProgramData\Microsoft\Provisioning\Microsoft-Desktop-Provisioning-Sequence.dat', '0', '0'"
