"2025-08-30 5:55:19 PM","Information","Microsoft-Windows-Kernel-General","1","Possible detection of CVE: 2025-08-30T21:55:19.5000000Z
Additional Information: 2025-08-30T20:35:03.6229356Z

This Event is generated when an attempt to exploit a known vulnerability (2025-08-30T21:55:19.5000000Z) is detected.
This Event is raised by a User mode process.
"
"2025-08-30 5:55:20 PM","Information","Microsoft-Windows-Kernel-Boot","25","The description for Event ID '25' in Source 'Microsoft-Windows-Kernel-Boot' cannot be found.  The local computer may not have the necessary registry information or message DLL files to display the message, or you may not have permission to access them.  The following information is part of the event:'1'"
"2025-08-30 5:55:20 PM","Information","Microsoft-Windows-Kernel-Boot","27","The description for Event ID '27' in Source 'Microsoft-Windows-Kernel-Boot' cannot be found.  The local computer may not have the necessary registry information or message DLL files to display the message, or you may not have permission to access them.  The following information is part of the event:'2', '?'"
"2025-08-30 5:55:20 PM","Information","Microsoft-Windows-Kernel-Boot","32","The description for Event ID '32' in Source 'Microsoft-Windows-Kernel-Boot' cannot be found.  The local computer may not have the necessary registry information or message DLL files to display the message, or you may not have permission to access them.  The following information is part of the event:'0'"
"2025-08-30 5:55:20 PM","Information","Microsoft-Windows-Kernel-Boot","30","The description for Event ID '30' in Source 'Microsoft-Windows-Kernel-Boot' cannot be found.  The local computer may not have the necessary registry information or message DLL files to display the message, or you may not have permission to access them.  The following information is part of the event:'20', '1906', '1970', '3190', '3194'"
"2025-08-30 5:55:20 PM","Information","Microsoft-Windows-Kernel-Boot","18","The description for Event ID '18' in Source 'Microsoft-Windows-Kernel-Boot' cannot be found.  The local computer may not have the necessary registry information or message DLL files to display the message, or you may not have permission to access them.  The following information is part of the event:'1'"
"2025-08-30 5:55:22 PM","Information","Microsoft-Windows-Power-Troubleshooter","1","The system has returned from a low power state.

Sleep Time: 2025-08-30T20:35:02.3976125Z
Wake Time: 2025-08-30T21:55:20.2888263Z

Wake Source: 0"
"2025-08-30 5:55:24 PM","Information","Service Control Manager","1073748864","The start type of the Background Intelligent Transfer Service service was changed from demand start to auto start."
"2025-08-30 5:57:41 PM","Information","Service Control Manager","1073748864","The start type of the Background Intelligent Transfer Service service was changed from auto start to demand start."
"2025-08-30 5:58:18 PM","Information","Service Control Manager","1073748864","The start type of the Background Intelligent Transfer Service service was changed from demand start to auto start."
"2025-08-30 6:00:23 PM","Information","Service Control Manager","1073748864","The start type of the Background Intelligent Transfer Service service was changed from auto start to demand start."
"2025-08-30 8:04:10 PM","Information","Microsoft-Windows-WindowsUpdateClient","44","Windows Update started downloading an update."
"2025-08-30 8:04:38 PM","Information","Microsoft-Windows-Kernel-General","16","The description for Event ID '16' in Source 'Microsoft-Windows-Kernel-General' cannot be found.  The local computer may not have the necessary registry information or message DLL files to display the message, or you may not have permission to access them.  The following information is part of the event:'143', '\??\C:\ProgramData\Microsoft\Windows\AppRepository\Packages\Microsoft.MicrosoftOfficeHub_19.2508.51171.0_x64__8wekyb3d8bbwe\ActivationStore.dat', '0', '0'"
"2025-08-30 8:04:41 PM","Information","Microsoft-Windows-WindowsUpdateClient","43","Installation Started: Windows has started installing the following update: 9WZDNCRD29V9-MICROSOFT.MICROSOFTOFFICEHUB"
"2025-08-30 8:04:42 PM","Information","Microsoft-Windows-WindowsUpdateClient","19","Installation Successful: Windows successfully installed the following update: 9WZDNCRD29V9-MICROSOFT.MICROSOFTOFFICEHUB"
"2025-08-30 9:22:51 PM","Warning","Microsoft-Windows-Kernel-Processor-Power","37","The speed of Hyper-V logical processor 2 is being limited by system firmware. The processor has been in this reduced performance state for 125455 seconds since the last report."
"2025-08-30 9:22:51 PM","Warning","Microsoft-Windows-Kernel-Processor-Power","37","The speed of Hyper-V logical processor 3 is being limited by system firmware. The processor has been in this reduced performance state for 125455 seconds since the last report."
"2025-08-30 9:22:51 PM","Warning","Microsoft-Windows-Kernel-Processor-Power","37","The speed of Hyper-V logical processor 0 is being limited by system firmware. The processor has been in this reduced performance state for 125455 seconds since the last report."
"2025-08-30 9:22:51 PM","Warning","Microsoft-Windows-Kernel-Processor-Power","37","The speed of Hyper-V logical processor 1 is being limited by system firmware. The processor has been in this reduced performance state for 125455 seconds since the last report."
"2025-08-30 9:57:21 PM","Information","Microsoft-Windows-Kernel-General","16","The description for Event ID '16' in Source 'Microsoft-Windows-Kernel-General' cannot be found.  The local computer may not have the necessary registry information or message DLL files to display the message, or you may not have permission to access them.  The following information is part of the event:'100', '\??\C:\Users\User\AppData\Local\Packages\Microsoft.Winget.Source_8wekyb3d8bbwe\Settings\settings.dat', '3', '1'"
"2025-08-30 10:35:49 PM","Error","Microsoft-Windows-TPM-WMI","1796","The Secure Boot update failed to update a Secure Boot variable with error -2147020471. For more information, please see https://go.microsoft.com/fwlink/?linkid=2169931"
"2025-08-30 10:35:49 PM","Error","Microsoft-Windows-TPM-WMI","1796","The Secure Boot update failed to update a Secure Boot variable with error -2147020471. For more information, please see https://go.microsoft.com/fwlink/?linkid=2169931"
"2025-08-30 10:35:49 PM","Error","Microsoft-Windows-TPM-WMI","1796","The Secure Boot update failed to update a Secure Boot variable with error -2147020471. For more information, please see https://go.microsoft.com/fwlink/?linkid=2169931"
"2025-08-30 10:46:41 PM","Information","Microsoft-Windows-Kernel-Power","107","The description for Event ID '107' in Source 'Microsoft-Windows-Kernel-Power' cannot be found.  The local computer may not have the necessary registry information or message DLL files to display the message, or you may not have permission to access them.  The following information is part of the event:'4', '4', '4', '2025-08-31T05:46:41.0155376Z', '2025-08-31T05:46:41.0155376Z', '4', '4'"
"2025-08-30 10:46:41 PM","Information","Microsoft-Windows-Kernel-Power","42","The description for Event ID '42' in Source 'Microsoft-Windows-Kernel-Power' cannot be found.  The local computer may not have the necessary registry information or message DLL files to display the message, or you may not have permission to access them.  The following information is part of the event:'4', '4', '7', '0', '15'"
"2025-08-30 11:38:57 PM","Information","Microsoft-Windows-Kernel-General","1","Possible detection of CVE: 2025-08-31T03:38:57.5000000Z
Additional Information: 2025-08-31T02:46:41.2351638Z

This Event is generated when an attempt to exploit a known vulnerability (2025-08-31T03:38:57.5000000Z) is detected.
This Event is raised by a User mode process.
"
"2025-08-30 11:38:58 PM","Information","Microsoft-Windows-Kernel-Power","130","The description for Event ID '130' in Source 'Microsoft-Windows-Kernel-Power' cannot be found.  The local computer may not have the necessary registry information or message DLL files to display the message, or you may not have permission to access them.  The following information is part of the event:'91319960', '91320141'"
"2025-08-30 11:38:58 PM","Information","Microsoft-Windows-Kernel-Power","131","The description for Event ID '131' in Source 'Microsoft-Windows-Kernel-Power' cannot be found.  The local computer may not have the necessary registry information or message DLL files to display the message, or you may not have permission to access them.  The following information is part of the event:'1', '235', '235'"
"2025-08-30 11:39:00 PM","Information","Microsoft-Windows-Power-Troubleshooter","1","The system has returned from a low power state.

Sleep Time: 2025-08-31T02:46:39.5867962Z
Wake Time: 2025-08-31T03:38:58.7606236Z

Wake Source: 5Intel(R) USB 3.0 eXtensible Host Controller - 1.0 (Microsoft)"
"2025-08-31 1:13:40 AM","Warning","DCOM","10016","The description for Event ID '10016' in Source 'DCOM' cannot be found.  The local computer may not have the necessary registry information or message DLL files to display the message, or you may not have permission to access them.  The following information is part of the event:'machine-default', 'Local', 'Activation', '{C2F03A33-21F5-47FA-B4BB-156362A2F239}', '{316CDED5-E4AE-4B15-9113-7055D84DCC97}', 'DESKTOP-RVD6TK8', 'User', 'S-1-5-21-2059432068-349761349-3478041169-1001', 'LocalHost (Using LRPC)', 'Microsoft.Windows.ShellExperienceHost_10.0.19041.5072_neutral_neutral_cw5n1h2txyewy', 'S-1-15-2-155514346-2573954481-755741238-1654018636-1233331829-3075935687-2861478708'"
"2025-08-31 1:52:34 AM","Warning","Microsoft-Windows-DNS-Client","1014","Name resolution for the name gator.volces.com timed out after none of the configured DNS servers responded."
"2025-08-31 2:20:21 AM","Information","Microsoft-Windows-Time-Service","158","The time provider 'VMICTimeProvider' has indicated that the current hardware and operating environment is not supported and has stopped. This behavior is expected for VMICTimeProvider on non-HyperV-guest environments. This may be the expected behavior for the current provider in the current operating environment as well."
"2025-08-31 2:20:23 AM","Information","Microsoft-Windows-Time-Service","37","The time provider NtpClient is currently receiving valid time data from time.windows.com,0x9 (ntp.m|0x9|0.0.0.0:123->168.61.215.74:123)."
"2025-08-31 2:20:39 AM","Information","Microsoft-Windows-Kernel-General","1","Possible detection of CVE: 2025-08-31T06:20:39.1892323Z
Additional Information: 2025-08-31T06:20:39.1871428Z

This Event is generated when an attempt to exploit a known vulnerability (2025-08-31T06:20:39.1892323Z) is detected.
This Event is raised by a User mode process.
"
"2025-08-31 2:20:39 AM","Information","Microsoft-Windows-Kernel-General","24","The description for Event ID '24' in Source 'Microsoft-Windows-Kernel-General' cannot be found.  The local computer may not have the necessary registry information or message DLL files to display the message, or you may not have permission to access them.  The following information is part of the event:'0', '420', '2', '0', '0'"
"2025-08-31 2:20:39 AM","Information","Microsoft-Windows-Kernel-General","1","Possible detection of CVE: 2025-08-31T06:20:39.1937080Z
Additional Information: 2025-08-31T06:20:39.1892323Z

This Event is generated when an attempt to exploit a known vulnerability (2025-08-31T06:20:39.1937080Z) is detected.
This Event is raised by a User mode process.
"
"2025-08-31 2:20:39 AM","Information","Microsoft-Windows-Kernel-General","24","The description for Event ID '24' in Source 'Microsoft-Windows-Kernel-General' cannot be found.  The local computer may not have the necessary registry information or message DLL files to display the message, or you may not have permission to access them.  The following information is part of the event:'0', '420', '2', '0', '0'"
"2025-08-31 2:20:39 AM","Information","Microsoft-Windows-Kernel-General","24","The description for Event ID '24' in Source 'Microsoft-Windows-Kernel-General' cannot be found.  The local computer may not have the necessary registry information or message DLL files to display the message, or you may not have permission to access them.  The following information is part of the event:'0', '420', '2', '0', '0'"
"2025-08-31 2:20:39 AM","Information","Microsoft-Windows-Kernel-General","1","Possible detection of CVE: 2025-08-31T06:20:39.1871428Z
Additional Information: 2025-08-31T06:20:37.8426944Z

This Event is generated when an attempt to exploit a known vulnerability (2025-08-31T06:20:39.1871428Z) is detected.
This Event is raised by a User mode process.
"
"2025-08-31 2:20:39 AM","Information","Microsoft-Windows-Time-Service","35","The time service is now synchronizing the system time with the time source time.windows.com,0x9 (ntp.m|0x9|0.0.0.0:123->168.61.215.74:123) with reference id 1255620008. Current local stratum number is 4."
"2025-08-31 3:00:24 AM","Warning","Microsoft-Windows-DNS-Client","1014","Name resolution for the name ctldl.windowsupdate.com timed out after none of the configured DNS servers responded."
"2025-08-31 3:00:40 AM","Warning","Microsoft-Windows-DNS-Client","1014","Name resolution for the name clients4.google.com timed out after none of the configured DNS servers responded."
"2025-08-31 4:23:49 AM","Information","Microsoft-Windows-Kernel-Power","105","The description for Event ID '105' in Source 'Microsoft-Windows-Kernel-Power' cannot be found.  The local computer may not have the necessary registry information or message DLL files to display the message, or you may not have permission to access them.  The following information is part of the event:'false', '47204', '47204'"
"2025-08-31 4:23:50 AM","Information","Microsoft-Windows-Kernel-Power","107","The description for Event ID '107' in Source 'Microsoft-Windows-Kernel-Power' cannot be found.  The local computer may not have the necessary registry information or message DLL files to display the message, or you may not have permission to access them.  The following information is part of the event:'4', '4', '4', '2025-08-31T11:23:50.1531013Z', '2025-08-31T11:23:50.1531013Z', '4', '4'"
"2025-08-31 4:23:50 AM","Information","Microsoft-Windows-Kernel-Power","42","The description for Event ID '42' in Source 'Microsoft-Windows-Kernel-Power' cannot be found.  The local computer may not have the necessary registry information or message DLL files to display the message, or you may not have permission to access them.  The following information is part of the event:'4', '4', '0', '4', '17'"
"2025-08-31 4:23:57 AM","Information","Microsoft-Windows-Kernel-General","1","Possible detection of CVE: 2025-08-31T08:23:57.5000000Z
Additional Information: 2025-08-31T08:23:50.4661852Z

This Event is generated when an attempt to exploit a known vulnerability (2025-08-31T08:23:57.5000000Z) is detected.
This Event is raised by a User mode process.
"
"2025-08-31 4:23:58 AM","Information","Microsoft-Windows-Kernel-Power","130","The description for Event ID '130' in Source 'Microsoft-Windows-Kernel-Power' cannot be found.  The local computer may not have the necessary registry information or message DLL files to display the message, or you may not have permission to access them.  The following information is part of the event:'108372167', '108372331'"
"2025-08-31 4:23:58 AM","Information","Microsoft-Windows-Kernel-Power","131","The description for Event ID '131' in Source 'Microsoft-Windows-Kernel-Power' cannot be found.  The local computer may not have the necessary registry information or message DLL files to display the message, or you may not have permission to access them.  The following information is part of the event:'2', '225', '230'"
"2025-08-31 4:24:02 AM","Information","Microsoft-Windows-Power-Troubleshooter","1","The system has returned from a low power state.

Sleep Time: 2025-08-31T08:23:47.2581777Z
Wake Time: 2025-08-31T08:24:02.2556556Z

Wake Source: 1"
"2025-08-31 4:24:06 AM","Information","Microsoft-Windows-Kernel-Power","42","The description for Event ID '42' in Source 'Microsoft-Windows-Kernel-Power' cannot be found.  The local computer may not have the necessary registry information or message DLL files to display the message, or you may not have permission to access them.  The following information is part of the event:'4', '4', '0', '1', '19'"
"2025-08-31 4:24:06 AM","Error","Microsoft-Windows-NDIS","10317","Miniport SAMSUNG Mobile USB Remote NDIS Network Device #2, {da645115-c11e-451f-a910-cc24b786d15a}, had event 74"
"2025-08-31 4:24:07 AM","Information","Microsoft-Windows-Kernel-Power","107","The description for Event ID '107' in Source 'Microsoft-Windows-Kernel-Power' cannot be found.  The local computer may not have the necessary registry information or message DLL files to display the message, or you may not have permission to access them.  The following information is part of the event:'4', '4', '4', '2025-08-31T11:24:06.7782002Z', '2025-08-31T11:24:06.7782002Z', '4', '4'"
"2025-08-31 7:24:07 AM","Information","Microsoft-Windows-Kernel-General","1","Possible detection of CVE: 2025-08-31T11:24:07.5000000Z
Additional Information: 2025-08-31T08:24:07.0438071Z

This Event is generated when an attempt to exploit a known vulnerability (2025-08-31T11:24:07.5000000Z) is detected.
This Event is raised by a User mode process.
"
"2025-08-31 7:24:08 AM","Information","Microsoft-Windows-Kernel-Power","130","The description for Event ID '130' in Source 'Microsoft-Windows-Kernel-Power' cannot be found.  The local computer may not have the necessary registry information or message DLL files to display the message, or you may not have permission to access them.  The following information is part of the event:'108381719', '108381882'"
"2025-08-31 7:24:08 AM","Information","Microsoft-Windows-Kernel-Power","131","The description for Event ID '131' in Source 'Microsoft-Windows-Kernel-Power' cannot be found.  The local computer may not have the necessary registry information or message DLL files to display the message, or you may not have permission to access them.  The following information is part of the event:'3', '223', '228'"
"2025-08-31 7:24:09 AM","Information","Microsoft-Windows-Power-Troubleshooter","1","The system has returned from a low power state.

Sleep Time: 2025-08-31T11:24:08.7587570Z
Wake Time: 2025-08-31T11:24:08.7431356Z

Wake Source: 3"
"2025-08-31 7:24:10 AM","Information","Microsoft-Windows-Kernel-Power","107","The description for Event ID '107' in Source 'Microsoft-Windows-Kernel-Power' cannot be found.  The local computer may not have the necessary registry information or message DLL files to display the message, or you may not have permission to access them.  The following information is part of the event:'5', '5', '5', '1601-01-01T00:00:00.0000000Z', '1601-01-01T00:00:00.0000000Z', '0', '0'"
"2025-08-31 7:24:10 AM","Information","Microsoft-Windows-Kernel-Power","42","The description for Event ID '42' in Source 'Microsoft-Windows-Kernel-Power' cannot be found.  The local computer may not have the necessary registry information or message DLL files to display the message, or you may not have permission to access them.  The following information is part of the event:'5', '5', '6', '1', '20'"
"2025-08-31 7:27:27 AM","Information","Microsoft-Windows-Kernel-General","1","Possible detection of CVE: 2025-08-31T11:27:27.5000000Z
Additional Information: 2025-08-31T11:24:10.4733602Z

This Event is generated when an attempt to exploit a known vulnerability (2025-08-31T11:27:27.5000000Z) is detected.
This Event is raised by a User mode process.
"
"2025-08-31 7:27:28 AM","Information","Microsoft-Windows-Kernel-Boot","25","The description for Event ID '25' in Source 'Microsoft-Windows-Kernel-Boot' cannot be found.  The local computer may not have the necessary registry information or message DLL files to display the message, or you may not have permission to access them.  The following information is part of the event:'1'"
"2025-08-31 7:27:28 AM","Information","Microsoft-Windows-Kernel-Boot","27","The description for Event ID '27' in Source 'Microsoft-Windows-Kernel-Boot' cannot be found.  The local computer may not have the necessary registry information or message DLL files to display the message, or you may not have permission to access them.  The following information is part of the event:'2', '?'"
"2025-08-31 7:27:28 AM","Information","Microsoft-Windows-Kernel-Boot","32","The description for Event ID '32' in Source 'Microsoft-Windows-Kernel-Boot' cannot be found.  The local computer may not have the necessary registry information or message DLL files to display the message, or you may not have permission to access them.  The following information is part of the event:'0'"
"2025-08-31 7:27:28 AM","Information","Microsoft-Windows-Kernel-Boot","30","The description for Event ID '30' in Source 'Microsoft-Windows-Kernel-Boot' cannot be found.  The local computer may not have the necessary registry information or message DLL files to display the message, or you may not have permission to access them.  The following information is part of the event:'20', '1916', '1981', '3195', '3199'"
"2025-08-31 7:27:28 AM","Information","Microsoft-Windows-Kernel-Boot","18","The description for Event ID '18' in Source 'Microsoft-Windows-Kernel-Boot' cannot be found.  The local computer may not have the necessary registry information or message DLL files to display the message, or you may not have permission to access them.  The following information is part of the event:'1'"
"2025-08-31 7:27:30 AM","Information","Microsoft-Windows-Power-Troubleshooter","1","The system has returned from a low power state.

Sleep Time: 2025-08-31T11:24:08.7587570Z
Wake Time: 2025-08-31T11:27:28.2610465Z

Wake Source: 0"
"2025-08-31 7:27:33 AM","Information","Service Control Manager","1073748864","The start type of the Background Intelligent Transfer Service service was changed from demand start to auto start."
"2025-08-31 7:29:45 AM","Information","Service Control Manager","1073748864","The start type of the Background Intelligent Transfer Service service was changed from auto start to demand start."
"2025-08-31 7:42:21 AM","Information","Microsoft-Windows-Kernel-Boot","18","The description for Event ID '18' in Source 'Microsoft-Windows-Kernel-Boot' cannot be found.  The local computer may not have the necessary registry information or message DLL files to display the message, or you may not have permission to access them.  The following information is part of the event:'1'"
"2025-08-31 7:42:21 AM","Information","Microsoft-Windows-Kernel-Boot","27","The description for Event ID '27' in Source 'Microsoft-Windows-Kernel-Boot' cannot be found.  The local computer may not have the necessary registry information or message DLL files to display the message, or you may not have permission to access them.  The following information is part of the event:'0', ' NOEXECUTE=OPTIN  NOVGA'"
"2025-08-31 7:42:21 AM","Information","Microsoft-Windows-Kernel-Boot","32","The description for Event ID '32' in Source 'Microsoft-Windows-Kernel-Boot' cannot be found.  The local computer may not have the necessary registry information or message DLL files to display the message, or you may not have permission to access them.  The following information is part of the event:'0'"
"2025-08-31 7:42:21 AM","Information","Microsoft-Windows-Kernel-General","20","The description for Event ID '20' in Source 'Microsoft-Windows-Kernel-General' cannot be found.  The local computer may not have the necessary registry information or message DLL files to display the message, or you may not have permission to access them.  The following information is part of the event:'0', 'true', '0', '0'"
"2025-08-31 7:42:21 AM","Information","Microsoft-Windows-Kernel-Boot","30","The description for Event ID '30' in Source 'Microsoft-Windows-Kernel-Boot' cannot be found.  The local computer may not have the necessary registry information or message DLL files to display the message, or you may not have permission to access them.  The following information is part of the event:'21', '6169', '6234', '7796', '7802'"
"2025-08-31 7:42:21 AM","Information","Microsoft-Windows-Kernel-Boot","153","The description for Event ID '153' in Source 'Microsoft-Windows-Kernel-Boot' cannot be found.  The local computer may not have the necessary registry information or message DLL files to display the message, or you may not have permission to access them.  The following information is part of the event:'0', '0', '0'"
"2025-08-31 7:42:21 AM","Information","Microsoft-Windows-Kernel-General","12","The description for Event ID '12' in Source 'Microsoft-Windows-Kernel-General' cannot be found.  The local computer may not have the necessary registry information or message DLL files to display the message, or you may not have permission to access them.  The following information is part of the event:'10', '0', '19041', '6216', '0', '0', '2025-08-31T11:42:21.5000000Z'"
"2025-08-31 7:42:21 AM","Information","Microsoft-Windows-Kernel-Boot","20","The description for Event ID '20' in Source 'Microsoft-Windows-Kernel-Boot' cannot be found.  The local computer may not have the necessary registry information or message DLL files to display the message, or you may not have permission to access them.  The following information is part of the event:'false', 'true', '10', '2'"
"2025-08-31 7:42:21 AM","Information","Microsoft-Windows-Kernel-Boot","25","The description for Event ID '25' in Source 'Microsoft-Windows-Kernel-Boot' cannot be found.  The local computer may not have the necessary registry information or message DLL files to display the message, or you may not have permission to access them.  The following information is part of the event:'1'"
"2025-08-31 7:42:21 AM","Information","Microsoft-Windows-Kernel-Boot","238","The description for Event ID '238' in Source 'Microsoft-Windows-Kernel-Boot' cannot be found.  The local computer may not have the necessary registry information or message DLL files to display the message, or you may not have permission to access them.  The following information is part of the event:'2047', '0'"
"2025-08-31 7:42:22 AM","Information","Microsoft-Windows-FilterManager","6","File System Filter 'WdFilter' (10.0, 2020-11-18T10:24:15.0000000Z) has successfully loaded and registered with Filter Manager."
"2025-08-31 7:42:22 AM","Information","Microsoft-Windows-FilterManager","6","File System Filter 'Wof' (10.0, 2090-03-16T11:56:17.0000000Z) has successfully loaded and registered with Filter Manager."
"2025-08-31 7:42:22 AM","Information","Microsoft-Windows-FilterManager","6","File System Filter 'FileInfo' (10.0, 2062-12-22T22:21:06.0000000Z) has successfully loaded and registered with Filter Manager."
"2025-08-31 7:42:22 AM","Information","Microsoft-Windows-HAL","16","The iommu fault reporting has been initialized."
"2025-08-31 7:42:22 AM","Information","TPM","24","The Trusted Platform Module (TPM) status: 1 and 1."
"2025-08-31 7:42:23 AM","Information","Microsoft-Windows-FilterManager","6","File System Filter 'FileCrypt' (10.0, 2002-03-01T04:12:42.0000000Z) has successfully loaded and registered with Filter Manager."
"2025-08-31 7:42:23 AM","0","Microsoft-Windows-Kernel-Power","41","The description for Event ID '41' in Source 'Microsoft-Windows-Kernel-Power' cannot be found.  The local computer may not have the necessary registry information or message DLL files to display the message, or you may not have permission to access them.  The following information is part of the event:'299', '0xffffffffc00002c4', '0xe5', '0x20c9635ebf0', '0xffffd081e793f000', '0', '0', '0', '0', 'false', '20', '0', 'false', '0', '0', 'false'"
"2025-08-31 7:42:23 AM","Information","Microsoft-Windows-Kernel-Power","172","The description for Event ID '172' in Source 'Microsoft-Windows-Kernel-Power' cannot be found.  The local computer may not have the necessary registry information or message DLL files to display the message, or you may not have permission to access them.  The following information is part of the event:'2', '6'"
"2025-08-31 7:42:23 AM","Information","Microsoft-Windows-FilterManager","6","File System Filter 'UCPD' (10.0, 2006-08-28T04:56:22.0000000Z) has successfully loaded and registered with Filter Manager."
"2025-08-31 7:42:23 AM","Information","Microsoft-Windows-FilterManager","6","File System Filter 'npsvctrig' (10.0, 2025-01-05T19:41:12.0000000Z) has successfully loaded and registered with Filter Manager."
"2025-08-31 7:42:23 AM","Information","Microsoft-Windows-Ntfs","98","The description for Event ID '98' in Source 'Microsoft-Windows-Ntfs' cannot be found.  The local computer may not have the necessary registry information or message DLL files to display the message, or you may not have permission to access them.  The following information is part of the event:'C:', '\Device\HarddiskVolume3', '0'"
"2025-08-31 7:42:24 AM","Information","Microsoft-Windows-Ntfs","98","The description for Event ID '98' in Source 'Microsoft-Windows-Ntfs' cannot be found.  The local computer may not have the necessary registry information or message DLL files to display the message, or you may not have permission to access them.  The following information is part of the event:'\\?\Volume{18356e46-6d60-429e-8a5a-2af8814c5480}', '\Device\HarddiskVolume4', '0'"
"2025-08-31 7:42:25 AM","Information","Microsoft-Windows-Kernel-Power","521","The description for Event ID '521' in Source 'Microsoft-Windows-Kernel-Power' cannot be found.  The local computer may not have the necessary registry information or message DLL files to display the message, or you may not have permission to access them.  The following information is part of the event:'0', '0', '0'"
"2025-08-31 7:42:25 AM","Information","Microsoft-Windows-Kernel-Power","105","The description for Event ID '105' in Source 'Microsoft-Windows-Kernel-Power' cannot be found.  The local computer may not have the necessary registry information or message DLL files to display the message, or you may not have permission to access them.  The following information is part of the event:'false', '0', '0'"
"2025-08-31 7:42:25 AM","Information","Microsoft-Windows-Kernel-Processor-Power","55","Hyper-V logical processor 3 exposes the following power management capabilities:

Idle state type: 1 (3 state(s))

Performance state type: 1
Nominal Frequency (MHz): 2701
Maximum performance percentage: 100
Minimum performance percentage: 27
Minimum throttle percentage: 3"
"2025-08-31 7:42:25 AM","Information","NETwNb64","1610619737","The description for Event ID '1610619737' in Source 'NETwNb64' cannot be found.  The local computer may not have the necessary registry information or message DLL files to display the message, or you may not have permission to access them.  The following information is part of the event:'\Device\NDMP2', 'Intel(R) Dual Band Wireless-AC 7260'"
"2025-08-31 7:42:25 AM","Information","NETwNb64","1610619737","The description for Event ID '1610619737' in Source 'NETwNb64' cannot be found.  The local computer may not have the necessary registry information or message DLL files to display the message, or you may not have permission to access them.  The following information is part of the event:'\Device\NDMP2', 'Intel(R) Dual Band Wireless-AC 7260'"
"2025-08-31 7:42:25 AM","Information","Microsoft-Windows-Kernel-Power","521","The description for Event ID '521' in Source 'Microsoft-Windows-Kernel-Power' cannot be found.  The local computer may not have the necessary registry information or message DLL files to display the message, or you may not have permission to access them.  The following information is part of the event:'1', '0', '0'"
"2025-08-31 7:42:25 AM","Information","NETwNb64","1073748860","The \Device\NDMP2 service entered the Intel(R) Dual Band Wireless-AC 7260 state."
"2025-08-31 7:42:25 AM","Information","Microsoft-Windows-Kernel-Processor-Power","55","Hyper-V logical processor 2 exposes the following power management capabilities:

Idle state type: 1 (3 state(s))

Performance state type: 1
Nominal Frequency (MHz): 2701
Maximum performance percentage: 100
Minimum performance percentage: 27
Minimum throttle percentage: 3"
"2025-08-31 7:42:25 AM","Information","Microsoft-Windows-Kernel-General","24","The description for Event ID '24' in Source 'Microsoft-Windows-Kernel-General' cannot be found.  The local computer may not have the necessary registry information or message DLL files to display the message, or you may not have permission to access them.  The following information is part of the event:'0', '420', '2', '0', '0'"
"2025-08-31 7:42:25 AM","Information","Microsoft-Windows-Kernel-Processor-Power","55","Hyper-V logical processor 0 exposes the following power management capabilities:

Idle state type: 1 (3 state(s))

Performance state type: 1
Nominal Frequency (MHz): 2701
Maximum performance percentage: 100
Minimum performance percentage: 27
Minimum throttle percentage: 3"
"2025-08-31 7:42:25 AM","Information","Microsoft-Windows-Kernel-Processor-Power","55","Hyper-V logical processor 1 exposes the following power management capabilities:

Idle state type: 1 (3 state(s))

Performance state type: 1
Nominal Frequency (MHz): 2701
Maximum performance percentage: 100
Minimum performance percentage: 27
Minimum throttle percentage: 3"
"2025-08-31 7:42:26 AM","Information","Microsoft-Windows-DriverFrameworks-UserMode","10118","UMDF reflector is unable to connect to service control manager (SCM). This is expected during boot, when SCM has not started yet. Will retry when it starts."
"2025-08-31 7:42:26 AM","Warning","Microsoft-Windows-Kernel-PnP","219","The driver \Driver\WudfRd failed to load for the device USB\VID_138A&PID_0010\454d46137ba0."
"2025-08-31 7:42:26 AM","Information","Microsoft-Windows-Wininit","14","Credential Guard configuration: 0, 0"
"2025-08-31 7:42:27 AM","Information","Microsoft-Windows-FilterManager","6","File System Filter 'CldFlt' (10.0, 1980-12-17T13:34:39.0000000Z) has successfully loaded and registered with Filter Manager."
"2025-08-31 7:42:27 AM","Information","Microsoft-Windows-FilterManager","1","File System Filter 'CldFlt' (Version 10.0, 1980-12-17T13:34:39.0000000Z) unloaded successfully."
"2025-08-31 7:42:27 AM","Information","Microsoft-Windows-FilterManager","6","File System Filter 'storqosflt' (10.0, 2038-12-03T02:18:20.0000000Z) has successfully loaded and registered with Filter Manager."
"2025-08-31 7:42:27 AM","Information","Microsoft-Windows-FilterManager","6","File System Filter 'CldFlt' (10.0, 1980-12-17T13:34:39.0000000Z) has successfully loaded and registered with Filter Manager."
"2025-08-31 7:42:27 AM","Information","Microsoft-Windows-Dhcp-Client","50103","DHCPv4 client registered for shutdown notification"
"2025-08-31 7:42:27 AM","Information","Microsoft-Windows-DHCPv6-Client","51046","DHCPv6 client service is started"
"2025-08-31 7:42:27 AM","Information","Microsoft-Windows-FilterManager","6","File System Filter 'bindflt' (10.0, 2091-04-15T16:55:03.0000000Z) has successfully loaded and registered with Filter Manager."
"2025-08-31 7:42:27 AM","Information","Microsoft-Windows-Dhcp-Client","50036","DHCPv4 client service is started"
"2025-08-31 7:42:27 AM","Information","Microsoft-Windows-FilterManager","6","File System Filter 'luafv' (10.0, 1996-01-27T05:16:28.0000000Z) has successfully loaded and registered with Filter Manager."
"2025-08-31 7:42:27 AM","Information","EventLog","2147489653","The Event log service was started."
"2025-08-31 7:42:27 AM","Information","EventLog","2147489661","The system uptime is 6 seconds."
"2025-08-31 7:42:27 AM","Error","EventLog","2147489656","The previous system shutdown at 1:23:49 AM on ?2025-?08-?31 was unexpected."
"2025-08-31 7:42:27 AM","Information","EventLog","2147489657","Microsoft (R) Windows (R) 10.00. 19045  Multiprocessor Free."
"2025-08-31 7:42:27 AM","Information","Microsoft-Windows-Directory-Services-SAM","16983","The security account manager is now logging periodic summary events for remote clients that call legacy password change or set RPC methods.

For more information please see https://go.microsoft.com/fwlink/?linkid=2150956.
"
"2025-08-31 7:42:27 AM","Information","Microsoft-Windows-FilterManager","6","File System Filter 'wcifs' (10.0, 2043-11-04T04:04:53.0000000Z) has successfully loaded and registered with Filter Manager."
"2025-08-31 7:42:27 AM","Information","Microsoft-Windows-Directory-Services-SAM","16962","Remote calls to the SAM database are being restricted using the default security descriptor: O:SYG:SYD:(A;;RC;;;BA).
For more information please see http://go.microsoft.com/fwlink/?LinkId=787651."
"2025-08-31 7:42:27 AM","Information","Microsoft-Windows-Directory-Services-SAM","16977","The domain is configured with the following minimum password length-related settings.

MinimumPasswordLength: 0

RelaxMinimumPasswordLengthLimits: 0

MinimumPasswordLengthAudit: -1

For more information see https://go.microsoft.com/fwlink/?LinkId=2097191.
"
"2025-08-31 7:42:29 AM","Information","Microsoft-Windows-WLAN-AutoConfig","4000","WLAN AutoConfig service has successfully started.
"
"2025-08-31 7:42:30 AM","Information","Service Control Manager","3221232498","The following boot-start or system-start driver(s) did not load: 
dam"
"2025-08-31 7:42:30 AM","Information","Microsoft-Windows-Winlogon","7001","User Logon Notification for Customer Experience Improvement Program"
"2025-08-31 7:42:31 AM","Warning","e1i65x64","2684616731","Intel(R) Ethernet Connection I218-LM

Network link is disconnected.
"
"2025-08-31 7:42:32 AM","Information","TPM","18","This event triggers the Trusted Platform Module (TPM) provisioning/status check to run."
"2025-08-31 7:42:32 AM","Warning","DCOM","10016","The description for Event ID '10016' in Source 'DCOM' cannot be found.  The local computer may not have the necessary registry information or message DLL files to display the message, or you may not have permission to access them.  The following information is part of the event:'application-specific', 'Local', 'Activation', '{6B3B8D23-FA8D-40B9-8DBD-B950333E2C52}', '{4839DDB7-58C2-48F5-8283-E1D1807D0D7D}', 'NT AUTHORITY', 'LOCAL SERVICE', 'S-1-5-19', 'LocalHost (Using LRPC)', 'Unavailable', 'Unavailable'"
"2025-08-31 7:42:32 AM","Warning","DCOM","10016","The description for Event ID '10016' in Source 'DCOM' cannot be found.  The local computer may not have the necessary registry information or message DLL files to display the message, or you may not have permission to access them.  The following information is part of the event:'application-specific', 'Local', 'Activation', '{6B3B8D23-FA8D-40B9-8DBD-B950333E2C52}', '{4839DDB7-58C2-48F5-8283-E1D1807D0D7D}', 'NT AUTHORITY', 'LOCAL SERVICE', 'S-1-5-19', 'LocalHost (Using LRPC)', 'Unavailable', 'Unavailable'"
"2025-08-31 7:42:43 AM","Error","BugCheck","1073742825","The description for Event ID '1073742825' in Source 'BugCheck' cannot be found.  The local computer may not have the necessary registry information or message DLL files to display the message, or you may not have permission to access them.  The following information is part of the event:'0x0000012b (0xffffffffc00002c4, 0x00000000000000e5, 0x0000020c9635ebf0, 0xffffd081e793f000)', 'C:\Windows\MEMORY.DMP', '1c3b0f48-4b61-4f6f-8b0b-b2fa1dc7ce31'"
"2025-08-31 7:42:46 AM","Information","Microsoft-Windows-TPM-WMI","1282","The TBS device identifier has been generated."
"2025-08-31 7:42:47 AM","Information","Microsoft-Windows-TPM-WMI","1026","The Trusted Platform Module (TPM) hardware on this computer cannot be provisioned for use automatically.  To set up the TPM interactively use the TPM management console (Start->tpm.msc) and use the action to make the TPM ready.

Error: -2144845805
Additional Information: 0x11c"
"2025-08-31 7:43:36 AM","Warning","Microsoft-Windows-Kernel-Processor-Power","37","The speed of Hyper-V logical processor 3 is being limited by system firmware. The processor has been in this reduced performance state for 71 seconds since the last report."
"2025-08-31 7:43:36 AM","Warning","Microsoft-Windows-Kernel-Processor-Power","37","The speed of Hyper-V logical processor 2 is being limited by system firmware. The processor has been in this reduced performance state for 71 seconds since the last report."
"2025-08-31 7:43:36 AM","Warning","Microsoft-Windows-Kernel-Processor-Power","37","The speed of Hyper-V logical processor 0 is being limited by system firmware. The processor has been in this reduced performance state for 71 seconds since the last report."
"2025-08-31 7:43:36 AM","Warning","Microsoft-Windows-Kernel-Processor-Power","37","The speed of Hyper-V logical processor 1 is being limited by system firmware. The processor has been in this reduced performance state for 71 seconds since the last report."
"2025-08-31 7:43:48 AM","Information","Service Control Manager","1073748864","The start type of the Background Intelligent Transfer Service service was changed from demand start to auto start."
"2025-08-31 7:44:05 AM","Warning","DCOM","10016","The description for Event ID '10016' in Source 'DCOM' cannot be found.  The local computer may not have the necessary registry information or message DLL files to display the message, or you may not have permission to access them.  The following information is part of the event:'application-specific', 'Local', 'Activation', '{2593F8B9-4EAF-457C-B68A-50F6B8EA6B54}', '{15C20B67-12E7-4BB6-92BB-7AFF07997402}', 'DESKTOP-RVD6TK8', 'User', 'S-1-5-21-2059432068-349761349-3478041169-1001', 'LocalHost (Using LRPC)', 'Unavailable', 'Unavailable'"
"2025-08-31 7:44:42 AM","Warning","DCOM","10016","The description for Event ID '10016' in Source 'DCOM' cannot be found.  The local computer may not have the necessary registry information or message DLL files to display the message, or you may not have permission to access them.  The following information is part of the event:'application-specific', 'Local', 'Launch', 'Windows.SecurityCenter.SecurityAppBroker', 'Unavailable', 'NT AUTHORITY', 'SYSTEM', 'S-1-5-18', 'LocalHost (Using LRPC)', 'Unavailable', 'Unavailable'"
"2025-08-31 7:44:42 AM","Warning","DCOM","10016","The description for Event ID '10016' in Source 'DCOM' cannot be found.  The local computer may not have the necessary registry information or message DLL files to display the message, or you may not have permission to access them.  The following information is part of the event:'application-specific', 'Local', 'Launch', 'Windows.SecurityCenter.WscDataProtection', 'Unavailable', 'NT AUTHORITY', 'SYSTEM', 'S-1-5-18', 'LocalHost (Using LRPC)', 'Unavailable', 'Unavailable'"
"2025-08-31 7:44:42 AM","Warning","DCOM","10016","The description for Event ID '10016' in Source 'DCOM' cannot be found.  The local computer may not have the necessary registry information or message DLL files to display the message, or you may not have permission to access them.  The following information is part of the event:'application-specific', 'Local', 'Launch', 'Windows.SecurityCenter.WscBrokerManager', 'Unavailable', 'NT AUTHORITY', 'SYSTEM', 'S-1-5-18', 'LocalHost (Using LRPC)', 'Unavailable', 'Unavailable'"
"2025-08-31 7:47:30 AM","Error","Microsoft-Windows-TPM-WMI","1796","The Secure Boot update failed to update a Secure Boot variable with error -2147020471. For more information, please see https://go.microsoft.com/fwlink/?linkid=2169931"
"2025-08-31 7:47:30 AM","Error","Microsoft-Windows-TPM-WMI","1796","The Secure Boot update failed to update a Secure Boot variable with error -2147020471. For more information, please see https://go.microsoft.com/fwlink/?linkid=2169931"
"2025-08-31 7:47:30 AM","Error","Microsoft-Windows-TPM-WMI","1796","The Secure Boot update failed to update a Secure Boot variable with error -2147020471. For more information, please see https://go.microsoft.com/fwlink/?linkid=2169931"
"2025-08-31 7:47:52 AM","Information","Microsoft-Windows-WindowsUpdateClient","44","Windows Update started downloading an update."
"2025-08-31 7:48:01 AM","Information","Service Control Manager","1073748864","The start type of the Background Intelligent Transfer Service service was changed from auto start to demand start."
"2025-08-31 7:48:05 AM","Information","Microsoft-Windows-WindowsUpdateClient","43","Installation Started: Windows has started installing the following update: Security Intelligence Update for Microsoft Defender Antivirus - KB2267602 (Version 1.435.496.0) - Current Channel (Broad)"
