"2025-09-09 12:31:18 AM","Information","Microsoft-Windows-Kernel-Power","521","The description for Event ID '521' in Source 'Microsoft-Windows-Kernel-Power' cannot be found.  The local computer may not have the necessary registry information or message DLL files to display the message, or you may not have permission to access them.  The following information is part of the event:'1', '0', '0'"
"2025-09-09 12:31:18 AM","Information","Microsoft-Windows-Kernel-General","24","The description for Event ID '24' in Source 'Microsoft-Windows-Kernel-General' cannot be found.  The local computer may not have the necessary registry information or message DLL files to display the message, or you may not have permission to access them.  The following information is part of the event:'0', '240', '2', '0', '0'"
"2025-09-09 12:31:18 AM","Information","Microsoft-Windows-Kernel-Processor-Power","55","Hyper-V logical processor 0 exposes the following power management capabilities:

Idle state type: 1 (3 state(s))

Performance state type: 1
Nominal Frequency (MHz): 2701
Maximum performance percentage: 100
Minimum performance percentage: 27
Minimum throttle percentage: 3"
"2025-09-09 12:31:19 AM","Information","NETwNb64","1610619737","The description for Event ID '1610619737' in Source 'NETwNb64' cannot be found.  The local computer may not have the necessary registry information or message DLL files to display the message, or you may not have permission to access them.  The following information is part of the event:'\Device\NDMP2', 'Intel(R) Dual Band Wireless-AC 7260'"
"2025-09-09 12:31:19 AM","Information","NETwNb64","1610619737","The description for Event ID '1610619737' in Source 'NETwNb64' cannot be found.  The local computer may not have the necessary registry information or message DLL files to display the message, or you may not have permission to access them.  The following information is part of the event:'\Device\NDMP2', 'Intel(R) Dual Band Wireless-AC 7260'"
"2025-09-09 12:31:19 AM","Information","NETwNb64","1073748860","The \Device\NDMP2 service entered the Intel(R) Dual Band Wireless-AC 7260 state."
"2025-09-09 12:31:20 AM","Warning","Microsoft-Windows-Kernel-PnP","219","The driver \Driver\WudfRd failed to load for the device USB\VID_138A&PID_0010\454d46137ba0."
"2025-09-09 12:31:20 AM","Information","Microsoft-Windows-Directory-Services-SAM","16977","The domain is configured with the following minimum password length-related settings.

MinimumPasswordLength: 0

RelaxMinimumPasswordLengthLimits: 0

MinimumPasswordLengthAudit: -1

For more information see https://go.microsoft.com/fwlink/?LinkId=2097191.
"
"2025-09-09 12:31:20 AM","Information","Microsoft-Windows-Directory-Services-SAM","16983","The security account manager is now logging periodic summary events for remote clients that call legacy password change or set RPC methods.

For more information please see https://go.microsoft.com/fwlink/?linkid=2150956.
"
"2025-09-09 12:31:20 AM","Information","Microsoft-Windows-Wininit","14","Credential Guard configuration: 0, 0"
"2025-09-09 12:31:20 AM","Information","Microsoft-Windows-Directory-Services-SAM","16962","Remote calls to the SAM database are being restricted using the default security descriptor: O:SYG:SYD:(A;;RC;;;BA).
For more information please see http://go.microsoft.com/fwlink/?LinkId=787651."
"2025-09-09 12:31:20 AM","Information","Microsoft-Windows-DriverFrameworks-UserMode","10118","UMDF reflector is unable to connect to service control manager (SCM). This is expected during boot, when SCM has not started yet. Will retry when it starts."
"2025-09-09 12:31:21 AM","Information","Microsoft-Windows-FilterManager","6","File System Filter 'storqosflt' (10.0, 2038-12-03T05:18:20.0000000Z) has successfully loaded and registered with Filter Manager."
"2025-09-09 12:31:21 AM","Information","Microsoft-Windows-FilterManager","6","File System Filter 'CldFlt' (10.0, 1980-12-17T16:34:39.0000000Z) has successfully loaded and registered with Filter Manager."
"2025-09-09 12:31:21 AM","Information","Microsoft-Windows-FilterManager","1","File System Filter 'CldFlt' (Version 10.0, 1980-12-17T16:34:39.0000000Z) unloaded successfully."
"2025-09-09 12:31:21 AM","Information","Microsoft-Windows-FilterManager","6","File System Filter 'bindflt' (10.0, 2091-04-15T19:55:03.0000000Z) has successfully loaded and registered with Filter Manager."
"2025-09-09 12:31:21 AM","Information","Microsoft-Windows-DHCPv6-Client","51046","DHCPv6 client service is started"
"2025-09-09 12:31:21 AM","Information","Microsoft-Windows-Dhcp-Client","50103","DHCPv4 client registered for shutdown notification"
"2025-09-09 12:31:21 AM","Information","Microsoft-Windows-Dhcp-Client","50036","DHCPv4 client service is started"
"2025-09-09 12:31:21 AM","Information","EventLog","2147489653","The Event log service was started."
"2025-09-09 12:31:21 AM","Information","EventLog","2147489657","Microsoft (R) Windows (R) 10.00. 19045  Multiprocessor Free."
"2025-09-09 12:31:21 AM","Error","EventLog","2147489656","The previous system shutdown at 10:49:42 PM on ?2025-?09-?08 was unexpected."
"2025-09-09 12:31:21 AM","Information","EventLog","2147489661","The system uptime is 5 seconds."
"2025-09-09 12:31:21 AM","Information","Microsoft-Windows-FilterManager","6","File System Filter 'CldFlt' (10.0, 1980-12-17T16:34:39.0000000Z) has successfully loaded and registered with Filter Manager."
"2025-09-09 12:31:21 AM","Information","Microsoft-Windows-FilterManager","6","File System Filter 'luafv' (10.0, 1996-01-27T08:16:28.0000000Z) has successfully loaded and registered with Filter Manager."
"2025-09-09 12:31:21 AM","Information","Microsoft-Windows-FilterManager","6","File System Filter 'wcifs' (10.0, 2043-11-04T07:04:53.0000000Z) has successfully loaded and registered with Filter Manager."
"2025-09-09 12:31:22 AM","Information","Microsoft-Windows-WLAN-AutoConfig","4000","WLAN AutoConfig service has successfully started.
"
"2025-09-09 12:31:23 AM","Information","Microsoft-Windows-Winlogon","7001","User Logon Notification for Customer Experience Improvement Program"
"2025-09-09 12:31:24 AM","Warning","e1i65x64","2684616731","Intel(R) Ethernet Connection I218-LM

Network link is disconnected.
"
"2025-09-09 12:31:24 AM","Information","Service Control Manager","3221232498","The following boot-start or system-start driver(s) did not load: 
dam"
"2025-09-09 12:31:25 AM","Warning","DCOM","10016","The description for Event ID '10016' in Source 'DCOM' cannot be found.  The local computer may not have the necessary registry information or message DLL files to display the message, or you may not have permission to access them.  The following information is part of the event:'application-specific', 'Local', 'Activation', '{6B3B8D23-FA8D-40B9-8DBD-B950333E2C52}', '{4839DDB7-58C2-48F5-8283-E1D1807D0D7D}', 'NT AUTHORITY', 'LOCAL SERVICE', 'S-1-5-19', 'LocalHost (Using LRPC)', 'Unavailable', 'Unavailable'"
"2025-09-09 12:31:25 AM","Warning","DCOM","10016","The description for Event ID '10016' in Source 'DCOM' cannot be found.  The local computer may not have the necessary registry information or message DLL files to display the message, or you may not have permission to access them.  The following information is part of the event:'application-specific', 'Local', 'Activation', '{6B3B8D23-FA8D-40B9-8DBD-B950333E2C52}', '{4839DDB7-58C2-48F5-8283-E1D1807D0D7D}', 'NT AUTHORITY', 'LOCAL SERVICE', 'S-1-5-19', 'LocalHost (Using LRPC)', 'Unavailable', 'Unavailable'"
"2025-09-09 12:31:26 AM","Information","TPM","18","This event triggers the Trusted Platform Module (TPM) provisioning/status check to run."
"2025-09-09 12:31:38 AM","Information","Microsoft-Windows-TPM-WMI","1026","The Trusted Platform Module (TPM) hardware on this computer cannot be provisioned for use automatically.  To set up the TPM interactively use the TPM management console (Start->tpm.msc) and use the action to make the TPM ready.

Error: -2144845805
Additional Information: 0x11c"
"2025-09-09 12:31:38 AM","Information","Microsoft-Windows-TPM-WMI","1282","The TBS device identifier has been generated."
"2025-09-09 12:32:29 AM","Warning","Microsoft-Windows-Kernel-Processor-Power","37","The speed of Hyper-V logical processor 1 is being limited by system firmware. The processor has been in this reduced performance state for 71 seconds since the last report."
"2025-09-09 12:32:29 AM","Warning","Microsoft-Windows-Kernel-Processor-Power","37","The speed of Hyper-V logical processor 3 is being limited by system firmware. The processor has been in this reduced performance state for 71 seconds since the last report."
"2025-09-09 12:32:29 AM","Warning","Microsoft-Windows-Kernel-Processor-Power","37","The speed of Hyper-V logical processor 0 is being limited by system firmware. The processor has been in this reduced performance state for 71 seconds since the last report."
"2025-09-09 12:32:29 AM","Warning","Microsoft-Windows-Kernel-Processor-Power","37","The speed of Hyper-V logical processor 2 is being limited by system firmware. The processor has been in this reduced performance state for 71 seconds since the last report."
"2025-09-09 12:32:42 AM","Information","Microsoft-Windows-Kernel-General","16","The description for Event ID '16' in Source 'Microsoft-Windows-Kernel-General' cannot be found.  The local computer may not have the necessary registry information or message DLL files to display the message, or you may not have permission to access them.  The following information is part of the event:'106', '\??\C:\Users\User\AppData\Local\Packages\Microsoft.DesktopAppInstaller_8wekyb3d8bbwe\Settings\settings.dat', '2', '1'"
"2025-09-09 12:33:24 AM","Warning","DCOM","10016","The description for Event ID '10016' in Source 'DCOM' cannot be found.  The local computer may not have the necessary registry information or message DLL files to display the message, or you may not have permission to access them.  The following information is part of the event:'application-specific', 'Local', 'Launch', 'Windows.SecurityCenter.SecurityAppBroker', 'Unavailable', 'NT AUTHORITY', 'SYSTEM', 'S-1-5-18', 'LocalHost (Using LRPC)', 'Unavailable', 'Unavailable'"
"2025-09-09 12:33:24 AM","Warning","DCOM","10016","The description for Event ID '10016' in Source 'DCOM' cannot be found.  The local computer may not have the necessary registry information or message DLL files to display the message, or you may not have permission to access them.  The following information is part of the event:'application-specific', 'Local', 'Launch', 'Windows.SecurityCenter.WscBrokerManager', 'Unavailable', 'NT AUTHORITY', 'SYSTEM', 'S-1-5-18', 'LocalHost (Using LRPC)', 'Unavailable', 'Unavailable'"
"2025-09-09 12:33:24 AM","Warning","DCOM","10016","The description for Event ID '10016' in Source 'DCOM' cannot be found.  The local computer may not have the necessary registry information or message DLL files to display the message, or you may not have permission to access them.  The following information is part of the event:'application-specific', 'Local', 'Launch', 'Windows.SecurityCenter.WscDataProtection', 'Unavailable', 'NT AUTHORITY', 'SYSTEM', 'S-1-5-18', 'LocalHost (Using LRPC)', 'Unavailable', 'Unavailable'"
"2025-09-09 12:34:21 AM","Warning","SCardSvr","624","The description for Event ID '624' in Source 'SCardSvr' cannot be found.  The local computer may not have the necessary registry information or message DLL files to display the message, or you may not have permission to access them.  The following information is part of the event:''"
"2025-09-09 12:36:22 AM","Error","Microsoft-Windows-TPM-WMI","1796","The Secure Boot update failed to update a Secure Boot variable with error -2147020471. For more information, please see https://go.microsoft.com/fwlink/?linkid=2169931"
"2025-09-09 12:36:22 AM","Error","Microsoft-Windows-TPM-WMI","1796","The Secure Boot update failed to update a Secure Boot variable with error -2147020471. For more information, please see https://go.microsoft.com/fwlink/?linkid=2169931"
"2025-09-09 12:36:22 AM","Error","Microsoft-Windows-TPM-WMI","1796","The Secure Boot update failed to update a Secure Boot variable with error -2147020471. For more information, please see https://go.microsoft.com/fwlink/?linkid=2169931"
"2025-09-09 12:36:50 AM","Warning","DCOM","10016","The description for Event ID '10016' in Source 'DCOM' cannot be found.  The local computer may not have the necessary registry information or message DLL files to display the message, or you may not have permission to access them.  The following information is part of the event:'machine-default', 'Local', 'Activation', '{C2F03A33-21F5-47FA-B4BB-156362A2F239}', '{316CDED5-E4AE-4B15-9113-7055D84DCC97}', 'DESKTOP-RVD6TK8', 'User', 'S-1-5-21-2059432068-349761349-3478041169-1001', 'LocalHost (Using LRPC)', 'Microsoft.Windows.ShellExperienceHost_10.0.19041.5072_neutral_neutral_cw5n1h2txyewy', 'S-1-15-2-155514346-2573954481-755741238-1654018636-1233331829-3075935687-2861478708'"
"2025-09-09 12:41:45 AM","Information","Microsoft-Windows-Kernel-General","16","The description for Event ID '16' in Source 'Microsoft-Windows-Kernel-General' cannot be found.  The local computer may not have the necessary registry information or message DLL files to display the message, or you may not have permission to access them.  The following information is part of the event:'85', '\??\C:\ProgramData\Microsoft\Provisioning\Microsoft-Desktop-Provisioning-Sequence.dat', '0', '0'"
"2025-09-09 12:51:48 AM","Information","Microsoft-Windows-Kernel-Power","107","The description for Event ID '107' in Source 'Microsoft-Windows-Kernel-Power' cannot be found.  The local computer may not have the necessary registry information or message DLL files to display the message, or you may not have permission to access them.  The following information is part of the event:'4', '4', '4', '2025-09-09T07:51:48.2868453Z', '2025-09-09T07:51:48.2868453Z', '4', '4'"
"2025-09-09 12:51:48 AM","Information","Microsoft-Windows-Kernel-Power","42","The description for Event ID '42' in Source 'Microsoft-Windows-Kernel-Power' cannot be found.  The local computer may not have the necessary registry information or message DLL files to display the message, or you may not have permission to access them.  The following information is part of the event:'4', '4', '7', '0', '1'"
"2025-09-09 1:11:33 AM","Information","Microsoft-Windows-Kernel-Power","130","The description for Event ID '130' in Source 'Microsoft-Windows-Kernel-Power' cannot be found.  The local computer may not have the necessary registry information or message DLL files to display the message, or you may not have permission to access them.  The following information is part of the event:'1244512', '1244696'"
"2025-09-09 1:11:33 AM","Information","Microsoft-Windows-Kernel-Power","131","The description for Event ID '131' in Source 'Microsoft-Windows-Kernel-Power' cannot be found.  The local computer may not have the necessary registry information or message DLL files to display the message, or you may not have permission to access them.  The following information is part of the event:'1', '234', '234'"
"2025-09-09 1:11:33 AM","Information","Microsoft-Windows-Kernel-General","1","Possible detection of CVE: 2025-09-09T05:11:33.5000000Z
Additional Information: 2025-09-09T04:51:48.9588272Z

This Event is generated when an attempt to exploit a known vulnerability (2025-09-09T05:11:33.5000000Z) is detected.
This Event is raised by a User mode process.
"
"2025-09-09 1:11:34 AM","Information","Microsoft-Windows-Power-Troubleshooter","1","The system has returned from a low power state.

Sleep Time: 2025-09-09T04:51:47.4096647Z
Wake Time: 2025-09-09T05:11:34.3751700Z

Wake Source: 1"
"2025-09-09 1:20:16 AM","Information","Microsoft-Windows-Kernel-General","16","The description for Event ID '16' in Source 'Microsoft-Windows-Kernel-General' cannot be found.  The local computer may not have the necessary registry information or message DLL files to display the message, or you may not have permission to access them.  The following information is part of the event:'96', '\??\C:\Users\User\AppData\Local\Packages\Microsoft.YourPhone_8wekyb3d8bbwe\Settings\settings.dat', '1', '1'"
"2025-09-09 1:20:29 AM","Information","Microsoft-Windows-WindowsUpdateClient","44","Windows Update started downloading an update."
"2025-09-09 1:20:36 AM","Information","Microsoft-Windows-Kernel-General","16","The description for Event ID '16' in Source 'Microsoft-Windows-Kernel-General' cannot be found.  The local computer may not have the necessary registry information or message DLL files to display the message, or you may not have permission to access them.  The following information is part of the event:'140', '\??\C:\ProgramData\Microsoft\Windows\AppRepository\Packages\MicrosoftWindows.CrossDevice_0.25072.52.0_x64__cw5n1h2txyewy\ActivationStore.dat', '0', '0'"
"2025-09-09 1:20:37 AM","Information","Microsoft-Windows-WindowsUpdateClient","43","Installation Started: Windows has started installing the following update: 9NTXGKQ8P7N0-MicrosoftWindows.CrossDevice"
"2025-09-09 1:20:38 AM","Information","Microsoft-Windows-WindowsUpdateClient","19","Installation Successful: Windows successfully installed the following update: 9NTXGKQ8P7N0-MicrosoftWindows.CrossDevice"
"2025-09-09 1:22:07 AM","Information","Service Control Manager","1073748864","The start type of the Windows Modules Installer service was changed from demand start to auto start."
"2025-09-09 1:22:09 AM","Information","Microsoft-Windows-Kernel-General","16","The description for Event ID '16' in Source 'Microsoft-Windows-Kernel-General' cannot be found.  The local computer may not have the necessary registry information or message DLL files to display the message, or you may not have permission to access them.  The following information is part of the event:'52', '\??\C:\Windows\System32\SMI\Store\Machine\SCHEMA.DAT', '15953', '2713'"
"2025-09-09 1:22:17 AM","Information","Service Control Manager","1073748864","The start type of the Windows Modules Installer service was changed from auto start to demand start."
"2025-09-09 1:22:23 AM","Information","Service Control Manager","1073748864","The start type of the Windows Modules Installer service was changed from demand start to auto start."
"2025-09-09 1:22:29 AM","Information","Service Control Manager","1073748864","The start type of the Windows Modules Installer service was changed from auto start to demand start."
"2025-09-09 1:22:37 AM","Information","Service Control Manager","1073748864","The start type of the Windows Modules Installer service was changed from demand start to auto start."
"2025-09-09 3:00:38 AM","Warning","Microsoft-Windows-DNS-Client","1014","Name resolution for the name clients4.google.com timed out after none of the configured DNS servers responded."
"2025-09-09 3:51:07 AM","Information","Microsoft-Windows-Kernel-Power","105","The description for Event ID '105' in Source 'Microsoft-Windows-Kernel-Power' cannot be found.  The local computer may not have the necessary registry information or message DLL files to display the message, or you may not have permission to access them.  The following information is part of the event:'true', '9194', '47161'"
"2025-09-09 3:52:15 AM","Warning","DCOM","10016","The description for Event ID '10016' in Source 'DCOM' cannot be found.  The local computer may not have the necessary registry information or message DLL files to display the message, or you may not have permission to access them.  The following information is part of the event:'application-specific', 'Local', 'Activation', '{2593F8B9-4EAF-457C-B68A-50F6B8EA6B54}', '{15C20B67-12E7-4BB6-92BB-7AFF07997402}', 'DESKTOP-RVD6TK8', 'User', 'S-1-5-21-2059432068-349761349-3478041169-1001', 'LocalHost (Using LRPC)', 'Unavailable', 'Unavailable'"
"2025-09-09 5:22:45 AM","Information","Microsoft-Windows-Time-Service","158","The time provider 'VMICTimeProvider' has indicated that the current hardware and operating environment is not supported and has stopped. This behavior is expected for VMICTimeProvider on non-HyperV-guest environments. This may be the expected behavior for the current provider in the current operating environment as well."
"2025-09-09 5:22:47 AM","Information","Microsoft-Windows-Time-Service","37","The time provider NtpClient is currently receiving valid time data from time.windows.com,0x9 (ntp.m|0x9|0.0.0.0:123->168.61.215.74:123)."
"2025-09-09 5:23:04 AM","Information","Microsoft-Windows-Kernel-General","1","Possible detection of CVE: 2025-09-09T09:23:04.1193530Z
Additional Information: 2025-09-09T09:23:04.1181620Z

This Event is generated when an attempt to exploit a known vulnerability (2025-09-09T09:23:04.1193530Z) is detected.
This Event is raised by a User mode process.
"
"2025-09-09 5:23:04 AM","Information","Microsoft-Windows-Kernel-General","24","The description for Event ID '24' in Source 'Microsoft-Windows-Kernel-General' cannot be found.  The local computer may not have the necessary registry information or message DLL files to display the message, or you may not have permission to access them.  The following information is part of the event:'0', '240', '2', '0', '0'"
"2025-09-09 5:23:04 AM","Information","Microsoft-Windows-Kernel-General","1","Possible detection of CVE: 2025-09-09T09:23:04.1204817Z
Additional Information: 2025-09-09T09:23:04.1193530Z

This Event is generated when an attempt to exploit a known vulnerability (2025-09-09T09:23:04.1204817Z) is detected.
This Event is raised by a User mode process.
"
"2025-09-09 5:23:04 AM","Information","Microsoft-Windows-Kernel-General","24","The description for Event ID '24' in Source 'Microsoft-Windows-Kernel-General' cannot be found.  The local computer may not have the necessary registry information or message DLL files to display the message, or you may not have permission to access them.  The following information is part of the event:'0', '240', '2', '0', '0'"
"2025-09-09 5:23:04 AM","Information","Microsoft-Windows-Kernel-General","24","The description for Event ID '24' in Source 'Microsoft-Windows-Kernel-General' cannot be found.  The local computer may not have the necessary registry information or message DLL files to display the message, or you may not have permission to access them.  The following information is part of the event:'0', '240', '2', '0', '0'"
"2025-09-09 5:23:04 AM","Information","Microsoft-Windows-Kernel-General","1","Possible detection of CVE: 2025-09-09T09:23:04.1181620Z
Additional Information: 2025-09-09T09:23:01.9460675Z

This Event is generated when an attempt to exploit a known vulnerability (2025-09-09T09:23:04.1181620Z) is detected.
This Event is raised by a User mode process.
"
"2025-09-09 5:23:04 AM","Information","Microsoft-Windows-Time-Service","35","The time service is now synchronizing the system time with the time source time.windows.com,0x9 (ntp.m|0x9|0.0.0.0:123->168.61.215.74:123) with reference id 1255620008. Current local stratum number is 4."
"2025-09-09 6:05:31 AM","Warning","Microsoft-Windows-DNS-Client","1014","Name resolution for the name play.google.com timed out after none of the configured DNS servers responded."
"2025-09-09 7:05:57 AM","Information","Service Control Manager","1073748864","The start type of the Background Intelligent Transfer Service service was changed from demand start to auto start."
"2025-09-09 7:08:14 AM","Information","Service Control Manager","1073748864","The start type of the Background Intelligent Transfer Service service was changed from auto start to demand start."
"2025-09-09 7:41:17 AM","Information","Service Control Manager","1073748864","The start type of the Background Intelligent Transfer Service service was changed from demand start to auto start."
"2025-09-09 7:43:28 AM","Information","Service Control Manager","1073748864","The start type of the Background Intelligent Transfer Service service was changed from auto start to demand start."
"2025-09-09 10:32:53 AM","Information","Service Control Manager","1073748864","The start type of the Background Intelligent Transfer Service service was changed from demand start to auto start."
"2025-09-09 10:35:42 AM","Information","Service Control Manager","1073748864","The start type of the Background Intelligent Transfer Service service was changed from auto start to demand start."
"2025-09-09 11:13:16 AM","Information","Service Control Manager","1073748864","The start type of the Background Intelligent Transfer Service service was changed from demand start to auto start."
"2025-09-09 11:15:36 AM","Information","Service Control Manager","1073748864","The start type of the Background Intelligent Transfer Service service was changed from auto start to demand start."
"2025-09-09 11:32:09 AM","Information","Service Control Manager","1073748864","The start type of the Background Intelligent Transfer Service service was changed from demand start to auto start."
"2025-09-09 11:37:14 AM","Information","Microsoft-Windows-Kernel-Power","107","The description for Event ID '107' in Source 'Microsoft-Windows-Kernel-Power' cannot be found.  The local computer may not have the necessary registry information or message DLL files to display the message, or you may not have permission to access them.  The following information is part of the event:'4', '4', '4', '1601-01-01T00:00:00.0000000Z', '1601-01-01T00:00:00.0000000Z', '0', '0'"
"2025-09-09 11:37:14 AM","Information","Microsoft-Windows-Kernel-Power","42","The description for Event ID '42' in Source 'Microsoft-Windows-Kernel-Power' cannot be found.  The local computer may not have the necessary registry information or message DLL files to display the message, or you may not have permission to access them.  The following information is part of the event:'4', '4', '0', '4', '3'"
"2025-09-09 11:37:55 AM","Information","Microsoft-Windows-Kernel-Power","130","The description for Event ID '130' in Source 'Microsoft-Windows-Kernel-Power' cannot be found.  The local computer may not have the necessary registry information or message DLL files to display the message, or you may not have permission to access them.  The following information is part of the event:'38696193', '38696362'"
"2025-09-09 11:37:55 AM","Information","Microsoft-Windows-Kernel-Power","131","The description for Event ID '131' in Source 'Microsoft-Windows-Kernel-Power' cannot be found.  The local computer may not have the necessary registry information or message DLL files to display the message, or you may not have permission to access them.  The following information is part of the event:'2', '226', '230'"
"2025-09-09 11:37:55 AM","Information","Microsoft-Windows-Kernel-General","1","Possible detection of CVE: 2025-09-09T15:37:55.5000000Z
Additional Information: 2025-09-09T15:37:14.5430865Z

This Event is generated when an attempt to exploit a known vulnerability (2025-09-09T15:37:55.5000000Z) is detected.
This Event is raised by a User mode process.
"
"2025-09-09 11:37:58 AM","Information","Microsoft-Windows-Power-Troubleshooter","1","The system has returned from a low power state.

Sleep Time: 2025-09-09T15:37:12.1333303Z
Wake Time: 2025-09-09T15:37:57.2737500Z

Wake Source: 5Intel(R) USB 3.0 eXtensible Host Controller - 1.0 (Microsoft)"
"2025-09-09 11:39:53 AM","Information","Service Control Manager","1073748864","The start type of the Background Intelligent Transfer Service service was changed from auto start to demand start."
"2025-09-09 12:00:00 PM","Information","EventLog","2147489661","The system uptime is 41323 seconds."
"2025-09-09 12:36:22 PM","Error","Microsoft-Windows-TPM-WMI","1796","The Secure Boot update failed to update a Secure Boot variable with error -2147020471. For more information, please see https://go.microsoft.com/fwlink/?linkid=2169931"
"2025-09-09 12:36:22 PM","Error","Microsoft-Windows-TPM-WMI","1796","The Secure Boot update failed to update a Secure Boot variable with error -2147020471. For more information, please see https://go.microsoft.com/fwlink/?linkid=2169931"
"2025-09-09 12:36:22 PM","Error","Microsoft-Windows-TPM-WMI","1796","The Secure Boot update failed to update a Secure Boot variable with error -2147020471. For more information, please see https://go.microsoft.com/fwlink/?linkid=2169931"
"2025-09-09 1:19:23 PM","Information","Microsoft-Windows-WindowsUpdateClient","44","Windows Update started downloading an update."
"2025-09-09 1:20:09 PM","Information","Microsoft-Windows-WindowsUpdateClient","43","Installation Started: Windows has started installing the following update: Security Intelligence Update for Microsoft Defender Antivirus - KB2267602 (Version 1.435.674.0) - Current Channel (Broad)"
"2025-09-09 1:20:22 PM","Information","Microsoft-Windows-WindowsUpdateClient","19","Installation Successful: Windows successfully installed the following update: Security Intelligence Update for Microsoft Defender Antivirus - KB2267602 (Version 1.435.674.0) - Current Channel (Broad)"
"2025-09-09 8:26:41 PM","Information","Service Control Manager","1073748864","The start type of the Background Intelligent Transfer Service service was changed from demand start to auto start."
"2025-09-09 8:28:46 PM","Information","Service Control Manager","1073748864","The start type of the Background Intelligent Transfer Service service was changed from auto start to demand start."
"2025-09-09 8:57:36 PM","Warning","Microsoft-Windows-DNS-Client","1014","Name resolution for the name array815.prod.do.dsp.mp.microsoft.com timed out after none of the configured DNS servers responded."
"2025-09-09 8:57:50 PM","Warning","Microsoft-Windows-DNS-Client","1014","Name resolution for the name clients4.google.com timed out after none of the configured DNS servers responded."
"2025-09-09 8:58:00 PM","Information","NETwNb64","1610620736","The description for Event ID '1610620736' in Source 'NETwNb64' cannot be found.  The local computer may not have the necessary registry information or message DLL files to display the message, or you may not have permission to access them.  The following information is part of the event:'\Device\NDMP2', 'Intel(R) Dual Band Wireless-AC 7260'"
"2025-09-09 8:58:00 PM","Warning","Microsoft-Windows-WLAN-AutoConfig","4003","WLAN AutoConfig detected limited connectivity, attempting automatic recovery.

Recovery Type: 4
Error Code: 0x0
Trigger Reason: 5
IP Family: 0
"
"2025-09-09 8:58:01 PM","Information","NETwNb64","1610619737","The description for Event ID '1610619737' in Source 'NETwNb64' cannot be found.  The local computer may not have the necessary registry information or message DLL files to display the message, or you may not have permission to access them.  The following information is part of the event:'\Device\NDMP13', 'Intel(R) Dual Band Wireless-AC 7260'"
"2025-09-09 8:58:01 PM","Information","NETwNb64","1610619737","The description for Event ID '1610619737' in Source 'NETwNb64' cannot be found.  The local computer may not have the necessary registry information or message DLL files to display the message, or you may not have permission to access them.  The following information is part of the event:'\Device\NDMP13', 'Intel(R) Dual Band Wireless-AC 7260'"
"2025-09-09 8:58:01 PM","Information","NETwNb64","1073748860","The \Device\NDMP13 service entered the Intel(R) Dual Band Wireless-AC 7260 state."
"2025-09-09 9:13:15 PM","Information","Service Control Manager","1073748864","The start type of the Background Intelligent Transfer Service service was changed from demand start to auto start."
"2025-09-09 9:15:28 PM","Information","Service Control Manager","1073748864","The start type of the Background Intelligent Transfer Service service was changed from auto start to demand start."
"2025-09-09 11:56:12 PM","Information","Application Popup","26","CriticalAppShutdownCleanupTimeout"
"2025-09-09 11:56:24 PM","Information","Application Popup","26","CriticalAppShutdownCleanupTimeout"
"2025-09-10 12:36:22 AM","Error","Microsoft-Windows-TPM-WMI","1796","The Secure Boot update failed to update a Secure Boot variable with error -2147020471. For more information, please see https://go.microsoft.com/fwlink/?linkid=2169931"
"2025-09-10 12:36:22 AM","Error","Microsoft-Windows-TPM-WMI","1796","The Secure Boot update failed to update a Secure Boot variable with error -2147020471. For more information, please see https://go.microsoft.com/fwlink/?linkid=2169931"
"2025-09-10 12:36:22 AM","Error","Microsoft-Windows-TPM-WMI","1796","The Secure Boot update failed to update a Secure Boot variable with error -2147020471. For more information, please see https://go.microsoft.com/fwlink/?linkid=2169931"
"2025-09-10 12:52:57 AM","Warning","Microsoft-Windows-Kernel-Processor-Power","37","The speed of Hyper-V logical processor 2 is being limited by system firmware. The processor has been in this reduced performance state for 87627 seconds since the last report."
"2025-09-10 12:52:57 AM","Warning","Microsoft-Windows-Kernel-Processor-Power","37","The speed of Hyper-V logical processor 3 is being limited by system firmware. The processor has been in this reduced performance state for 87627 seconds since the last report."
"2025-09-10 12:52:57 AM","Warning","Microsoft-Windows-Kernel-Processor-Power","37","The speed of Hyper-V logical processor 0 is being limited by system firmware. The processor has been in this reduced performance state for 87627 seconds since the last report."
"2025-09-10 12:52:57 AM","Warning","Microsoft-Windows-Kernel-Processor-Power","37","The speed of Hyper-V logical processor 1 is being limited by system firmware. The processor has been in this reduced performance state for 87627 seconds since the last report."
"2025-09-10 1:12:19 AM","Information","Microsoft-Windows-WindowsUpdateClient","44","Windows Update started downloading an update."
"2025-09-10 1:12:34 AM","Information","Microsoft-Windows-WindowsUpdateClient","43","Installation Started: Windows has started installing the following update: Security Intelligence Update for Microsoft Defender Antivirus - KB2267602 (Version 1.435.681.0) - Current Channel (Broad)"
"2025-09-10 1:12:47 AM","Information","Microsoft-Windows-WindowsUpdateClient","19","Installation Successful: Windows successfully installed the following update: Security Intelligence Update for Microsoft Defender Antivirus - KB2267602 (Version 1.435.681.0) - Current Channel (Broad)"
"2025-09-10 2:13:16 AM","Information","Service Control Manager","1073748864","The start type of the Background Intelligent Transfer Service service was changed from demand start to auto start."
"2025-09-10 2:13:48 AM","Information","Microsoft-Windows-Time-Service","158","The time provider 'VMICTimeProvider' has indicated that the current hardware and operating environment is not supported and has stopped. This behavior is expected for VMICTimeProvider on non-HyperV-guest environments. This may be the expected behavior for the current provider in the current operating environment as well."
"2025-09-10 2:13:50 AM","Information","Microsoft-Windows-Time-Service","37","The time provider NtpClient is currently receiving valid time data from time.windows.com,0x9 (ntp.m|0x9|0.0.0.0:123->168.61.215.74:123)."
"2025-09-10 2:14:02 AM","Information","Microsoft-Windows-WindowsUpdateClient","44","Windows Update started downloading an update."
"2025-09-10 2:14:04 AM","Information","Microsoft-Windows-Kernel-General","1","Possible detection of CVE: 2025-09-10T06:14:04.4421928Z
Additional Information: 2025-09-10T06:14:04.4417077Z

This Event is generated when an attempt to exploit a known vulnerability (2025-09-10T06:14:04.4421928Z) is detected.
This Event is raised by a User mode process.
"
"2025-09-10 2:14:04 AM","Information","Microsoft-Windows-Kernel-General","24","The description for Event ID '24' in Source 'Microsoft-Windows-Kernel-General' cannot be found.  The local computer may not have the necessary registry information or message DLL files to display the message, or you may not have permission to access them.  The following information is part of the event:'0', '240', '2', '0', '0'"
"2025-09-10 2:14:04 AM","Information","Microsoft-Windows-Time-Service","35","The time service is now synchronizing the system time with the time source time.windows.com,0x9 (ntp.m|0x9|0.0.0.0:123->168.61.215.74:123) with reference id 1255620008. Current local stratum number is 4."
"2025-09-10 2:15:14 AM","Information","Microsoft-Windows-Kernel-Power","107","The description for Event ID '107' in Source 'Microsoft-Windows-Kernel-Power' cannot be found.  The local computer may not have the necessary registry information or message DLL files to display the message, or you may not have permission to access them.  The following information is part of the event:'4', '4', '4', '1601-01-01T00:00:00.0000000Z', '1601-01-01T00:00:00.0000000Z', '0', '0'"
"2025-09-10 2:15:14 AM","Information","Microsoft-Windows-Kernel-Power","42","The description for Event ID '42' in Source 'Microsoft-Windows-Kernel-Power' cannot be found.  The local computer may not have the necessary registry information or message DLL files to display the message, or you may not have permission to access them.  The following information is part of the event:'4', '4', '0', '4', '5'"
"2025-09-10 8:20:14 AM","Information","Microsoft-Windows-Kernel-Power","130","The description for Event ID '130' in Source 'Microsoft-Windows-Kernel-Power' cannot be found.  The local computer may not have the necessary registry information or message DLL files to display the message, or you may not have permission to access them.  The following information is part of the event:'91213763', '91213955'"
"2025-09-10 8:20:14 AM","Information","Microsoft-Windows-Kernel-Power","131","The description for Event ID '131' in Source 'Microsoft-Windows-Kernel-Power' cannot be found.  The local computer may not have the necessary registry information or message DLL files to display the message, or you may not have permission to access them.  The following information is part of the event:'3', '224', '228'"
"2025-09-10 8:20:14 AM","Information","Microsoft-Windows-Kernel-General","1","Possible detection of CVE: 2025-09-10T12:20:14.5000000Z
Additional Information: 2025-09-10T06:15:14.6404486Z

This Event is generated when an attempt to exploit a known vulnerability (2025-09-10T12:20:14.5000000Z) is detected.
This Event is raised by a User mode process.
"
"2025-09-10 8:20:15 AM","Information","Microsoft-Windows-Power-Troubleshooter","1","The system has returned from a low power state.

Sleep Time: 2025-09-10T06:15:12.3836609Z
Wake Time: 2025-09-10T12:20:15.5989187Z

Wake Source: 1"
"2025-09-10 8:21:30 AM","Information","Microsoft-Windows-Kernel-General","16","The description for Event ID '16' in Source 'Microsoft-Windows-Kernel-General' cannot be found.  The local computer may not have the necessary registry information or message DLL files to display the message, or you may not have permission to access them.  The following information is part of the event:'99', '\??\C:\Users\User\AppData\Local\Packages\Microsoft.WindowsStore_8wekyb3d8bbwe\Settings\settings.dat', '17', '4'"
"2025-09-10 8:22:50 AM","Information","Service Control Manager","1073748864","The start type of the Background Intelligent Transfer Service service was changed from auto start to demand start."
"2025-09-10 8:23:15 AM","Information","Service Control Manager","1073748864","The start type of the Background Intelligent Transfer Service service was changed from demand start to auto start."
"2025-09-10 8:25:20 AM","Information","Service Control Manager","1073748864","The start type of the Background Intelligent Transfer Service service was changed from auto start to demand start."
"2025-09-10 8:34:25 AM","Warning","DCOM","10016","The description for Event ID '10016' in Source 'DCOM' cannot be found.  The local computer may not have the necessary registry information or message DLL files to display the message, or you may not have permission to access them.  The following information is part of the event:'machine-default', 'Local', 'Activation', '{C2F03A33-21F5-47FA-B4BB-156362A2F239}', '{316CDED5-E4AE-4B15-9113-7055D84DCC97}', 'DESKTOP-RVD6TK8', 'User', 'S-1-5-21-2059432068-349761349-3478041169-1001', 'LocalHost (Using LRPC)', 'Microsoft.Windows.ShellExperienceHost_10.0.19041.5072_neutral_neutral_cw5n1h2txyewy', 'S-1-15-2-155514346-2573954481-755741238-1654018636-1233331829-3075935687-2861478708'"
"2025-09-10 9:51:06 AM","Information","Microsoft-Windows-WindowsUpdateClient","44","Windows Update started downloading an update."
"2025-09-10 9:52:33 AM","Information","Service Control Manager","1073748864","The start type of the Background Intelligent Transfer Service service was changed from demand start to auto start."
"2025-09-10 9:53:39 AM","Information","Microsoft-Windows-Kernel-General","16","The description for Event ID '16' in Source 'Microsoft-Windows-Kernel-General' cannot be found.  The local computer may not have the necessary registry information or message DLL files to display the message, or you may not have permission to access them.  The following information is part of the event:'149', '\??\C:\ProgramData\Microsoft\Windows\AppRepository\Packages\Microsoft.MicrosoftSolitaireCollection_4.23.9080.0_x64__8wekyb3d8bbwe\ActivationStore.dat', '0', '0'"
"2025-09-10 9:53:41 AM","Information","Microsoft-Windows-WindowsUpdateClient","19","Installation Successful: Windows successfully installed the following update: 9WZDNCRFHWD2-Microsoft.MicrosoftSolitaireCollection"
"2025-09-10 9:53:41 AM","Information","Microsoft-Windows-Kernel-General","16","The description for Event ID '16' in Source 'Microsoft-Windows-Kernel-General' cannot be found.  The local computer may not have the necessary registry information or message DLL files to display the message, or you may not have permission to access them.  The following information is part of the event:'115', '\??\C:\Users\User\AppData\Local\Packages\Microsoft.MicrosoftSolitaireCollection_8wekyb3d8bbwe\Settings\settings.dat', '1', '1'"
"2025-09-10 9:53:41 AM","Information","Microsoft-Windows-WindowsUpdateClient","43","Installation Started: Windows has started installing the following update: 9WZDNCRFHWD2-Microsoft.MicrosoftSolitaireCollection"
"2025-09-10 9:54:44 AM","Information","Service Control Manager","1073748864","The start type of the Background Intelligent Transfer Service service was changed from auto start to demand start."
"2025-09-10 9:59:27 AM","Information","Microsoft-Windows-Kernel-General","16","The description for Event ID '16' in Source 'Microsoft-Windows-Kernel-General' cannot be found.  The local computer may not have the necessary registry information or message DLL files to display the message, or you may not have permission to access them.  The following information is part of the event:'101', '\??\C:\Users\User\AppData\Local\Packages\Microsoft.Windows.Photos_8wekyb3d8bbwe\Settings\settings.dat', '14', '6'"
"2025-09-10 10:07:25 AM","Information","Microsoft-Windows-Kernel-General","16","The description for Event ID '16' in Source 'Microsoft-Windows-Kernel-General' cannot be found.  The local computer may not have the necessary registry information or message DLL files to display the message, or you may not have permission to access them.  The following information is part of the event:'99', '\??\C:\Users\User\AppData\Local\Packages\Microsoft.ScreenSketch_8wekyb3d8bbwe\Settings\settings.dat', '1', '1'"
"2025-09-10 10:25:05 AM","Warning","DCOM","10016","The description for Event ID '10016' in Source 'DCOM' cannot be found.  The local computer may not have the necessary registry information or message DLL files to display the message, or you may not have permission to access them.  The following information is part of the event:'application-specific', 'Local', 'Activation', '{2593F8B9-4EAF-457C-B68A-50F6B8EA6B54}', '{15C20B67-12E7-4BB6-92BB-7AFF07997402}', 'DESKTOP-RVD6TK8', 'User', 'S-1-5-21-2059432068-349761349-3478041169-1001', 'LocalHost (Using LRPC)', 'Unavailable', 'Unavailable'"
"2025-09-10 11:24:56 AM","Information","Microsoft-Windows-WindowsUpdateClient","44","Windows Update started downloading an update."
"2025-09-10 11:25:08 AM","Information","Microsoft-Windows-WindowsUpdateClient","43","Installation Started: Windows has started installing the following update: Security Intelligence Update for Microsoft Defender Antivirus - KB2267602 (Version 1.435.685.0) - Current Channel (Broad)"
"2025-09-10 11:25:21 AM","Information","Microsoft-Windows-WindowsUpdateClient","19","Installation Successful: Windows successfully installed the following update: Security Intelligence Update for Microsoft Defender Antivirus - KB2267602 (Version 1.435.685.0) - Current Channel (Broad)"
"2025-09-10 12:00:01 PM","Information","EventLog","2147489661","The system uptime is 127723 seconds."
"2025-09-10 6:53:20 PM","Information","Microsoft-Windows-Kernel-Boot","30","The description for Event ID '30' in Source 'Microsoft-Windows-Kernel-Boot' cannot be found.  The local computer may not have the necessary registry information or message DLL files to display the message, or you may not have permission to access them.  The following information is part of the event:'21', '11034', '11101', '12540', '12544'"
"2025-09-10 6:53:20 PM","Information","Microsoft-Windows-Kernel-General","20","The description for Event ID '20' in Source 'Microsoft-Windows-Kernel-General' cannot be found.  The local computer may not have the necessary registry information or message DLL files to display the message, or you may not have permission to access them.  The following information is part of the event:'0', 'true', '0', '0'"
"2025-09-10 6:53:20 PM","Information","Microsoft-Windows-Kernel-Boot","18","The description for Event ID '18' in Source 'Microsoft-Windows-Kernel-Boot' cannot be found.  The local computer may not have the necessary registry information or message DLL files to display the message, or you may not have permission to access them.  The following information is part of the event:'1'"
"2025-09-10 6:53:20 PM","Information","Microsoft-Windows-Kernel-Boot","32","The description for Event ID '32' in Source 'Microsoft-Windows-Kernel-Boot' cannot be found.  The local computer may not have the necessary registry information or message DLL files to display the message, or you may not have permission to access them.  The following information is part of the event:'0'"
"2025-09-10 6:53:20 PM","Information","Microsoft-Windows-HAL","16","The iommu fault reporting has been initialized."
"2025-09-10 6:53:20 PM","Information","Microsoft-Windows-FilterManager","6","File System Filter 'WdFilter' (10.0, 2020-11-18T13:24:15.0000000Z) has successfully loaded and registered with Filter Manager."
"2025-09-10 6:53:20 PM","Information","TPM","24","The Trusted Platform Module (TPM) status: 1 and 1."
"2025-09-10 6:53:20 PM","Information","Microsoft-Windows-FilterManager","6","File System Filter 'FileInfo' (10.0, 2062-12-23T01:21:06.0000000Z) has successfully loaded and registered with Filter Manager."
"2025-09-10 6:53:20 PM","Information","Microsoft-Windows-FilterManager","6","File System Filter 'Wof' (10.0, 2090-03-16T14:56:17.0000000Z) has successfully loaded and registered with Filter Manager."
"2025-09-10 6:53:20 PM","Information","Microsoft-Windows-Kernel-Boot","27","The description for Event ID '27' in Source 'Microsoft-Windows-Kernel-Boot' cannot be found.  The local computer may not have the necessary registry information or message DLL files to display the message, or you may not have permission to access them.  The following information is part of the event:'0', ' NOEXECUTE=OPTIN  NOVGA'"
"2025-09-10 6:53:20 PM","Information","Microsoft-Windows-Kernel-Boot","153","The description for Event ID '153' in Source 'Microsoft-Windows-Kernel-Boot' cannot be found.  The local computer may not have the necessary registry information or message DLL files to display the message, or you may not have permission to access them.  The following information is part of the event:'0', '0', '0'"
"2025-09-10 6:53:20 PM","Information","Microsoft-Windows-Kernel-General","12","The description for Event ID '12' in Source 'Microsoft-Windows-Kernel-General' cannot be found.  The local computer may not have the necessary registry information or message DLL files to display the message, or you may not have permission to access them.  The following information is part of the event:'10', '0', '19041', '6216', '0', '0', '2025-09-10T22:53:19.5000000Z'"
"2025-09-10 6:53:20 PM","Information","Microsoft-Windows-Kernel-Boot","20","The description for Event ID '20' in Source 'Microsoft-Windows-Kernel-Boot' cannot be found.  The local computer may not have the necessary registry information or message DLL files to display the message, or you may not have permission to access them.  The following information is part of the event:'false', 'true', '18', '2'"
"2025-09-10 6:53:20 PM","Information","Microsoft-Windows-Kernel-Boot","25","The description for Event ID '25' in Source 'Microsoft-Windows-Kernel-Boot' cannot be found.  The local computer may not have the necessary registry information or message DLL files to display the message, or you may not have permission to access them.  The following information is part of the event:'1'"
"2025-09-10 6:53:20 PM","Information","Microsoft-Windows-Kernel-Boot","238","The description for Event ID '238' in Source 'Microsoft-Windows-Kernel-Boot' cannot be found.  The local computer may not have the necessary registry information or message DLL files to display the message, or you may not have permission to access them.  The following information is part of the event:'2047', '0'"
