"2025-09-03 7:47:32 AM","Information","Microsoft-Windows-Kernel-Power","42","The description for Event ID '42' in Source 'Microsoft-Windows-Kernel-Power' cannot be found.  The local computer may not have the necessary registry information or message DLL files to display the message, or you may not have permission to access them.  The following information is part of the event:'4', '4', '7', '0', '1'"
"2025-09-03 8:06:10 AM","Information","Microsoft-Windows-Kernel-Power","130","The description for Event ID '130' in Source 'Microsoft-Windows-Kernel-Power' cannot be found.  The local computer may not have the necessary registry information or message DLL files to display the message, or you may not have permission to access them.  The following information is part of the event:'18003880', '18004060'"
"2025-09-03 8:06:10 AM","Information","Microsoft-Windows-Kernel-Power","131","The description for Event ID '131' in Source 'Microsoft-Windows-Kernel-Power' cannot be found.  The local computer may not have the necessary registry information or message DLL files to display the message, or you may not have permission to access them.  The following information is part of the event:'1', '234', '234'"
"2025-09-03 8:06:10 AM","Information","Microsoft-Windows-Kernel-General","1","Possible detection of CVE: 2025-09-03T12:06:10.5000000Z
Additional Information: 2025-09-03T11:47:32.5078366Z

This Event is generated when an attempt to exploit a known vulnerability (2025-09-03T12:06:10.5000000Z) is detected.
This Event is raised by a User mode process.
"
"2025-09-03 8:06:11 AM","Information","Microsoft-Windows-Power-Troubleshooter","1","The system has returned from a low power state.

Sleep Time: 2025-09-03T11:47:29.3471090Z
Wake Time: 2025-09-03T12:06:11.2028797Z

Wake Source: 1"
"2025-09-03 8:06:14 AM","Information","Service Control Manager","1073748864","The start type of the Background Intelligent Transfer Service service was changed from demand start to auto start."
"2025-09-03 8:06:19 AM","Warning","DCOM","10016","The description for Event ID '10016' in Source 'DCOM' cannot be found.  The local computer may not have the necessary registry information or message DLL files to display the message, or you may not have permission to access them.  The following information is part of the event:'application-specific', 'Local', 'Activation', '{2593F8B9-4EAF-457C-B68A-50F6B8EA6B54}', '{15C20B67-12E7-4BB6-92BB-7AFF07997402}', 'DESKTOP-RVD6TK8', 'User', 'S-1-5-21-2059432068-349761349-3478041169-1001', 'LocalHost (Using LRPC)', 'Microsoft.Windows.Search_1.14.18.19041_neutral_neutral_cw5n1h2txyewy', 'S-1-15-2-536077884-713174666-1066051701-3219990555-339840825-1966734348-1611281757'"
"2025-09-03 8:08:07 AM","Warning","DCOM","10016","The description for Event ID '10016' in Source 'DCOM' cannot be found.  The local computer may not have the necessary registry information or message DLL files to display the message, or you may not have permission to access them.  The following information is part of the event:'application-specific', 'Local', 'Activation', '{2593F8B9-4EAF-457C-B68A-50F6B8EA6B54}', '{15C20B67-12E7-4BB6-92BB-7AFF07997402}', 'DESKTOP-RVD6TK8', 'User', 'S-1-5-21-2059432068-349761349-3478041169-1001', 'LocalHost (Using LRPC)', 'Unavailable', 'Unavailable'"
"2025-09-03 8:08:27 AM","Information","Service Control Manager","1073748864","The start type of the Background Intelligent Transfer Service service was changed from auto start to demand start."
"2025-09-03 8:10:14 AM","Warning","DCOM","10016","The description for Event ID '10016' in Source 'DCOM' cannot be found.  The local computer may not have the necessary registry information or message DLL files to display the message, or you may not have permission to access them.  The following information is part of the event:'application-specific', 'Local', 'Activation', '{2593F8B9-4EAF-457C-B68A-50F6B8EA6B54}', '{15C20B67-12E7-4BB6-92BB-7AFF07997402}', 'DESKTOP-RVD6TK8', 'User', 'S-1-5-21-2059432068-349761349-3478041169-1001', 'LocalHost (Using LRPC)', 'Unavailable', 'Unavailable'"
"2025-09-03 8:10:24 AM","Information","Service Control Manager","1073748864","The start type of the Background Intelligent Transfer Service service was changed from demand start to auto start."
"2025-09-03 8:12:36 AM","Information","Service Control Manager","1073748864","The start type of the Background Intelligent Transfer Service service was changed from auto start to demand start."
"2025-09-03 10:22:04 AM","Information","Service Control Manager","1073748864","The start type of the Background Intelligent Transfer Service service was changed from demand start to auto start."
"2025-09-03 10:24:09 AM","Information","Service Control Manager","1073748864","The start type of the Background Intelligent Transfer Service service was changed from auto start to demand start."
"2025-09-03 10:42:39 AM","Information","Service Control Manager","1073748864","The start type of the Background Intelligent Transfer Service service was changed from demand start to auto start."
"2025-09-03 10:44:43 AM","Information","Service Control Manager","1073748864","The start type of the Background Intelligent Transfer Service service was changed from auto start to demand start."
"2025-09-03 12:02:22 PM","Information","Service Control Manager","1073748864","The start type of the Background Intelligent Transfer Service service was changed from demand start to auto start."
"2025-09-03 12:04:33 PM","Information","Service Control Manager","1073748864","The start type of the Background Intelligent Transfer Service service was changed from auto start to demand start."
"2025-09-03 1:10:24 PM","Information","Service Control Manager","1073748864","The start type of the Background Intelligent Transfer Service service was changed from demand start to auto start."
"2025-09-03 1:12:40 PM","Information","Service Control Manager","1073748864","The start type of the Background Intelligent Transfer Service service was changed from auto start to demand start."
"2025-09-03 1:25:58 PM","Information","Service Control Manager","1073748864","The start type of the Background Intelligent Transfer Service service was changed from demand start to auto start."
"2025-09-03 1:28:03 PM","Information","Service Control Manager","1073748864","The start type of the Background Intelligent Transfer Service service was changed from auto start to demand start."
"2025-09-03 1:37:20 PM","Information","Service Control Manager","1073748864","The start type of the Background Intelligent Transfer Service service was changed from demand start to auto start."
"2025-09-03 1:39:25 PM","Information","Service Control Manager","1073748864","The start type of the Background Intelligent Transfer Service service was changed from auto start to demand start."
"2025-09-03 2:52:04 PM","Error","Microsoft-Windows-TPM-WMI","1796","The Secure Boot update failed to update a Secure Boot variable with error -2147020471. For more information, please see https://go.microsoft.com/fwlink/?linkid=2169931"
"2025-09-03 2:52:04 PM","Error","Microsoft-Windows-TPM-WMI","1796","The Secure Boot update failed to update a Secure Boot variable with error -2147020471. For more information, please see https://go.microsoft.com/fwlink/?linkid=2169931"
"2025-09-03 2:52:04 PM","Error","Microsoft-Windows-TPM-WMI","1796","The Secure Boot update failed to update a Secure Boot variable with error -2147020471. For more information, please see https://go.microsoft.com/fwlink/?linkid=2169931"
"2025-09-03 3:00:00 PM","Information","EventLog","2147489661","The system uptime is 43983 seconds."
"2025-09-03 3:38:10 PM","Information","Microsoft-Windows-Kernel-Power","107","The description for Event ID '107' in Source 'Microsoft-Windows-Kernel-Power' cannot be found.  The local computer may not have the necessary registry information or message DLL files to display the message, or you may not have permission to access them.  The following information is part of the event:'4', '4', '4', '2025-09-03T22:38:10.5178449Z', '2025-09-03T22:38:10.5178449Z', '4', '4'"
"2025-09-03 3:38:10 PM","Information","Microsoft-Windows-Kernel-Power","42","The description for Event ID '42' in Source 'Microsoft-Windows-Kernel-Power' cannot be found.  The local computer may not have the necessary registry information or message DLL files to display the message, or you may not have permission to access them.  The following information is part of the event:'4', '4', '7', '0', '3'"
"2025-09-03 6:38:10 PM","Information","Microsoft-Windows-Kernel-General","1","Possible detection of CVE: 2025-09-03T22:38:10.5000000Z
Additional Information: 2025-09-03T19:38:10.7217980Z

This Event is generated when an attempt to exploit a known vulnerability (2025-09-03T22:38:10.5000000Z) is detected.
This Event is raised by a User mode process.
"
"2025-09-03 6:38:11 PM","Information","Microsoft-Windows-Power-Troubleshooter","1","The system has returned from a low power state.

Sleep Time: 2025-09-03T22:38:11.6295192Z
Wake Time: 2025-09-03T22:38:11.6295192Z

Wake Source: 3"
"2025-09-03 6:38:11 PM","Information","Microsoft-Windows-Kernel-Power","130","The description for Event ID '130' in Source 'Microsoft-Windows-Kernel-Power' cannot be found.  The local computer may not have the necessary registry information or message DLL files to display the message, or you may not have permission to access them.  The following information is part of the event:'45061254', '45061405'"
"2025-09-03 6:38:11 PM","Information","Microsoft-Windows-Kernel-Power","131","The description for Event ID '131' in Source 'Microsoft-Windows-Kernel-Power' cannot be found.  The local computer may not have the necessary registry information or message DLL files to display the message, or you may not have permission to access them.  The following information is part of the event:'2', '229', '231'"
"2025-09-03 6:38:13 PM","Information","Microsoft-Windows-Kernel-Power","107","The description for Event ID '107' in Source 'Microsoft-Windows-Kernel-Power' cannot be found.  The local computer may not have the necessary registry information or message DLL files to display the message, or you may not have permission to access them.  The following information is part of the event:'5', '5', '5', '1601-01-01T00:00:00.0000000Z', '1601-01-01T00:00:00.0000000Z', '0', '0'"
"2025-09-03 6:38:13 PM","Information","Microsoft-Windows-Kernel-Power","42","The description for Event ID '42' in Source 'Microsoft-Windows-Kernel-Power' cannot be found.  The local computer may not have the necessary registry information or message DLL files to display the message, or you may not have permission to access them.  The following information is part of the event:'5', '5', '6', '0', '4'"
"2025-09-03 6:38:58 PM","Information","Microsoft-Windows-Kernel-General","1","Possible detection of CVE: 2025-09-03T22:38:58.5000000Z
Additional Information: 2025-09-03T22:38:13.7265207Z

This Event is generated when an attempt to exploit a known vulnerability (2025-09-03T22:38:58.5000000Z) is detected.
This Event is raised by a User mode process.
"
"2025-09-03 6:38:59 PM","Information","Microsoft-Windows-Kernel-Boot","25","The description for Event ID '25' in Source 'Microsoft-Windows-Kernel-Boot' cannot be found.  The local computer may not have the necessary registry information or message DLL files to display the message, or you may not have permission to access them.  The following information is part of the event:'1'"
"2025-09-03 6:38:59 PM","Information","Microsoft-Windows-Kernel-Boot","27","The description for Event ID '27' in Source 'Microsoft-Windows-Kernel-Boot' cannot be found.  The local computer may not have the necessary registry information or message DLL files to display the message, or you may not have permission to access them.  The following information is part of the event:'2', '?'"
"2025-09-03 6:38:59 PM","Information","Microsoft-Windows-Kernel-Boot","32","The description for Event ID '32' in Source 'Microsoft-Windows-Kernel-Boot' cannot be found.  The local computer may not have the necessary registry information or message DLL files to display the message, or you may not have permission to access them.  The following information is part of the event:'0'"
"2025-09-03 6:38:59 PM","Information","Microsoft-Windows-Kernel-Boot","30","The description for Event ID '30' in Source 'Microsoft-Windows-Kernel-Boot' cannot be found.  The local computer may not have the necessary registry information or message DLL files to display the message, or you may not have permission to access them.  The following information is part of the event:'20', '1927', '1991', '3122', '3127'"
"2025-09-03 6:38:59 PM","Information","Microsoft-Windows-Kernel-Boot","18","The description for Event ID '18' in Source 'Microsoft-Windows-Kernel-Boot' cannot be found.  The local computer may not have the necessary registry information or message DLL files to display the message, or you may not have permission to access them.  The following information is part of the event:'1'"
"2025-09-03 6:39:01 PM","Information","Microsoft-Windows-Power-Troubleshooter","1","The system has returned from a low power state.

Sleep Time: 2025-09-03T22:38:11.6295192Z
Wake Time: 2025-09-03T22:38:59.1412599Z

Wake Source: 0"
"2025-09-03 6:39:05 PM","Information","Service Control Manager","1073748864","The start type of the Background Intelligent Transfer Service service was changed from demand start to auto start."
"2025-09-03 6:41:34 PM","Information","Service Control Manager","1073748864","The start type of the Background Intelligent Transfer Service service was changed from auto start to demand start."
"2025-09-03 7:43:12 PM","Information","Microsoft-Windows-Kernel-General","16","The description for Event ID '16' in Source 'Microsoft-Windows-Kernel-General' cannot be found.  The local computer may not have the necessary registry information or message DLL files to display the message, or you may not have permission to access them.  The following information is part of the event:'166', '\??\C:\ProgramData\Packages\Microsoft.Windows.Photos_8wekyb3d8bbwe\S-1-5-21-2059432068-349761349-3478041169-1001\SystemAppData\Helium\Cache\c734854775b982fd_COM15.dat', '1', '1'"
"2025-09-03 7:43:12 PM","Information","Microsoft-Windows-Kernel-General","16","The description for Event ID '16' in Source 'Microsoft-Windows-Kernel-General' cannot be found.  The local computer may not have the necessary registry information or message DLL files to display the message, or you may not have permission to access them.  The following information is part of the event:'116', '\??\C:\Users\User\AppData\Local\Packages\Microsoft.Windows.Photos_8wekyb3d8bbwe\SystemAppData\Helium\UserClasses.dat', '35', '3'"
"2025-09-03 7:43:12 PM","Information","Microsoft-Windows-Kernel-General","16","The description for Event ID '16' in Source 'Microsoft-Windows-Kernel-General' cannot be found.  The local computer may not have the necessary registry information or message DLL files to display the message, or you may not have permission to access them.  The following information is part of the event:'109', '\??\C:\Users\User\AppData\Local\Packages\Microsoft.Windows.Photos_8wekyb3d8bbwe\SystemAppData\Helium\User.dat', '16', '1'"
"2025-09-03 7:45:13 PM","Information","Service Control Manager","1073748864","The start type of the Background Intelligent Transfer Service service was changed from demand start to auto start."
"2025-09-03 7:53:04 PM","Information","Service Control Manager","1073748864","The start type of the Background Intelligent Transfer Service service was changed from auto start to demand start."
"2025-09-03 9:58:47 PM","Information","Microsoft-Windows-Kernel-General","16","The description for Event ID '16' in Source 'Microsoft-Windows-Kernel-General' cannot be found.  The local computer may not have the necessary registry information or message DLL files to display the message, or you may not have permission to access them.  The following information is part of the event:'171', '\??\C:\ProgramData\Packages\Microsoft.DesktopAppInstaller_8wekyb3d8bbwe\S-1-5-21-2059432068-349761349-3478041169-1001\SystemAppData\Helium\Cache\1a714a01dc9b411f_COM15.dat', '1', '1'"
"2025-09-03 10:34:37 PM","Information","Microsoft-Windows-WindowsUpdateClient","44","Windows Update started downloading an update."
"2025-09-03 10:34:43 PM","Information","Microsoft-Windows-WindowsUpdateClient","43","Installation Started: Windows has started installing the following update: Security Intelligence Update for Microsoft Defender Antivirus - KB2267602 (Version 1.435.567.0) - Current Channel (Broad)"
"2025-09-03 10:34:57 PM","Information","Microsoft-Windows-WindowsUpdateClient","19","Installation Successful: Windows successfully installed the following update: Security Intelligence Update for Microsoft Defender Antivirus - KB2267602 (Version 1.435.567.0) - Current Channel (Broad)"
"2025-09-04 12:51:27 AM","Information","Microsoft-Windows-Time-Service","158","The time provider 'VMICTimeProvider' has indicated that the current hardware and operating environment is not supported and has stopped. This behavior is expected for VMICTimeProvider on non-HyperV-guest environments. This may be the expected behavior for the current provider in the current operating environment as well."
"2025-09-04 12:51:29 AM","Information","Microsoft-Windows-Time-Service","37","The time provider NtpClient is currently receiving valid time data from time.windows.com,0x9 (ntp.m|0x9|0.0.0.0:123->168.61.215.74:123)."
"2025-09-04 12:51:43 AM","Information","Microsoft-Windows-Kernel-General","1","Possible detection of CVE: 2025-09-04T04:51:43.5554185Z
Additional Information: 2025-09-04T04:51:43.5536057Z

This Event is generated when an attempt to exploit a known vulnerability (2025-09-04T04:51:43.5554185Z) is detected.
This Event is raised by a User mode process.
"
"2025-09-04 12:51:43 AM","Information","Microsoft-Windows-Kernel-General","24","The description for Event ID '24' in Source 'Microsoft-Windows-Kernel-General' cannot be found.  The local computer may not have the necessary registry information or message DLL files to display the message, or you may not have permission to access them.  The following information is part of the event:'0', '420', '2', '0', '0'"
"2025-09-04 12:51:43 AM","Information","Microsoft-Windows-Time-Service","35","The time service is now synchronizing the system time with the time source time.windows.com,0x9 (ntp.m|0x9|0.0.0.0:123->168.61.215.74:123) with reference id 1255620008. Current local stratum number is 4."
"2025-09-04 12:51:44 AM","Information","Microsoft-Windows-WindowsUpdateClient","44","Windows Update started downloading an update."
"2025-09-04 2:52:04 AM","Error","Microsoft-Windows-TPM-WMI","1796","The Secure Boot update failed to update a Secure Boot variable with error -2147020471. For more information, please see https://go.microsoft.com/fwlink/?linkid=2169931"
"2025-09-04 2:52:04 AM","Error","Microsoft-Windows-TPM-WMI","1796","The Secure Boot update failed to update a Secure Boot variable with error -2147020471. For more information, please see https://go.microsoft.com/fwlink/?linkid=2169931"
"2025-09-04 2:52:04 AM","Error","Microsoft-Windows-TPM-WMI","1796","The Secure Boot update failed to update a Secure Boot variable with error -2147020471. For more information, please see https://go.microsoft.com/fwlink/?linkid=2169931"
"2025-09-04 3:00:59 AM","Warning","Microsoft-Windows-DNS-Client","1014","Name resolution for the name clients4.google.com timed out after none of the configured DNS servers responded."
"2025-09-04 6:07:33 AM","Warning","Microsoft-Windows-Kernel-Processor-Power","37","The speed of Hyper-V logical processor 1 is being limited by system firmware. The processor has been in this reduced performance state for 98362 seconds since the last report."
"2025-09-04 6:07:33 AM","Warning","Microsoft-Windows-Kernel-Processor-Power","37","The speed of Hyper-V logical processor 2 is being limited by system firmware. The processor has been in this reduced performance state for 98362 seconds since the last report."
"2025-09-04 6:07:33 AM","Warning","Microsoft-Windows-Kernel-Processor-Power","37","The speed of Hyper-V logical processor 0 is being limited by system firmware. The processor has been in this reduced performance state for 98362 seconds since the last report."
"2025-09-04 6:07:33 AM","Warning","Microsoft-Windows-Kernel-Processor-Power","37","The speed of Hyper-V logical processor 3 is being limited by system firmware. The processor has been in this reduced performance state for 98362 seconds since the last report."
"2025-09-04 6:26:47 AM","Information","Microsoft-Windows-WindowsUpdateClient","43","Installation Started: Windows has started installing the following update: Security Intelligence Update for Microsoft Defender Antivirus - KB2267602 (Version 1.435.575.0) - Current Channel (Broad)"
"2025-09-04 6:26:47 AM","Information","Microsoft-Windows-WindowsUpdateClient","44","Windows Update started downloading an update."
"2025-09-04 6:26:59 AM","Information","Microsoft-Windows-WindowsUpdateClient","19","Installation Successful: Windows successfully installed the following update: Security Intelligence Update for Microsoft Defender Antivirus - KB2267602 (Version 1.435.575.0) - Current Channel (Broad)"
"2025-09-04 7:20:55 AM","Information","Microsoft-Windows-Kernel-Power","107","The description for Event ID '107' in Source 'Microsoft-Windows-Kernel-Power' cannot be found.  The local computer may not have the necessary registry information or message DLL files to display the message, or you may not have permission to access them.  The following information is part of the event:'4', '4', '4', '2025-09-04T14:20:55.1047899Z', '2025-09-04T14:20:55.1047899Z', '4', '4'"
"2025-09-04 7:20:55 AM","Information","Microsoft-Windows-Kernel-Power","42","The description for Event ID '42' in Source 'Microsoft-Windows-Kernel-Power' cannot be found.  The local computer may not have the necessary registry information or message DLL files to display the message, or you may not have permission to access them.  The following information is part of the event:'4', '4', '7', '0', '6'"
"2025-09-04 8:27:11 AM","Information","Microsoft-Windows-Kernel-General","1","Possible detection of CVE: 2025-09-04T12:27:11.5000000Z
Additional Information: 2025-09-04T11:20:55.2934108Z

This Event is generated when an attempt to exploit a known vulnerability (2025-09-04T12:27:11.5000000Z) is detected.
This Event is raised by a User mode process.
"
"2025-09-04 8:27:12 AM","Information","Microsoft-Windows-Kernel-Power","130","The description for Event ID '130' in Source 'Microsoft-Windows-Kernel-Power' cannot be found.  The local computer may not have the necessary registry information or message DLL files to display the message, or you may not have permission to access them.  The following information is part of the event:'90681554', '90681762'"
"2025-09-04 8:27:12 AM","Information","Microsoft-Windows-Kernel-Power","131","The description for Event ID '131' in Source 'Microsoft-Windows-Kernel-Power' cannot be found.  The local computer may not have the necessary registry information or message DLL files to display the message, or you may not have permission to access them.  The following information is part of the event:'1', '235', '235'"
"2025-09-04 8:27:14 AM","Information","Microsoft-Windows-Power-Troubleshooter","1","The system has returned from a low power state.

Sleep Time: 2025-09-04T11:20:51.9140165Z
Wake Time: 2025-09-04T12:27:12.6793078Z

Wake Source: 5Intel(R) USB 3.0 eXtensible Host Controller - 1.0 (Microsoft)"
"2025-09-04 8:48:21 AM","Information","Service Control Manager","1073748864","The start type of the Background Intelligent Transfer Service service was changed from demand start to auto start."
"2025-09-04 8:50:42 AM","Information","Service Control Manager","1073748864","The start type of the Background Intelligent Transfer Service service was changed from auto start to demand start."
"2025-09-04 9:38:59 AM","Information","Service Control Manager","1073748864","The start type of the Background Intelligent Transfer Service service was changed from demand start to auto start."
"2025-09-04 9:41:28 AM","Information","Service Control Manager","1073748864","The start type of the Background Intelligent Transfer Service service was changed from auto start to demand start."
"2025-09-04 12:02:33 PM","Information","Service Control Manager","1073748864","The start type of the Background Intelligent Transfer Service service was changed from demand start to auto start."
"2025-09-04 12:04:38 PM","Information","Service Control Manager","1073748864","The start type of the Background Intelligent Transfer Service service was changed from auto start to demand start."
"2025-09-04 1:26:03 PM","Information","Service Control Manager","1073748864","The start type of the Background Intelligent Transfer Service service was changed from demand start to auto start."
"2025-09-04 1:28:08 PM","Information","Service Control Manager","1073748864","The start type of the Background Intelligent Transfer Service service was changed from auto start to demand start."
"2025-09-04 1:37:20 PM","Information","Service Control Manager","1073748864","The start type of the Background Intelligent Transfer Service service was changed from demand start to auto start."
"2025-09-04 1:39:24 PM","Information","Service Control Manager","1073748864","The start type of the Background Intelligent Transfer Service service was changed from auto start to demand start."
"2025-09-04 2:51:22 PM","Information","Service Control Manager","1073748864","The start type of the Background Intelligent Transfer Service service was changed from demand start to auto start."
"2025-09-04 2:52:04 PM","Error","Microsoft-Windows-TPM-WMI","1796","The Secure Boot update failed to update a Secure Boot variable with error -2147020471. For more information, please see https://go.microsoft.com/fwlink/?linkid=2169931"
"2025-09-04 2:52:04 PM","Error","Microsoft-Windows-TPM-WMI","1796","The Secure Boot update failed to update a Secure Boot variable with error -2147020471. For more information, please see https://go.microsoft.com/fwlink/?linkid=2169931"
"2025-09-04 2:52:04 PM","Error","Microsoft-Windows-TPM-WMI","1796","The Secure Boot update failed to update a Secure Boot variable with error -2147020471. For more information, please see https://go.microsoft.com/fwlink/?linkid=2169931"
"2025-09-04 2:53:34 PM","Information","Service Control Manager","1073748864","The start type of the Background Intelligent Transfer Service service was changed from auto start to demand start."
"2025-09-04 3:00:00 PM","Information","EventLog","2147489661","The system uptime is 130382 seconds."
"2025-09-04 3:19:46 PM","Information","Microsoft-Windows-Kernel-Power","107","The description for Event ID '107' in Source 'Microsoft-Windows-Kernel-Power' cannot be found.  The local computer may not have the necessary registry information or message DLL files to display the message, or you may not have permission to access them.  The following information is part of the event:'4', '4', '4', '2025-09-04T22:19:46.4746460Z', '2025-09-04T22:19:46.4746460Z', '4', '4'"
"2025-09-04 3:19:46 PM","Information","Microsoft-Windows-Kernel-Power","42","The description for Event ID '42' in Source 'Microsoft-Windows-Kernel-Power' cannot be found.  The local computer may not have the necessary registry information or message DLL files to display the message, or you may not have permission to access them.  The following information is part of the event:'4', '4', '0', '4', '8'"
"2025-09-04 3:19:57 PM","Information","Microsoft-Windows-Kernel-Power","130","The description for Event ID '130' in Source 'Microsoft-Windows-Kernel-Power' cannot be found.  The local computer may not have the necessary registry information or message DLL files to display the message, or you may not have permission to access them.  The following information is part of the event:'115379661', '115379826'"
"2025-09-04 3:19:57 PM","Information","Microsoft-Windows-Kernel-Power","131","The description for Event ID '131' in Source 'Microsoft-Windows-Kernel-Power' cannot be found.  The local computer may not have the necessary registry information or message DLL files to display the message, or you may not have permission to access them.  The following information is part of the event:'2', '229', '232'"
"2025-09-04 3:19:57 PM","Information","Microsoft-Windows-Kernel-General","1","Possible detection of CVE: 2025-09-04T19:19:57.5000000Z
Additional Information: 2025-09-04T19:19:46.6629878Z

This Event is generated when an attempt to exploit a known vulnerability (2025-09-04T19:19:57.5000000Z) is detected.
This Event is raised by a User mode process.
"
"2025-09-04 3:19:59 PM","Information","Microsoft-Windows-Power-Troubleshooter","1","The system has returned from a low power state.

Sleep Time: 2025-09-04T19:19:43.1505732Z
Wake Time: 2025-09-04T19:19:59.3681035Z

Wake Source: 1"
"2025-09-04 3:27:37 PM","Information","Microsoft-Windows-Kernel-Power","107","The description for Event ID '107' in Source 'Microsoft-Windows-Kernel-Power' cannot be found.  The local computer may not have the necessary registry information or message DLL files to display the message, or you may not have permission to access them.  The following information is part of the event:'4', '4', '4', '2025-09-04T22:27:37.0335169Z', '2025-09-04T22:27:37.0335169Z', '4', '4'"
"2025-09-04 3:27:37 PM","Information","Microsoft-Windows-Kernel-Power","42","The description for Event ID '42' in Source 'Microsoft-Windows-Kernel-Power' cannot be found.  The local computer may not have the necessary registry information or message DLL files to display the message, or you may not have permission to access them.  The following information is part of the event:'4', '4', '0', '4', '10'"
"2025-09-04 6:14:23 PM","Information","Microsoft-Windows-Kernel-General","1","Possible detection of CVE: 2025-09-04T22:14:23.5000000Z
Additional Information: 2025-09-04T19:27:37.2220640Z

This Event is generated when an attempt to exploit a known vulnerability (2025-09-04T22:14:23.5000000Z) is detected.
This Event is raised by a User mode process.
"
"2025-09-04 6:14:24 PM","Information","Microsoft-Windows-Kernel-Power","130","The description for Event ID '130' in Source 'Microsoft-Windows-Kernel-Power' cannot be found.  The local computer may not have the necessary registry information or message DLL files to display the message, or you may not have permission to access them.  The following information is part of the event:'115838343', '115838506'"
"2025-09-04 6:14:24 PM","Information","Microsoft-Windows-Kernel-Power","131","The description for Event ID '131' in Source 'Microsoft-Windows-Kernel-Power' cannot be found.  The local computer may not have the necessary registry information or message DLL files to display the message, or you may not have permission to access them.  The following information is part of the event:'3', '223', '229'"
"2025-09-04 6:14:25 PM","Information","Microsoft-Windows-Power-Troubleshooter","1","The system has returned from a low power state.

Sleep Time: 2025-09-04T19:27:33.7979734Z
Wake Time: 2025-09-04T22:14:25.4059812Z

Wake Source: 1"
"2025-09-04 6:14:36 PM","Information","Microsoft-Windows-Kernel-General","16","The description for Event ID '16' in Source 'Microsoft-Windows-Kernel-General' cannot be found.  The local computer may not have the necessary registry information or message DLL files to display the message, or you may not have permission to access them.  The following information is part of the event:'104', '\??\C:\Users\User\AppData\Local\Packages\Microsoft.XboxGamingOverlay_8wekyb3d8bbwe\Settings\settings.dat', '5', '1'"
"2025-09-04 6:46:03 PM","Information","Microsoft-Windows-WindowsUpdateClient","44","Windows Update started downloading an update."
"2025-09-04 6:48:21 PM","Information","Service Control Manager","1073748864","The start type of the Background Intelligent Transfer Service service was changed from demand start to auto start."
"2025-09-04 6:50:53 PM","Information","Service Control Manager","1073748864","The start type of the Background Intelligent Transfer Service service was changed from auto start to demand start."
"2025-09-04 6:51:21 PM","Information","Microsoft-Windows-WindowsUpdateClient","43","Installation Started: Windows has started installing the following update: 9NHT9RB2F4HD-Microsoft.Copilot"
"2025-09-04 6:51:22 PM","Error","Microsoft-Windows-WindowsUpdateClient","20","Installation Failure: Windows failed to install the following update with error 0x80073d02: 9NHT9RB2F4HD-Microsoft.Copilot."
"2025-09-04 7:38:59 PM","Information","Service Control Manager","1073748864","The start type of the Background Intelligent Transfer Service service was changed from demand start to auto start."
"2025-09-04 7:41:19 PM","Information","Service Control Manager","1073748864","The start type of the Background Intelligent Transfer Service service was changed from auto start to demand start."
"2025-09-04 11:45:14 PM","Information","Microsoft-Windows-Kernel-Power","42","The description for Event ID '42' in Source 'Microsoft-Windows-Kernel-Power' cannot be found.  The local computer may not have the necessary registry information or message DLL files to display the message, or you may not have permission to access them.  The following information is part of the event:'4', '4', '0', '4', '12'"
"2025-09-04 11:45:15 PM","Information","Microsoft-Windows-Kernel-Power","107","The description for Event ID '107' in Source 'Microsoft-Windows-Kernel-Power' cannot be found.  The local computer may not have the necessary registry information or message DLL files to display the message, or you may not have permission to access them.  The following information is part of the event:'4', '4', '4', '2025-09-05T06:45:14.8516886Z', '2025-09-05T06:45:14.8516886Z', '4', '4'"
"2025-09-04 11:49:10 PM","Information","Microsoft-Windows-Kernel-Power","130","The description for Event ID '130' in Source 'Microsoft-Windows-Kernel-Power' cannot be found.  The local computer may not have the necessary registry information or message DLL files to display the message, or you may not have permission to access them.  The following information is part of the event:'135644089', '135644260'"
"2025-09-04 11:49:10 PM","Information","Microsoft-Windows-Kernel-Power","131","The description for Event ID '131' in Source 'Microsoft-Windows-Kernel-Power' cannot be found.  The local computer may not have the necessary registry information or message DLL files to display the message, or you may not have permission to access them.  The following information is part of the event:'4', '226', '228'"
"2025-09-04 11:49:10 PM","Information","Microsoft-Windows-Kernel-General","1","Possible detection of CVE: 2025-09-05T03:49:10.5000000Z
Additional Information: 2025-09-05T03:45:15.0373095Z

This Event is generated when an attempt to exploit a known vulnerability (2025-09-05T03:49:10.5000000Z) is detected.
This Event is raised by a User mode process.
"
"2025-09-04 11:49:11 PM","Information","Microsoft-Windows-Power-Troubleshooter","1","The system has returned from a low power state.

Sleep Time: 2025-09-05T03:45:11.6894161Z
Wake Time: 2025-09-05T03:49:11.6761488Z

Wake Source: 1"
"2025-09-05 12:48:38 AM","Information","Microsoft-Windows-Time-Service","158","The time provider 'VMICTimeProvider' has indicated that the current hardware and operating environment is not supported and has stopped. This behavior is expected for VMICTimeProvider on non-HyperV-guest environments. This may be the expected behavior for the current provider in the current operating environment as well."
"2025-09-05 12:48:39 AM","Information","Microsoft-Windows-Time-Service","37","The time provider NtpClient is currently receiving valid time data from time.windows.com,0x9 (ntp.m|0x9|0.0.0.0:123->168.61.215.74:123)."
"2025-09-05 12:48:55 AM","Information","Microsoft-Windows-Kernel-General","1","Possible detection of CVE: 2025-09-05T04:48:55.9465766Z
Additional Information: 2025-09-05T04:48:55.9440037Z

This Event is generated when an attempt to exploit a known vulnerability (2025-09-05T04:48:55.9465766Z) is detected.
This Event is raised by a User mode process.
"
"2025-09-05 12:48:55 AM","Information","Microsoft-Windows-Kernel-General","24","The description for Event ID '24' in Source 'Microsoft-Windows-Kernel-General' cannot be found.  The local computer may not have the necessary registry information or message DLL files to display the message, or you may not have permission to access them.  The following information is part of the event:'0', '420', '2', '0', '0'"
"2025-09-05 12:48:55 AM","Information","Microsoft-Windows-Kernel-General","1","Possible detection of CVE: 2025-09-05T04:48:55.9499975Z
Additional Information: 2025-09-05T04:48:55.9465766Z

This Event is generated when an attempt to exploit a known vulnerability (2025-09-05T04:48:55.9499975Z) is detected.
This Event is raised by a User mode process.
"
"2025-09-05 12:48:55 AM","Information","Microsoft-Windows-Kernel-General","24","The description for Event ID '24' in Source 'Microsoft-Windows-Kernel-General' cannot be found.  The local computer may not have the necessary registry information or message DLL files to display the message, or you may not have permission to access them.  The following information is part of the event:'0', '420', '2', '0', '0'"
"2025-09-05 12:48:55 AM","Information","Microsoft-Windows-Kernel-General","24","The description for Event ID '24' in Source 'Microsoft-Windows-Kernel-General' cannot be found.  The local computer may not have the necessary registry information or message DLL files to display the message, or you may not have permission to access them.  The following information is part of the event:'0', '420', '2', '0', '0'"
"2025-09-05 12:48:55 AM","Information","Microsoft-Windows-Kernel-General","1","Possible detection of CVE: 2025-09-05T04:48:55.9440037Z
Additional Information: 2025-09-05T04:48:54.2600128Z

This Event is generated when an attempt to exploit a known vulnerability (2025-09-05T04:48:55.9440037Z) is detected.
This Event is raised by a User mode process.
"
"2025-09-05 12:48:55 AM","Information","Microsoft-Windows-Time-Service","35","The time service is now synchronizing the system time with the time source time.windows.com,0x9 (ntp.m|0x9|0.0.0.0:123->168.61.215.74:123) with reference id 1255620008. Current local stratum number is 4."
"2025-09-05 2:52:04 AM","Error","Microsoft-Windows-TPM-WMI","1796","The Secure Boot update failed to update a Secure Boot variable with error -2147020471. For more information, please see https://go.microsoft.com/fwlink/?linkid=2169931"
"2025-09-05 2:52:04 AM","Error","Microsoft-Windows-TPM-WMI","1796","The Secure Boot update failed to update a Secure Boot variable with error -2147020471. For more information, please see https://go.microsoft.com/fwlink/?linkid=2169931"
"2025-09-05 2:52:04 AM","Error","Microsoft-Windows-TPM-WMI","1796","The Secure Boot update failed to update a Secure Boot variable with error -2147020471. For more information, please see https://go.microsoft.com/fwlink/?linkid=2169931"
"2025-09-05 3:00:51 AM","Warning","Microsoft-Windows-DNS-Client","1014","Name resolution for the name clients4.google.com timed out after none of the configured DNS servers responded."
"2025-09-05 5:39:01 AM","Information","Service Control Manager","1073748864","The start type of the Background Intelligent Transfer Service service was changed from demand start to auto start."
"2025-09-05 5:41:17 AM","Information","Service Control Manager","1073748864","The start type of the Background Intelligent Transfer Service service was changed from auto start to demand start."
"2025-09-05 10:04:44 AM","Warning","Microsoft-Windows-Kernel-Processor-Power","37","The speed of Hyper-V logical processor 1 is being limited by system firmware. The processor has been in this reduced performance state for 100630 seconds since the last report."
"2025-09-05 10:04:44 AM","Warning","Microsoft-Windows-Kernel-Processor-Power","37","The speed of Hyper-V logical processor 3 is being limited by system firmware. The processor has been in this reduced performance state for 100630 seconds since the last report."
"2025-09-05 10:04:44 AM","Warning","Microsoft-Windows-Kernel-Processor-Power","37","The speed of Hyper-V logical processor 0 is being limited by system firmware. The processor has been in this reduced performance state for 100630 seconds since the last report."
"2025-09-05 10:04:44 AM","Warning","Microsoft-Windows-Kernel-Processor-Power","37","The speed of Hyper-V logical processor 2 is being limited by system firmware. The processor has been in this reduced performance state for 100630 seconds since the last report."
"2025-09-05 10:24:29 AM","Information","Microsoft-Windows-WindowsUpdateClient","44","Windows Update started downloading an update."
"2025-09-05 10:25:11 AM","Information","Microsoft-Windows-WindowsUpdateClient","43","Installation Started: Windows has started installing the following update: Security Intelligence Update for Microsoft Defender Antivirus - KB2267602 (Version 1.435.596.0) - Current Channel (Broad)"
"2025-09-05 10:25:23 AM","Information","Microsoft-Windows-WindowsUpdateClient","19","Installation Successful: Windows successfully installed the following update: Security Intelligence Update for Microsoft Defender Antivirus - KB2267602 (Version 1.435.596.0) - Current Channel (Broad)"
"2025-09-05 10:39:01 AM","Information","Service Control Manager","1073748864","The start type of the Background Intelligent Transfer Service service was changed from demand start to auto start."
"2025-09-05 10:41:13 AM","Information","Service Control Manager","1073748864","The start type of the Background Intelligent Transfer Service service was changed from auto start to demand start."
"2025-09-05 11:08:10 AM","Information","Microsoft-Windows-Kernel-Power","107","The description for Event ID '107' in Source 'Microsoft-Windows-Kernel-Power' cannot be found.  The local computer may not have the necessary registry information or message DLL files to display the message, or you may not have permission to access them.  The following information is part of the event:'4', '4', '4', '2025-09-05T18:08:10.3001872Z', '2025-09-05T18:08:10.3001872Z', '4', '4'"
"2025-09-05 11:08:10 AM","Information","Microsoft-Windows-Kernel-Power","42","The description for Event ID '42' in Source 'Microsoft-Windows-Kernel-Power' cannot be found.  The local computer may not have the necessary registry information or message DLL files to display the message, or you may not have permission to access them.  The following information is part of the event:'4', '4', '0', '4', '14'"
"2025-09-05 2:08:10 PM","Information","Microsoft-Windows-Kernel-General","1","Possible detection of CVE: 2025-09-05T18:08:10.5000000Z
Additional Information: 2025-09-05T15:08:10.5090557Z

This Event is generated when an attempt to exploit a known vulnerability (2025-09-05T18:08:10.5000000Z) is detected.
This Event is raised by a User mode process.
"
"2025-09-05 2:08:11 PM","Information","Microsoft-Windows-Kernel-Power","130","The description for Event ID '130' in Source 'Microsoft-Windows-Kernel-Power' cannot be found.  The local computer may not have the necessary registry information or message DLL files to display the message, or you may not have permission to access them.  The following information is part of the event:'176288401', '176288569'"
"2025-09-05 2:08:11 PM","Information","Microsoft-Windows-Kernel-Power","131","The description for Event ID '131' in Source 'Microsoft-Windows-Kernel-Power' cannot be found.  The local computer may not have the necessary registry information or message DLL files to display the message, or you may not have permission to access them.  The following information is part of the event:'5', '225', '228'"
"2025-09-05 2:08:12 PM","Information","Service Control Manager","1073748864","The start type of the Background Intelligent Transfer Service service was changed from demand start to auto start."
"2025-09-05 2:08:13 PM","Information","Microsoft-Windows-Power-Troubleshooter","1","The system has returned from a low power state.

Sleep Time: 2025-09-05T18:08:12.3363002Z
Wake Time: 2025-09-05T18:08:12.3363002Z

Wake Source: 3"
"2025-09-05 2:08:13 PM","Information","Microsoft-Windows-Kernel-Power","107","The description for Event ID '107' in Source 'Microsoft-Windows-Kernel-Power' cannot be found.  The local computer may not have the necessary registry information or message DLL files to display the message, or you may not have permission to access them.  The following information is part of the event:'5', '5', '5', '1601-01-01T00:00:00.0000000Z', '1601-01-01T00:00:00.0000000Z', '0', '0'"
"2025-09-05 2:08:13 PM","Information","Microsoft-Windows-Kernel-Power","42","The description for Event ID '42' in Source 'Microsoft-Windows-Kernel-Power' cannot be found.  The local computer may not have the necessary registry information or message DLL files to display the message, or you may not have permission to access them.  The following information is part of the event:'5', '5', '6', '4', '15'"
"2025-09-05 7:37:10 PM","Information","Microsoft-Windows-Kernel-General","1","Possible detection of CVE: 2025-09-05T23:37:10.5000000Z
Additional Information: 2025-09-05T18:08:13.5696952Z

This Event is generated when an attempt to exploit a known vulnerability (2025-09-05T23:37:10.5000000Z) is detected.
This Event is raised by a User mode process.
"
"2025-09-05 7:37:11 PM","Information","Microsoft-Windows-Kernel-Boot","32","The description for Event ID '32' in Source 'Microsoft-Windows-Kernel-Boot' cannot be found.  The local computer may not have the necessary registry information or message DLL files to display the message, or you may not have permission to access them.  The following information is part of the event:'0'"
"2025-09-05 7:37:11 PM","Information","Microsoft-Windows-Kernel-Boot","25","The description for Event ID '25' in Source 'Microsoft-Windows-Kernel-Boot' cannot be found.  The local computer may not have the necessary registry information or message DLL files to display the message, or you may not have permission to access them.  The following information is part of the event:'1'"
"2025-09-05 7:37:11 PM","Information","Microsoft-Windows-Kernel-Boot","27","The description for Event ID '27' in Source 'Microsoft-Windows-Kernel-Boot' cannot be found.  The local computer may not have the necessary registry information or message DLL files to display the message, or you may not have permission to access them.  The following information is part of the event:'2', '?'"
"2025-09-05 7:37:11 PM","Information","EventLog","2147489661","The system uptime is 233411 seconds."
"2025-09-05 7:37:11 PM","Information","Microsoft-Windows-Kernel-Boot","30","The description for Event ID '30' in Source 'Microsoft-Windows-Kernel-Boot' cannot be found.  The local computer may not have the necessary registry information or message DLL files to display the message, or you may not have permission to access them.  The following information is part of the event:'20', '1918', '1982', '3195', '3199'"
"2025-09-05 7:37:11 PM","Information","Microsoft-Windows-Kernel-Boot","18","The description for Event ID '18' in Source 'Microsoft-Windows-Kernel-Boot' cannot be found.  The local computer may not have the necessary registry information or message DLL files to display the message, or you may not have permission to access them.  The following information is part of the event:'1'"
"2025-09-05 7:37:13 PM","Information","Microsoft-Windows-Power-Troubleshooter","1","The system has returned from a low power state.

Sleep Time: 2025-09-05T18:08:12.3363002Z
Wake Time: 2025-09-05T23:37:11.3274605Z

Wake Source: 0"
"2025-09-05 7:37:14 PM","Error","Microsoft-Windows-TPM-WMI","1796","The Secure Boot update failed to update a Secure Boot variable with error -2147020471. For more information, please see https://go.microsoft.com/fwlink/?linkid=2169931"
"2025-09-05 7:37:14 PM","Error","Microsoft-Windows-TPM-WMI","1796","The Secure Boot update failed to update a Secure Boot variable with error -2147020471. For more information, please see https://go.microsoft.com/fwlink/?linkid=2169931"
"2025-09-05 7:37:14 PM","Error","Microsoft-Windows-TPM-WMI","1796","The Secure Boot update failed to update a Secure Boot variable with error -2147020471. For more information, please see https://go.microsoft.com/fwlink/?linkid=2169931"
"2025-09-05 7:39:32 PM","Information","Service Control Manager","1073748864","The start type of the Background Intelligent Transfer Service service was changed from auto start to demand start."
"2025-09-05 7:40:08 PM","Information","Service Control Manager","1073748864","The start type of the Background Intelligent Transfer Service service was changed from demand start to auto start."
"2025-09-05 7:42:20 PM","Information","Service Control Manager","1073748864","The start type of the Background Intelligent Transfer Service service was changed from auto start to demand start."
"2025-09-05 8:00:10 PM","Information","Microsoft-Windows-DriverFrameworks-UserMode","10002","The UMDF service WpdFs (CLSID {112de495-ac4c-46f8-b663-6a4266c53313}) was upgraded.  It requires framework version 2.31.0 or higher."
"2025-09-05 8:00:10 PM","Information","Microsoft-Windows-DriverFrameworks-UserMode","10000","A driver package which uses user-mode driver framework version 2.31.0 is being installed on device SWD\WPDBUSENUM\_??_USBSTOR#DISK&VEN_KINGSTON&PROD_DATATRAVELER_3.0&REV_#E0D55EA574E7F94019DA012A&0#{53F56307-B6BF-11D0-94F2-00A0C91EFB8B}."
