"2025-09-16 10:37:19 PM","Information","Microsoft-Windows-Kernel-General","16","The description for Event ID '16' in Source 'Microsoft-Windows-Kernel-General' cannot be found.  The local computer may not have the necessary registry information or message DLL files to display the message, or you may not have permission to access them.  The following information is part of the event:'85', '\??\C:\ProgramData\Microsoft\Provisioning\Microsoft-Desktop-Provisioning-Sequence.dat', '0', '0'"
"2025-09-16 11:29:04 PM","Information","Service Control Manager","1073748864","The start type of the Background Intelligent Transfer Service service was changed from demand start to auto start."
"2025-09-16 11:31:08 PM","Information","Service Control Manager","1073748864","The start type of the Background Intelligent Transfer Service service was changed from auto start to demand start."
"2025-09-16 11:44:30 PM","Warning","DCOM","10016","The description for Event ID '10016' in Source 'DCOM' cannot be found.  The local computer may not have the necessary registry information or message DLL files to display the message, or you may not have permission to access them.  The following information is part of the event:'application-specific', 'Local', 'Activation', '{2593F8B9-4EAF-457C-B68A-50F6B8EA6B54}', '{15C20B67-12E7-4BB6-92BB-7AFF07997402}', 'DESKTOP-RVD6TK8', 'User', 'S-1-5-21-2059432068-349761349-3478041169-1001', 'LocalHost (Using LRPC)', 'Microsoft.Windows.Search_1.14.10.19041_neutral_neutral_cw5n1h2txyewy', 'S-1-15-2-536077884-713174666-1066051701-3219990555-339840825-1966734348-1611281757'"
"2025-09-17 12:25:33 AM","Information","Service Control Manager","1073748864","The start type of the Background Intelligent Transfer Service service was changed from demand start to auto start."
"2025-09-17 12:27:37 AM","Information","Service Control Manager","1073748864","The start type of the Background Intelligent Transfer Service service was changed from auto start to demand start."
"2025-09-17 12:39:52 AM","Information","Microsoft-Windows-Time-Service","158","The time provider 'VMICTimeProvider' has indicated that the current hardware and operating environment is not supported and has stopped. This behavior is expected for VMICTimeProvider on non-HyperV-guest environments. This may be the expected behavior for the current provider in the current operating environment as well."
"2025-09-17 12:39:53 AM","Information","Microsoft-Windows-Time-Service","37","The time provider NtpClient is currently receiving valid time data from time.windows.com,0x9 (ntp.m|0x9|0.0.0.0:123->168.61.215.74:123)."
"2025-09-17 12:40:08 AM","Information","Microsoft-Windows-Kernel-General","1","Possible detection of CVE: 2025-09-17T04:40:08.4245451Z
Additional Information: 2025-09-17T04:40:08.4237772Z

This Event is generated when an attempt to exploit a known vulnerability (2025-09-17T04:40:08.4245451Z) is detected.
This Event is raised by a User mode process.
"
"2025-09-17 12:40:08 AM","Information","Microsoft-Windows-Kernel-General","24","The description for Event ID '24' in Source 'Microsoft-Windows-Kernel-General' cannot be found.  The local computer may not have the necessary registry information or message DLL files to display the message, or you may not have permission to access them.  The following information is part of the event:'0', '240', '2', '0', '0'"
"2025-09-17 12:40:08 AM","Information","Microsoft-Windows-Time-Service","35","The time service is now synchronizing the system time with the time source time.windows.com,0x9 (ntp.m|0x9|0.0.0.0:123->168.61.215.74:123) with reference id 1255620008. Current local stratum number is 4."
"2025-09-17 12:41:28 AM","Warning","DCOM","10016","The description for Event ID '10016' in Source 'DCOM' cannot be found.  The local computer may not have the necessary registry information or message DLL files to display the message, or you may not have permission to access them.  The following information is part of the event:'application-specific', 'Local', 'Activation', '{2593F8B9-4EAF-457C-B68A-50F6B8EA6B54}', '{15C20B67-12E7-4BB6-92BB-7AFF07997402}', 'DESKTOP-RVD6TK8', 'User', 'S-1-5-21-2059432068-349761349-3478041169-1001', 'LocalHost (Using LRPC)', 'Unavailable', 'Unavailable'"
"2025-09-17 1:16:42 AM","Warning","DCOM","10016","The description for Event ID '10016' in Source 'DCOM' cannot be found.  The local computer may not have the necessary registry information or message DLL files to display the message, or you may not have permission to access them.  The following information is part of the event:'machine-default', 'Local', 'Activation', '{C2F03A33-21F5-47FA-B4BB-156362A2F239}', '{316CDED5-E4AE-4B15-9113-7055D84DCC97}', 'DESKTOP-RVD6TK8', 'User', 'S-1-5-21-2059432068-349761349-3478041169-1001', 'LocalHost (Using LRPC)', 'Microsoft.Windows.ShellExperienceHost_10.0.19041.3636_neutral_neutral_cw5n1h2txyewy', 'S-1-15-2-155514346-2573954481-755741238-1654018636-1233331829-3075935687-2861478708'"
"2025-09-17 2:29:31 AM","Information","Microsoft-Windows-Kernel-Power","107","The description for Event ID '107' in Source 'Microsoft-Windows-Kernel-Power' cannot be found.  The local computer may not have the necessary registry information or message DLL files to display the message, or you may not have permission to access them.  The following information is part of the event:'4', '4', '4', '1601-01-01T00:00:00.0000000Z', '1601-01-01T00:00:00.0000000Z', '0', '0'"
"2025-09-17 2:29:31 AM","Information","Microsoft-Windows-Kernel-Power","42","The description for Event ID '42' in Source 'Microsoft-Windows-Kernel-Power' cannot be found.  The local computer may not have the necessary registry information or message DLL files to display the message, or you may not have permission to access them.  The following information is part of the event:'4', '4', '0', '4', '1'"
"2025-09-17 2:30:46 AM","Information","Microsoft-Windows-Kernel-Power","130","The description for Event ID '130' in Source 'Microsoft-Windows-Kernel-Power' cannot be found.  The local computer may not have the necessary registry information or message DLL files to display the message, or you may not have permission to access them.  The following information is part of the event:'18617435', '18617621'"
"2025-09-17 2:30:46 AM","Information","Microsoft-Windows-Kernel-Power","131","The description for Event ID '131' in Source 'Microsoft-Windows-Kernel-Power' cannot be found.  The local computer may not have the necessary registry information or message DLL files to display the message, or you may not have permission to access them.  The following information is part of the event:'1', '235', '235'"
"2025-09-17 2:30:46 AM","Information","Microsoft-Windows-Kernel-General","1","Possible detection of CVE: 2025-09-17T06:30:46.5000000Z
Additional Information: 2025-09-17T06:29:31.5770673Z

This Event is generated when an attempt to exploit a known vulnerability (2025-09-17T06:30:46.5000000Z) is detected.
This Event is raised by a User mode process.
"
"2025-09-17 2:30:48 AM","Information","Microsoft-Windows-Power-Troubleshooter","1","The system has returned from a low power state.

Sleep Time: 2025-09-17T06:29:24.9357863Z
Wake Time: 2025-09-17T06:30:48.2002055Z

Wake Source: 1"
"2025-09-17 2:33:08 AM","Information","Microsoft-Windows-Kernel-Power","107","The description for Event ID '107' in Source 'Microsoft-Windows-Kernel-Power' cannot be found.  The local computer may not have the necessary registry information or message DLL files to display the message, or you may not have permission to access them.  The following information is part of the event:'4', '4', '4', '1601-01-01T00:00:00.0000000Z', '1601-01-01T00:00:00.0000000Z', '0', '0'"
"2025-09-17 2:33:08 AM","Information","Microsoft-Windows-Kernel-Power","42","The description for Event ID '42' in Source 'Microsoft-Windows-Kernel-Power' cannot be found.  The local computer may not have the necessary registry information or message DLL files to display the message, or you may not have permission to access them.  The following information is part of the event:'4', '4', '0', '4', '3'"
"2025-09-17 7:36:59 AM","Information","Microsoft-Windows-Kernel-General","1","Possible detection of CVE: 2025-09-17T11:36:59.5000000Z
Additional Information: 2025-09-17T06:33:08.3790130Z

This Event is generated when an attempt to exploit a known vulnerability (2025-09-17T11:36:59.5000000Z) is detected.
This Event is raised by a User mode process.
"
"2025-09-17 7:37:00 AM","Information","Microsoft-Windows-Kernel-Power","130","The description for Event ID '130' in Source 'Microsoft-Windows-Kernel-Power' cannot be found.  The local computer may not have the necessary registry information or message DLL files to display the message, or you may not have permission to access them.  The following information is part of the event:'18758998', '18759163'"
"2025-09-17 7:37:00 AM","Information","Microsoft-Windows-Kernel-Power","131","The description for Event ID '131' in Source 'Microsoft-Windows-Kernel-Power' cannot be found.  The local computer may not have the necessary registry information or message DLL files to display the message, or you may not have permission to access them.  The following information is part of the event:'2', '227', '231'"
"2025-09-17 7:37:02 AM","Information","Microsoft-Windows-Power-Troubleshooter","1","The system has returned from a low power state.

Sleep Time: 2025-09-17T06:33:01.8106386Z
Wake Time: 2025-09-17T11:37:01.2162725Z

Wake Source: 1"
"2025-09-17 7:37:04 AM","Information","Service Control Manager","1073748864","The start type of the Background Intelligent Transfer Service service was changed from demand start to auto start."
"2025-09-17 7:39:16 AM","Information","Service Control Manager","1073748864","The start type of the Background Intelligent Transfer Service service was changed from auto start to demand start."
"2025-09-17 7:40:01 AM","Information","Service Control Manager","1073748864","The start type of the Background Intelligent Transfer Service service was changed from demand start to auto start."
"2025-09-17 7:42:05 AM","Information","Service Control Manager","1073748864","The start type of the Background Intelligent Transfer Service service was changed from auto start to demand start."
"2025-09-17 8:14:49 AM","Information","Microsoft-Windows-Kernel-Boot","18","The description for Event ID '18' in Source 'Microsoft-Windows-Kernel-Boot' cannot be found.  The local computer may not have the necessary registry information or message DLL files to display the message, or you may not have permission to access them.  The following information is part of the event:'1'"
"2025-09-17 8:14:49 AM","Information","Microsoft-Windows-Kernel-Boot","27","The description for Event ID '27' in Source 'Microsoft-Windows-Kernel-Boot' cannot be found.  The local computer may not have the necessary registry information or message DLL files to display the message, or you may not have permission to access them.  The following information is part of the event:'0', ' NOEXECUTE=OPTIN  NOVGA'"
"2025-09-17 8:14:49 AM","Information","Microsoft-Windows-Kernel-Boot","32","The description for Event ID '32' in Source 'Microsoft-Windows-Kernel-Boot' cannot be found.  The local computer may not have the necessary registry information or message DLL files to display the message, or you may not have permission to access them.  The following information is part of the event:'0'"
"2025-09-17 8:14:49 AM","Information","Microsoft-Windows-Kernel-General","20","The description for Event ID '20' in Source 'Microsoft-Windows-Kernel-General' cannot be found.  The local computer may not have the necessary registry information or message DLL files to display the message, or you may not have permission to access them.  The following information is part of the event:'0', 'true', '0', '0'"
"2025-09-17 8:14:49 AM","Information","Microsoft-Windows-Kernel-Boot","30","The description for Event ID '30' in Source 'Microsoft-Windows-Kernel-Boot' cannot be found.  The local computer may not have the necessary registry information or message DLL files to display the message, or you may not have permission to access them.  The following information is part of the event:'21', '6156', '6222', '7653', '7660'"
"2025-09-17 8:14:49 AM","Information","Microsoft-Windows-Kernel-Boot","153","The description for Event ID '153' in Source 'Microsoft-Windows-Kernel-Boot' cannot be found.  The local computer may not have the necessary registry information or message DLL files to display the message, or you may not have permission to access them.  The following information is part of the event:'0', '0', '0'"
"2025-09-17 8:14:49 AM","Information","Microsoft-Windows-Kernel-General","12","The description for Event ID '12' in Source 'Microsoft-Windows-Kernel-General' cannot be found.  The local computer may not have the necessary registry information or message DLL files to display the message, or you may not have permission to access them.  The following information is part of the event:'10', '0', '19041', '3803', '0', '0', '2025-09-17T12:14:49.5000000Z'"
"2025-09-17 8:14:49 AM","Information","Microsoft-Windows-Kernel-Boot","20","The description for Event ID '20' in Source 'Microsoft-Windows-Kernel-Boot' cannot be found.  The local computer may not have the necessary registry information or message DLL files to display the message, or you may not have permission to access them.  The following information is part of the event:'false', 'true', '31', '2'"
"2025-09-17 8:14:49 AM","Information","Microsoft-Windows-Kernel-Boot","25","The description for Event ID '25' in Source 'Microsoft-Windows-Kernel-Boot' cannot be found.  The local computer may not have the necessary registry information or message DLL files to display the message, or you may not have permission to access them.  The following information is part of the event:'1'"
"2025-09-17 8:14:49 AM","Information","Microsoft-Windows-Kernel-Boot","238","The description for Event ID '238' in Source 'Microsoft-Windows-Kernel-Boot' cannot be found.  The local computer may not have the necessary registry information or message DLL files to display the message, or you may not have permission to access them.  The following information is part of the event:'2047', '0'"
"2025-09-17 8:14:50 AM","Information","Microsoft-Windows-FilterManager","6","File System Filter 'FileInfo' (10.0, 2062-12-23T01:21:06.0000000Z) has successfully loaded and registered with Filter Manager."
"2025-09-17 8:14:50 AM","Information","TPM","24","The Trusted Platform Module (TPM) status: 1 and 1."
"2025-09-17 8:14:50 AM","Information","Microsoft-Windows-FilterManager","6","File System Filter 'Wof' (10.0, 2090-03-16T14:56:17.0000000Z) has successfully loaded and registered with Filter Manager."
"2025-09-17 8:14:50 AM","Information","Microsoft-Windows-Ntfs","98","The description for Event ID '98' in Source 'Microsoft-Windows-Ntfs' cannot be found.  The local computer may not have the necessary registry information or message DLL files to display the message, or you may not have permission to access them.  The following information is part of the event:'C:', '\Device\HarddiskVolume3', '0'"
"2025-09-17 8:14:50 AM","Information","Microsoft-Windows-FilterManager","6","File System Filter 'WdFilter' (10.0, 2020-11-18T13:24:15.0000000Z) has successfully loaded and registered with Filter Manager."
"2025-09-17 8:14:50 AM","Information","Microsoft-Windows-HAL","16","The iommu fault reporting has been initialized."
"2025-09-17 8:14:51 AM","Information","Microsoft-Windows-FilterManager","6","File System Filter 'FileCrypt' (10.0, 2002-03-01T07:12:42.0000000Z) has successfully loaded and registered with Filter Manager."
"2025-09-17 8:14:53 AM","0","Microsoft-Windows-Kernel-Power","41","The description for Event ID '41' in Source 'Microsoft-Windows-Kernel-Power' cannot be found.  The local computer may not have the necessary registry information or message DLL files to display the message, or you may not have permission to access them.  The following information is part of the event:'299', '0xffffffffc00002c4', '0xa4', '0x28532aebf90', '0xffff9e818fc2c000', '0', '0', '0', '0', 'false', '3', '0', 'false', '0', '0', 'false'"
"2025-09-17 8:14:53 AM","Information","Microsoft-Windows-Ntfs","98","The description for Event ID '98' in Source 'Microsoft-Windows-Ntfs' cannot be found.  The local computer may not have the necessary registry information or message DLL files to display the message, or you may not have permission to access them.  The following information is part of the event:'\\?\Volume{18356e46-6d60-429e-8a5a-2af8814c5480}', '\Device\HarddiskVolume4', '0'"
"2025-09-17 8:14:53 AM","Information","Microsoft-Windows-Kernel-Power","172","The description for Event ID '172' in Source 'Microsoft-Windows-Kernel-Power' cannot be found.  The local computer may not have the necessary registry information or message DLL files to display the message, or you may not have permission to access them.  The following information is part of the event:'2', '6'"
"2025-09-17 8:14:53 AM","Information","Microsoft-Windows-FilterManager","6","File System Filter 'npsvctrig' (10.0, 2025-01-05T22:41:12.0000000Z) has successfully loaded and registered with Filter Manager."
"2025-09-17 8:14:54 AM","Information","Microsoft-Windows-Kernel-General","24","The description for Event ID '24' in Source 'Microsoft-Windows-Kernel-General' cannot be found.  The local computer may not have the necessary registry information or message DLL files to display the message, or you may not have permission to access them.  The following information is part of the event:'0', '240', '2', '0', '0'"
"2025-09-17 8:14:55 AM","Information","Microsoft-Windows-Kernel-Processor-Power","55","Hyper-V logical processor 3 exposes the following power management capabilities:

Idle state type: 1 (3 state(s))

Performance state type: 1
Nominal Frequency (MHz): 2701
Maximum performance percentage: 100
Minimum performance percentage: 27
Minimum throttle percentage: 3"
"2025-09-17 8:14:55 AM","Information","Microsoft-Windows-Kernel-Power","521","The description for Event ID '521' in Source 'Microsoft-Windows-Kernel-Power' cannot be found.  The local computer may not have the necessary registry information or message DLL files to display the message, or you may not have permission to access them.  The following information is part of the event:'0', '0', '0'"
"2025-09-17 8:14:55 AM","Information","NETwNb64","1073748860","The \Device\NDMP2 service entered the Intel(R) Dual Band Wireless-AC 7260 state."
"2025-09-17 8:14:55 AM","Information","NETwNb64","1610619737","The description for Event ID '1610619737' in Source 'NETwNb64' cannot be found.  The local computer may not have the necessary registry information or message DLL files to display the message, or you may not have permission to access them.  The following information is part of the event:'\Device\NDMP2', 'Intel(R) Dual Band Wireless-AC 7260'"
"2025-09-17 8:14:55 AM","Information","NETwNb64","1610619737","The description for Event ID '1610619737' in Source 'NETwNb64' cannot be found.  The local computer may not have the necessary registry information or message DLL files to display the message, or you may not have permission to access them.  The following information is part of the event:'\Device\NDMP2', 'Intel(R) Dual Band Wireless-AC 7260'"
"2025-09-17 8:14:55 AM","Information","Microsoft-Windows-Kernel-Power","521","The description for Event ID '521' in Source 'Microsoft-Windows-Kernel-Power' cannot be found.  The local computer may not have the necessary registry information or message DLL files to display the message, or you may not have permission to access them.  The following information is part of the event:'1', '0', '0'"
"2025-09-17 8:14:55 AM","Information","Microsoft-Windows-Kernel-Processor-Power","55","Hyper-V logical processor 2 exposes the following power management capabilities:

Idle state type: 1 (3 state(s))

Performance state type: 1
Nominal Frequency (MHz): 2701
Maximum performance percentage: 100
Minimum performance percentage: 27
Minimum throttle percentage: 3"
"2025-09-17 8:14:55 AM","Information","Microsoft-Windows-Kernel-Processor-Power","55","Hyper-V logical processor 1 exposes the following power management capabilities:

Idle state type: 1 (3 state(s))

Performance state type: 1
Nominal Frequency (MHz): 2701
Maximum performance percentage: 100
Minimum performance percentage: 27
Minimum throttle percentage: 3"
"2025-09-17 8:14:55 AM","Information","Microsoft-Windows-Kernel-Processor-Power","55","Hyper-V logical processor 0 exposes the following power management capabilities:

Idle state type: 1 (3 state(s))

Performance state type: 1
Nominal Frequency (MHz): 2701
Maximum performance percentage: 100
Minimum performance percentage: 27
Minimum throttle percentage: 3"
"2025-09-17 8:14:56 AM","Information","Microsoft-Windows-Directory-Services-SAM","16962","Remote calls to the SAM database are being restricted using the default security descriptor: O:SYG:SYD:(A;;RC;;;BA).
For more information please see http://go.microsoft.com/fwlink/?LinkId=787651."
"2025-09-17 8:14:56 AM","Information","Microsoft-Windows-Wininit","14","Credential Guard configuration: 0, 0"
"2025-09-17 8:14:56 AM","Information","Microsoft-Windows-Directory-Services-SAM","16983","The security account manager is now logging periodic summary events for remote clients that call legacy password change or set RPC methods.

For more information please see https://go.microsoft.com/fwlink/?linkid=2150956.
"
"2025-09-17 8:14:56 AM","Information","Microsoft-Windows-Directory-Services-SAM","16977","The domain is configured with the following minimum password length-related settings.

MinimumPasswordLength: 0

RelaxMinimumPasswordLengthLimits: 0

MinimumPasswordLengthAudit: -1

For more information see https://go.microsoft.com/fwlink/?LinkId=2097191.
"
"2025-09-17 8:14:57 AM","Information","Microsoft-Windows-FilterManager","6","File System Filter 'CldFlt' (10.0, 2084-11-25T03:15:59.0000000Z) has successfully loaded and registered with Filter Manager."
"2025-09-17 8:14:57 AM","Information","Microsoft-Windows-FilterManager","1","File System Filter 'CldFlt' (Version 10.0, 2084-11-25T03:15:59.0000000Z) unloaded successfully."
"2025-09-17 8:14:57 AM","Information","Microsoft-Windows-FilterManager","6","File System Filter 'storqosflt' (10.0, 2007-04-09T14:08:30.0000000Z) has successfully loaded and registered with Filter Manager."
"2025-09-17 8:14:57 AM","Information","Microsoft-Windows-Dhcp-Client","50103","DHCPv4 client registered for shutdown notification"
"2025-09-17 8:14:57 AM","Information","Microsoft-Windows-Dhcp-Client","50036","DHCPv4 client service is started"
"2025-09-17 8:14:57 AM","Information","Microsoft-Windows-FilterManager","6","File System Filter 'bindflt' (10.0, 2016-11-30T22:47:51.0000000Z) has successfully loaded and registered with Filter Manager."
"2025-09-17 8:14:57 AM","Information","Microsoft-Windows-DHCPv6-Client","51046","DHCPv6 client service is started"
"2025-09-17 8:14:57 AM","Information","EventLog","2147489653","The Event log service was started."
"2025-09-17 8:14:57 AM","Information","EventLog","2147489657","Microsoft (R) Windows (R) 10.00. 19045  Multiprocessor Free."
"2025-09-17 8:14:57 AM","Error","EventLog","2147489656","The previous system shutdown at 8:14:14 AM on ?2025-?09-?17 was unexpected."
"2025-09-17 8:14:57 AM","Information","EventLog","2147489661","The system uptime is 7 seconds."
"2025-09-17 8:14:57 AM","Information","Microsoft-Windows-FilterManager","6","File System Filter 'CldFlt' (10.0, 2084-11-25T03:15:59.0000000Z) has successfully loaded and registered with Filter Manager."
"2025-09-17 8:14:57 AM","Information","Microsoft-Windows-FilterManager","6","File System Filter 'luafv' (10.0, 2062-02-02T23:11:58.0000000Z) has successfully loaded and registered with Filter Manager."
"2025-09-17 8:14:57 AM","Information","Microsoft-Windows-FilterManager","6","File System Filter 'wcifs' (10.0, 2004-03-22T13:56:15.0000000Z) has successfully loaded and registered with Filter Manager."
"2025-09-17 8:14:58 AM","Information","Microsoft-Windows-WLAN-AutoConfig","4000","WLAN AutoConfig service has successfully started.
"
"2025-09-17 8:14:59 AM","Information","Service Control Manager","3221232498","The following boot-start or system-start driver(s) did not load: 
dam"
"2025-09-17 8:14:59 AM","Information","Microsoft-Windows-Winlogon","7001","User Logon Notification for Customer Experience Improvement Program"
"2025-09-17 8:15:00 AM","Information","TPM","18","This event triggers the Trusted Platform Module (TPM) provisioning/status check to run."
"2025-09-17 8:15:01 AM","Warning","e1i65x64","2684616731","Intel(R) Ethernet Connection I218-LM

Network link is disconnected.
"
"2025-09-17 8:15:01 AM","Warning","DCOM","10016","The description for Event ID '10016' in Source 'DCOM' cannot be found.  The local computer may not have the necessary registry information or message DLL files to display the message, or you may not have permission to access them.  The following information is part of the event:'application-specific', 'Local', 'Activation', '{6B3B8D23-FA8D-40B9-8DBD-B950333E2C52}', '{4839DDB7-58C2-48F5-8283-E1D1807D0D7D}', 'NT AUTHORITY', 'LOCAL SERVICE', 'S-1-5-19', 'LocalHost (Using LRPC)', 'Unavailable', 'Unavailable'"
"2025-09-17 8:15:01 AM","Warning","DCOM","10016","The description for Event ID '10016' in Source 'DCOM' cannot be found.  The local computer may not have the necessary registry information or message DLL files to display the message, or you may not have permission to access them.  The following information is part of the event:'application-specific', 'Local', 'Activation', '{6B3B8D23-FA8D-40B9-8DBD-B950333E2C52}', '{4839DDB7-58C2-48F5-8283-E1D1807D0D7D}', 'NT AUTHORITY', 'LOCAL SERVICE', 'S-1-5-19', 'LocalHost (Using LRPC)', 'Unavailable', 'Unavailable'"
"2025-09-17 8:15:07 AM","Error","Microsoft-Windows-TPM-WMI","1795","The system firmware returned an error -2147024693 when attempting to update a Secure Boot variable. For more information, please see https://go.microsoft.com/fwlink/?linkid=2169931"
"2025-09-17 8:15:09 AM","Error","BugCheck","1073742825","The description for Event ID '1073742825' in Source 'BugCheck' cannot be found.  The local computer may not have the necessary registry information or message DLL files to display the message, or you may not have permission to access them.  The following information is part of the event:'0x0000012b (0xffffffffc00002c4, 0x00000000000000a4, 0x0000028532aebf90, 0xffff9e818fc2c000)', 'C:\Windows\MEMORY.DMP', 'af9f8fec-0425-4451-88bd-81b8f39dae75'"
"2025-09-17 8:15:16 AM","Information","Microsoft-Windows-TPM-WMI","1026","The Trusted Platform Module (TPM) hardware on this computer cannot be provisioned for use automatically.  To set up the TPM interactively use the TPM management console (Start->tpm.msc) and use the action to make the TPM ready.

Error: -2144845805
Additional Information: 0x11c"
"2025-09-17 8:15:16 AM","Information","Microsoft-Windows-TPM-WMI","1282","The TBS device identifier has been generated."
"2025-09-17 8:16:06 AM","Warning","Microsoft-Windows-Kernel-Processor-Power","37","The speed of Hyper-V logical processor 1 is being limited by system firmware. The processor has been in this reduced performance state for 71 seconds since the last report."
"2025-09-17 8:16:06 AM","Warning","Microsoft-Windows-Kernel-Processor-Power","37","The speed of Hyper-V logical processor 3 is being limited by system firmware. The processor has been in this reduced performance state for 71 seconds since the last report."
"2025-09-17 8:16:06 AM","Warning","Microsoft-Windows-Kernel-Processor-Power","37","The speed of Hyper-V logical processor 0 is being limited by system firmware. The processor has been in this reduced performance state for 71 seconds since the last report."
"2025-09-17 8:16:06 AM","Warning","Microsoft-Windows-Kernel-Processor-Power","37","The speed of Hyper-V logical processor 2 is being limited by system firmware. The processor has been in this reduced performance state for 71 seconds since the last report."
"2025-09-17 8:16:32 AM","Warning","DCOM","10016","The description for Event ID '10016' in Source 'DCOM' cannot be found.  The local computer may not have the necessary registry information or message DLL files to display the message, or you may not have permission to access them.  The following information is part of the event:'application-specific', 'Local', 'Activation', '{2593F8B9-4EAF-457C-B68A-50F6B8EA6B54}', '{15C20B67-12E7-4BB6-92BB-7AFF07997402}', 'DESKTOP-RVD6TK8', 'User', 'S-1-5-21-2059432068-349761349-3478041169-1001', 'LocalHost (Using LRPC)', 'Unavailable', 'Unavailable'"
"2025-09-17 8:16:59 AM","Warning","DCOM","10016","The description for Event ID '10016' in Source 'DCOM' cannot be found.  The local computer may not have the necessary registry information or message DLL files to display the message, or you may not have permission to access them.  The following information is part of the event:'application-specific', 'Local', 'Activation', '{2593F8B9-4EAF-457C-B68A-50F6B8EA6B54}', '{15C20B67-12E7-4BB6-92BB-7AFF07997402}', 'DESKTOP-RVD6TK8', 'User', 'S-1-5-21-2059432068-349761349-3478041169-1001', 'LocalHost (Using LRPC)', 'Unavailable', 'Unavailable'"
"2025-09-17 8:17:01 AM","Warning","DCOM","10016","The description for Event ID '10016' in Source 'DCOM' cannot be found.  The local computer may not have the necessary registry information or message DLL files to display the message, or you may not have permission to access them.  The following information is part of the event:'application-specific', 'Local', 'Launch', 'Windows.SecurityCenter.SecurityAppBroker', 'Unavailable', 'NT AUTHORITY', 'SYSTEM', 'S-1-5-18', 'LocalHost (Using LRPC)', 'Unavailable', 'Unavailable'"
"2025-09-17 8:17:01 AM","Warning","DCOM","10016","The description for Event ID '10016' in Source 'DCOM' cannot be found.  The local computer may not have the necessary registry information or message DLL files to display the message, or you may not have permission to access them.  The following information is part of the event:'application-specific', 'Local', 'Launch', 'Windows.SecurityCenter.WscBrokerManager', 'Unavailable', 'NT AUTHORITY', 'SYSTEM', 'S-1-5-18', 'LocalHost (Using LRPC)', 'Unavailable', 'Unavailable'"
"2025-09-17 8:17:01 AM","Warning","DCOM","10016","The description for Event ID '10016' in Source 'DCOM' cannot be found.  The local computer may not have the necessary registry information or message DLL files to display the message, or you may not have permission to access them.  The following information is part of the event:'application-specific', 'Local', 'Launch', 'Windows.SecurityCenter.WscDataProtection', 'Unavailable', 'NT AUTHORITY', 'SYSTEM', 'S-1-5-18', 'LocalHost (Using LRPC)', 'Unavailable', 'Unavailable'"
"2025-09-17 8:23:57 AM","Information","Service Control Manager","1073748864","The start type of the Background Intelligent Transfer Service service was changed from demand start to auto start."
"2025-09-17 8:25:10 AM","Warning","DCOM","10016","The description for Event ID '10016' in Source 'DCOM' cannot be found.  The local computer may not have the necessary registry information or message DLL files to display the message, or you may not have permission to access them.  The following information is part of the event:'application-specific', 'Local', 'Activation', '{2593F8B9-4EAF-457C-B68A-50F6B8EA6B54}', '{15C20B67-12E7-4BB6-92BB-7AFF07997402}', 'DESKTOP-RVD6TK8', 'User', 'S-1-5-21-2059432068-349761349-3478041169-1001', 'LocalHost (Using LRPC)', 'Microsoft.Windows.Search_1.14.10.19041_neutral_neutral_cw5n1h2txyewy', 'S-1-15-2-536077884-713174666-1066051701-3219990555-339840825-1966734348-1611281757'"
"2025-09-17 8:25:22 AM","Information","Microsoft-Windows-WindowsUpdateClient","44","Windows Update started downloading an update."
"2025-09-17 8:26:09 AM","Information","Service Control Manager","1073748864","The start type of the Background Intelligent Transfer Service service was changed from auto start to demand start."
"2025-09-17 8:26:19 AM","Information","Microsoft-Windows-WindowsUpdateClient","43","Installation Started: Windows has started installing the following update: Security Intelligence Update for Microsoft Defender Antivirus - KB2267602 (Version 1.437.5.0) - Current Channel (Broad)"
"2025-09-17 8:27:03 AM","Information","Microsoft-Windows-WindowsUpdateClient","19","Installation Successful: Windows successfully installed the following update: Security Intelligence Update for Microsoft Defender Antivirus - KB2267602 (Version 1.437.5.0) - Current Channel (Broad)"
"2025-09-17 9:53:27 AM","Information","Microsoft-Windows-Kernel-General","16","The description for Event ID '16' in Source 'Microsoft-Windows-Kernel-General' cannot be found.  The local computer may not have the necessary registry information or message DLL files to display the message, or you may not have permission to access them.  The following information is part of the event:'99', '\??\C:\Users\User\AppData\Local\Packages\Microsoft.WindowsStore_8wekyb3d8bbwe\Settings\settings.dat', '16', '4'"
"2025-09-17 10:20:36 AM","Information","Microsoft-Windows-WindowsUpdateClient","43","Installation Started: Windows has started installing the following update: Security Intelligence Update for Microsoft Defender Antivirus - KB2267602 (Version 1.437.9.0) - Current Channel (Broad)"
"2025-09-17 10:20:36 AM","Information","Microsoft-Windows-WindowsUpdateClient","44","Windows Update started downloading an update."
"2025-09-17 10:20:47 AM","Information","Microsoft-Windows-WindowsUpdateClient","19","Installation Successful: Windows successfully installed the following update: Security Intelligence Update for Microsoft Defender Antivirus - KB2267602 (Version 1.437.9.0) - Current Channel (Broad)"
"2025-09-17 10:43:06 AM","Information","Microsoft-Windows-Kernel-General","16","The description for Event ID '16' in Source 'Microsoft-Windows-Kernel-General' cannot be found.  The local computer may not have the necessary registry information or message DLL files to display the message, or you may not have permission to access them.  The following information is part of the event:'85', '\??\C:\ProgramData\Microsoft\Provisioning\Microsoft-Desktop-Provisioning-Sequence.dat', '0', '0'"
"2025-09-17 10:43:09 AM","Warning","DCOM","10016","The description for Event ID '10016' in Source 'DCOM' cannot be found.  The local computer may not have the necessary registry information or message DLL files to display the message, or you may not have permission to access them.  The following information is part of the event:'machine-default', 'Local', 'Activation', '{C2F03A33-21F5-47FA-B4BB-156362A2F239}', '{316CDED5-E4AE-4B15-9113-7055D84DCC97}', 'DESKTOP-RVD6TK8', 'User', 'S-1-5-21-2059432068-349761349-3478041169-1001', 'LocalHost (Using LRPC)', 'Microsoft.Windows.ShellExperienceHost_10.0.19041.3636_neutral_neutral_cw5n1h2txyewy', 'S-1-15-2-155514346-2573954481-755741238-1654018636-1233331829-3075935687-2861478708'"
"2025-09-17 10:44:04 AM","Information","Service Control Manager","1073748864","The start type of the Background Intelligent Transfer Service service was changed from demand start to auto start."
"2025-09-17 10:46:08 AM","Information","Service Control Manager","1073748864","The start type of the Background Intelligent Transfer Service service was changed from auto start to demand start."
"2025-09-17 11:42:45 AM","Information","Microsoft-Windows-Kernel-Power","42","The description for Event ID '42' in Source 'Microsoft-Windows-Kernel-Power' cannot be found.  The local computer may not have the necessary registry information or message DLL files to display the message, or you may not have permission to access them.  The following information is part of the event:'4', '4', '0', '4', '1'"
"2025-09-17 11:42:46 AM","Information","Microsoft-Windows-Kernel-Power","107","The description for Event ID '107' in Source 'Microsoft-Windows-Kernel-Power' cannot be found.  The local computer may not have the necessary registry information or message DLL files to display the message, or you may not have permission to access them.  The following information is part of the event:'4', '4', '4', '1601-01-01T00:00:00.0000000Z', '1601-01-01T00:00:00.0000000Z', '0', '0'"
"2025-09-17 5:09:30 PM","Information","Microsoft-Windows-Kernel-Power","131","The description for Event ID '131' in Source 'Microsoft-Windows-Kernel-Power' cannot be found.  The local computer may not have the necessary registry information or message DLL files to display the message, or you may not have permission to access them.  The following information is part of the event:'1', '235', '235'"
"2025-09-17 5:09:30 PM","Information","Microsoft-Windows-Kernel-Power","130","The description for Event ID '130' in Source 'Microsoft-Windows-Kernel-Power' cannot be found.  The local computer may not have the necessary registry information or message DLL files to display the message, or you may not have permission to access them.  The following information is part of the event:'12456188', '12456370'"
"2025-09-17 5:09:30 PM","Information","EventLog","2147489661","The system uptime is 32081 seconds."
"2025-09-17 5:09:30 PM","Information","Microsoft-Windows-Kernel-General","1","Possible detection of CVE: 2025-09-17T21:09:30.5000000Z
Additional Information: 2025-09-17T15:42:46.0167867Z

This Event is generated when an attempt to exploit a known vulnerability (2025-09-17T21:09:30.5000000Z) is detected.
This Event is raised by a User mode process.
"
"2025-09-17 5:09:32 PM","Information","Microsoft-Windows-Power-Troubleshooter","1","The system has returned from a low power state.

Sleep Time: 2025-09-17T15:42:39.3228733Z
Wake Time: 2025-09-17T21:09:31.4497195Z

Wake Source: 1"
"2025-09-17 5:09:34 PM","Information","Service Control Manager","1073748864","The start type of the Background Intelligent Transfer Service service was changed from demand start to auto start."
"2025-09-17 5:19:42 PM","Warning","Microsoft-Windows-Kernel-PnP","225","The application \Device\HarddiskVolume3\Windows\System32\notepad.exe with process id 13464 stopped the removal or ejection for the device USB\VID_6557&PID_2231\070852D204AE2F49."
"2025-09-17 5:20:39 PM","Warning","DCOM","10016","The description for Event ID '10016' in Source 'DCOM' cannot be found.  The local computer may not have the necessary registry information or message DLL files to display the message, or you may not have permission to access them.  The following information is part of the event:'machine-default', 'Local', 'Activation', '{C2F03A33-21F5-47FA-B4BB-156362A2F239}', '{316CDED5-E4AE-4B15-9113-7055D84DCC97}', 'DESKTOP-RVD6TK8', 'User', 'S-1-5-21-2059432068-349761349-3478041169-1001', 'LocalHost (Using LRPC)', 'Microsoft.Windows.ShellExperienceHost_10.0.19041.3636_neutral_neutral_cw5n1h2txyewy', 'S-1-15-2-155514346-2573954481-755741238-1654018636-1233331829-3075935687-2861478708'"
"2025-09-17 5:25:12 PM","Information","Service Control Manager","1073748864","The start type of the Background Intelligent Transfer Service service was changed from auto start to demand start."
