"2025-09-26 7:57:55 AM","Warning","Microsoft-Windows-Kernel-Processor-Power","37","The speed of Hyper-V logical processor 1 is being limited by system firmware. The processor has been in this reduced performance state for 86401 seconds since the last report."
"2025-09-26 7:57:55 AM","Warning","Microsoft-Windows-Kernel-Processor-Power","37","The speed of Hyper-V logical processor 3 is being limited by system firmware. The processor has been in this reduced performance state for 86401 seconds since the last report."
"2025-09-26 7:57:55 AM","Warning","Microsoft-Windows-Kernel-Processor-Power","37","The speed of Hyper-V logical processor 0 is being limited by system firmware. The processor has been in this reduced performance state for 86401 seconds since the last report."
"2025-09-26 7:57:55 AM","Warning","Microsoft-Windows-Kernel-Processor-Power","37","The speed of Hyper-V logical processor 2 is being limited by system firmware. The processor has been in this reduced performance state for 86401 seconds since the last report."
"2025-09-26 8:00:31 AM","Information","Service Control Manager","1073748864","The start type of the Background Intelligent Transfer Service service was changed from demand start to auto start."
"2025-09-26 8:02:36 AM","Information","Service Control Manager","1073748864","The start type of the Background Intelligent Transfer Service service was changed from auto start to demand start."
"2025-09-26 8:07:13 AM","Information","Microsoft-Windows-WindowsUpdateClient","44","Windows Update started downloading an update."
"2025-09-26 8:07:27 AM","Information","Microsoft-Windows-WindowsUpdateClient","43","Installation Started: Windows has started installing the following update: Security Intelligence Update for Microsoft Defender Antivirus - KB2267602 (Version 1.437.174.0) - Current Channel (Broad)"
"2025-09-26 8:07:39 AM","Information","Microsoft-Windows-WindowsUpdateClient","19","Installation Successful: Windows successfully installed the following update: Security Intelligence Update for Microsoft Defender Antivirus - KB2267602 (Version 1.437.174.0) - Current Channel (Broad)"
"2025-09-26 8:28:54 AM","Information","Service Control Manager","1073748864","The start type of the Background Intelligent Transfer Service service was changed from demand start to auto start."
"2025-09-26 8:31:05 AM","Information","Service Control Manager","1073748864","The start type of the Background Intelligent Transfer Service service was changed from auto start to demand start."
"2025-09-26 8:31:57 AM","Information","Service Control Manager","1073748864","The start type of the Background Intelligent Transfer Service service was changed from demand start to auto start."
"2025-09-26 8:34:13 AM","Information","Service Control Manager","1073748864","The start type of the Background Intelligent Transfer Service service was changed from auto start to demand start."
"2025-09-26 10:06:07 AM","Warning","Microsoft-Windows-DNS-Client","1014","Name resolution for the name browser.events.data.msn.com timed out after none of the configured DNS servers responded."
"2025-09-26 10:07:35 AM","Warning","DCOM","10016","The description for Event ID '10016' in Source 'DCOM' cannot be found.  The local computer may not have the necessary registry information or message DLL files to display the message, or you may not have permission to access them.  The following information is part of the event:'application-specific', 'Local', 'Activation', '{2593F8B9-4EAF-457C-B68A-50F6B8EA6B54}', '{15C20B67-12E7-4BB6-92BB-7AFF07997402}', 'DESKTOP-RVD6TK8', 'User', 'S-1-5-21-2059432068-349761349-3478041169-1001', 'LocalHost (Using LRPC)', 'Unavailable', 'Unavailable'"
"2025-09-26 10:26:18 AM","Information","Service Control Manager","1073748864","The start type of the Background Intelligent Transfer Service service was changed from demand start to auto start."
"2025-09-26 10:26:53 AM","Warning","DCOM","10016","The description for Event ID '10016' in Source 'DCOM' cannot be found.  The local computer may not have the necessary registry information or message DLL files to display the message, or you may not have permission to access them.  The following information is part of the event:'application-specific', 'Local', 'Activation', '{2593F8B9-4EAF-457C-B68A-50F6B8EA6B54}', '{15C20B67-12E7-4BB6-92BB-7AFF07997402}', 'DESKTOP-RVD6TK8', 'User', 'S-1-5-21-2059432068-349761349-3478041169-1001', 'LocalHost (Using LRPC)', 'Unavailable', 'Unavailable'"
"2025-09-26 10:28:30 AM","Information","Service Control Manager","1073748864","The start type of the Background Intelligent Transfer Service service was changed from auto start to demand start."
"2025-09-26 10:33:42 AM","Error","disk","3221487627","The driver detected a controller error on \Device\Harddisk1\DR1."
"2025-09-26 10:41:10 AM","Warning","DCOM","10016","The description for Event ID '10016' in Source 'DCOM' cannot be found.  The local computer may not have the necessary registry information or message DLL files to display the message, or you may not have permission to access them.  The following information is part of the event:'machine-default', 'Local', 'Activation', '{C2F03A33-21F5-47FA-B4BB-156362A2F239}', '{316CDED5-E4AE-4B15-9113-7055D84DCC97}', 'DESKTOP-RVD6TK8', 'User', 'S-1-5-21-2059432068-349761349-3478041169-1001', 'LocalHost (Using LRPC)', 'Microsoft.Windows.ShellExperienceHost_10.0.19041.3636_neutral_neutral_cw5n1h2txyewy', 'S-1-15-2-155514346-2573954481-755741238-1654018636-1233331829-3075935687-2861478708'"
"2025-09-26 11:04:56 AM","Warning","DCOM","10016","The description for Event ID '10016' in Source 'DCOM' cannot be found.  The local computer may not have the necessary registry information or message DLL files to display the message, or you may not have permission to access them.  The following information is part of the event:'machine-default', 'Local', 'Activation', '{C2F03A33-21F5-47FA-B4BB-156362A2F239}', '{316CDED5-E4AE-4B15-9113-7055D84DCC97}', 'DESKTOP-RVD6TK8', 'User', 'S-1-5-21-2059432068-349761349-3478041169-1001', 'LocalHost (Using LRPC)', 'Microsoft.Windows.ShellExperienceHost_10.0.19041.3636_neutral_neutral_cw5n1h2txyewy', 'S-1-15-2-155514346-2573954481-755741238-1654018636-1233331829-3075935687-2861478708'"
"2025-09-26 11:25:06 AM","Information","Microsoft-Windows-Kernel-Power","107","The description for Event ID '107' in Source 'Microsoft-Windows-Kernel-Power' cannot be found.  The local computer may not have the necessary registry information or message DLL files to display the message, or you may not have permission to access them.  The following information is part of the event:'4', '4', '4', '1601-01-01T00:00:00.0000000Z', '1601-01-01T00:00:00.0000000Z', '0', '0'"
"2025-09-26 11:25:06 AM","Information","Microsoft-Windows-Kernel-Power","42","The description for Event ID '42' in Source 'Microsoft-Windows-Kernel-Power' cannot be found.  The local computer may not have the necessary registry information or message DLL files to display the message, or you may not have permission to access them.  The following information is part of the event:'4', '4', '0', '4', '1'"
"2025-09-26 11:51:05 AM","Information","Microsoft-Windows-Kernel-Power","130","The description for Event ID '130' in Source 'Microsoft-Windows-Kernel-Power' cannot be found.  The local computer may not have the necessary registry information or message DLL files to display the message, or you may not have permission to access them.  The following information is part of the event:'98702754', '98702940'"
"2025-09-26 11:51:05 AM","Information","Microsoft-Windows-Kernel-Power","131","The description for Event ID '131' in Source 'Microsoft-Windows-Kernel-Power' cannot be found.  The local computer may not have the necessary registry information or message DLL files to display the message, or you may not have permission to access them.  The following information is part of the event:'1', '235', '235'"
"2025-09-26 11:51:05 AM","Information","Microsoft-Windows-Kernel-General","1","Possible detection of CVE: 2025-09-26T15:51:05.5000000Z
Additional Information: 2025-09-26T15:25:06.9630125Z

This Event is generated when an attempt to exploit a known vulnerability (2025-09-26T15:51:05.5000000Z) is detected.
This Event is raised by a User mode process.
"
"2025-09-26 11:51:07 AM","Information","Microsoft-Windows-Power-Troubleshooter","1","The system has returned from a low power state.

Sleep Time: 2025-09-26T15:25:00.2212384Z
Wake Time: 2025-09-26T15:51:07.0894411Z

Wake Source: 1"
"2025-09-26 11:56:22 AM","Warning","Microsoft-Windows-DNS-Client","1014","Name resolution for the name contacts.google.com timed out after none of the configured DNS servers responded."
"2025-09-26 11:59:15 AM","Information","Microsoft-Windows-Kernel-Power","107","The description for Event ID '107' in Source 'Microsoft-Windows-Kernel-Power' cannot be found.  The local computer may not have the necessary registry information or message DLL files to display the message, or you may not have permission to access them.  The following information is part of the event:'4', '4', '4', '1601-01-01T00:00:00.0000000Z', '1601-01-01T00:00:00.0000000Z', '0', '0'"
"2025-09-26 11:59:15 AM","Information","Microsoft-Windows-Kernel-Power","42","The description for Event ID '42' in Source 'Microsoft-Windows-Kernel-Power' cannot be found.  The local computer may not have the necessary registry information or message DLL files to display the message, or you may not have permission to access them.  The following information is part of the event:'4', '4', '0', '4', '3'"
"2025-09-26 5:37:59 PM","Information","Microsoft-Windows-Kernel-Power","130","The description for Event ID '130' in Source 'Microsoft-Windows-Kernel-Power' cannot be found.  The local computer may not have the necessary registry information or message DLL files to display the message, or you may not have permission to access them.  The following information is part of the event:'99191871', '99192039'"
"2025-09-26 5:37:59 PM","Information","Microsoft-Windows-Kernel-Power","131","The description for Event ID '131' in Source 'Microsoft-Windows-Kernel-Power' cannot be found.  The local computer may not have the necessary registry information or message DLL files to display the message, or you may not have permission to access them.  The following information is part of the event:'2', '230', '233'"
"2025-09-26 5:37:59 PM","Information","Microsoft-Windows-Kernel-General","1","Possible detection of CVE: 2025-09-26T21:37:59.5000000Z
Additional Information: 2025-09-26T15:59:15.8566090Z

This Event is generated when an attempt to exploit a known vulnerability (2025-09-26T21:37:59.5000000Z) is detected.
This Event is raised by a User mode process.
"
"2025-09-26 5:38:00 PM","Information","EventLog","2147489661","The system uptime is 121282 seconds."
"2025-09-26 5:38:02 PM","Information","Microsoft-Windows-Power-Troubleshooter","1","The system has returned from a low power state.

Sleep Time: 2025-09-26T15:59:09.2087809Z
Wake Time: 2025-09-26T21:38:01.3659753Z

Wake Source: 1"
"2025-09-26 5:38:15 PM","Warning","Microsoft-Windows-DNS-Client","1014","Name resolution for the name omaha-server.genspark.ai timed out after none of the configured DNS servers responded."
"2025-09-26 5:39:05 PM","Warning","Microsoft-Windows-WLAN-AutoConfig","4003","WLAN AutoConfig detected limited connectivity, attempting automatic recovery.

Recovery Type: 4
Error Code: 0x0
Trigger Reason: 1
IP Family: 0
"
"2025-09-26 5:41:40 PM","Information","Microsoft-Windows-Diagnostics-Networking","4000","The Network Diagnostics Framework has completed the diagnosis phase of operation. The following repair option was offered: 

Helper Class Name: AddressAcquisition

Root Cause: The default gateway is not available
The default gateway is a device that connects a local network or computer to the Internet. A broadband modem or router is usually the default gateway. 

Root Cause Guid: {baa4467d-8f57-4739-879b-2cf78298177b} 

Repair option: Investigate router or broadband modem issues
If you're connected to a hotspot or domain network, contact the network administrator. Otherwise:
    1.  Unplug or turn off the device.
    2.  After all the lights on the device are off, wait at least 10 seconds.
    3.  Turn the device on or plug it back into the power outlet.
To restart a router or modem that has a built-in battery, press and quickly release the Reset button. 

RepairGuid: {9513cc1c-4a26-4cb8-bf89-0a82129bd105} 

Seconds required for repair: 63 

Security context required for repair: 0

Interface: Wi-Fi ({b10e5959-79b2-48a1-b00d-c8cf853d25bc})"
"2025-09-26 5:41:40 PM","Information","Microsoft-Windows-Diagnostics-Networking","4000","The Network Diagnostics Framework has completed the diagnosis phase of operation. The following repair option was offered: 

Helper Class Name: AddressAcquisition

Root Cause: The default gateway is not available
The default gateway is a device that connects a local network or computer to the Internet. A broadband modem or router is usually the default gateway. 

Root Cause Guid: {baa4467d-8f57-4739-879b-2cf78298177b} 

Repair option: Reset the ""Wi-Fi"" adapter
This can sometimes resolve an intermittent problem. 

RepairGuid: {07d37f7b-fa5e-4443-bda7-ab107b29afb9} 

Seconds required for repair: 70 

Security context required for repair: 80

Interface: Wi-Fi ({b10e5959-79b2-48a1-b00d-c8cf853d25bc})"
"2025-09-26 5:41:40 PM","Information","Microsoft-Windows-Diagnostics-Networking","6100","Details about wireless connectivity diagnosis: 

For complete information about this session see the wireless connectivity information event.

Helper Class: Auto Configuration
 Initialize status: Fail 0x800701b1




"
"2025-09-26 5:41:40 PM","Information","Microsoft-Windows-Diagnostics-Networking","6100","Details about network adapter diagnosis: 

Network adapter Wi-Fi driver information:

   Description . . . . . . . . . . : Intel(R) Dual Band Wireless-AC 7260
   Manufacturer  . . . . . . . . . : Intel Corporation
   Provider  . . . . . . . . . . . : Microsoft
   Version   . . . . . . . . . . . : 17.15.0.5
   Inf File Name . . . . . . . . . : C:\Windows\INF\netwbw02.inf
   Inf File Date . . . . . . . . . : December 7, 2019  9:07:47 AM
   Section Name  . . . . . . . . . : Install_MPCIEX_GENSARNGFF_7260_AC_2x2_HMC_WINB_64_AC
   Hardware ID . . . . . . . . . . : pci\ven_8086&dev_08b1&subsys_c1708086
   Instance Status Flags . . . . . : 0x1812002
   Device Manager Status Code  . . : 0
   IfType  . . . . . . . . . . . . : 71
   Physical Media Type . . . . . . : 9
"
"2025-09-26 5:41:48 PM","Information","Microsoft-Windows-Diagnostics-Networking","4100","The Network Diagnostics Framework has completed the diagnosis phase of operation, but no network problem was identified."
"2025-09-26 6:08:15 PM","Warning","Microsoft-Windows-DNS-Client","1014","Name resolution for the name clientservices.googleapis.com timed out after none of the configured DNS servers responded."
"2025-09-26 6:15:44 PM","Information","NETwNb64","1610620736","The description for Event ID '1610620736' in Source 'NETwNb64' cannot be found.  The local computer may not have the necessary registry information or message DLL files to display the message, or you may not have permission to access them.  The following information is part of the event:'\Device\NDMP2', 'Intel(R) Dual Band Wireless-AC 7260'"
"2025-09-26 6:15:45 PM","Information","NETwNb64","1610619737","The description for Event ID '1610619737' in Source 'NETwNb64' cannot be found.  The local computer may not have the necessary registry information or message DLL files to display the message, or you may not have permission to access them.  The following information is part of the event:'\Device\NDMP13', 'Intel(R) Dual Band Wireless-AC 7260'"
"2025-09-26 6:15:45 PM","Information","NETwNb64","1610619737","The description for Event ID '1610619737' in Source 'NETwNb64' cannot be found.  The local computer may not have the necessary registry information or message DLL files to display the message, or you may not have permission to access them.  The following information is part of the event:'\Device\NDMP13', 'Intel(R) Dual Band Wireless-AC 7260'"
"2025-09-26 6:15:45 PM","Information","NETwNb64","1073748860","The \Device\NDMP13 service entered the Intel(R) Dual Band Wireless-AC 7260 state."
"2025-09-26 6:15:47 PM","Warning","Microsoft-Windows-DNS-Client","1014","Name resolution for the name mail.google.com timed out after none of the configured DNS servers responded."
"2025-09-26 6:35:03 PM","Warning","DCOM","10016","The description for Event ID '10016' in Source 'DCOM' cannot be found.  The local computer may not have the necessary registry information or message DLL files to display the message, or you may not have permission to access them.  The following information is part of the event:'application-specific', 'Local', 'Activation', '{2593F8B9-4EAF-457C-B68A-50F6B8EA6B54}', '{15C20B67-12E7-4BB6-92BB-7AFF07997402}', 'DESKTOP-RVD6TK8', 'User', 'S-1-5-21-2059432068-349761349-3478041169-1001', 'LocalHost (Using LRPC)', 'Unavailable', 'Unavailable'"
"2025-09-26 7:45:14 PM","Warning","Microsoft-Windows-DNS-Client","1014","Name resolution for the name mtalk.google.com timed out after none of the configured DNS servers responded."
"2025-09-26 8:29:45 PM","Error","disk","3221487627","The driver detected a controller error on \Device\Harddisk1\DR1."
"2025-09-26 10:40:57 PM","Information","Service Control Manager","1073748864","The start type of the Background Intelligent Transfer Service service was changed from demand start to auto start."
"2025-09-26 10:43:02 PM","Information","Service Control Manager","1073748864","The start type of the Background Intelligent Transfer Service service was changed from auto start to demand start."
"2025-09-26 11:13:59 PM","Warning","Microsoft-Windows-DNS-Client","1014","Name resolution for the name prodata.tradingview.com timed out after none of the configured DNS servers responded."
"2025-09-26 11:14:21 PM","Information","NETwNb64","1610620736","The description for Event ID '1610620736' in Source 'NETwNb64' cannot be found.  The local computer may not have the necessary registry information or message DLL files to display the message, or you may not have permission to access them.  The following information is part of the event:'\Device\NDMP13', 'Intel(R) Dual Band Wireless-AC 7260'"
"2025-09-26 11:14:21 PM","Warning","Microsoft-Windows-WLAN-AutoConfig","4003","WLAN AutoConfig detected limited connectivity, attempting automatic recovery.

Recovery Type: 4
Error Code: 0x0
Trigger Reason: 1
IP Family: 0
"
"2025-09-26 11:14:22 PM","Information","NETwNb64","1610619737","The description for Event ID '1610619737' in Source 'NETwNb64' cannot be found.  The local computer may not have the necessary registry information or message DLL files to display the message, or you may not have permission to access them.  The following information is part of the event:'\Device\NDMP16', 'Intel(R) Dual Band Wireless-AC 7260'"
"2025-09-26 11:14:22 PM","Information","NETwNb64","1610619737","The description for Event ID '1610619737' in Source 'NETwNb64' cannot be found.  The local computer may not have the necessary registry information or message DLL files to display the message, or you may not have permission to access them.  The following information is part of the event:'\Device\NDMP16', 'Intel(R) Dual Band Wireless-AC 7260'"
"2025-09-26 11:14:22 PM","Information","NETwNb64","1073748860","The \Device\NDMP16 service entered the Intel(R) Dual Band Wireless-AC 7260 state."
"2025-09-26 11:37:29 PM","Information","Service Control Manager","1073748864","The start type of the Background Intelligent Transfer Service service was changed from demand start to auto start."
"2025-09-26 11:39:34 PM","Information","Service Control Manager","1073748864","The start type of the Background Intelligent Transfer Service service was changed from auto start to demand start."
"2025-09-27 12:06:37 AM","Warning","DCOM","10016","The description for Event ID '10016' in Source 'DCOM' cannot be found.  The local computer may not have the necessary registry information or message DLL files to display the message, or you may not have permission to access them.  The following information is part of the event:'application-specific', 'Local', 'Activation', '{2593F8B9-4EAF-457C-B68A-50F6B8EA6B54}', '{15C20B67-12E7-4BB6-92BB-7AFF07997402}', 'DESKTOP-RVD6TK8', 'User', 'S-1-5-21-2059432068-349761349-3478041169-1001', 'LocalHost (Using LRPC)', 'Unavailable', 'Unavailable'"
"2025-09-27 12:15:34 AM","Warning","DCOM","10016","The description for Event ID '10016' in Source 'DCOM' cannot be found.  The local computer may not have the necessary registry information or message DLL files to display the message, or you may not have permission to access them.  The following information is part of the event:'application-specific', 'Local', 'Activation', '{2593F8B9-4EAF-457C-B68A-50F6B8EA6B54}', '{15C20B67-12E7-4BB6-92BB-7AFF07997402}', 'DESKTOP-RVD6TK8', 'User', 'S-1-5-21-2059432068-349761349-3478041169-1001', 'LocalHost (Using LRPC)', 'Unavailable', 'Unavailable'"
"2025-09-27 12:31:15 AM","Information","Microsoft-Windows-Time-Service","158","The time provider 'VMICTimeProvider' has indicated that the current hardware and operating environment is not supported and has stopped. This behavior is expected for VMICTimeProvider on non-HyperV-guest environments. This may be the expected behavior for the current provider in the current operating environment as well."
"2025-09-27 12:31:17 AM","Information","Microsoft-Windows-Time-Service","37","The time provider NtpClient is currently receiving valid time data from time.windows.com,0x9 (ntp.m|0x9|0.0.0.0:123->168.61.215.74:123)."
"2025-09-27 12:31:27 AM","Information","Microsoft-Windows-WindowsUpdateClient","44","Windows Update started downloading an update."
"2025-09-27 12:31:27 AM","Information","Microsoft-Windows-WindowsUpdateClient","44","Windows Update started downloading an update."
"2025-09-27 12:31:27 AM","Information","Microsoft-Windows-WindowsUpdateClient","44","Windows Update started downloading an update."
"2025-09-27 12:31:31 AM","Information","Microsoft-Windows-Kernel-General","1","Possible detection of CVE: 2025-09-27T04:31:31.6561584Z
Additional Information: 2025-09-27T04:31:31.6556104Z

This Event is generated when an attempt to exploit a known vulnerability (2025-09-27T04:31:31.6561584Z) is detected.
This Event is raised by a User mode process.
"
"2025-09-27 12:31:31 AM","Information","Microsoft-Windows-Kernel-General","24","The description for Event ID '24' in Source 'Microsoft-Windows-Kernel-General' cannot be found.  The local computer may not have the necessary registry information or message DLL files to display the message, or you may not have permission to access them.  The following information is part of the event:'0', '240', '2', '0', '0'"
"2025-09-27 12:31:31 AM","Information","Microsoft-Windows-Time-Service","35","The time service is now synchronizing the system time with the time source time.windows.com,0x9 (ntp.m|0x9|0.0.0.0:123->168.61.215.74:123) with reference id 1255620008. Current local stratum number is 4."
"2025-09-27 12:52:32 AM","Information","Service Control Manager","1073748864","The start type of the Background Intelligent Transfer Service service was changed from demand start to auto start."
"2025-09-27 12:54:37 AM","Information","Service Control Manager","1073748864","The start type of the Background Intelligent Transfer Service service was changed from auto start to demand start."
"2025-09-27 2:35:27 AM","Warning","DCOM","10016","The description for Event ID '10016' in Source 'DCOM' cannot be found.  The local computer may not have the necessary registry information or message DLL files to display the message, or you may not have permission to access them.  The following information is part of the event:'application-specific', 'Local', 'Activation', '{2593F8B9-4EAF-457C-B68A-50F6B8EA6B54}', '{15C20B67-12E7-4BB6-92BB-7AFF07997402}', 'DESKTOP-RVD6TK8', 'User', 'S-1-5-21-2059432068-349761349-3478041169-1001', 'LocalHost (Using LRPC)', 'Unavailable', 'Unavailable'"
"2025-09-27 2:36:09 AM","Information","Service Control Manager","1073748864","The start type of the Background Intelligent Transfer Service service was changed from demand start to auto start."
"2025-09-27 2:38:42 AM","Information","Service Control Manager","1073748864","The start type of the Background Intelligent Transfer Service service was changed from auto start to demand start."
"2025-09-27 6:02:15 AM","Error","Service Control Manager","3221232483","A timeout (30000 milliseconds) was reached while waiting for a transaction response from the WdNisSvc service."
"2025-09-27 6:02:56 AM","Error","Service Control Manager","3221232483","A timeout (30000 milliseconds) was reached while waiting for a transaction response from the WlanSvc service."
"2025-09-27 6:58:53 AM","Information","Microsoft-Windows-WindowsUpdateClient","44","Windows Update started downloading an update."
"2025-09-27 6:58:58 AM","Information","Microsoft-Windows-WindowsUpdateClient","43","Installation Started: Windows has started installing the following update: Security Intelligence Update for Microsoft Defender Antivirus - KB2267602 (Version 1.437.193.0) - Current Channel (Broad)"
"2025-09-27 6:59:11 AM","Information","Microsoft-Windows-WindowsUpdateClient","19","Installation Successful: Windows successfully installed the following update: Security Intelligence Update for Microsoft Defender Antivirus - KB2267602 (Version 1.437.193.0) - Current Channel (Broad)"
"2025-09-27 7:18:12 AM","Information","Service Control Manager","1073748864","The start type of the Background Intelligent Transfer Service service was changed from demand start to auto start."
"2025-09-27 7:20:17 AM","Information","Service Control Manager","1073748864","The start type of the Background Intelligent Transfer Service service was changed from auto start to demand start."
"2025-09-27 7:36:09 AM","Information","Service Control Manager","1073748864","The start type of the Background Intelligent Transfer Service service was changed from demand start to auto start."
"2025-09-27 7:38:21 AM","Information","Service Control Manager","1073748864","The start type of the Background Intelligent Transfer Service service was changed from auto start to demand start."
"2025-09-27 8:29:05 AM","Information","Service Control Manager","1073748864","The start type of the Background Intelligent Transfer Service service was changed from demand start to auto start."
"2025-09-27 8:31:10 AM","Information","Service Control Manager","1073748864","The start type of the Background Intelligent Transfer Service service was changed from auto start to demand start."
"2025-09-27 8:33:59 AM","Information","Microsoft-Windows-WindowsUpdateClient","44","Windows Update started downloading an update."
"2025-09-27 8:34:03 AM","Information","Microsoft-Windows-WindowsUpdateClient","44","Windows Update started downloading an update."
"2025-09-27 8:34:30 AM","Information","Microsoft-Windows-Kernel-General","16","The description for Event ID '16' in Source 'Microsoft-Windows-Kernel-General' cannot be found.  The local computer may not have the necessary registry information or message DLL files to display the message, or you may not have permission to access them.  The following information is part of the event:'127', '\??\C:\ProgramData\Microsoft\Windows\AppRepository\Packages\Microsoft.Todos_2.148.3611.0_x64__8wekyb3d8bbwe\ActivationStore.dat', '0', '0'"
"2025-09-27 8:34:31 AM","Information","Microsoft-Windows-WindowsUpdateClient","43","Installation Started: Windows has started installing the following update: 9NBLGGH51CLL-Microsoft.Services.Store.Engagement"
"2025-09-27 8:34:32 AM","Information","Microsoft-Windows-WindowsUpdateClient","43","Installation Started: Windows has started installing the following update: 9NBLGGH5R558-Microsoft.Todos"
"2025-09-27 8:34:32 AM","Information","Microsoft-Windows-WindowsUpdateClient","19","Installation Successful: Windows successfully installed the following update: 9NBLGGH51CLL-Microsoft.Services.Store.Engagement"
"2025-09-27 8:34:33 AM","Warning","DCOM","10016","The description for Event ID '10016' in Source 'DCOM' cannot be found.  The local computer may not have the necessary registry information or message DLL files to display the message, or you may not have permission to access them.  The following information is part of the event:'machine-default', 'Local', 'Activation', '{C2F03A33-21F5-47FA-B4BB-156362A2F239}', '{316CDED5-E4AE-4B15-9113-7055D84DCC97}', 'DESKTOP-RVD6TK8', 'User', 'S-1-5-21-2059432068-349761349-3478041169-1001', 'LocalHost (Using LRPC)', 'Microsoft.Windows.ShellExperienceHost_10.0.19041.3636_neutral_neutral_cw5n1h2txyewy', 'S-1-15-2-155514346-2573954481-755741238-1654018636-1233331829-3075935687-2861478708'"
"2025-09-27 8:34:33 AM","Information","Microsoft-Windows-WindowsUpdateClient","19","Installation Successful: Windows successfully installed the following update: 9NBLGGH5R558-Microsoft.Todos"
"2025-09-27 8:39:39 AM","Information","Service Control Manager","1073748864","The start type of the Background Intelligent Transfer Service service was changed from demand start to auto start."
"2025-09-27 8:41:50 AM","Information","Service Control Manager","1073748864","The start type of the Background Intelligent Transfer Service service was changed from auto start to demand start."
"2025-09-27 11:01:26 AM","Error","Service Control Manager","3221232483","A timeout (30000 milliseconds) was reached while waiting for a transaction response from the ShellHWDetection service."
"2025-09-27 11:01:51 AM","Error","Service Control Manager","3221232483","A timeout (30000 milliseconds) was reached while waiting for a transaction response from the WlanSvc service."
"2025-09-27 12:00:00 PM","Information","EventLog","2147489661","The system uptime is 187404 seconds."
"2025-09-27 12:36:09 PM","Information","Service Control Manager","1073748864","The start type of the Background Intelligent Transfer Service service was changed from demand start to auto start."
"2025-09-27 12:38:17 PM","Information","Service Control Manager","1073748864","The start type of the Background Intelligent Transfer Service service was changed from auto start to demand start."
"2025-09-27 2:02:37 PM","Warning","Microsoft-Windows-Kernel-Processor-Power","37","The speed of Hyper-V logical processor 0 is being limited by system firmware. The processor has been in this reduced performance state for 108282 seconds since the last report."
"2025-09-27 2:02:37 PM","Warning","Microsoft-Windows-Kernel-Processor-Power","37","The speed of Hyper-V logical processor 1 is being limited by system firmware. The processor has been in this reduced performance state for 108282 seconds since the last report."
"2025-09-27 2:02:37 PM","Warning","Microsoft-Windows-Kernel-Processor-Power","37","The speed of Hyper-V logical processor 2 is being limited by system firmware. The processor has been in this reduced performance state for 108282 seconds since the last report."
"2025-09-27 2:02:37 PM","Warning","Microsoft-Windows-Kernel-Processor-Power","37","The speed of Hyper-V logical processor 3 is being limited by system firmware. The processor has been in this reduced performance state for 108282 seconds since the last report."
"2025-09-27 5:36:09 PM","Information","Service Control Manager","1073748864","The start type of the Background Intelligent Transfer Service service was changed from demand start to auto start."
"2025-09-27 5:38:21 PM","Information","Service Control Manager","1073748864","The start type of the Background Intelligent Transfer Service service was changed from auto start to demand start."
"2025-09-27 8:29:20 PM","Information","Microsoft-Windows-WindowsUpdateClient","44","Windows Update started downloading an update."
"2025-09-27 8:29:20 PM","Information","Microsoft-Windows-WindowsUpdateClient","44","Windows Update started downloading an update."
"2025-09-27 8:29:20 PM","Information","Microsoft-Windows-WindowsUpdateClient","44","Windows Update started downloading an update."
"2025-09-27 8:29:20 PM","Information","Microsoft-Windows-WindowsUpdateClient","44","Windows Update started downloading an update."
"2025-09-27 8:29:20 PM","Information","Microsoft-Windows-WindowsUpdateClient","44","Windows Update started downloading an update."
"2025-09-27 8:29:20 PM","Information","Microsoft-Windows-WindowsUpdateClient","44","Windows Update started downloading an update."
"2025-09-27 8:29:44 PM","Information","Service Control Manager","1073748864","The start type of the Windows Modules Installer service was changed from demand start to auto start."
"2025-09-27 8:29:52 PM","Information","Service Control Manager","1073748864","The start type of the Windows Modules Installer service was changed from auto start to demand start."
"2025-09-27 8:29:52 PM","Information","Microsoft-Windows-Kernel-General","16","The description for Event ID '16' in Source 'Microsoft-Windows-Kernel-General' cannot be found.  The local computer may not have the necessary registry information or message DLL files to display the message, or you may not have permission to access them.  The following information is part of the event:'52', '\??\C:\Windows\System32\SMI\Store\Machine\SCHEMA.DAT', '15853', '2696'"
"2025-09-27 8:50:26 PM","Information","Microsoft-Windows-WindowsUpdateClient","43","Installation Started: Windows has started installing the following update: 2024-05 Update for Windows 10 Version 22H2 for x64-based Systems (KB5001716)"
"2025-09-27 8:50:27 PM","Information","Microsoft-Windows-WindowsUpdateClient","19","Installation Successful: Windows successfully installed the following update: 2024-05 Update for Windows 10 Version 22H2 for x64-based Systems (KB5001716)"
"2025-09-27 8:50:28 PM","Information","Microsoft-Windows-WindowsUpdateClient","43","Installation Started: Windows has started installing the following update: 2025-09 Cumulative Update for .NET Framework 3.5, 4.8 and 4.8.1 for Windows 10 Version 22H2 for x64 (KB5065957)"
"2025-09-27 8:50:29 PM","Information","Service Control Manager","1073748864","The start type of the Windows Modules Installer service was changed from demand start to auto start."
"2025-09-27 8:50:54 PM","Information","Microsoft-Windows-WindowsUpdateClient","43","Installation Started: Windows has started installing the following update: SAMSUNG Electronics Co., Ltd.  - USB - 2.21.0.0"
"2025-09-27 8:50:55 PM","Information","Microsoft-Windows-WindowsUpdateClient","43","Installation Started: Windows has started installing the following update: SAMSUNG Electronics Co., Ltd.  - Modem - 2.21.0.0"
"2025-09-27 8:50:55 PM","Information","Microsoft-Windows-WindowsUpdateClient","19","Installation Successful: Windows successfully installed the following update: SAMSUNG Electronics Co., Ltd.  - USB - 2.21.0.0"
"2025-09-27 8:50:56 PM","Information","Microsoft-Windows-WindowsUpdateClient","19","Installation Successful: Windows successfully installed the following update: SAMSUNG Electronics Co., Ltd.  - Modem - 2.21.0.0"
"2025-09-27 8:50:57 PM","Information","Microsoft-Windows-WindowsUpdateClient","43","Installation Started: Windows has started installing the following update: SAMSUNG Electronics Co., Ltd.  - Net - 2.21.0.0"
"2025-09-27 8:50:58 PM","Information","Microsoft-Windows-WindowsUpdateClient","19","Installation Successful: Windows successfully installed the following update: SAMSUNG Electronics Co., Ltd.  - Net - 2.21.0.0"
"2025-09-27 8:53:24 PM","Information","Microsoft-Windows-WindowsUpdateClient","43","Installation Started: Windows has started installing the following update: 2025-09 Cumulative Update for Windows 10 Version 22H2 for x64-based Systems (KB5065429)"
"2025-09-27 11:37:34 PM","Information","Service Control Manager","1073748864","The start type of the Background Intelligent Transfer Service service was changed from demand start to auto start."
"2025-09-27 11:39:39 PM","Information","Service Control Manager","1073748864","The start type of the Background Intelligent Transfer Service service was changed from auto start to demand start."
"2025-09-28 12:04:54 AM","Information","Service Control Manager","1073748864","The start type of the Background Intelligent Transfer Service service was changed from demand start to auto start."
"2025-09-28 12:06:58 AM","Information","Service Control Manager","1073748864","The start type of the Background Intelligent Transfer Service service was changed from auto start to demand start."
"2025-09-28 12:56:52 AM","Information","Microsoft-Windows-Time-Service","158","The time provider 'VMICTimeProvider' has indicated that the current hardware and operating environment is not supported and has stopped. This behavior is expected for VMICTimeProvider on non-HyperV-guest environments. This may be the expected behavior for the current provider in the current operating environment as well."
"2025-09-28 12:56:54 AM","Information","Microsoft-Windows-Time-Service","37","The time provider NtpClient is currently receiving valid time data from time.windows.com,0x9 (ntp.m|0x9|0.0.0.0:123->168.61.215.74:123)."
"2025-09-28 12:57:10 AM","Information","Microsoft-Windows-Kernel-General","1","Possible detection of CVE: 2025-09-28T04:57:10.5804977Z
Additional Information: 2025-09-28T04:57:10.5804592Z

This Event is generated when an attempt to exploit a known vulnerability (2025-09-28T04:57:10.5804977Z) is detected.
This Event is raised by a User mode process.
"
"2025-09-28 12:57:10 AM","Information","Microsoft-Windows-Kernel-General","24","The description for Event ID '24' in Source 'Microsoft-Windows-Kernel-General' cannot be found.  The local computer may not have the necessary registry information or message DLL files to display the message, or you may not have permission to access them.  The following information is part of the event:'0', '240', '2', '0', '0'"
"2025-09-28 12:57:10 AM","Information","Microsoft-Windows-Kernel-General","1","Possible detection of CVE: 2025-09-28T04:57:10.5820228Z
Additional Information: 2025-09-28T04:57:10.5814466Z

This Event is generated when an attempt to exploit a known vulnerability (2025-09-28T04:57:10.5820228Z) is detected.
This Event is raised by a User mode process.
"
"2025-09-28 12:57:10 AM","Information","Microsoft-Windows-Kernel-General","24","The description for Event ID '24' in Source 'Microsoft-Windows-Kernel-General' cannot be found.  The local computer may not have the necessary registry information or message DLL files to display the message, or you may not have permission to access them.  The following information is part of the event:'0', '240', '2', '0', '0'"
"2025-09-28 12:57:10 AM","Information","Microsoft-Windows-Kernel-General","24","The description for Event ID '24' in Source 'Microsoft-Windows-Kernel-General' cannot be found.  The local computer may not have the necessary registry information or message DLL files to display the message, or you may not have permission to access them.  The following information is part of the event:'0', '240', '2', '0', '0'"
"2025-09-28 12:57:10 AM","Information","Microsoft-Windows-Kernel-General","1","Possible detection of CVE: 2025-09-28T04:57:10.5796927Z
Additional Information: 2025-09-28T04:57:08.8251766Z

This Event is generated when an attempt to exploit a known vulnerability (2025-09-28T04:57:10.5796927Z) is detected.
This Event is raised by a User mode process.
"
"2025-09-28 12:57:10 AM","Information","Microsoft-Windows-Time-Service","35","The time service is now synchronizing the system time with the time source time.windows.com,0x9 (ntp.m|0x9|0.0.0.0:123->168.61.215.74:123) with reference id 1255620008. Current local stratum number is 4."
"2025-09-28 2:16:26 AM","Information","Microsoft-Windows-Kernel-General","16","The description for Event ID '16' in Source 'Microsoft-Windows-Kernel-General' cannot be found.  The local computer may not have the necessary registry information or message DLL files to display the message, or you may not have permission to access them.  The following information is part of the event:'114', '\??\C:\Users\User\AppData\Local\Packages\Microsoft.Windows.CloudExperienceHost_cw5n1h2txyewy\Settings\settings.dat', '2', '1'"
"2025-09-28 2:57:01 AM","Information","User32","2147484722","The process C:\Windows\system32\svchost.exe (DESKTOP-RVD6TK8) has initiated the restart of computer DESKTOP-RVD6TK8 on behalf of user NT AUTHORITY\SYSTEM for the following reason: Operating System: Service pack (Planned)
 Reason Code: 0x80020010
 Shutdown Type: restart
 Comment: "
"2025-09-28 2:57:02 AM","Error","DCOM","10010","The description for Event ID '10010' in Source 'DCOM' cannot be found.  The local computer may not have the necessary registry information or message DLL files to display the message, or you may not have permission to access them.  The following information is part of the event:'{94269C4E-071A-4116-90E6-52E557067E4E}'"
"2025-09-28 2:57:10 AM","Error","DCOM","10010","The description for Event ID '10010' in Source 'DCOM' cannot be found.  The local computer may not have the necessary registry information or message DLL files to display the message, or you may not have permission to access them.  The following information is part of the event:'{9BA05972-F6A8-11CF-A442-00A0C90A8F39}'"
"2025-09-28 2:57:11 AM","Information","Microsoft-Windows-Winlogon","7002","User Logoff Notification for Customer Experience Improvement Program"
"2025-09-28 2:58:38 AM","Error","Service Control Manager","3221232495","The Windows Modules Installer service terminated with the following error: 
%%32"
"2025-09-28 2:58:42 AM","Information","Microsoft-Windows-DHCPv6-Client","51057","DHCPv6 client service stop is almost done.DHCP Context Ref count is 1"
"2025-09-28 2:58:42 AM","Information","Microsoft-Windows-Dhcp-Client","50106","DHCPv4 is waiting on DHCPv6 service to stop"
"2025-09-28 2:58:42 AM","Information","Microsoft-Windows-Dhcp-Client","50037","DHCPv4 client service is stopped. ShutDown Flag value is 1"
"2025-09-28 2:58:42 AM","Information","Microsoft-Windows-DHCPv6-Client","51047","DHCPv6 client service is stopped. ShutDown Flag value is 1"
"2025-09-28 2:58:42 AM","Information","EventLog","2147489654","The Event log service was stopped."
"2025-09-28 2:58:42 AM","Information","Microsoft-Windows-Dhcp-Client","50104","DHCPv4 client received shutdown notification"
"2025-09-28 2:58:42 AM","Information","Microsoft-Windows-Dhcp-Client","50105","DHCPv4 client ProcessDHCPRequestForever received TERMINATE_EVENT"
"2025-09-28 2:58:43 AM","Information","Microsoft-Windows-WLAN-AutoConfig","4001","WLAN AutoConfig service has successfully stopped.
"
"2025-09-28 2:58:43 AM","Information","Microsoft-Windows-Kernel-General","13","The description for Event ID '13' in Source 'Microsoft-Windows-Kernel-General' cannot be found.  The local computer may not have the necessary registry information or message DLL files to display the message, or you may not have permission to access them.  The following information is part of the event:'2025-09-28T06:58:43.7915219Z'"
"2025-09-28 2:58:43 AM","Information","Microsoft-Windows-Kernel-Power","109","The description for Event ID '109' in Source 'Microsoft-Windows-Kernel-Power' cannot be found.  The local computer may not have the necessary registry information or message DLL files to display the message, or you may not have permission to access them.  The following information is part of the event:'5', '0', '5'"
"2025-09-28 2:58:59 AM","Information","Microsoft-Windows-Kernel-Boot","25","The description for Event ID '25' in Source 'Microsoft-Windows-Kernel-Boot' cannot be found.  The local computer may not have the necessary registry information or message DLL files to display the message, or you may not have permission to access them.  The following information is part of the event:'1'"
"2025-09-28 2:58:59 AM","Information","Microsoft-Windows-Kernel-Boot","238","The description for Event ID '238' in Source 'Microsoft-Windows-Kernel-Boot' cannot be found.  The local computer may not have the necessary registry information or message DLL files to display the message, or you may not have permission to access them.  The following information is part of the event:'2047', '0'"
"2025-09-28 2:58:59 AM","Information","Microsoft-Windows-Kernel-Boot","27","The description for Event ID '27' in Source 'Microsoft-Windows-Kernel-Boot' cannot be found.  The local computer may not have the necessary registry information or message DLL files to display the message, or you may not have permission to access them.  The following information is part of the event:'0', ' NOEXECUTE=OPTIN  NOVGA'"
"2025-09-28 2:58:59 AM","Information","Microsoft-Windows-Kernel-Boot","30","The description for Event ID '30' in Source 'Microsoft-Windows-Kernel-Boot' cannot be found.  The local computer may not have the necessary registry information or message DLL files to display the message, or you may not have permission to access them.  The following information is part of the event:'21', '6629', '6695', '8108', '8116'"
"2025-09-28 2:58:59 AM","Information","Microsoft-Windows-Kernel-General","20","The description for Event ID '20' in Source 'Microsoft-Windows-Kernel-General' cannot be found.  The local computer may not have the necessary registry information or message DLL files to display the message, or you may not have permission to access them.  The following information is part of the event:'0', 'true', '0', '0'"
"2025-09-28 2:58:59 AM","Information","Microsoft-Windows-Kernel-Boot","18","The description for Event ID '18' in Source 'Microsoft-Windows-Kernel-Boot' cannot be found.  The local computer may not have the necessary registry information or message DLL files to display the message, or you may not have permission to access them.  The following information is part of the event:'1'"
"2025-09-28 2:58:59 AM","Information","Microsoft-Windows-Kernel-Boot","32","The description for Event ID '32' in Source 'Microsoft-Windows-Kernel-Boot' cannot be found.  The local computer may not have the necessary registry information or message DLL files to display the message, or you may not have permission to access them.  The following information is part of the event:'0'"
"2025-09-28 2:58:59 AM","Information","Microsoft-Windows-Kernel-General","12","The description for Event ID '12' in Source 'Microsoft-Windows-Kernel-General' cannot be found.  The local computer may not have the necessary registry information or message DLL files to display the message, or you may not have permission to access them.  The following information is part of the event:'10', '0', '19041', '3803', '0', '0', '2025-09-28T06:58:59.5000000Z'"
"2025-09-28 2:58:59 AM","Information","Microsoft-Windows-Kernel-Boot","153","The description for Event ID '153' in Source 'Microsoft-Windows-Kernel-Boot' cannot be found.  The local computer may not have the necessary registry information or message DLL files to display the message, or you may not have permission to access them.  The following information is part of the event:'0', '0', '0'"
"2025-09-28 2:58:59 AM","Information","Microsoft-Windows-Kernel-Boot","20","The description for Event ID '20' in Source 'Microsoft-Windows-Kernel-Boot' cannot be found.  The local computer may not have the necessary registry information or message DLL files to display the message, or you may not have permission to access them.  The following information is part of the event:'true', 'true', '34', '2'"
"2025-09-28 2:59:00 AM","Information","Microsoft-Windows-Ntfs","98","The description for Event ID '98' in Source 'Microsoft-Windows-Ntfs' cannot be found.  The local computer may not have the necessary registry information or message DLL files to display the message, or you may not have permission to access them.  The following information is part of the event:'C:', '\Device\HarddiskVolume3', '0'"
"2025-09-28 2:59:00 AM","Information","TPM","24","The Trusted Platform Module (TPM) status: 1 and 1."
"2025-09-28 2:59:00 AM","Information","Microsoft-Windows-FilterManager","6","File System Filter 'WdFilter' (10.0, 2028-06-06T05:57:32.0000000Z) has successfully loaded and registered with Filter Manager."
"2025-09-28 2:59:00 AM","Information","Microsoft-Windows-FilterManager","6","File System Filter 'FileCrypt' (10.0, 2002-03-01T07:12:42.0000000Z) has successfully loaded and registered with Filter Manager."
"2025-09-28 2:59:00 AM","Information","Microsoft-Windows-Kernel-Power","172","The description for Event ID '172' in Source 'Microsoft-Windows-Kernel-Power' cannot be found.  The local computer may not have the necessary registry information or message DLL files to display the message, or you may not have permission to access them.  The following information is part of the event:'2', '6'"
"2025-09-28 2:59:00 AM","Information","Microsoft-Windows-FilterManager","6","File System Filter 'npsvctrig' (10.0, 2025-01-05T22:41:12.0000000Z) has successfully loaded and registered with Filter Manager."
"2025-09-28 2:59:00 AM","Information","Microsoft-Windows-FilterManager","6","File System Filter 'UCPD' (10.0, 2104-10-20T09:40:17.0000000Z) has successfully loaded and registered with Filter Manager."
"2025-09-28 2:59:00 AM","Information","Microsoft-Windows-HAL","16","The iommu fault reporting has been initialized."
"2025-09-28 2:59:00 AM","Information","Microsoft-Windows-FilterManager","6","File System Filter 'FileInfo' (10.0, 2062-12-23T01:21:06.0000000Z) has successfully loaded and registered with Filter Manager."
"2025-09-28 2:59:00 AM","Information","Microsoft-Windows-FilterManager","6","File System Filter 'Wof' (10.0, 2090-03-16T14:56:17.0000000Z) has successfully loaded and registered with Filter Manager."
